[ 2016-09-27T09:56:58+08:00 ] ::1 /myapp/admin.php
INFO: [ app_init ] --START--
INFO: Run Behavior\BuildLiteBehavior [ RunTime:0.000000s ]
INFO: [ app_init ] --END-- [ RunTime:0.001000s ]
INFO: [ app_begin ] --START--
INFO: Run Behavior\ReadHtmlCacheBehavior [ RunTime:0.000000s ]
INFO: [ app_begin ] --END-- [ RunTime:0.000000s ]
ERR: SQLSTATE[HY000] [1045] Access denied for user 'root'@'localhost' (using password: NO)

[ 2016-09-27T09:58:02+08:00 ] ::1 /myapp/admin.php
INFO: [ app_init ] --START--
INFO: Run Behavior\BuildLiteBehavior [ RunTime:0.000000s ]
INFO: [ app_init ] --END-- [ RunTime:0.011001s ]
INFO: [ app_begin ] --START--
INFO: Run Behavior\ReadHtmlCacheBehavior [ RunTime:0.013001s ]
INFO: [ app_begin ] --END-- [ RunTime:0.013001s ]
SQL: SHOW COLUMNS FROM `think_setting` [ RunTime:0.1540s ]
SQL: SELECT `k`,`v` FROM `think_setting`  [ RunTime:0.0210s ]
NOTIC: [8] Undefined variable: config C:\xampp\htdocs\myapp\Application\Common\Common\function.php 第 29 行.
NOTIC: [8] A session had already been started - ignoring session_start() C:\xampp\htdocs\myapp\Application\Admin\Controller\CommonController.class.php 第 123 行.

[ 2016-09-27T09:58:02+08:00 ] ::1 /myapp/admin.php/Login/index.html
INFO: [ app_init ] --START--
INFO: Run Behavior\BuildLiteBehavior [ RunTime:0.000000s ]
INFO: [ app_init ] --END-- [ RunTime:0.000000s ]
INFO: [ app_begin ] --START--
INFO: Run Behavior\ReadHtmlCacheBehavior [ RunTime:0.001000s ]
INFO: [ app_begin ] --END-- [ RunTime:0.001000s ]
SQL: SHOW COLUMNS FROM `think_setting` [ RunTime:0.0030s ]
SQL: SELECT `k`,`v` FROM `think_setting`  [ RunTime:0.0000s ]
NOTIC: [8] Undefined variable: config C:\xampp\htdocs\myapp\Application\Common\Common\function.php 第 29 行.
NOTIC: [8] A session had already been started - ignoring session_start() C:\xampp\htdocs\myapp\Application\Admin\Controller\CommonController.class.php 第 123 行.
INFO: [ view_parse ] --START--
INFO: [ template_filter ] --START--
INFO: Run Behavior\ContentReplaceBehavior [ RunTime:0.000000s ]
INFO: [ template_filter ] --END-- [ RunTime:0.000000s ]
INFO: Run Behavior\ParseTemplateBehavior [ RunTime:0.065003s ]
INFO: [ view_parse ] --END-- [ RunTime:0.065003s ]
INFO: [ view_filter ] --START--
INFO: Run Behavior\WriteHtmlCacheBehavior [ RunTime:0.009001s ]
INFO: [ view_filter ] --END-- [ RunTime:0.009001s ]
INFO: [ app_end ] --START--
INFO: Run Behavior\ShowPageTraceBehavior [ RunTime:0.013001s ]
INFO: [ app_end ] --END-- [ RunTime:0.013001s ]

[ 2016-09-27T09:58:02+08:00 ] ::1 /myapp/admin.php/Login/code.html
INFO: [ app_init ] --START--
INFO: Run Behavior\BuildLiteBehavior [ RunTime:0.000000s ]
INFO: [ app_init ] --END-- [ RunTime:0.000000s ]
INFO: [ app_begin ] --START--
INFO: Run Behavior\ReadHtmlCacheBehavior [ RunTime:0.001000s ]
INFO: [ app_begin ] --END-- [ RunTime:0.001000s ]
SQL: SHOW COLUMNS FROM `think_setting` [ RunTime:0.0050s ]
SQL: SELECT `k`,`v` FROM `think_setting`  [ RunTime:0.0000s ]
NOTIC: [8] Undefined variable: config C:\xampp\htdocs\myapp\Application\Common\Common\function.php 第 29 行.
INFO: [ app_end ] --START--
INFO: Run Behavior\ShowPageTraceBehavior [ RunTime:0.001000s ]
INFO: [ app_end ] --END-- [ RunTime:0.001000s ]

[ 2016-09-27T09:58:26+08:00 ] ::1 /myapp/admin.php/Login/dologin.html
INFO: [ app_init ] --START--
INFO: Run Behavior\BuildLiteBehavior [ RunTime:0.000000s ]
INFO: [ app_init ] --END-- [ RunTime:0.001000s ]
INFO: [ app_begin ] --START--
INFO: Run Behavior\ReadHtmlCacheBehavior [ RunTime:0.001000s ]
INFO: [ app_begin ] --END-- [ RunTime:0.001000s ]
SQL: SHOW COLUMNS FROM `think_setting` [ RunTime:0.0040s ]
SQL: SELECT `k`,`v` FROM `think_setting`  [ RunTime:0.0000s ]
NOTIC: [8] Undefined variable: config C:\xampp\htdocs\myapp\Application\Common\Common\function.php 第 29 行.
SQL: SHOW COLUMNS FROM `think_member` [ RunTime:0.0700s ]
SQL: SELECT `id`,`username` FROM `think_member` WHERE `username` = 'administrator' AND `password` = '87d6011ac290001e3037197c5bede68b' LIMIT 1   [ RunTime:0.0340s ]
NOTIC: [8] A session had already been started - ignoring session_start() C:\xampp\htdocs\myapp\Application\Admin\Controller\LoginController.class.php 第 94 行.
SQL: SHOW COLUMNS FROM `think_log` [ RunTime:0.0950s ]
NOTIC: [8] A session had already been started - ignoring session_start() C:\xampp\htdocs\myapp\Application\Admin\Common\function.php 第 14 行.
SQL: SELECT `username` FROM `think_member` WHERE `id` = 1 LIMIT 1   [ RunTime:0.0530s ]
SQL: INSERT INTO `think_log` (`username`,`time`,`ip`,`log`) VALUES ('administrator','1474941506','0','登陆成功') [ RunTime:0.1080s ]

[ 2016-09-27T09:58:26+08:00 ] ::1 /myapp/admin.php/Index/index.html
INFO: [ app_init ] --START--
INFO: Run Behavior\BuildLiteBehavior [ RunTime:0.000000s ]
INFO: [ app_init ] --END-- [ RunTime:0.000000s ]
INFO: [ app_begin ] --START--
INFO: Run Behavior\ReadHtmlCacheBehavior [ RunTime:0.000000s ]
INFO: [ app_begin ] --END-- [ RunTime:0.000000s ]
SQL: SHOW COLUMNS FROM `think_setting` [ RunTime:0.0160s ]
SQL: SELECT `k`,`v` FROM `think_setting`  [ RunTime:0.0000s ]
NOTIC: [8] Undefined variable: config C:\xampp\htdocs\myapp\Application\Common\Common\function.php 第 29 行.
NOTIC: [8] A session had already been started - ignoring session_start() C:\xampp\htdocs\myapp\Application\Admin\Controller\CommonController.class.php 第 123 行.
SQL: SHOW COLUMNS FROM `think_member` [ RunTime:0.0030s ]
SQL: SELECT * FROM `think_member` WHERE `id` = 1 LIMIT 1   [ RunTime:0.0000s ]
SQL: SHOW COLUMNS FROM `think_auth_group` [ RunTime:0.0370s ]
SQL: SELECT * FROM `think_auth_group` INNER JOIN think_auth_group_access on think_auth_group.id=think_auth_group_access.group_id  WHERE think_auth_group_access.uid = '1'  [ RunTime:0.0170s ]
SQL: SHOW COLUMNS FROM `think_member` [ RunTime:0.0030s ]
SQL: SELECT * FROM `think_member` WHERE `id` = 1 LIMIT 1   [ RunTime:0.0000s ]
SQL: SELECT s.id,s.title,s.name,s.tips,s.pid,p.pid as ppid,p.title as ptitle FROM think_auth_rule s left join think_auth_rule p on p.id=s.pid where s.name='Index/index' [ RunTime:0.0240s ]

[ 2016-09-27T10:09:03+08:00 ] ::1 /myapp/admin.php/Index/index.html
INFO: [ app_init ] --START--
INFO: Run Behavior\BuildLiteBehavior [ RunTime:0.000000s ]
INFO: [ app_init ] --END-- [ RunTime:0.000000s ]
INFO: [ app_begin ] --START--
INFO: Run Behavior\ReadHtmlCacheBehavior [ RunTime:0.001001s ]
INFO: [ app_begin ] --END-- [ RunTime:0.001001s ]
SQL: SHOW COLUMNS FROM `think_setting` [ RunTime:0.0070s ]
SQL: SELECT `k`,`v` FROM `think_setting`  [ RunTime:0.0000s ]
NOTIC: [8] Undefined variable: config C:\xampp\htdocs\myapp\Application\Common\Common\function.php 第 29 行.
NOTIC: [8] A session had already been started - ignoring session_start() C:\xampp\htdocs\myapp\Application\Admin\Controller\CommonController.class.php 第 123 行.
SQL: SHOW COLUMNS FROM `think_member` [ RunTime:0.0070s ]
SQL: SELECT * FROM `think_member` WHERE `id` = 1 LIMIT 1   [ RunTime:0.0010s ]
SQL: SHOW COLUMNS FROM `think_auth_group` [ RunTime:0.0090s ]
SQL: SELECT * FROM `think_auth_group` INNER JOIN think_auth_group_access on think_auth_group.id=think_auth_group_access.group_id  WHERE think_auth_group_access.uid = '1'  [ RunTime:0.0010s ]
SQL: SHOW COLUMNS FROM `think_member` [ RunTime:0.0080s ]
SQL: SELECT * FROM `think_member` WHERE `id` = 1 LIMIT 1   [ RunTime:0.0010s ]
SQL: SELECT s.id,s.title,s.name,s.tips,s.pid,p.pid as ppid,p.title as ptitle FROM think_auth_rule s left join think_auth_rule p on p.id=s.pid where s.name='Index/index' [ RunTime:0.0000s ]

[ 2016-09-27T10:09:04+08:00 ] ::1 /myapp/admin.php/Index/index.html
INFO: [ app_init ] --START--
INFO: Run Behavior\BuildLiteBehavior [ RunTime:0.000000s ]
INFO: [ app_init ] --END-- [ RunTime:0.001000s ]
INFO: [ app_begin ] --START--
INFO: Run Behavior\ReadHtmlCacheBehavior [ RunTime:0.001001s ]
INFO: [ app_begin ] --END-- [ RunTime:0.002001s ]
SQL: SHOW COLUMNS FROM `think_setting` [ RunTime:0.0060s ]
SQL: SELECT `k`,`v` FROM `think_setting`  [ RunTime:0.0000s ]
NOTIC: [8] Undefined variable: config C:\xampp\htdocs\myapp\Application\Common\Common\function.php 第 29 行.
NOTIC: [8] A session had already been started - ignoring session_start() C:\xampp\htdocs\myapp\Application\Admin\Controller\CommonController.class.php 第 123 行.
SQL: SHOW COLUMNS FROM `think_member` [ RunTime:0.0070s ]
SQL: SELECT * FROM `think_member` WHERE `id` = 1 LIMIT 1   [ RunTime:0.0000s ]
SQL: SHOW COLUMNS FROM `think_auth_group` [ RunTime:0.0070s ]
SQL: SELECT * FROM `think_auth_group` INNER JOIN think_auth_group_access on think_auth_group.id=think_auth_group_access.group_id  WHERE think_auth_group_access.uid = '1'  [ RunTime:0.0000s ]
SQL: SHOW COLUMNS FROM `think_member` [ RunTime:0.0070s ]
SQL: SELECT * FROM `think_member` WHERE `id` = 1 LIMIT 1   [ RunTime:0.0000s ]
SQL: SELECT s.id,s.title,s.name,s.tips,s.pid,p.pid as ppid,p.title as ptitle FROM think_auth_rule s left join think_auth_rule p on p.id=s.pid where s.name='Index/index' [ RunTime:0.0010s ]

[ 2016-09-27T10:09:05+08:00 ] ::1 /myapp/admin.php/Index/index.html
INFO: [ app_init ] --START--
INFO: Run Behavior\BuildLiteBehavior [ RunTime:0.001000s ]
INFO: [ app_init ] --END-- [ RunTime:0.001000s ]
INFO: [ app_begin ] --START--
INFO: Run Behavior\ReadHtmlCacheBehavior [ RunTime:0.001000s ]
INFO: [ app_begin ] --END-- [ RunTime:0.001000s ]
SQL: SHOW COLUMNS FROM `think_setting` [ RunTime:0.0070s ]
SQL: SELECT `k`,`v` FROM `think_setting`  [ RunTime:0.0000s ]
NOTIC: [8] Undefined variable: config C:\xampp\htdocs\myapp\Application\Common\Common\function.php 第 29 行.
NOTIC: [8] A session had already been started - ignoring session_start() C:\xampp\htdocs\myapp\Application\Admin\Controller\CommonController.class.php 第 123 行.
SQL: SHOW COLUMNS FROM `think_member` [ RunTime:0.0090s ]
SQL: SELECT * FROM `think_member` WHERE `id` = 1 LIMIT 1   [ RunTime:0.0000s ]
SQL: SHOW COLUMNS FROM `think_auth_group` [ RunTime:0.0060s ]
SQL: SELECT * FROM `think_auth_group` INNER JOIN think_auth_group_access on think_auth_group.id=think_auth_group_access.group_id  WHERE think_auth_group_access.uid = '1'  [ RunTime:0.0010s ]
SQL: SHOW COLUMNS FROM `think_member` [ RunTime:0.0070s ]
SQL: SELECT * FROM `think_member` WHERE `id` = 1 LIMIT 1   [ RunTime:0.0010s ]
SQL: SELECT s.id,s.title,s.name,s.tips,s.pid,p.pid as ppid,p.title as ptitle FROM think_auth_rule s left join think_auth_rule p on p.id=s.pid where s.name='Index/index' [ RunTime:0.0000s ]

[ 2016-09-27T10:09:19+08:00 ] ::1 /myapp/admin.php/Index/index.html
INFO: [ app_init ] --START--
INFO: Run Behavior\BuildLiteBehavior [ RunTime:0.000000s ]
INFO: [ app_init ] --END-- [ RunTime:0.000000s ]
INFO: [ app_begin ] --START--
INFO: Run Behavior\ReadHtmlCacheBehavior [ RunTime:0.001001s ]
INFO: [ app_begin ] --END-- [ RunTime:0.001001s ]
SQL: SHOW COLUMNS FROM `think_setting` [ RunTime:0.0070s ]
SQL: SELECT `k`,`v` FROM `think_setting`  [ RunTime:0.0010s ]
NOTIC: [8] Undefined variable: config C:\xampp\htdocs\myapp\Application\Common\Common\function.php 第 29 行.
NOTIC: [8] A session had already been started - ignoring session_start() C:\xampp\htdocs\myapp\Application\Admin\Controller\CommonController.class.php 第 123 行.
SQL: SHOW COLUMNS FROM `think_member` [ RunTime:0.0090s ]
SQL: SELECT * FROM `think_member` WHERE `id` = 1 LIMIT 1   [ RunTime:0.0000s ]
SQL: SHOW COLUMNS FROM `think_auth_group` [ RunTime:0.0080s ]
SQL: SELECT * FROM `think_auth_group` INNER JOIN think_auth_group_access on think_auth_group.id=think_auth_group_access.group_id  WHERE think_auth_group_access.uid = '1'  [ RunTime:0.0010s ]
SQL: SHOW COLUMNS FROM `think_member` [ RunTime:0.0120s ]
SQL: SELECT * FROM `think_member` WHERE `id` = 1 LIMIT 1   [ RunTime:0.0000s ]
SQL: SELECT s.id,s.title,s.name,s.tips,s.pid,p.pid as ppid,p.title as ptitle FROM think_auth_rule s left join think_auth_rule p on p.id=s.pid where s.name='Index/index' [ RunTime:0.0000s ]
SQL: SHOW COLUMNS FROM `think_auth_rule` [ RunTime:0.0160s ]
SQL: SELECT `id`,`title`,`pid`,`name`,`icon` FROM `think_auth_rule` WHERE ( islink=1   ) ORDER BY o ASC  [ RunTime:0.0010s ]
SQL: SHOW COLUMNS FROM `think_log` [ RunTime:0.0140s ]
SQL: DELETE FROM `think_log` WHERE ( time < 1469758158 ) [ RunTime:0.0530s ]
SQL: SELECT COUNT(*) AS tp_count FROM `think_log` LIMIT 1   [ RunTime:0.0010s ]
SQL: SELECT * FROM `think_log` ORDER BY id desc LIMIT 0,25   [ RunTime:0.0010s ]
INFO: [ view_parse ] --START--
INFO: [ template_filter ] --START--
INFO: Run Behavior\ContentReplaceBehavior [ RunTime:0.000000s ]
INFO: [ template_filter ] --END-- [ RunTime:0.000000s ]
SQL: select version() as v; [ RunTime:0.0000s ]
INFO: Run Behavior\ParseTemplateBehavior [ RunTime:0.187011s ]
INFO: [ view_parse ] --END-- [ RunTime:0.187011s ]
INFO: [ view_filter ] --START--
INFO: Run Behavior\WriteHtmlCacheBehavior [ RunTime:0.001000s ]
INFO: [ view_filter ] --END-- [ RunTime:0.001000s ]
INFO: [ app_end ] --START--
INFO: Run Behavior\ShowPageTraceBehavior [ RunTime:0.001000s ]
INFO: [ app_end ] --END-- [ RunTime:0.001000s ]

[ 2016-09-27T10:13:52+08:00 ] ::1 /myapp/admin.php/Index/index.html
INFO: [ app_init ] --START--
INFO: Run Behavior\BuildLiteBehavior [ RunTime:0.000000s ]
INFO: [ app_init ] --END-- [ RunTime:0.001001s ]
INFO: [ app_begin ] --START--
INFO: Run Behavior\ReadHtmlCacheBehavior [ RunTime:0.000000s ]
INFO: [ app_begin ] --END-- [ RunTime:0.001000s ]
SQL: SHOW COLUMNS FROM `think_setting` [ RunTime:0.0200s ]
SQL: SELECT `k`,`v` FROM `think_setting`  [ RunTime:0.0010s ]
NOTIC: [8] Undefined variable: config C:\xampp\htdocs\myapp\Application\Common\Common\function.php 第 29 行.
NOTIC: [8] A session had already been started - ignoring session_start() C:\xampp\htdocs\myapp\Application\Admin\Controller\CommonController.class.php 第 124 行.
SQL: SHOW COLUMNS FROM `think_member` [ RunTime:0.0120s ]
SQL: SELECT * FROM `think_member` WHERE `id` = 1 LIMIT 1   [ RunTime:0.0000s ]
SQL: SHOW COLUMNS FROM `think_auth_group` [ RunTime:0.0100s ]
SQL: SELECT * FROM `think_auth_group` INNER JOIN think_auth_group_access on think_auth_group.id=think_auth_group_access.group_id  WHERE think_auth_group_access.uid = '1'  [ RunTime:0.0010s ]
SQL: SHOW COLUMNS FROM `think_member` [ RunTime:0.0110s ]
SQL: SELECT * FROM `think_member` WHERE `id` = 1 LIMIT 1   [ RunTime:0.0010s ]
SQL: SELECT s.id,s.title,s.name,s.tips,s.pid,p.pid as ppid,p.title as ptitle FROM think_auth_rule s left join think_auth_rule p on p.id=s.pid where s.name='Index/index' [ RunTime:0.0000s ]
SQL: SHOW COLUMNS FROM `think_auth_rule` [ RunTime:0.0070s ]
SQL: SELECT `id`,`title`,`pid`,`name`,`icon` FROM `think_auth_rule` WHERE ( islink=1   ) ORDER BY o ASC  [ RunTime:0.0010s ]

[ 2016-09-27T10:14:25+08:00 ] ::1 /myapp/admin.php/Index/index.html
INFO: [ app_init ] --START--
INFO: Run Behavior\BuildLiteBehavior [ RunTime:0.000000s ]
INFO: [ app_init ] --END-- [ RunTime:0.001000s ]
INFO: [ app_begin ] --START--
INFO: Run Behavior\ReadHtmlCacheBehavior [ RunTime:0.001001s ]
INFO: [ app_begin ] --END-- [ RunTime:0.001001s ]
SQL: SHOW COLUMNS FROM `think_setting` [ RunTime:0.0070s ]
SQL: SELECT `k`,`v` FROM `think_setting`  [ RunTime:0.0010s ]
NOTIC: [8] Undefined variable: config C:\xampp\htdocs\myapp\Application\Common\Common\function.php 第 29 行.
NOTIC: [8] A session had already been started - ignoring session_start() C:\xampp\htdocs\myapp\Application\Admin\Controller\CommonController.class.php 第 124 行.
SQL: SHOW COLUMNS FROM `think_member` [ RunTime:0.0330s ]
SQL: SELECT * FROM `think_member` WHERE `id` = 1 LIMIT 1   [ RunTime:0.0010s ]
SQL: SHOW COLUMNS FROM `think_auth_group` [ RunTime:0.0060s ]
SQL: SELECT * FROM `think_auth_group` INNER JOIN think_auth_group_access on think_auth_group.id=think_auth_group_access.group_id  WHERE think_auth_group_access.uid = '1'  [ RunTime:0.0000s ]
SQL: SHOW COLUMNS FROM `think_member` [ RunTime:0.0090s ]
SQL: SELECT * FROM `think_member` WHERE `id` = 1 LIMIT 1   [ RunTime:0.0010s ]
SQL: SELECT s.id,s.title,s.name,s.tips,s.pid,p.pid as ppid,p.title as ptitle FROM think_auth_rule s left join think_auth_rule p on p.id=s.pid where s.name='Index/index' [ RunTime:0.0000s ]
SQL: SHOW COLUMNS FROM `think_auth_rule` [ RunTime:0.0370s ]
SQL: SELECT `id`,`title`,`pid`,`name`,`icon` FROM `think_auth_rule` WHERE ( islink=1   ) ORDER BY o ASC  [ RunTime:0.0010s ]

[ 2016-09-27T10:15:15+08:00 ] ::1 /myapp/admin.php/Index/index.html
INFO: [ app_init ] --START--
INFO: Run Behavior\BuildLiteBehavior [ RunTime:0.000000s ]
INFO: [ app_init ] --END-- [ RunTime:0.000000s ]
INFO: [ app_begin ] --START--
INFO: Run Behavior\ReadHtmlCacheBehavior [ RunTime:0.000000s ]
INFO: [ app_begin ] --END-- [ RunTime:0.000000s ]

[ 2016-09-27T10:15:31+08:00 ] ::1 /myapp/admin.php/Index/index.html
INFO: [ app_init ] --START--
INFO: Run Behavior\BuildLiteBehavior [ RunTime:0.000000s ]
INFO: [ app_init ] --END-- [ RunTime:0.001000s ]
INFO: [ app_begin ] --START--
INFO: Run Behavior\ReadHtmlCacheBehavior [ RunTime:0.002000s ]
INFO: [ app_begin ] --END-- [ RunTime:0.002000s ]

[ 2016-09-27T10:15:53+08:00 ] ::1 /myapp/admin.php/Index/index.html
INFO: [ app_init ] --START--
INFO: Run Behavior\BuildLiteBehavior [ RunTime:0.000000s ]
INFO: [ app_init ] --END-- [ RunTime:0.000000s ]
INFO: [ app_begin ] --START--
INFO: Run Behavior\ReadHtmlCacheBehavior [ RunTime:0.001000s ]
INFO: [ app_begin ] --END-- [ RunTime:0.001000s ]
SQL: SHOW COLUMNS FROM `think_setting` [ RunTime:0.0070s ]
SQL: SELECT `k`,`v` FROM `think_setting`  [ RunTime:0.0000s ]
NOTIC: [8] Undefined variable: config C:\xampp\htdocs\myapp\Application\Common\Common\function.php 第 29 行.
NOTIC: [8] A session had already been started - ignoring session_start() C:\xampp\htdocs\myapp\Application\Admin\Controller\CommonController.class.php 第 131 行.
SQL: SHOW COLUMNS FROM `think_member` [ RunTime:0.0070s ]
SQL: SELECT * FROM `think_member` WHERE `id` = 1 LIMIT 1   [ RunTime:0.0010s ]
SQL: SHOW COLUMNS FROM `think_auth_group` [ RunTime:0.0190s ]
SQL: SELECT * FROM `think_auth_group` INNER JOIN think_auth_group_access on think_auth_group.id=think_auth_group_access.group_id  WHERE think_auth_group_access.uid = '1'  [ RunTime:0.0010s ]
SQL: SHOW COLUMNS FROM `think_member` [ RunTime:0.0060s ]
SQL: SELECT * FROM `think_member` WHERE `id` = 1 LIMIT 1   [ RunTime:0.0010s ]
SQL: SELECT s.id,s.title,s.name,s.tips,s.pid,p.pid as ppid,p.title as ptitle FROM think_auth_rule s left join think_auth_rule p on p.id=s.pid where s.name='Index/index' [ RunTime:0.0000s ]
SQL: SHOW COLUMNS FROM `think_auth_rule` [ RunTime:0.0080s ]
SQL: SELECT `id`,`title`,`pid`,`name`,`icon` FROM `think_auth_rule` WHERE ( islink=1   ) ORDER BY o ASC  [ RunTime:0.0010s ]

[ 2016-09-27T10:19:17+08:00 ] ::1 /myapp/admin.php/Index/index.html
INFO: [ app_init ] --START--
INFO: Run Behavior\BuildLiteBehavior [ RunTime:0.000000s ]
INFO: [ app_init ] --END-- [ RunTime:0.001000s ]
INFO: [ app_begin ] --START--
INFO: Run Behavior\ReadHtmlCacheBehavior [ RunTime:0.001000s ]
INFO: [ app_begin ] --END-- [ RunTime:0.001000s ]
SQL: SHOW COLUMNS FROM `think_setting` [ RunTime:0.0100s ]
SQL: SELECT `k`,`v` FROM `think_setting`  [ RunTime:0.0000s ]
NOTIC: [8] Undefined variable: config C:\xampp\htdocs\myapp\Application\Common\Common\function.php 第 29 行.
NOTIC: [8] A session had already been started - ignoring session_start() C:\xampp\htdocs\myapp\Application\Admin\Controller\CommonController.class.php 第 132 行.
SQL: SHOW COLUMNS FROM `think_member` [ RunTime:0.0120s ]
SQL: SELECT * FROM `think_member` WHERE `id` = 1 LIMIT 1   [ RunTime:0.0000s ]
SQL: SHOW COLUMNS FROM `think_auth_group` [ RunTime:0.0080s ]
SQL: SELECT * FROM `think_auth_group` INNER JOIN think_auth_group_access on think_auth_group.id=think_auth_group_access.group_id  WHERE think_auth_group_access.uid = '1'  [ RunTime:0.0010s ]
SQL: SHOW COLUMNS FROM `think_member` [ RunTime:0.0090s ]
SQL: SELECT * FROM `think_member` WHERE `id` = 1 LIMIT 1   [ RunTime:0.0000s ]
SQL: SELECT s.id,s.title,s.name,s.tips,s.pid,p.pid as ppid,p.title as ptitle FROM think_auth_rule s left join think_auth_rule p on p.id=s.pid where s.name='Index/index' [ RunTime:0.0010s ]
SQL: SHOW COLUMNS FROM `think_auth_rule` [ RunTime:0.0090s ]
SQL: SELECT `id`,`title`,`pid`,`name`,`icon` FROM `think_auth_rule` WHERE ( islink=1   ) ORDER BY o ASC  [ RunTime:0.0000s ]

[ 2016-09-27T10:20:19+08:00 ] ::1 /myapp/admin.php/Index/index.html
INFO: [ app_init ] --START--
INFO: Run Behavior\BuildLiteBehavior [ RunTime:0.000000s ]
INFO: [ app_init ] --END-- [ RunTime:0.000000s ]
INFO: [ app_begin ] --START--
INFO: Run Behavior\ReadHtmlCacheBehavior [ RunTime:0.001000s ]
INFO: [ app_begin ] --END-- [ RunTime:0.001000s ]
SQL: SHOW COLUMNS FROM `think_setting` [ RunTime:0.0060s ]
SQL: SELECT `k`,`v` FROM `think_setting`  [ RunTime:0.0000s ]
NOTIC: [8] Undefined variable: config C:\xampp\htdocs\myapp\Application\Common\Common\function.php 第 29 行.
NOTIC: [8] A session had already been started - ignoring session_start() C:\xampp\htdocs\myapp\Application\Admin\Controller\CommonController.class.php 第 132 行.
SQL: SHOW COLUMNS FROM `think_member` [ RunTime:0.0070s ]
SQL: SELECT * FROM `think_member` WHERE `id` = 1 LIMIT 1   [ RunTime:0.0010s ]
SQL: SHOW COLUMNS FROM `think_auth_group` [ RunTime:0.0060s ]
SQL: SELECT * FROM `think_auth_group` INNER JOIN think_auth_group_access on think_auth_group.id=think_auth_group_access.group_id  WHERE think_auth_group_access.uid = '1'  [ RunTime:0.0000s ]
SQL: SHOW COLUMNS FROM `think_member` [ RunTime:0.0070s ]
SQL: SELECT * FROM `think_member` WHERE `id` = 1 LIMIT 1   [ RunTime:0.0010s ]
SQL: SELECT s.id,s.title,s.name,s.tips,s.pid,p.pid as ppid,p.title as ptitle FROM think_auth_rule s left join think_auth_rule p on p.id=s.pid where s.name='Index/index' [ RunTime:0.0000s ]
SQL: SHOW COLUMNS FROM `think_auth_rule` [ RunTime:0.0080s ]
SQL: SELECT `id`,`title`,`pid`,`name`,`icon` FROM `think_auth_rule` WHERE ( islink=1   ) ORDER BY o ASC  [ RunTime:0.0010s ]

[ 2016-09-27T10:21:21+08:00 ] ::1 /myapp/admin.php/Index/index.html
INFO: [ app_init ] --START--
INFO: Run Behavior\BuildLiteBehavior [ RunTime:0.000000s ]
INFO: [ app_init ] --END-- [ RunTime:0.000000s ]
INFO: [ app_begin ] --START--
INFO: Run Behavior\ReadHtmlCacheBehavior [ RunTime:0.000000s ]
INFO: [ app_begin ] --END-- [ RunTime:0.000000s ]
SQL: SHOW COLUMNS FROM `think_setting` [ RunTime:0.0070s ]
SQL: SELECT `k`,`v` FROM `think_setting`  [ RunTime:0.0000s ]
NOTIC: [8] Undefined variable: config C:\xampp\htdocs\myapp\Application\Common\Common\function.php 第 29 行.
NOTIC: [8] A session had already been started - ignoring session_start() C:\xampp\htdocs\myapp\Application\Admin\Controller\CommonController.class.php 第 123 行.
SQL: SHOW COLUMNS FROM `think_member` [ RunTime:0.0070s ]
SQL: SELECT * FROM `think_member` WHERE `id` = 1 LIMIT 1   [ RunTime:0.0010s ]
SQL: SHOW COLUMNS FROM `think_auth_group` [ RunTime:0.0060s ]
SQL: SELECT * FROM `think_auth_group` INNER JOIN think_auth_group_access on think_auth_group.id=think_auth_group_access.group_id  WHERE think_auth_group_access.uid = '1'  [ RunTime:0.0010s ]
SQL: SHOW COLUMNS FROM `think_member` [ RunTime:0.0080s ]
SQL: SELECT * FROM `think_member` WHERE `id` = 1 LIMIT 1   [ RunTime:0.0000s ]
SQL: SELECT s.id,s.title,s.name,s.tips,s.pid,p.pid as ppid,p.title as ptitle FROM think_auth_rule s left join think_auth_rule p on p.id=s.pid where s.name='Index/index' [ RunTime:0.0000s ]
SQL: SHOW COLUMNS FROM `think_auth_rule` [ RunTime:0.0070s ]
SQL: SELECT `id`,`title`,`pid`,`name`,`icon` FROM `think_auth_rule` WHERE ( islink=1   ) ORDER BY o ASC  [ RunTime:0.0010s ]
SQL: SHOW COLUMNS FROM `think_log` [ RunTime:0.0060s ]
SQL: DELETE FROM `think_log` WHERE ( time < 1469758880 ) [ RunTime:0.0000s ]
SQL: SELECT COUNT(*) AS tp_count FROM `think_log` LIMIT 1   [ RunTime:0.0000s ]
SQL: SELECT * FROM `think_log` ORDER BY id desc LIMIT 0,25   [ RunTime:0.0010s ]
INFO: [ view_parse ] --START--
INFO: [ template_filter ] --START--
INFO: Run Behavior\ContentReplaceBehavior [ RunTime:0.000000s ]
INFO: [ template_filter ] --END-- [ RunTime:0.000000s ]
SQL: select version() as v; [ RunTime:0.0000s ]
INFO: Run Behavior\ParseTemplateBehavior [ RunTime:0.022002s ]
INFO: [ view_parse ] --END-- [ RunTime:0.022002s ]
INFO: [ view_filter ] --START--
INFO: Run Behavior\WriteHtmlCacheBehavior [ RunTime:0.000000s ]
INFO: [ view_filter ] --END-- [ RunTime:0.000000s ]
INFO: [ app_end ] --START--
INFO: Run Behavior\ShowPageTraceBehavior [ RunTime:0.001000s ]
INFO: [ app_end ] --END-- [ RunTime:0.001000s ]

[ 2016-09-27T10:23:00+08:00 ] ::1 /myapp/admin.php/Index/index.html
INFO: [ app_init ] --START--
INFO: Run Behavior\BuildLiteBehavior [ RunTime:0.000000s ]
INFO: [ app_init ] --END-- [ RunTime:0.001000s ]
INFO: [ app_begin ] --START--
INFO: Run Behavior\ReadHtmlCacheBehavior [ RunTime:0.003000s ]
INFO: [ app_begin ] --END-- [ RunTime:0.003000s ]

[ 2016-09-27T10:23:08+08:00 ] ::1 /myapp/admin.php/Index/index.html
INFO: [ app_init ] --START--
INFO: Run Behavior\BuildLiteBehavior [ RunTime:0.000000s ]
INFO: [ app_init ] --END-- [ RunTime:0.000000s ]
INFO: [ app_begin ] --START--
INFO: Run Behavior\ReadHtmlCacheBehavior [ RunTime:0.001000s ]
INFO: [ app_begin ] --END-- [ RunTime:0.001000s ]
SQL: SHOW COLUMNS FROM `think_setting` [ RunTime:0.0070s ]
SQL: SELECT `k`,`v` FROM `think_setting`  [ RunTime:0.0010s ]
NOTIC: [8] Undefined variable: config C:\xampp\htdocs\myapp\Application\Common\Common\function.php 第 29 行.
NOTIC: [8] A session had already been started - ignoring session_start() C:\xampp\htdocs\myapp\Application\Admin\Controller\CommonController.class.php 第 124 行.
SQL: SHOW COLUMNS FROM `think_member` [ RunTime:0.0070s ]
SQL: SELECT * FROM `think_member` WHERE `id` = 1 LIMIT 1   [ RunTime:0.0010s ]
SQL: SHOW COLUMNS FROM `think_auth_group` [ RunTime:0.0070s ]
SQL: SELECT * FROM `think_auth_group` INNER JOIN think_auth_group_access on think_auth_group.id=think_auth_group_access.group_id  WHERE think_auth_group_access.uid = '1'  [ RunTime:0.0010s ]
SQL: SHOW COLUMNS FROM `think_member` [ RunTime:0.0060s ]
SQL: SELECT * FROM `think_member` WHERE `id` = 1 LIMIT 1   [ RunTime:0.0000s ]
SQL: SELECT s.id,s.title,s.name,s.tips,s.pid,p.pid as ppid,p.title as ptitle FROM think_auth_rule s left join think_auth_rule p on p.id=s.pid where s.name='Index/index' [ RunTime:0.0000s ]
SQL: SHOW COLUMNS FROM `think_auth_rule` [ RunTime:0.0070s ]
SQL: SELECT `id`,`title`,`pid`,`name`,`icon` FROM `think_auth_rule` WHERE ( islink=1   ) ORDER BY o ASC  [ RunTime:0.0000s ]

[ 2016-09-27T10:31:41+08:00 ] ::1 /myapp/admin.php/Index/index.html
INFO: [ app_init ] --START--
INFO: Run Behavior\BuildLiteBehavior [ RunTime:0.000000s ]
INFO: [ app_init ] --END-- [ RunTime:0.000000s ]
INFO: [ app_begin ] --START--
INFO: Run Behavior\ReadHtmlCacheBehavior [ RunTime:0.001000s ]
INFO: [ app_begin ] --END-- [ RunTime:0.001000s ]
SQL: SHOW COLUMNS FROM `think_setting` [ RunTime:0.0080s ]
SQL: SELECT `k`,`v` FROM `think_setting`  [ RunTime:0.0000s ]
NOTIC: [8] Undefined variable: config C:\xampp\htdocs\myapp\Application\Common\Common\function.php 第 29 行.
NOTIC: [8] A session had already been started - ignoring session_start() C:\xampp\htdocs\myapp\Application\Admin\Controller\CommonController.class.php 第 125 行.
SQL: SHOW COLUMNS FROM `think_member` [ RunTime:0.0080s ]
SQL: SELECT * FROM `think_member` WHERE `id` = 1 LIMIT 1   [ RunTime:0.0010s ]
SQL: SHOW COLUMNS FROM `think_auth_group` [ RunTime:0.0090s ]
SQL: SELECT * FROM `think_auth_group` INNER JOIN think_auth_group_access on think_auth_group.id=think_auth_group_access.group_id  WHERE think_auth_group_access.uid = '1'  [ RunTime:0.0010s ]
SQL: SHOW COLUMNS FROM `think_member` [ RunTime:0.0080s ]
SQL: SELECT * FROM `think_member` WHERE `id` = 1 LIMIT 1   [ RunTime:0.0000s ]
SQL: SELECT s.id,s.title,s.name,s.tips,s.pid,p.pid as ppid,p.title as ptitle FROM think_auth_rule s left join think_auth_rule p on p.id=s.pid where s.name='Index/index' [ RunTime:0.0010s ]
SQL: SHOW COLUMNS FROM `think_auth_rule` [ RunTime:0.0510s ]
SQL: SELECT `id`,`title`,`pid`,`name`,`icon` FROM `think_auth_rule` WHERE ( islink=1   ) ORDER BY o ASC  [ RunTime:0.0010s ]
NOTIC: [8] Undefined variable: tiem C:\xampp\htdocs\myapp\Application\Admin\Controller\CommonController.class.php 第 105 行.

[ 2016-09-27T10:32:01+08:00 ] ::1 /myapp/admin.php/Index/index.html
INFO: [ app_init ] --START--
INFO: Run Behavior\BuildLiteBehavior [ RunTime:0.000000s ]
INFO: [ app_init ] --END-- [ RunTime:0.000000s ]
INFO: [ app_begin ] --START--
INFO: Run Behavior\ReadHtmlCacheBehavior [ RunTime:0.001000s ]
INFO: [ app_begin ] --END-- [ RunTime:0.001000s ]
SQL: SHOW COLUMNS FROM `think_setting` [ RunTime:0.0060s ]
SQL: SELECT `k`,`v` FROM `think_setting`  [ RunTime:0.0000s ]
NOTIC: [8] Undefined variable: config C:\xampp\htdocs\myapp\Application\Common\Common\function.php 第 29 行.
NOTIC: [8] A session had already been started - ignoring session_start() C:\xampp\htdocs\myapp\Application\Admin\Controller\CommonController.class.php 第 125 行.
SQL: SHOW COLUMNS FROM `think_member` [ RunTime:0.0070s ]
SQL: SELECT * FROM `think_member` WHERE `id` = 1 LIMIT 1   [ RunTime:0.0010s ]
SQL: SHOW COLUMNS FROM `think_auth_group` [ RunTime:0.0070s ]
SQL: SELECT * FROM `think_auth_group` INNER JOIN think_auth_group_access on think_auth_group.id=think_auth_group_access.group_id  WHERE think_auth_group_access.uid = '1'  [ RunTime:0.0010s ]
SQL: SHOW COLUMNS FROM `think_member` [ RunTime:0.0370s ]
SQL: SELECT * FROM `think_member` WHERE `id` = 1 LIMIT 1   [ RunTime:0.0000s ]
SQL: SELECT s.id,s.title,s.name,s.tips,s.pid,p.pid as ppid,p.title as ptitle FROM think_auth_rule s left join think_auth_rule p on p.id=s.pid where s.name='Index/index' [ RunTime:0.0010s ]
SQL: SHOW COLUMNS FROM `think_auth_rule` [ RunTime:0.0070s ]
SQL: SELECT `id`,`title`,`pid`,`name`,`icon` FROM `think_auth_rule` WHERE ( islink=1   ) ORDER BY o ASC  [ RunTime:0.0010s ]

[ 2016-09-27T10:32:30+08:00 ] ::1 /myapp/admin.php/Index/index.html
INFO: [ app_init ] --START--
INFO: Run Behavior\BuildLiteBehavior [ RunTime:0.000000s ]
INFO: [ app_init ] --END-- [ RunTime:0.000000s ]
INFO: [ app_begin ] --START--
INFO: Run Behavior\ReadHtmlCacheBehavior [ RunTime:0.001001s ]
INFO: [ app_begin ] --END-- [ RunTime:0.001001s ]
SQL: SHOW COLUMNS FROM `think_setting` [ RunTime:0.0070s ]
SQL: SELECT `k`,`v` FROM `think_setting`  [ RunTime:0.0000s ]
NOTIC: [8] Undefined variable: config C:\xampp\htdocs\myapp\Application\Common\Common\function.php 第 29 行.
NOTIC: [8] A session had already been started - ignoring session_start() C:\xampp\htdocs\myapp\Application\Admin\Controller\CommonController.class.php 第 125 行.
SQL: SHOW COLUMNS FROM `think_member` [ RunTime:0.0060s ]
SQL: SELECT * FROM `think_member` WHERE `id` = 1 LIMIT 1   [ RunTime:0.0000s ]
SQL: SHOW COLUMNS FROM `think_auth_group` [ RunTime:0.0060s ]
SQL: SELECT * FROM `think_auth_group` INNER JOIN think_auth_group_access on think_auth_group.id=think_auth_group_access.group_id  WHERE think_auth_group_access.uid = '1'  [ RunTime:0.0000s ]
SQL: SHOW COLUMNS FROM `think_member` [ RunTime:0.0070s ]
SQL: SELECT * FROM `think_member` WHERE `id` = 1 LIMIT 1   [ RunTime:0.0000s ]
SQL: SELECT s.id,s.title,s.name,s.tips,s.pid,p.pid as ppid,p.title as ptitle FROM think_auth_rule s left join think_auth_rule p on p.id=s.pid where s.name='Index/index' [ RunTime:0.0010s ]
SQL: SHOW COLUMNS FROM `think_auth_rule` [ RunTime:0.0060s ]
SQL: SELECT `id`,`title`,`pid`,`name`,`icon` FROM `think_auth_rule` WHERE ( islink=1   ) ORDER BY o ASC  [ RunTime:0.0000s ]

[ 2016-09-27T10:33:01+08:00 ] ::1 /myapp/admin.php/Index/index.html
INFO: [ app_init ] --START--
INFO: Run Behavior\BuildLiteBehavior [ RunTime:0.000000s ]
INFO: [ app_init ] --END-- [ RunTime:0.000000s ]
INFO: [ app_begin ] --START--
INFO: Run Behavior\ReadHtmlCacheBehavior [ RunTime:0.001000s ]
INFO: [ app_begin ] --END-- [ RunTime:0.001000s ]
SQL: SHOW COLUMNS FROM `think_setting` [ RunTime:0.0080s ]
SQL: SELECT `k`,`v` FROM `think_setting`  [ RunTime:0.0000s ]
NOTIC: [8] Undefined variable: config C:\xampp\htdocs\myapp\Application\Common\Common\function.php 第 29 行.
NOTIC: [8] A session had already been started - ignoring session_start() C:\xampp\htdocs\myapp\Application\Admin\Controller\CommonController.class.php 第 125 行.
SQL: SHOW COLUMNS FROM `think_member` [ RunTime:0.0090s ]
SQL: SELECT * FROM `think_member` WHERE `id` = 1 LIMIT 1   [ RunTime:0.0000s ]
SQL: SHOW COLUMNS FROM `think_auth_group` [ RunTime:0.0080s ]
SQL: SELECT * FROM `think_auth_group` INNER JOIN think_auth_group_access on think_auth_group.id=think_auth_group_access.group_id  WHERE think_auth_group_access.uid = '1'  [ RunTime:0.0010s ]
SQL: SHOW COLUMNS FROM `think_member` [ RunTime:0.0070s ]
SQL: SELECT * FROM `think_member` WHERE `id` = 1 LIMIT 1   [ RunTime:0.0000s ]
SQL: SELECT s.id,s.title,s.name,s.tips,s.pid,p.pid as ppid,p.title as ptitle FROM think_auth_rule s left join think_auth_rule p on p.id=s.pid where s.name='Index/index' [ RunTime:0.0010s ]
SQL: SHOW COLUMNS FROM `think_auth_rule` [ RunTime:0.0090s ]
SQL: SELECT `id`,`title`,`pid`,`name`,`icon` FROM `think_auth_rule` WHERE ( islink=1   ) ORDER BY o ASC  [ RunTime:0.0020s ]

[ 2016-09-27T10:33:32+08:00 ] ::1 /myapp/admin.php/Index/index.html
INFO: [ app_init ] --START--
INFO: Run Behavior\BuildLiteBehavior [ RunTime:0.000000s ]
INFO: [ app_init ] --END-- [ RunTime:0.001000s ]
INFO: [ app_begin ] --START--
INFO: Run Behavior\ReadHtmlCacheBehavior [ RunTime:0.001000s ]
INFO: [ app_begin ] --END-- [ RunTime:0.001000s ]
SQL: SHOW COLUMNS FROM `think_setting` [ RunTime:0.0070s ]
SQL: SELECT `k`,`v` FROM `think_setting`  [ RunTime:0.0000s ]
NOTIC: [8] Undefined variable: config C:\xampp\htdocs\myapp\Application\Common\Common\function.php 第 29 行.
NOTIC: [8] A session had already been started - ignoring session_start() C:\xampp\htdocs\myapp\Application\Admin\Controller\CommonController.class.php 第 125 行.
SQL: SHOW COLUMNS FROM `think_member` [ RunTime:0.0070s ]
SQL: SELECT * FROM `think_member` WHERE `id` = 1 LIMIT 1   [ RunTime:0.0010s ]
SQL: SHOW COLUMNS FROM `think_auth_group` [ RunTime:0.0060s ]
SQL: SELECT * FROM `think_auth_group` INNER JOIN think_auth_group_access on think_auth_group.id=think_auth_group_access.group_id  WHERE think_auth_group_access.uid = '1'  [ RunTime:0.0010s ]
SQL: SHOW COLUMNS FROM `think_member` [ RunTime:0.0070s ]
SQL: SELECT * FROM `think_member` WHERE `id` = 1 LIMIT 1   [ RunTime:0.0010s ]
SQL: SELECT s.id,s.title,s.name,s.tips,s.pid,p.pid as ppid,p.title as ptitle FROM think_auth_rule s left join think_auth_rule p on p.id=s.pid where s.name='Index/index' [ RunTime:0.0000s ]
SQL: SHOW COLUMNS FROM `think_auth_rule` [ RunTime:0.0070s ]
SQL: SELECT `id`,`title`,`pid`,`name`,`icon` FROM `think_auth_rule` WHERE ( islink=1   ) ORDER BY o ASC  [ RunTime:0.0010s ]

[ 2016-09-27T10:34:15+08:00 ] ::1 /myapp/admin.php/Index/index.html
INFO: [ app_init ] --START--
INFO: Run Behavior\BuildLiteBehavior [ RunTime:0.000000s ]
INFO: [ app_init ] --END-- [ RunTime:0.001000s ]
INFO: [ app_begin ] --START--
INFO: Run Behavior\ReadHtmlCacheBehavior [ RunTime:0.000000s ]
INFO: [ app_begin ] --END-- [ RunTime:0.000000s ]
SQL: SHOW COLUMNS FROM `think_setting` [ RunTime:0.0080s ]
SQL: SELECT `k`,`v` FROM `think_setting`  [ RunTime:0.0000s ]
NOTIC: [8] Undefined variable: config C:\xampp\htdocs\myapp\Application\Common\Common\function.php 第 29 行.
NOTIC: [8] A session had already been started - ignoring session_start() C:\xampp\htdocs\myapp\Application\Admin\Controller\CommonController.class.php 第 125 行.
SQL: SHOW COLUMNS FROM `think_member` [ RunTime:0.0120s ]
SQL: SELECT * FROM `think_member` WHERE `id` = 1 LIMIT 1   [ RunTime:0.0010s ]
SQL: SHOW COLUMNS FROM `think_auth_group` [ RunTime:0.0110s ]
SQL: SELECT * FROM `think_auth_group` INNER JOIN think_auth_group_access on think_auth_group.id=think_auth_group_access.group_id  WHERE think_auth_group_access.uid = '1'  [ RunTime:0.0010s ]
SQL: SHOW COLUMNS FROM `think_member` [ RunTime:0.0080s ]
SQL: SELECT * FROM `think_member` WHERE `id` = 1 LIMIT 1   [ RunTime:0.0010s ]
SQL: SELECT s.id,s.title,s.name,s.tips,s.pid,p.pid as ppid,p.title as ptitle FROM think_auth_rule s left join think_auth_rule p on p.id=s.pid where s.name='Index/index' [ RunTime:0.0010s ]
SQL: SHOW COLUMNS FROM `think_auth_rule` [ RunTime:0.0070s ]
SQL: SELECT `id`,`title`,`pid`,`name`,`icon` FROM `think_auth_rule` WHERE ( islink=1   ) ORDER BY o ASC  [ RunTime:0.0010s ]

[ 2016-09-27T10:37:35+08:00 ] ::1 /myapp/admin.php/Index/index.html
INFO: [ app_init ] --START--
INFO: Run Behavior\BuildLiteBehavior [ RunTime:0.000000s ]
INFO: [ app_init ] --END-- [ RunTime:0.000000s ]
INFO: [ app_begin ] --START--
INFO: Run Behavior\ReadHtmlCacheBehavior [ RunTime:0.001000s ]
INFO: [ app_begin ] --END-- [ RunTime:0.001000s ]
SQL: SHOW COLUMNS FROM `think_setting` [ RunTime:0.0070s ]
SQL: SELECT `k`,`v` FROM `think_setting`  [ RunTime:0.0010s ]
NOTIC: [8] Undefined variable: config C:\xampp\htdocs\myapp\Application\Common\Common\function.php 第 29 行.
NOTIC: [8] A session had already been started - ignoring session_start() C:\xampp\htdocs\myapp\Application\Admin\Controller\CommonController.class.php 第 126 行.
SQL: SHOW COLUMNS FROM `think_member` [ RunTime:0.0070s ]
SQL: SELECT * FROM `think_member` WHERE `id` = 1 LIMIT 1   [ RunTime:0.0000s ]
SQL: SHOW COLUMNS FROM `think_auth_group` [ RunTime:0.0060s ]
SQL: SELECT * FROM `think_auth_group` INNER JOIN think_auth_group_access on think_auth_group.id=think_auth_group_access.group_id  WHERE think_auth_group_access.uid = '1'  [ RunTime:0.0010s ]
SQL: SHOW COLUMNS FROM `think_member` [ RunTime:0.0070s ]
SQL: SELECT * FROM `think_member` WHERE `id` = 1 LIMIT 1   [ RunTime:0.0010s ]
SQL: SELECT s.id,s.title,s.name,s.tips,s.pid,p.pid as ppid,p.title as ptitle FROM think_auth_rule s left join think_auth_rule p on p.id=s.pid where s.name='Index/index' [ RunTime:0.0000s ]
SQL: SHOW COLUMNS FROM `think_auth_rule` [ RunTime:0.0070s ]
SQL: SELECT `id`,`title`,`pid`,`name`,`icon` FROM `think_auth_rule` WHERE ( islink=1   ) ORDER BY o ASC  [ RunTime:0.0010s ]

[ 2016-09-27T10:37:36+08:00 ] ::1 /myapp/admin.php/Index/index.html
INFO: [ app_init ] --START--
INFO: Run Behavior\BuildLiteBehavior [ RunTime:0.000000s ]
INFO: [ app_init ] --END-- [ RunTime:0.001000s ]
INFO: [ app_begin ] --START--
INFO: Run Behavior\ReadHtmlCacheBehavior [ RunTime:0.001000s ]
INFO: [ app_begin ] --END-- [ RunTime:0.001000s ]
SQL: SHOW COLUMNS FROM `think_setting` [ RunTime:0.0060s ]
SQL: SELECT `k`,`v` FROM `think_setting`  [ RunTime:0.0000s ]
NOTIC: [8] Undefined variable: config C:\xampp\htdocs\myapp\Application\Common\Common\function.php 第 29 行.
NOTIC: [8] A session had already been started - ignoring session_start() C:\xampp\htdocs\myapp\Application\Admin\Controller\CommonController.class.php 第 126 行.
SQL: SHOW COLUMNS FROM `think_member` [ RunTime:0.0080s ]
SQL: SELECT * FROM `think_member` WHERE `id` = 1 LIMIT 1   [ RunTime:0.0010s ]
SQL: SHOW COLUMNS FROM `think_auth_group` [ RunTime:0.0130s ]
SQL: SELECT * FROM `think_auth_group` INNER JOIN think_auth_group_access on think_auth_group.id=think_auth_group_access.group_id  WHERE think_auth_group_access.uid = '1'  [ RunTime:0.0000s ]
SQL: SHOW COLUMNS FROM `think_member` [ RunTime:0.0080s ]
SQL: SELECT * FROM `think_member` WHERE `id` = 1 LIMIT 1   [ RunTime:0.0000s ]
SQL: SELECT s.id,s.title,s.name,s.tips,s.pid,p.pid as ppid,p.title as ptitle FROM think_auth_rule s left join think_auth_rule p on p.id=s.pid where s.name='Index/index' [ RunTime:0.0000s ]
SQL: SHOW COLUMNS FROM `think_auth_rule` [ RunTime:0.0080s ]
SQL: SELECT `id`,`title`,`pid`,`name`,`icon` FROM `think_auth_rule` WHERE ( islink=1   ) ORDER BY o ASC  [ RunTime:0.0010s ]

[ 2016-09-27T10:37:37+08:00 ] ::1 /myapp/admin.php/Index/index.html
INFO: [ app_init ] --START--
INFO: Run Behavior\BuildLiteBehavior [ RunTime:0.000000s ]
INFO: [ app_init ] --END-- [ RunTime:0.000000s ]
INFO: [ app_begin ] --START--
INFO: Run Behavior\ReadHtmlCacheBehavior [ RunTime:0.001000s ]
INFO: [ app_begin ] --END-- [ RunTime:0.001000s ]
SQL: SHOW COLUMNS FROM `think_setting` [ RunTime:0.0070s ]
SQL: SELECT `k`,`v` FROM `think_setting`  [ RunTime:0.0010s ]
NOTIC: [8] Undefined variable: config C:\xampp\htdocs\myapp\Application\Common\Common\function.php 第 29 行.
NOTIC: [8] A session had already been started - ignoring session_start() C:\xampp\htdocs\myapp\Application\Admin\Controller\CommonController.class.php 第 126 行.
SQL: SHOW COLUMNS FROM `think_member` [ RunTime:0.0070s ]
SQL: SELECT * FROM `think_member` WHERE `id` = 1 LIMIT 1   [ RunTime:0.0010s ]
SQL: SHOW COLUMNS FROM `think_auth_group` [ RunTime:0.0060s ]
SQL: SELECT * FROM `think_auth_group` INNER JOIN think_auth_group_access on think_auth_group.id=think_auth_group_access.group_id  WHERE think_auth_group_access.uid = '1'  [ RunTime:0.0000s ]
SQL: SHOW COLUMNS FROM `think_member` [ RunTime:0.0070s ]
SQL: SELECT * FROM `think_member` WHERE `id` = 1 LIMIT 1   [ RunTime:0.0010s ]
SQL: SELECT s.id,s.title,s.name,s.tips,s.pid,p.pid as ppid,p.title as ptitle FROM think_auth_rule s left join think_auth_rule p on p.id=s.pid where s.name='Index/index' [ RunTime:0.0000s ]
SQL: SHOW COLUMNS FROM `think_auth_rule` [ RunTime:0.0070s ]
SQL: SELECT `id`,`title`,`pid`,`name`,`icon` FROM `think_auth_rule` WHERE ( islink=1   ) ORDER BY o ASC  [ RunTime:0.0010s ]

[ 2016-09-27T10:44:04+08:00 ] ::1 /myapp/admin.php/Index/index.html
INFO: [ app_init ] --START--
INFO: Run Behavior\BuildLiteBehavior [ RunTime:0.000000s ]
INFO: [ app_init ] --END-- [ RunTime:0.001000s ]
INFO: [ app_begin ] --START--
INFO: Run Behavior\ReadHtmlCacheBehavior [ RunTime:0.001000s ]
INFO: [ app_begin ] --END-- [ RunTime:0.001000s ]
SQL: SHOW COLUMNS FROM `think_setting` [ RunTime:0.0070s ]
SQL: SELECT `k`,`v` FROM `think_setting`  [ RunTime:0.0000s ]
NOTIC: [8] Undefined variable: config C:\xampp\htdocs\myapp\Application\Common\Common\function.php 第 29 行.
NOTIC: [8] A session had already been started - ignoring session_start() C:\xampp\htdocs\myapp\Application\Admin\Controller\CommonController.class.php 第 125 行.
SQL: SHOW COLUMNS FROM `think_member` [ RunTime:0.0070s ]
SQL: SELECT * FROM `think_member` WHERE `id` = 1 LIMIT 1   [ RunTime:0.0000s ]
SQL: SHOW COLUMNS FROM `think_auth_group` [ RunTime:0.0070s ]
SQL: SELECT * FROM `think_auth_group` INNER JOIN think_auth_group_access on think_auth_group.id=think_auth_group_access.group_id  WHERE think_auth_group_access.uid = '1'  [ RunTime:0.0010s ]
SQL: SHOW COLUMNS FROM `think_member` [ RunTime:0.0080s ]
SQL: SELECT * FROM `think_member` WHERE `id` = 1 LIMIT 1   [ RunTime:0.0010s ]
SQL: SELECT s.id,s.title,s.name,s.tips,s.pid,p.pid as ppid,p.title as ptitle FROM think_auth_rule s left join think_auth_rule p on p.id=s.pid where s.name='Index/index' [ RunTime:0.0000s ]
SQL: SHOW COLUMNS FROM `think_auth_rule` [ RunTime:0.0070s ]
SQL: SELECT `id`,`title`,`pid`,`name`,`icon` FROM `think_auth_rule` WHERE ( islink=1   ) ORDER BY o ASC  [ RunTime:0.0010s ]

[ 2016-09-27T10:55:03+08:00 ] ::1 /myapp/admin.php/Index/index.html
INFO: [ app_init ] --START--
INFO: Run Behavior\BuildLiteBehavior [ RunTime:0.000000s ]
INFO: [ app_init ] --END-- [ RunTime:0.001000s ]
INFO: [ app_begin ] --START--
INFO: Run Behavior\ReadHtmlCacheBehavior [ RunTime:0.002000s ]
INFO: [ app_begin ] --END-- [ RunTime:0.002000s ]
SQL: SHOW COLUMNS FROM `think_setting` [ RunTime:0.0080s ]
SQL: SELECT `k`,`v` FROM `think_setting`  [ RunTime:0.0010s ]
NOTIC: [8] Undefined variable: config C:\xampp\htdocs\myapp\Application\Common\Common\function.php 第 29 行.
NOTIC: [8] A session had already been started - ignoring session_start() C:\xampp\htdocs\myapp\Application\Admin\Controller\CommonController.class.php 第 125 行.
SQL: SHOW COLUMNS FROM `think_member` [ RunTime:0.0070s ]
SQL: SELECT * FROM `think_member` WHERE `id` = 1 LIMIT 1   [ RunTime:0.0010s ]
SQL: SHOW COLUMNS FROM `think_auth_group` [ RunTime:0.0120s ]
SQL: SELECT * FROM `think_auth_group` INNER JOIN think_auth_group_access on think_auth_group.id=think_auth_group_access.group_id  WHERE think_auth_group_access.uid = '1'  [ RunTime:0.0010s ]
SQL: SHOW COLUMNS FROM `think_member` [ RunTime:0.0080s ]
SQL: SELECT * FROM `think_member` WHERE `id` = 1 LIMIT 1   [ RunTime:0.0000s ]
SQL: SELECT s.id,s.title,s.name,s.tips,s.pid,p.pid as ppid,p.title as ptitle FROM think_auth_rule s left join think_auth_rule p on p.id=s.pid where s.name='Index/index' [ RunTime:0.0010s ]
SQL: SHOW COLUMNS FROM `think_auth_rule` [ RunTime:0.0060s ]
SQL: SELECT `id`,`title`,`pid`,`name`,`icon` FROM `think_auth_rule` WHERE ( islink=1   ) ORDER BY o ASC  [ RunTime:0.0000s ]

[ 2016-09-27T10:55:04+08:00 ] ::1 /myapp/admin.php/Index/index.html
INFO: [ app_init ] --START--
INFO: Run Behavior\BuildLiteBehavior [ RunTime:0.000000s ]
INFO: [ app_init ] --END-- [ RunTime:0.000000s ]
INFO: [ app_begin ] --START--
INFO: Run Behavior\ReadHtmlCacheBehavior [ RunTime:0.001000s ]
INFO: [ app_begin ] --END-- [ RunTime:0.001000s ]
SQL: SHOW COLUMNS FROM `think_setting` [ RunTime:0.0070s ]
SQL: SELECT `k`,`v` FROM `think_setting`  [ RunTime:0.0000s ]
NOTIC: [8] Undefined variable: config C:\xampp\htdocs\myapp\Application\Common\Common\function.php 第 29 行.
NOTIC: [8] A session had already been started - ignoring session_start() C:\xampp\htdocs\myapp\Application\Admin\Controller\CommonController.class.php 第 125 行.
SQL: SHOW COLUMNS FROM `think_member` [ RunTime:0.0070s ]
SQL: SELECT * FROM `think_member` WHERE `id` = 1 LIMIT 1   [ RunTime:0.0000s ]
SQL: SHOW COLUMNS FROM `think_auth_group` [ RunTime:0.0070s ]
SQL: SELECT * FROM `think_auth_group` INNER JOIN think_auth_group_access on think_auth_group.id=think_auth_group_access.group_id  WHERE think_auth_group_access.uid = '1'  [ RunTime:0.0010s ]
SQL: SHOW COLUMNS FROM `think_member` [ RunTime:0.0070s ]
SQL: SELECT * FROM `think_member` WHERE `id` = 1 LIMIT 1   [ RunTime:0.0000s ]
SQL: SELECT s.id,s.title,s.name,s.tips,s.pid,p.pid as ppid,p.title as ptitle FROM think_auth_rule s left join think_auth_rule p on p.id=s.pid where s.name='Index/index' [ RunTime:0.0000s ]
SQL: SHOW COLUMNS FROM `think_auth_rule` [ RunTime:0.0070s ]
SQL: SELECT `id`,`title`,`pid`,`name`,`icon` FROM `think_auth_rule` WHERE ( islink=1   ) ORDER BY o ASC  [ RunTime:0.0010s ]

[ 2016-09-27T10:55:04+08:00 ] ::1 /myapp/admin.php/Index/index.html
INFO: [ app_init ] --START--
INFO: Run Behavior\BuildLiteBehavior [ RunTime:0.000000s ]
INFO: [ app_init ] --END-- [ RunTime:0.000000s ]
INFO: [ app_begin ] --START--
INFO: Run Behavior\ReadHtmlCacheBehavior [ RunTime:0.001000s ]
INFO: [ app_begin ] --END-- [ RunTime:0.001000s ]
SQL: SHOW COLUMNS FROM `think_setting` [ RunTime:0.0070s ]
SQL: SELECT `k`,`v` FROM `think_setting`  [ RunTime:0.0000s ]
NOTIC: [8] Undefined variable: config C:\xampp\htdocs\myapp\Application\Common\Common\function.php 第 29 行.
NOTIC: [8] A session had already been started - ignoring session_start() C:\xampp\htdocs\myapp\Application\Admin\Controller\CommonController.class.php 第 125 行.
SQL: SHOW COLUMNS FROM `think_member` [ RunTime:0.0070s ]
SQL: SELECT * FROM `think_member` WHERE `id` = 1 LIMIT 1   [ RunTime:0.0000s ]
SQL: SHOW COLUMNS FROM `think_auth_group` [ RunTime:0.0070s ]
SQL: SELECT * FROM `think_auth_group` INNER JOIN think_auth_group_access on think_auth_group.id=think_auth_group_access.group_id  WHERE think_auth_group_access.uid = '1'  [ RunTime:0.0010s ]
SQL: SHOW COLUMNS FROM `think_member` [ RunTime:0.0070s ]
SQL: SELECT * FROM `think_member` WHERE `id` = 1 LIMIT 1   [ RunTime:0.0000s ]
SQL: SELECT s.id,s.title,s.name,s.tips,s.pid,p.pid as ppid,p.title as ptitle FROM think_auth_rule s left join think_auth_rule p on p.id=s.pid where s.name='Index/index' [ RunTime:0.0000s ]
SQL: SHOW COLUMNS FROM `think_auth_rule` [ RunTime:0.0070s ]
SQL: SELECT `id`,`title`,`pid`,`name`,`icon` FROM `think_auth_rule` WHERE ( islink=1   ) ORDER BY o ASC  [ RunTime:0.0010s ]

[ 2016-09-27T10:55:04+08:00 ] ::1 /myapp/admin.php/Index/index.html
INFO: [ app_init ] --START--
INFO: Run Behavior\BuildLiteBehavior [ RunTime:0.000000s ]
INFO: [ app_init ] --END-- [ RunTime:0.001000s ]
INFO: [ app_begin ] --START--
INFO: Run Behavior\ReadHtmlCacheBehavior [ RunTime:0.001000s ]
INFO: [ app_begin ] --END-- [ RunTime:0.001000s ]
SQL: SHOW COLUMNS FROM `think_setting` [ RunTime:0.0060s ]
SQL: SELECT `k`,`v` FROM `think_setting`  [ RunTime:0.0000s ]
NOTIC: [8] Undefined variable: config C:\xampp\htdocs\myapp\Application\Common\Common\function.php 第 29 行.
NOTIC: [8] A session had already been started - ignoring session_start() C:\xampp\htdocs\myapp\Application\Admin\Controller\CommonController.class.php 第 125 行.
SQL: SHOW COLUMNS FROM `think_member` [ RunTime:0.0070s ]
SQL: SELECT * FROM `think_member` WHERE `id` = 1 LIMIT 1   [ RunTime:0.0010s ]
SQL: SHOW COLUMNS FROM `think_auth_group` [ RunTime:0.0550s ]
SQL: SELECT * FROM `think_auth_group` INNER JOIN think_auth_group_access on think_auth_group.id=think_auth_group_access.group_id  WHERE think_auth_group_access.uid = '1'  [ RunTime:0.0010s ]
SQL: SHOW COLUMNS FROM `think_member` [ RunTime:0.0070s ]
SQL: SELECT * FROM `think_member` WHERE `id` = 1 LIMIT 1   [ RunTime:0.0000s ]
SQL: SELECT s.id,s.title,s.name,s.tips,s.pid,p.pid as ppid,p.title as ptitle FROM think_auth_rule s left join think_auth_rule p on p.id=s.pid where s.name='Index/index' [ RunTime:0.0010s ]
SQL: SHOW COLUMNS FROM `think_auth_rule` [ RunTime:0.0070s ]
SQL: SELECT `id`,`title`,`pid`,`name`,`icon` FROM `think_auth_rule` WHERE ( islink=1   ) ORDER BY o ASC  [ RunTime:0.0010s ]

[ 2016-09-27T10:55:04+08:00 ] ::1 /myapp/admin.php/Index/index.html
INFO: [ app_init ] --START--
INFO: Run Behavior\BuildLiteBehavior [ RunTime:0.000000s ]
INFO: [ app_init ] --END-- [ RunTime:0.001000s ]
INFO: [ app_begin ] --START--
INFO: Run Behavior\ReadHtmlCacheBehavior [ RunTime:0.001000s ]
INFO: [ app_begin ] --END-- [ RunTime:0.001000s ]
SQL: SHOW COLUMNS FROM `think_setting` [ RunTime:0.0070s ]
SQL: SELECT `k`,`v` FROM `think_setting`  [ RunTime:0.0000s ]
NOTIC: [8] Undefined variable: config C:\xampp\htdocs\myapp\Application\Common\Common\function.php 第 29 行.
NOTIC: [8] A session had already been started - ignoring session_start() C:\xampp\htdocs\myapp\Application\Admin\Controller\CommonController.class.php 第 125 行.
SQL: SHOW COLUMNS FROM `think_member` [ RunTime:0.0080s ]
SQL: SELECT * FROM `think_member` WHERE `id` = 1 LIMIT 1   [ RunTime:0.0010s ]
SQL: SHOW COLUMNS FROM `think_auth_group` [ RunTime:0.0070s ]
SQL: SELECT * FROM `think_auth_group` INNER JOIN think_auth_group_access on think_auth_group.id=think_auth_group_access.group_id  WHERE think_auth_group_access.uid = '1'  [ RunTime:0.0010s ]
SQL: SHOW COLUMNS FROM `think_member` [ RunTime:0.0070s ]
SQL: SELECT * FROM `think_member` WHERE `id` = 1 LIMIT 1   [ RunTime:0.0000s ]
SQL: SELECT s.id,s.title,s.name,s.tips,s.pid,p.pid as ppid,p.title as ptitle FROM think_auth_rule s left join think_auth_rule p on p.id=s.pid where s.name='Index/index' [ RunTime:0.0010s ]
SQL: SHOW COLUMNS FROM `think_auth_rule` [ RunTime:0.0090s ]
SQL: SELECT `id`,`title`,`pid`,`name`,`icon` FROM `think_auth_rule` WHERE ( islink=1   ) ORDER BY o ASC  [ RunTime:0.0010s ]

[ 2016-09-27T10:55:04+08:00 ] ::1 /myapp/admin.php/Index/index.html
INFO: [ app_init ] --START--
INFO: Run Behavior\BuildLiteBehavior [ RunTime:0.000000s ]
INFO: [ app_init ] --END-- [ RunTime:0.001000s ]
INFO: [ app_begin ] --START--
INFO: Run Behavior\ReadHtmlCacheBehavior [ RunTime:0.001001s ]
INFO: [ app_begin ] --END-- [ RunTime:0.001001s ]
SQL: SHOW COLUMNS FROM `think_setting` [ RunTime:0.0080s ]
SQL: SELECT `k`,`v` FROM `think_setting`  [ RunTime:0.0000s ]
NOTIC: [8] Undefined variable: config C:\xampp\htdocs\myapp\Application\Common\Common\function.php 第 29 行.
NOTIC: [8] A session had already been started - ignoring session_start() C:\xampp\htdocs\myapp\Application\Admin\Controller\CommonController.class.php 第 125 行.
SQL: SHOW COLUMNS FROM `think_member` [ RunTime:0.0070s ]
SQL: SELECT * FROM `think_member` WHERE `id` = 1 LIMIT 1   [ RunTime:0.0010s ]
SQL: SHOW COLUMNS FROM `think_auth_group` [ RunTime:0.0080s ]
SQL: SELECT * FROM `think_auth_group` INNER JOIN think_auth_group_access on think_auth_group.id=think_auth_group_access.group_id  WHERE think_auth_group_access.uid = '1'  [ RunTime:0.0000s ]
SQL: SHOW COLUMNS FROM `think_member` [ RunTime:0.0070s ]
SQL: SELECT * FROM `think_member` WHERE `id` = 1 LIMIT 1   [ RunTime:0.0000s ]
SQL: SELECT s.id,s.title,s.name,s.tips,s.pid,p.pid as ppid,p.title as ptitle FROM think_auth_rule s left join think_auth_rule p on p.id=s.pid where s.name='Index/index' [ RunTime:0.0000s ]
SQL: SHOW COLUMNS FROM `think_auth_rule` [ RunTime:0.0080s ]
SQL: SELECT `id`,`title`,`pid`,`name`,`icon` FROM `think_auth_rule` WHERE ( islink=1   ) ORDER BY o ASC  [ RunTime:0.0010s ]

[ 2016-09-27T10:55:05+08:00 ] ::1 /myapp/admin.php/Index/index.html
INFO: [ app_init ] --START--
INFO: Run Behavior\BuildLiteBehavior [ RunTime:0.000000s ]
INFO: [ app_init ] --END-- [ RunTime:0.001001s ]
INFO: [ app_begin ] --START--
INFO: Run Behavior\ReadHtmlCacheBehavior [ RunTime:0.001000s ]
INFO: [ app_begin ] --END-- [ RunTime:0.001000s ]
SQL: SHOW COLUMNS FROM `think_setting` [ RunTime:0.0100s ]
SQL: SELECT `k`,`v` FROM `think_setting`  [ RunTime:0.0010s ]
NOTIC: [8] Undefined variable: config C:\xampp\htdocs\myapp\Application\Common\Common\function.php 第 29 行.
NOTIC: [8] A session had already been started - ignoring session_start() C:\xampp\htdocs\myapp\Application\Admin\Controller\CommonController.class.php 第 125 行.
SQL: SHOW COLUMNS FROM `think_member` [ RunTime:0.0100s ]
SQL: SELECT * FROM `think_member` WHERE `id` = 1 LIMIT 1   [ RunTime:0.0010s ]
SQL: SHOW COLUMNS FROM `think_auth_group` [ RunTime:0.0090s ]
SQL: SELECT * FROM `think_auth_group` INNER JOIN think_auth_group_access on think_auth_group.id=think_auth_group_access.group_id  WHERE think_auth_group_access.uid = '1'  [ RunTime:0.0010s ]
SQL: SHOW COLUMNS FROM `think_member` [ RunTime:0.0100s ]
SQL: SELECT * FROM `think_member` WHERE `id` = 1 LIMIT 1   [ RunTime:0.0010s ]
SQL: SELECT s.id,s.title,s.name,s.tips,s.pid,p.pid as ppid,p.title as ptitle FROM think_auth_rule s left join think_auth_rule p on p.id=s.pid where s.name='Index/index' [ RunTime:0.0010s ]
SQL: SHOW COLUMNS FROM `think_auth_rule` [ RunTime:0.0110s ]
SQL: SELECT `id`,`title`,`pid`,`name`,`icon` FROM `think_auth_rule` WHERE ( islink=1   ) ORDER BY o ASC  [ RunTime:0.0010s ]

[ 2016-09-27T10:55:05+08:00 ] ::1 /myapp/admin.php/Index/index.html
INFO: [ app_init ] --START--
INFO: Run Behavior\BuildLiteBehavior [ RunTime:0.000000s ]
INFO: [ app_init ] --END-- [ RunTime:0.000000s ]
INFO: [ app_begin ] --START--
INFO: Run Behavior\ReadHtmlCacheBehavior [ RunTime:0.001000s ]
INFO: [ app_begin ] --END-- [ RunTime:0.001000s ]
SQL: SHOW COLUMNS FROM `think_setting` [ RunTime:0.0080s ]
SQL: SELECT `k`,`v` FROM `think_setting`  [ RunTime:0.0000s ]
NOTIC: [8] Undefined variable: config C:\xampp\htdocs\myapp\Application\Common\Common\function.php 第 29 行.
NOTIC: [8] A session had already been started - ignoring session_start() C:\xampp\htdocs\myapp\Application\Admin\Controller\CommonController.class.php 第 125 行.
SQL: SHOW COLUMNS FROM `think_member` [ RunTime:0.0080s ]
SQL: SELECT * FROM `think_member` WHERE `id` = 1 LIMIT 1   [ RunTime:0.0010s ]
SQL: SHOW COLUMNS FROM `think_auth_group` [ RunTime:0.0060s ]
SQL: SELECT * FROM `think_auth_group` INNER JOIN think_auth_group_access on think_auth_group.id=think_auth_group_access.group_id  WHERE think_auth_group_access.uid = '1'  [ RunTime:0.0000s ]
SQL: SHOW COLUMNS FROM `think_member` [ RunTime:0.0070s ]
SQL: SELECT * FROM `think_member` WHERE `id` = 1 LIMIT 1   [ RunTime:0.0000s ]
SQL: SELECT s.id,s.title,s.name,s.tips,s.pid,p.pid as ppid,p.title as ptitle FROM think_auth_rule s left join think_auth_rule p on p.id=s.pid where s.name='Index/index' [ RunTime:0.0000s ]
SQL: SHOW COLUMNS FROM `think_auth_rule` [ RunTime:0.0070s ]
SQL: SELECT `id`,`title`,`pid`,`name`,`icon` FROM `think_auth_rule` WHERE ( islink=1   ) ORDER BY o ASC  [ RunTime:0.0010s ]

[ 2016-09-27T10:56:29+08:00 ] ::1 /myapp/admin.php/Index/index.html
INFO: [ app_init ] --START--
INFO: Run Behavior\BuildLiteBehavior [ RunTime:0.000000s ]
INFO: [ app_init ] --END-- [ RunTime:0.001000s ]
INFO: [ app_begin ] --START--
INFO: Run Behavior\ReadHtmlCacheBehavior [ RunTime:0.001000s ]
INFO: [ app_begin ] --END-- [ RunTime:0.001000s ]
SQL: SHOW COLUMNS FROM `think_setting` [ RunTime:0.0070s ]
SQL: SELECT `k`,`v` FROM `think_setting`  [ RunTime:0.0000s ]
NOTIC: [8] Undefined variable: config C:\xampp\htdocs\myapp\Application\Common\Common\function.php 第 29 行.
NOTIC: [8] A session had already been started - ignoring session_start() C:\xampp\htdocs\myapp\Application\Admin\Controller\CommonController.class.php 第 123 行.
SQL: SHOW COLUMNS FROM `think_member` [ RunTime:0.0070s ]
SQL: SELECT * FROM `think_member` WHERE `id` = 1 LIMIT 1   [ RunTime:0.0010s ]
SQL: SHOW COLUMNS FROM `think_auth_group` [ RunTime:0.0070s ]
SQL: SELECT * FROM `think_auth_group` INNER JOIN think_auth_group_access on think_auth_group.id=think_auth_group_access.group_id  WHERE think_auth_group_access.uid = '1'  [ RunTime:0.0010s ]
SQL: SHOW COLUMNS FROM `think_member` [ RunTime:0.0070s ]
SQL: SELECT * FROM `think_member` WHERE `id` = 1 LIMIT 1   [ RunTime:0.0000s ]
SQL: SELECT s.id,s.title,s.name,s.tips,s.pid,p.pid as ppid,p.title as ptitle FROM think_auth_rule s left join think_auth_rule p on p.id=s.pid where s.name='Index/index' [ RunTime:0.0000s ]
SQL: SHOW COLUMNS FROM `think_auth_rule` [ RunTime:0.0330s ]
SQL: SELECT `id`,`title`,`pid`,`name`,`icon` FROM `think_auth_rule` WHERE ( islink=1   ) ORDER BY o ASC  [ RunTime:0.0010s ]

[ 2016-09-27T10:57:58+08:00 ] ::1 /myapp/admin.php/Index/index.html
INFO: [ app_init ] --START--
INFO: Run Behavior\BuildLiteBehavior [ RunTime:0.000000s ]
INFO: [ app_init ] --END-- [ RunTime:0.000000s ]
INFO: [ app_begin ] --START--
INFO: Run Behavior\ReadHtmlCacheBehavior [ RunTime:0.000000s ]
INFO: [ app_begin ] --END-- [ RunTime:0.000000s ]
SQL: SHOW COLUMNS FROM `think_setting` [ RunTime:0.0150s ]
SQL: SELECT `k`,`v` FROM `think_setting`  [ RunTime:0.0010s ]
NOTIC: [8] Undefined variable: config C:\xampp\htdocs\myapp\Application\Common\Common\function.php 第 29 行.
NOTIC: [8] A session had already been started - ignoring session_start() C:\xampp\htdocs\myapp\Application\Admin\Controller\CommonController.class.php 第 122 行.
SQL: SHOW COLUMNS FROM `think_member` [ RunTime:0.0130s ]
SQL: SELECT * FROM `think_member` WHERE `id` = 1 LIMIT 1   [ RunTime:0.0000s ]
SQL: SHOW COLUMNS FROM `think_auth_group` [ RunTime:0.0090s ]
SQL: SELECT * FROM `think_auth_group` INNER JOIN think_auth_group_access on think_auth_group.id=think_auth_group_access.group_id  WHERE think_auth_group_access.uid = '1'  [ RunTime:0.0010s ]
SQL: SHOW COLUMNS FROM `think_member` [ RunTime:0.0120s ]
SQL: SELECT * FROM `think_member` WHERE `id` = 1 LIMIT 1   [ RunTime:0.0010s ]
SQL: SELECT s.id,s.title,s.name,s.tips,s.pid,p.pid as ppid,p.title as ptitle FROM think_auth_rule s left join think_auth_rule p on p.id=s.pid where s.name='Index/index' [ RunTime:0.0010s ]
SQL: SHOW COLUMNS FROM `think_auth_rule` [ RunTime:0.0110s ]
SQL: SELECT `id`,`title`,`pid`,`name`,`icon` FROM `think_auth_rule` WHERE ( islink=1   ) ORDER BY o ASC  [ RunTime:0.0010s ]

[ 2016-09-27T10:57:59+08:00 ] ::1 /myapp/admin.php/Index/index.html
INFO: [ app_init ] --START--
INFO: Run Behavior\BuildLiteBehavior [ RunTime:0.000000s ]
INFO: [ app_init ] --END-- [ RunTime:0.000000s ]
INFO: [ app_begin ] --START--
INFO: Run Behavior\ReadHtmlCacheBehavior [ RunTime:0.001000s ]
INFO: [ app_begin ] --END-- [ RunTime:0.001000s ]
SQL: SHOW COLUMNS FROM `think_setting` [ RunTime:0.0070s ]
SQL: SELECT `k`,`v` FROM `think_setting`  [ RunTime:0.0000s ]
NOTIC: [8] Undefined variable: config C:\xampp\htdocs\myapp\Application\Common\Common\function.php 第 29 行.
NOTIC: [8] A session had already been started - ignoring session_start() C:\xampp\htdocs\myapp\Application\Admin\Controller\CommonController.class.php 第 122 行.
SQL: SHOW COLUMNS FROM `think_member` [ RunTime:0.0080s ]
SQL: SELECT * FROM `think_member` WHERE `id` = 1 LIMIT 1   [ RunTime:0.0000s ]
SQL: SHOW COLUMNS FROM `think_auth_group` [ RunTime:0.0070s ]
SQL: SELECT * FROM `think_auth_group` INNER JOIN think_auth_group_access on think_auth_group.id=think_auth_group_access.group_id  WHERE think_auth_group_access.uid = '1'  [ RunTime:0.0010s ]
SQL: SHOW COLUMNS FROM `think_member` [ RunTime:0.0070s ]
SQL: SELECT * FROM `think_member` WHERE `id` = 1 LIMIT 1   [ RunTime:0.0000s ]
SQL: SELECT s.id,s.title,s.name,s.tips,s.pid,p.pid as ppid,p.title as ptitle FROM think_auth_rule s left join think_auth_rule p on p.id=s.pid where s.name='Index/index' [ RunTime:0.0010s ]
SQL: SHOW COLUMNS FROM `think_auth_rule` [ RunTime:0.0060s ]
SQL: SELECT `id`,`title`,`pid`,`name`,`icon` FROM `think_auth_rule` WHERE ( islink=1   ) ORDER BY o ASC  [ RunTime:0.0000s ]

[ 2016-09-27T10:57:59+08:00 ] ::1 /myapp/admin.php/Index/index.html
INFO: [ app_init ] --START--
INFO: Run Behavior\BuildLiteBehavior [ RunTime:0.000000s ]
INFO: [ app_init ] --END-- [ RunTime:0.001000s ]
INFO: [ app_begin ] --START--
INFO: Run Behavior\ReadHtmlCacheBehavior [ RunTime:0.002000s ]
INFO: [ app_begin ] --END-- [ RunTime:0.002000s ]
SQL: SHOW COLUMNS FROM `think_setting` [ RunTime:0.0080s ]
SQL: SELECT `k`,`v` FROM `think_setting`  [ RunTime:0.0000s ]
NOTIC: [8] Undefined variable: config C:\xampp\htdocs\myapp\Application\Common\Common\function.php 第 29 行.
NOTIC: [8] A session had already been started - ignoring session_start() C:\xampp\htdocs\myapp\Application\Admin\Controller\CommonController.class.php 第 122 行.
SQL: SHOW COLUMNS FROM `think_member` [ RunTime:0.0080s ]
SQL: SELECT * FROM `think_member` WHERE `id` = 1 LIMIT 1   [ RunTime:0.0010s ]
SQL: SHOW COLUMNS FROM `think_auth_group` [ RunTime:0.0080s ]
SQL: SELECT * FROM `think_auth_group` INNER JOIN think_auth_group_access on think_auth_group.id=think_auth_group_access.group_id  WHERE think_auth_group_access.uid = '1'  [ RunTime:0.0000s ]
SQL: SHOW COLUMNS FROM `think_member` [ RunTime:0.0090s ]
SQL: SELECT * FROM `think_member` WHERE `id` = 1 LIMIT 1   [ RunTime:0.0010s ]
SQL: SELECT s.id,s.title,s.name,s.tips,s.pid,p.pid as ppid,p.title as ptitle FROM think_auth_rule s left join think_auth_rule p on p.id=s.pid where s.name='Index/index' [ RunTime:0.0000s ]
SQL: SHOW COLUMNS FROM `think_auth_rule` [ RunTime:0.0080s ]
SQL: SELECT `id`,`title`,`pid`,`name`,`icon` FROM `think_auth_rule` WHERE ( islink=1   ) ORDER BY o ASC  [ RunTime:0.0010s ]

[ 2016-09-27T10:58:00+08:00 ] ::1 /myapp/admin.php/Index/index.html
INFO: [ app_init ] --START--
INFO: Run Behavior\BuildLiteBehavior [ RunTime:0.000000s ]
INFO: [ app_init ] --END-- [ RunTime:0.001001s ]
INFO: [ app_begin ] --START--
INFO: Run Behavior\ReadHtmlCacheBehavior [ RunTime:0.001000s ]
INFO: [ app_begin ] --END-- [ RunTime:0.001000s ]
SQL: SHOW COLUMNS FROM `think_setting` [ RunTime:0.0070s ]
SQL: SELECT `k`,`v` FROM `think_setting`  [ RunTime:0.0000s ]
NOTIC: [8] Undefined variable: config C:\xampp\htdocs\myapp\Application\Common\Common\function.php 第 29 行.
NOTIC: [8] A session had already been started - ignoring session_start() C:\xampp\htdocs\myapp\Application\Admin\Controller\CommonController.class.php 第 122 行.
SQL: SHOW COLUMNS FROM `think_member` [ RunTime:0.0090s ]
SQL: SELECT * FROM `think_member` WHERE `id` = 1 LIMIT 1   [ RunTime:0.0000s ]
SQL: SHOW COLUMNS FROM `think_auth_group` [ RunTime:0.0080s ]
SQL: SELECT * FROM `think_auth_group` INNER JOIN think_auth_group_access on think_auth_group.id=think_auth_group_access.group_id  WHERE think_auth_group_access.uid = '1'  [ RunTime:0.0010s ]
SQL: SHOW COLUMNS FROM `think_member` [ RunTime:0.0070s ]
SQL: SELECT * FROM `think_member` WHERE `id` = 1 LIMIT 1   [ RunTime:0.0000s ]
SQL: SELECT s.id,s.title,s.name,s.tips,s.pid,p.pid as ppid,p.title as ptitle FROM think_auth_rule s left join think_auth_rule p on p.id=s.pid where s.name='Index/index' [ RunTime:0.0000s ]
SQL: SHOW COLUMNS FROM `think_auth_rule` [ RunTime:0.0070s ]
SQL: SELECT `id`,`title`,`pid`,`name`,`icon` FROM `think_auth_rule` WHERE ( islink=1   ) ORDER BY o ASC  [ RunTime:0.0010s ]

[ 2016-09-27T10:58:34+08:00 ] ::1 /myapp/admin.php/Index/index.html
INFO: [ app_init ] --START--
INFO: Run Behavior\BuildLiteBehavior [ RunTime:0.000000s ]
INFO: [ app_init ] --END-- [ RunTime:0.000000s ]
INFO: [ app_begin ] --START--
INFO: Run Behavior\ReadHtmlCacheBehavior [ RunTime:0.001000s ]
INFO: [ app_begin ] --END-- [ RunTime:0.001000s ]
SQL: SHOW COLUMNS FROM `think_setting` [ RunTime:0.0070s ]
SQL: SELECT `k`,`v` FROM `think_setting`  [ RunTime:0.0010s ]
NOTIC: [8] Undefined variable: config C:\xampp\htdocs\myapp\Application\Common\Common\function.php 第 29 行.
NOTIC: [8] A session had already been started - ignoring session_start() C:\xampp\htdocs\myapp\Application\Admin\Controller\CommonController.class.php 第 123 行.
SQL: SHOW COLUMNS FROM `think_member` [ RunTime:0.0070s ]
SQL: SELECT * FROM `think_member` WHERE `id` = 1 LIMIT 1   [ RunTime:0.0000s ]
SQL: SHOW COLUMNS FROM `think_auth_group` [ RunTime:0.0070s ]
SQL: SELECT * FROM `think_auth_group` INNER JOIN think_auth_group_access on think_auth_group.id=think_auth_group_access.group_id  WHERE think_auth_group_access.uid = '1'  [ RunTime:0.0010s ]
SQL: SHOW COLUMNS FROM `think_member` [ RunTime:0.0070s ]
SQL: SELECT * FROM `think_member` WHERE `id` = 1 LIMIT 1   [ RunTime:0.0000s ]
SQL: SELECT s.id,s.title,s.name,s.tips,s.pid,p.pid as ppid,p.title as ptitle FROM think_auth_rule s left join think_auth_rule p on p.id=s.pid where s.name='Index/index' [ RunTime:0.0010s ]
SQL: SHOW COLUMNS FROM `think_auth_rule` [ RunTime:0.0070s ]
SQL: SELECT `id`,`title`,`pid`,`name`,`icon` FROM `think_auth_rule` WHERE ( islink=1   ) ORDER BY o ASC  [ RunTime:0.0010s ]

[ 2016-09-27T10:59:43+08:00 ] ::1 /myapp/admin.php/Index/index.html
INFO: [ app_init ] --START--
INFO: Run Behavior\BuildLiteBehavior [ RunTime:0.000000s ]
INFO: [ app_init ] --END-- [ RunTime:0.001000s ]
INFO: [ app_begin ] --START--
INFO: Run Behavior\ReadHtmlCacheBehavior [ RunTime:0.001000s ]
INFO: [ app_begin ] --END-- [ RunTime:0.001000s ]
SQL: SHOW COLUMNS FROM `think_setting` [ RunTime:0.0070s ]
SQL: SELECT `k`,`v` FROM `think_setting`  [ RunTime:0.0010s ]
NOTIC: [8] Undefined variable: config C:\xampp\htdocs\myapp\Application\Common\Common\function.php 第 29 行.
NOTIC: [8] A session had already been started - ignoring session_start() C:\xampp\htdocs\myapp\Application\Admin\Controller\CommonController.class.php 第 123 行.
SQL: SHOW COLUMNS FROM `think_member` [ RunTime:0.0070s ]
SQL: SELECT * FROM `think_member` WHERE `id` = 1 LIMIT 1   [ RunTime:0.0010s ]
SQL: SHOW COLUMNS FROM `think_auth_group` [ RunTime:0.0070s ]
SQL: SELECT * FROM `think_auth_group` INNER JOIN think_auth_group_access on think_auth_group.id=think_auth_group_access.group_id  WHERE think_auth_group_access.uid = '1'  [ RunTime:0.0000s ]
SQL: SHOW COLUMNS FROM `think_member` [ RunTime:0.0070s ]
SQL: SELECT * FROM `think_member` WHERE `id` = 1 LIMIT 1   [ RunTime:0.0010s ]
SQL: SELECT s.id,s.title,s.name,s.tips,s.pid,p.pid as ppid,p.title as ptitle FROM think_auth_rule s left join think_auth_rule p on p.id=s.pid where s.name='Index/index' [ RunTime:0.0000s ]
SQL: SHOW COLUMNS FROM `think_auth_rule` [ RunTime:0.0060s ]
SQL: SELECT `id`,`title`,`pid`,`name`,`icon` FROM `think_auth_rule` WHERE ( islink=1   ) ORDER BY o ASC  [ RunTime:0.0000s ]

[ 2016-09-27T11:12:32+08:00 ] ::1 /myapp/admin.php/Index/index.html
INFO: [ app_init ] --START--
INFO: Run Behavior\BuildLiteBehavior [ RunTime:0.000000s ]
INFO: [ app_init ] --END-- [ RunTime:0.001000s ]
INFO: [ app_begin ] --START--
INFO: Run Behavior\ReadHtmlCacheBehavior [ RunTime:0.001000s ]
INFO: [ app_begin ] --END-- [ RunTime:0.001000s ]
SQL: SHOW COLUMNS FROM `think_setting` [ RunTime:0.0080s ]
SQL: SELECT `k`,`v` FROM `think_setting`  [ RunTime:0.0000s ]
NOTIC: [8] Undefined variable: config C:\xampp\htdocs\myapp\Application\Common\Common\function.php 第 29 行.
NOTIC: [8] A session had already been started - ignoring session_start() C:\xampp\htdocs\myapp\Application\Admin\Controller\CommonController.class.php 第 123 行.
SQL: SHOW COLUMNS FROM `think_member` [ RunTime:0.0070s ]
SQL: SELECT * FROM `think_member` WHERE `id` = 1 LIMIT 1   [ RunTime:0.0000s ]
SQL: SHOW COLUMNS FROM `think_auth_group` [ RunTime:0.0080s ]
SQL: SELECT * FROM `think_auth_group` INNER JOIN think_auth_group_access on think_auth_group.id=think_auth_group_access.group_id  WHERE think_auth_group_access.uid = '1'  [ RunTime:0.0010s ]
SQL: SHOW COLUMNS FROM `think_member` [ RunTime:0.0080s ]
SQL: SELECT * FROM `think_member` WHERE `id` = 1 LIMIT 1   [ RunTime:0.0010s ]
SQL: SELECT s.id,s.title,s.name,s.tips,s.pid,p.pid as ppid,p.title as ptitle FROM think_auth_rule s left join think_auth_rule p on p.id=s.pid where s.name='Index/index' [ RunTime:0.0000s ]
SQL: SHOW COLUMNS FROM `think_auth_rule` [ RunTime:0.0070s ]
SQL: SELECT `id`,`title`,`pid`,`name`,`icon` FROM `think_auth_rule` WHERE ( islink=1   ) ORDER BY o ASC  [ RunTime:0.0010s ]

[ 2016-09-27T11:12:34+08:00 ] ::1 /myapp/admin.php/Index/index.html
INFO: [ app_init ] --START--
INFO: Run Behavior\BuildLiteBehavior [ RunTime:0.000000s ]
INFO: [ app_init ] --END-- [ RunTime:0.001000s ]
INFO: [ app_begin ] --START--
INFO: Run Behavior\ReadHtmlCacheBehavior [ RunTime:0.001000s ]
INFO: [ app_begin ] --END-- [ RunTime:0.001000s ]
SQL: SHOW COLUMNS FROM `think_setting` [ RunTime:0.0170s ]
SQL: SELECT `k`,`v` FROM `think_setting`  [ RunTime:0.0000s ]
NOTIC: [8] Undefined variable: config C:\xampp\htdocs\myapp\Application\Common\Common\function.php 第 29 行.
NOTIC: [8] A session had already been started - ignoring session_start() C:\xampp\htdocs\myapp\Application\Admin\Controller\CommonController.class.php 第 123 行.
SQL: SHOW COLUMNS FROM `think_member` [ RunTime:0.0100s ]
SQL: SELECT * FROM `think_member` WHERE `id` = 1 LIMIT 1   [ RunTime:0.0010s ]
SQL: SHOW COLUMNS FROM `think_auth_group` [ RunTime:0.0090s ]
SQL: SELECT * FROM `think_auth_group` INNER JOIN think_auth_group_access on think_auth_group.id=think_auth_group_access.group_id  WHERE think_auth_group_access.uid = '1'  [ RunTime:0.0010s ]
SQL: SHOW COLUMNS FROM `think_member` [ RunTime:0.0090s ]
SQL: SELECT * FROM `think_member` WHERE `id` = 1 LIMIT 1   [ RunTime:0.0010s ]
SQL: SELECT s.id,s.title,s.name,s.tips,s.pid,p.pid as ppid,p.title as ptitle FROM think_auth_rule s left join think_auth_rule p on p.id=s.pid where s.name='Index/index' [ RunTime:0.0010s ]
SQL: SHOW COLUMNS FROM `think_auth_rule` [ RunTime:0.0100s ]
SQL: SELECT `id`,`title`,`pid`,`name`,`icon` FROM `think_auth_rule` WHERE ( islink=1   ) ORDER BY o ASC  [ RunTime:0.0010s ]

[ 2016-09-27T11:12:43+08:00 ] ::1 /myapp/admin.php/Index/index.html
INFO: [ app_init ] --START--
INFO: Run Behavior\BuildLiteBehavior [ RunTime:0.000000s ]
INFO: [ app_init ] --END-- [ RunTime:0.000000s ]
INFO: [ app_begin ] --START--
INFO: Run Behavior\ReadHtmlCacheBehavior [ RunTime:0.001000s ]
INFO: [ app_begin ] --END-- [ RunTime:0.001000s ]
SQL: SHOW COLUMNS FROM `think_setting` [ RunTime:0.0070s ]
SQL: SELECT `k`,`v` FROM `think_setting`  [ RunTime:0.0000s ]
NOTIC: [8] Undefined variable: config C:\xampp\htdocs\myapp\Application\Common\Common\function.php 第 29 行.
NOTIC: [8] A session had already been started - ignoring session_start() C:\xampp\htdocs\myapp\Application\Admin\Controller\CommonController.class.php 第 123 行.
SQL: SHOW COLUMNS FROM `think_member` [ RunTime:0.0070s ]
SQL: SELECT * FROM `think_member` WHERE `id` = 1 LIMIT 1   [ RunTime:0.0010s ]
SQL: SHOW COLUMNS FROM `think_auth_group` [ RunTime:0.0070s ]
SQL: SELECT * FROM `think_auth_group` INNER JOIN think_auth_group_access on think_auth_group.id=think_auth_group_access.group_id  WHERE think_auth_group_access.uid = '1'  [ RunTime:0.0010s ]
SQL: SHOW COLUMNS FROM `think_member` [ RunTime:0.0070s ]
SQL: SELECT * FROM `think_member` WHERE `id` = 1 LIMIT 1   [ RunTime:0.0000s ]
SQL: SELECT s.id,s.title,s.name,s.tips,s.pid,p.pid as ppid,p.title as ptitle FROM think_auth_rule s left join think_auth_rule p on p.id=s.pid where s.name='Index/index' [ RunTime:0.0010s ]
SQL: SHOW COLUMNS FROM `think_auth_rule` [ RunTime:0.0070s ]
SQL: SELECT `id`,`title`,`pid`,`name`,`icon` FROM `think_auth_rule` WHERE ( islink=1   ) ORDER BY o ASC  [ RunTime:0.0010s ]

[ 2016-09-27T11:14:50+08:00 ] ::1 /myapp/admin.php/Index/index.html
INFO: [ app_init ] --START--
INFO: Run Behavior\BuildLiteBehavior [ RunTime:0.000000s ]
INFO: [ app_init ] --END-- [ RunTime:0.001000s ]
INFO: [ app_begin ] --START--
INFO: Run Behavior\ReadHtmlCacheBehavior [ RunTime:0.001000s ]
INFO: [ app_begin ] --END-- [ RunTime:0.001000s ]
SQL: SHOW COLUMNS FROM `think_setting` [ RunTime:0.0080s ]
SQL: SELECT `k`,`v` FROM `think_setting`  [ RunTime:0.0000s ]
NOTIC: [8] Undefined variable: config C:\xampp\htdocs\myapp\Application\Common\Common\function.php 第 29 行.
NOTIC: [8] A session had already been started - ignoring session_start() C:\xampp\htdocs\myapp\Application\Admin\Controller\CommonController.class.php 第 124 行.
SQL: SHOW COLUMNS FROM `think_member` [ RunTime:0.0080s ]
SQL: SELECT * FROM `think_member` WHERE `id` = 1 LIMIT 1   [ RunTime:0.0010s ]
SQL: SHOW COLUMNS FROM `think_auth_group` [ RunTime:0.0070s ]
SQL: SELECT * FROM `think_auth_group` INNER JOIN think_auth_group_access on think_auth_group.id=think_auth_group_access.group_id  WHERE think_auth_group_access.uid = '1'  [ RunTime:0.0000s ]
SQL: SHOW COLUMNS FROM `think_member` [ RunTime:0.0070s ]
SQL: SELECT * FROM `think_member` WHERE `id` = 1 LIMIT 1   [ RunTime:0.0000s ]
SQL: SELECT s.id,s.title,s.name,s.tips,s.pid,p.pid as ppid,p.title as ptitle FROM think_auth_rule s left join think_auth_rule p on p.id=s.pid where s.name='Index/index' [ RunTime:0.0000s ]
SQL: SHOW COLUMNS FROM `think_auth_rule` [ RunTime:0.0070s ]
SQL: SELECT `id`,`title`,`pid`,`name`,`icon` FROM `think_auth_rule` WHERE ( islink=1   ) ORDER BY o ASC  [ RunTime:0.0010s ]

[ 2016-09-27T11:15:38+08:00 ] ::1 /myapp/admin.php/Index/index.html
INFO: [ app_init ] --START--
INFO: Run Behavior\BuildLiteBehavior [ RunTime:0.000000s ]
INFO: [ app_init ] --END-- [ RunTime:0.000000s ]
INFO: [ app_begin ] --START--
INFO: Run Behavior\ReadHtmlCacheBehavior [ RunTime:0.001001s ]
INFO: [ app_begin ] --END-- [ RunTime:0.001001s ]
SQL: SHOW COLUMNS FROM `think_setting` [ RunTime:0.0100s ]
SQL: SELECT `k`,`v` FROM `think_setting`  [ RunTime:0.0010s ]
NOTIC: [8] Undefined variable: config C:\xampp\htdocs\myapp\Application\Common\Common\function.php 第 29 行.
NOTIC: [8] A session had already been started - ignoring session_start() C:\xampp\htdocs\myapp\Application\Admin\Controller\CommonController.class.php 第 124 行.
SQL: SHOW COLUMNS FROM `think_member` [ RunTime:0.0080s ]
SQL: SELECT * FROM `think_member` WHERE `id` = 1 LIMIT 1   [ RunTime:0.0000s ]
SQL: SHOW COLUMNS FROM `think_auth_group` [ RunTime:0.0070s ]
SQL: SELECT * FROM `think_auth_group` INNER JOIN think_auth_group_access on think_auth_group.id=think_auth_group_access.group_id  WHERE think_auth_group_access.uid = '1'  [ RunTime:0.0010s ]
SQL: SHOW COLUMNS FROM `think_member` [ RunTime:0.0070s ]
SQL: SELECT * FROM `think_member` WHERE `id` = 1 LIMIT 1   [ RunTime:0.0010s ]
SQL: SELECT s.id,s.title,s.name,s.tips,s.pid,p.pid as ppid,p.title as ptitle FROM think_auth_rule s left join think_auth_rule p on p.id=s.pid where s.name='Index/index' [ RunTime:0.0000s ]
SQL: SHOW COLUMNS FROM `think_auth_rule` [ RunTime:0.0070s ]
SQL: SELECT `id`,`title`,`pid`,`name`,`icon` FROM `think_auth_rule` WHERE ( islink=1   ) ORDER BY o ASC  [ RunTime:0.0010s ]

[ 2016-09-27T11:15:48+08:00 ] ::1 /myapp/admin.php/Index/index.html
INFO: [ app_init ] --START--
INFO: Run Behavior\BuildLiteBehavior [ RunTime:0.000000s ]
INFO: [ app_init ] --END-- [ RunTime:0.000000s ]
INFO: [ app_begin ] --START--
INFO: Run Behavior\ReadHtmlCacheBehavior [ RunTime:0.002000s ]
INFO: [ app_begin ] --END-- [ RunTime:0.002000s ]
SQL: SHOW COLUMNS FROM `think_setting` [ RunTime:0.0100s ]
SQL: SELECT `k`,`v` FROM `think_setting`  [ RunTime:0.0000s ]
NOTIC: [8] Undefined variable: config C:\xampp\htdocs\myapp\Application\Common\Common\function.php 第 29 行.
NOTIC: [8] A session had already been started - ignoring session_start() C:\xampp\htdocs\myapp\Application\Admin\Controller\CommonController.class.php 第 124 行.
SQL: SHOW COLUMNS FROM `think_member` [ RunTime:0.0080s ]
SQL: SELECT * FROM `think_member` WHERE `id` = 1 LIMIT 1   [ RunTime:0.0000s ]
SQL: SHOW COLUMNS FROM `think_auth_group` [ RunTime:0.0090s ]
SQL: SELECT * FROM `think_auth_group` INNER JOIN think_auth_group_access on think_auth_group.id=think_auth_group_access.group_id  WHERE think_auth_group_access.uid = '1'  [ RunTime:0.0010s ]
SQL: SHOW COLUMNS FROM `think_member` [ RunTime:0.0090s ]
SQL: SELECT * FROM `think_member` WHERE `id` = 1 LIMIT 1   [ RunTime:0.0010s ]
SQL: SELECT s.id,s.title,s.name,s.tips,s.pid,p.pid as ppid,p.title as ptitle FROM think_auth_rule s left join think_auth_rule p on p.id=s.pid where s.name='Index/index' [ RunTime:0.0010s ]
SQL: SHOW COLUMNS FROM `think_auth_rule` [ RunTime:0.0080s ]
SQL: SELECT `id`,`title`,`pid`,`name`,`icon` FROM `think_auth_rule` WHERE ( islink=1   ) ORDER BY o ASC  [ RunTime:0.0000s ]

[ 2016-09-27T11:16:48+08:00 ] ::1 /myapp/admin.php/Index/index.html
INFO: [ app_init ] --START--
INFO: Run Behavior\BuildLiteBehavior [ RunTime:0.000000s ]
INFO: [ app_init ] --END-- [ RunTime:0.001000s ]
INFO: [ app_begin ] --START--
INFO: Run Behavior\ReadHtmlCacheBehavior [ RunTime:0.001000s ]
INFO: [ app_begin ] --END-- [ RunTime:0.001000s ]
SQL: SHOW COLUMNS FROM `think_setting` [ RunTime:0.0080s ]
SQL: SELECT `k`,`v` FROM `think_setting`  [ RunTime:0.0000s ]
NOTIC: [8] Undefined variable: config C:\xampp\htdocs\myapp\Application\Common\Common\function.php 第 29 行.
NOTIC: [8] A session had already been started - ignoring session_start() C:\xampp\htdocs\myapp\Application\Admin\Controller\CommonController.class.php 第 125 行.
SQL: SHOW COLUMNS FROM `think_member` [ RunTime:0.0090s ]
SQL: SELECT * FROM `think_member` WHERE `id` = 1 LIMIT 1   [ RunTime:0.0010s ]
SQL: SHOW COLUMNS FROM `think_auth_group` [ RunTime:0.0070s ]
SQL: SELECT * FROM `think_auth_group` INNER JOIN think_auth_group_access on think_auth_group.id=think_auth_group_access.group_id  WHERE think_auth_group_access.uid = '1'  [ RunTime:0.0000s ]
SQL: SHOW COLUMNS FROM `think_member` [ RunTime:0.0070s ]
SQL: SELECT * FROM `think_member` WHERE `id` = 1 LIMIT 1   [ RunTime:0.0010s ]
SQL: SELECT s.id,s.title,s.name,s.tips,s.pid,p.pid as ppid,p.title as ptitle FROM think_auth_rule s left join think_auth_rule p on p.id=s.pid where s.name='Index/index' [ RunTime:0.0000s ]
SQL: SHOW COLUMNS FROM `think_auth_rule` [ RunTime:0.0080s ]
SQL: SELECT `id`,`title`,`pid`,`name`,`icon` FROM `think_auth_rule` WHERE ( islink=1   ) ORDER BY o ASC  [ RunTime:0.0010s ]

[ 2016-09-27T11:17:21+08:00 ] ::1 /myapp/admin.php/Index/index.html
INFO: [ app_init ] --START--
INFO: Run Behavior\BuildLiteBehavior [ RunTime:0.000000s ]
INFO: [ app_init ] --END-- [ RunTime:0.000000s ]
INFO: [ app_begin ] --START--
INFO: Run Behavior\ReadHtmlCacheBehavior [ RunTime:0.001000s ]
INFO: [ app_begin ] --END-- [ RunTime:0.001000s ]
SQL: SHOW COLUMNS FROM `think_setting` [ RunTime:0.0070s ]
SQL: SELECT `k`,`v` FROM `think_setting`  [ RunTime:0.0000s ]
NOTIC: [8] Undefined variable: config C:\xampp\htdocs\myapp\Application\Common\Common\function.php 第 29 行.
NOTIC: [8] A session had already been started - ignoring session_start() C:\xampp\htdocs\myapp\Application\Admin\Controller\CommonController.class.php 第 125 行.
SQL: SHOW COLUMNS FROM `think_member` [ RunTime:0.0070s ]
SQL: SELECT * FROM `think_member` WHERE `id` = 1 LIMIT 1   [ RunTime:0.0000s ]
SQL: SHOW COLUMNS FROM `think_auth_group` [ RunTime:0.0070s ]
SQL: SELECT * FROM `think_auth_group` INNER JOIN think_auth_group_access on think_auth_group.id=think_auth_group_access.group_id  WHERE think_auth_group_access.uid = '1'  [ RunTime:0.0010s ]
SQL: SHOW COLUMNS FROM `think_member` [ RunTime:0.0080s ]
SQL: SELECT * FROM `think_member` WHERE `id` = 1 LIMIT 1   [ RunTime:0.0010s ]
SQL: SELECT s.id,s.title,s.name,s.tips,s.pid,p.pid as ppid,p.title as ptitle FROM think_auth_rule s left join think_auth_rule p on p.id=s.pid where s.name='Index/index' [ RunTime:0.0000s ]
SQL: SHOW COLUMNS FROM `think_auth_rule` [ RunTime:0.0070s ]
SQL: SELECT `id`,`title`,`pid`,`name`,`icon` FROM `think_auth_rule` WHERE ( islink=1   ) ORDER BY o ASC  [ RunTime:0.0010s ]

[ 2016-09-27T11:19:45+08:00 ] ::1 /myapp/admin.php/Index/index.html
INFO: [ app_init ] --START--
INFO: Run Behavior\BuildLiteBehavior [ RunTime:0.000000s ]
INFO: [ app_init ] --END-- [ RunTime:0.000000s ]
INFO: [ app_begin ] --START--
INFO: Run Behavior\ReadHtmlCacheBehavior [ RunTime:0.001000s ]
INFO: [ app_begin ] --END-- [ RunTime:0.001000s ]
SQL: SHOW COLUMNS FROM `think_setting` [ RunTime:0.0070s ]
SQL: SELECT `k`,`v` FROM `think_setting`  [ RunTime:0.0000s ]
NOTIC: [8] Undefined variable: config C:\xampp\htdocs\myapp\Application\Common\Common\function.php 第 29 行.
NOTIC: [8] A session had already been started - ignoring session_start() C:\xampp\htdocs\myapp\Application\Admin\Controller\CommonController.class.php 第 126 行.
SQL: SHOW COLUMNS FROM `think_member` [ RunTime:0.0070s ]
SQL: SELECT * FROM `think_member` WHERE `id` = 1 LIMIT 1   [ RunTime:0.0000s ]
SQL: SHOW COLUMNS FROM `think_auth_group` [ RunTime:0.0070s ]
SQL: SELECT * FROM `think_auth_group` INNER JOIN think_auth_group_access on think_auth_group.id=think_auth_group_access.group_id  WHERE think_auth_group_access.uid = '1'  [ RunTime:0.0000s ]
SQL: SHOW COLUMNS FROM `think_member` [ RunTime:0.0080s ]
SQL: SELECT * FROM `think_member` WHERE `id` = 1 LIMIT 1   [ RunTime:0.0000s ]
SQL: SELECT s.id,s.title,s.name,s.tips,s.pid,p.pid as ppid,p.title as ptitle FROM think_auth_rule s left join think_auth_rule p on p.id=s.pid where s.name='Index/index' [ RunTime:0.0010s ]
SQL: SHOW COLUMNS FROM `think_auth_rule` [ RunTime:0.0070s ]
SQL: SELECT `id`,`title`,`pid`,`name`,`icon` FROM `think_auth_rule` WHERE ( islink=1   ) ORDER BY o ASC  [ RunTime:0.0010s ]

[ 2016-09-27T11:23:37+08:00 ] ::1 /myapp/admin.php/Index/index.html
INFO: [ app_init ] --START--
INFO: Run Behavior\BuildLiteBehavior [ RunTime:0.000000s ]
INFO: [ app_init ] --END-- [ RunTime:0.000000s ]
INFO: [ app_begin ] --START--
INFO: Run Behavior\ReadHtmlCacheBehavior [ RunTime:0.001000s ]
INFO: [ app_begin ] --END-- [ RunTime:0.001000s ]
SQL: SHOW COLUMNS FROM `think_setting` [ RunTime:0.0070s ]
SQL: SELECT `k`,`v` FROM `think_setting`  [ RunTime:0.0000s ]
NOTIC: [8] Undefined variable: config C:\xampp\htdocs\myapp\Application\Common\Common\function.php 第 29 行.
NOTIC: [8] A session had already been started - ignoring session_start() C:\xampp\htdocs\myapp\Application\Admin\Controller\CommonController.class.php 第 123 行.
SQL: SHOW COLUMNS FROM `think_member` [ RunTime:0.0070s ]
SQL: SELECT * FROM `think_member` WHERE `id` = 1 LIMIT 1   [ RunTime:0.0000s ]
SQL: SHOW COLUMNS FROM `think_auth_group` [ RunTime:0.0070s ]
SQL: SELECT * FROM `think_auth_group` INNER JOIN think_auth_group_access on think_auth_group.id=think_auth_group_access.group_id  WHERE think_auth_group_access.uid = '1'  [ RunTime:0.0010s ]
SQL: SHOW COLUMNS FROM `think_member` [ RunTime:0.0070s ]
SQL: SELECT * FROM `think_member` WHERE `id` = 1 LIMIT 1   [ RunTime:0.0010s ]
SQL: SELECT s.id,s.title,s.name,s.tips,s.pid,p.pid as ppid,p.title as ptitle FROM think_auth_rule s left join think_auth_rule p on p.id=s.pid where s.name='Index/index' [ RunTime:0.0000s ]
SQL: SHOW COLUMNS FROM `think_auth_rule` [ RunTime:0.0070s ]
SQL: SELECT `id`,`title`,`pid`,`name`,`icon` FROM `think_auth_rule` WHERE ( islink=1   ) ORDER BY o ASC  [ RunTime:0.0010s ]

[ 2016-09-27T11:23:49+08:00 ] ::1 /myapp/admin.php/Login/code.html?0.8774476523746295
INFO: [ app_init ] --START--
INFO: Run Behavior\BuildLiteBehavior [ RunTime:0.000000s ]
INFO: [ app_init ] --END-- [ RunTime:0.000000s ]
INFO: [ app_begin ] --START--
INFO: Run Behavior\ReadHtmlCacheBehavior [ RunTime:0.001000s ]
INFO: [ app_begin ] --END-- [ RunTime:0.001000s ]
SQL: SHOW COLUMNS FROM `think_setting` [ RunTime:0.0070s ]
SQL: SELECT `k`,`v` FROM `think_setting`  [ RunTime:0.0000s ]
NOTIC: [8] Undefined variable: config C:\xampp\htdocs\myapp\Application\Common\Common\function.php 第 29 行.
INFO: [ app_end ] --START--
INFO: Run Behavior\ShowPageTraceBehavior [ RunTime:0.018001s ]
INFO: [ app_end ] --END-- [ RunTime:0.019001s ]

[ 2016-09-27T11:23:57+08:00 ] ::1 /myapp/admin.php/Login/dologin.html
INFO: [ app_init ] --START--
INFO: Run Behavior\BuildLiteBehavior [ RunTime:0.000000s ]
INFO: [ app_init ] --END-- [ RunTime:0.001000s ]
INFO: [ app_begin ] --START--
INFO: Run Behavior\ReadHtmlCacheBehavior [ RunTime:0.001000s ]
INFO: [ app_begin ] --END-- [ RunTime:0.001000s ]
SQL: SHOW COLUMNS FROM `think_setting` [ RunTime:0.0140s ]
SQL: SELECT `k`,`v` FROM `think_setting`  [ RunTime:0.0010s ]
NOTIC: [8] Undefined variable: config C:\xampp\htdocs\myapp\Application\Common\Common\function.php 第 29 行.
SQL: SHOW COLUMNS FROM `think_member` [ RunTime:0.0380s ]
SQL: SELECT `id`,`username` FROM `think_member` WHERE `username` = 'administrator' AND `password` = '87d6011ac290001e3037197c5bede68b' LIMIT 1   [ RunTime:0.0000s ]
NOTIC: [8] A session had already been started - ignoring session_start() C:\xampp\htdocs\myapp\Application\Admin\Controller\LoginController.class.php 第 94 行.
SQL: SHOW COLUMNS FROM `think_log` [ RunTime:0.0070s ]
NOTIC: [8] A session had already been started - ignoring session_start() C:\xampp\htdocs\myapp\Application\Admin\Common\function.php 第 14 行.
SQL: SELECT `username` FROM `think_member` WHERE `id` = 1 LIMIT 1   [ RunTime:0.0000s ]
SQL: INSERT INTO `think_log` (`username`,`time`,`ip`,`log`) VALUES ('administrator','1474946637','0','登陆成功') [ RunTime:0.0010s ]

[ 2016-09-27T11:23:57+08:00 ] ::1 /myapp/admin.php/Index/index.html
INFO: [ app_init ] --START--
INFO: Run Behavior\BuildLiteBehavior [ RunTime:0.000000s ]
INFO: [ app_init ] --END-- [ RunTime:0.001000s ]
INFO: [ app_begin ] --START--
INFO: Run Behavior\ReadHtmlCacheBehavior [ RunTime:0.001001s ]
INFO: [ app_begin ] --END-- [ RunTime:0.001001s ]
SQL: SHOW COLUMNS FROM `think_setting` [ RunTime:0.0070s ]
SQL: SELECT `k`,`v` FROM `think_setting`  [ RunTime:0.0000s ]
NOTIC: [8] Undefined variable: config C:\xampp\htdocs\myapp\Application\Common\Common\function.php 第 29 行.
NOTIC: [8] A session had already been started - ignoring session_start() C:\xampp\htdocs\myapp\Application\Admin\Controller\CommonController.class.php 第 123 行.
SQL: SHOW COLUMNS FROM `think_member` [ RunTime:0.0070s ]
SQL: SELECT * FROM `think_member` WHERE `id` = 1 LIMIT 1   [ RunTime:0.0010s ]
SQL: SHOW COLUMNS FROM `think_auth_group` [ RunTime:0.0070s ]
SQL: SELECT * FROM `think_auth_group` INNER JOIN think_auth_group_access on think_auth_group.id=think_auth_group_access.group_id  WHERE think_auth_group_access.uid = '1'  [ RunTime:0.0010s ]
SQL: SHOW COLUMNS FROM `think_member` [ RunTime:0.0060s ]
SQL: SELECT * FROM `think_member` WHERE `id` = 1 LIMIT 1   [ RunTime:0.0000s ]
SQL: SELECT s.id,s.title,s.name,s.tips,s.pid,p.pid as ppid,p.title as ptitle FROM think_auth_rule s left join think_auth_rule p on p.id=s.pid where s.name='Index/index' [ RunTime:0.0010s ]
SQL: SHOW COLUMNS FROM `think_auth_rule` [ RunTime:0.0070s ]
SQL: SELECT `id`,`title`,`pid`,`name`,`icon` FROM `think_auth_rule` WHERE ( islink=1   ) ORDER BY o ASC  [ RunTime:0.0010s ]

[ 2016-09-27T11:24:40+08:00 ] ::1 /myapp/admin.php/Index/index.html
INFO: [ app_init ] --START--
INFO: Run Behavior\BuildLiteBehavior [ RunTime:0.000000s ]
INFO: [ app_init ] --END-- [ RunTime:0.001000s ]
INFO: [ app_begin ] --START--
INFO: Run Behavior\ReadHtmlCacheBehavior [ RunTime:0.000000s ]
INFO: [ app_begin ] --END-- [ RunTime:0.000000s ]
SQL: SHOW COLUMNS FROM `think_setting` [ RunTime:0.0070s ]
SQL: SELECT `k`,`v` FROM `think_setting`  [ RunTime:0.0000s ]
NOTIC: [8] Undefined variable: config C:\xampp\htdocs\myapp\Application\Common\Common\function.php 第 29 行.
NOTIC: [8] A session had already been started - ignoring session_start() C:\xampp\htdocs\myapp\Application\Admin\Controller\CommonController.class.php 第 123 行.
SQL: SHOW COLUMNS FROM `think_member` [ RunTime:0.0070s ]
SQL: SELECT * FROM `think_member` WHERE `id` = 1 LIMIT 1   [ RunTime:0.0000s ]
SQL: SHOW COLUMNS FROM `think_auth_group` [ RunTime:0.0070s ]
SQL: SELECT * FROM `think_auth_group` INNER JOIN think_auth_group_access on think_auth_group.id=think_auth_group_access.group_id  WHERE think_auth_group_access.uid = '1'  [ RunTime:0.0010s ]
SQL: SHOW COLUMNS FROM `think_member` [ RunTime:0.0080s ]
SQL: SELECT * FROM `think_member` WHERE `id` = 1 LIMIT 1   [ RunTime:0.0010s ]
SQL: SELECT s.id,s.title,s.name,s.tips,s.pid,p.pid as ppid,p.title as ptitle FROM think_auth_rule s left join think_auth_rule p on p.id=s.pid where s.name='Index/index' [ RunTime:0.0000s ]
SQL: SHOW COLUMNS FROM `think_auth_rule` [ RunTime:0.0070s ]
SQL: SELECT `id`,`title`,`pid`,`name`,`icon` FROM `think_auth_rule` WHERE ( islink=1   ) ORDER BY o ASC  [ RunTime:0.0010s ]

[ 2016-09-27T11:26:45+08:00 ] ::1 /myapp/admin.php/Index/index.html
INFO: [ app_init ] --START--
INFO: Run Behavior\BuildLiteBehavior [ RunTime:0.000000s ]
INFO: [ app_init ] --END-- [ RunTime:0.000000s ]
INFO: [ app_begin ] --START--
INFO: Run Behavior\ReadHtmlCacheBehavior [ RunTime:0.000000s ]
INFO: [ app_begin ] --END-- [ RunTime:0.000000s ]
SQL: SHOW COLUMNS FROM `think_setting` [ RunTime:0.0090s ]
SQL: SELECT `k`,`v` FROM `think_setting`  [ RunTime:0.0000s ]
NOTIC: [8] Undefined variable: config C:\xampp\htdocs\myapp\Application\Common\Common\function.php 第 29 行.
NOTIC: [8] A session had already been started - ignoring session_start() C:\xampp\htdocs\myapp\Application\Admin\Controller\CommonController.class.php 第 123 行.
SQL: SHOW COLUMNS FROM `think_member` [ RunTime:0.0070s ]
SQL: SELECT * FROM `think_member` WHERE `id` = 1 LIMIT 1   [ RunTime:0.0000s ]
SQL: SHOW COLUMNS FROM `think_auth_group` [ RunTime:0.0070s ]
SQL: SELECT * FROM `think_auth_group` INNER JOIN think_auth_group_access on think_auth_group.id=think_auth_group_access.group_id  WHERE think_auth_group_access.uid = '1'  [ RunTime:0.0000s ]
SQL: SHOW COLUMNS FROM `think_member` [ RunTime:0.0080s ]
SQL: SELECT * FROM `think_member` WHERE `id` = 1 LIMIT 1   [ RunTime:0.0010s ]
SQL: SELECT s.id,s.title,s.name,s.tips,s.pid,p.pid as ppid,p.title as ptitle FROM think_auth_rule s left join think_auth_rule p on p.id=s.pid where s.name='Index/index' [ RunTime:0.0000s ]
SQL: SHOW COLUMNS FROM `think_auth_rule` [ RunTime:0.0070s ]
SQL: SELECT `id`,`title`,`pid`,`name`,`icon` FROM `think_auth_rule` WHERE ( islink=1   ) ORDER BY o ASC  [ RunTime:0.0010s ]

[ 2016-09-27T11:30:46+08:00 ] ::1 /myapp/admin.php/Index/index.html
INFO: [ app_init ] --START--
INFO: Run Behavior\BuildLiteBehavior [ RunTime:0.000000s ]
INFO: [ app_init ] --END-- [ RunTime:0.000000s ]
INFO: [ app_begin ] --START--
INFO: Run Behavior\ReadHtmlCacheBehavior [ RunTime:0.000000s ]
INFO: [ app_begin ] --END-- [ RunTime:0.000000s ]
SQL: SHOW COLUMNS FROM `think_setting` [ RunTime:0.0070s ]
SQL: SELECT `k`,`v` FROM `think_setting`  [ RunTime:0.0000s ]
NOTIC: [8] Undefined variable: config C:\xampp\htdocs\myapp\Application\Common\Common\function.php 第 29 行.
NOTIC: [8] A session had already been started - ignoring session_start() C:\xampp\htdocs\myapp\Application\Admin\Controller\CommonController.class.php 第 124 行.
SQL: SHOW COLUMNS FROM `think_member` [ RunTime:0.0070s ]
SQL: SELECT * FROM `think_member` WHERE `id` = 1 LIMIT 1   [ RunTime:0.0000s ]
SQL: SHOW COLUMNS FROM `think_auth_group` [ RunTime:0.0070s ]
SQL: SELECT * FROM `think_auth_group` INNER JOIN think_auth_group_access on think_auth_group.id=think_auth_group_access.group_id  WHERE think_auth_group_access.uid = '1'  [ RunTime:0.0000s ]
SQL: SHOW COLUMNS FROM `think_member` [ RunTime:0.0080s ]
SQL: SELECT * FROM `think_member` WHERE `id` = 1 LIMIT 1   [ RunTime:0.0010s ]
SQL: SELECT s.id,s.title,s.name,s.tips,s.pid,p.pid as ppid,p.title as ptitle FROM think_auth_rule s left join think_auth_rule p on p.id=s.pid where s.name='Index/index' [ RunTime:0.0000s ]
SQL: SHOW COLUMNS FROM `think_auth_rule` [ RunTime:0.0090s ]
SQL: SELECT `id`,`title`,`pid`,`name`,`icon` FROM `think_auth_rule` WHERE ( islink=1   ) ORDER BY o ASC  [ RunTime:0.0010s ]

[ 2016-09-27T11:33:46+08:00 ] ::1 /myapp/admin.php/Index/index.html
INFO: [ app_init ] --START--
INFO: Run Behavior\BuildLiteBehavior [ RunTime:0.000000s ]
INFO: [ app_init ] --END-- [ RunTime:0.000000s ]
INFO: [ app_begin ] --START--
INFO: Run Behavior\ReadHtmlCacheBehavior [ RunTime:0.000000s ]
INFO: [ app_begin ] --END-- [ RunTime:0.001000s ]
SQL: SHOW COLUMNS FROM `think_setting` [ RunTime:0.0080s ]
SQL: SELECT `k`,`v` FROM `think_setting`  [ RunTime:0.0000s ]
NOTIC: [8] Undefined variable: config C:\xampp\htdocs\myapp\Application\Common\Common\function.php 第 29 行.
NOTIC: [8] A session had already been started - ignoring session_start() C:\xampp\htdocs\myapp\Application\Admin\Controller\CommonController.class.php 第 122 行.
SQL: SHOW COLUMNS FROM `think_member` [ RunTime:0.0080s ]
SQL: SELECT * FROM `think_member` WHERE `id` = 1 LIMIT 1   [ RunTime:0.0010s ]
SQL: SHOW COLUMNS FROM `think_auth_group` [ RunTime:0.0060s ]
SQL: SELECT * FROM `think_auth_group` INNER JOIN think_auth_group_access on think_auth_group.id=think_auth_group_access.group_id  WHERE think_auth_group_access.uid = '1'  [ RunTime:0.0000s ]
SQL: SHOW COLUMNS FROM `think_member` [ RunTime:0.0070s ]
SQL: SELECT * FROM `think_member` WHERE `id` = 1 LIMIT 1   [ RunTime:0.0000s ]
SQL: SELECT s.id,s.title,s.name,s.tips,s.pid,p.pid as ppid,p.title as ptitle FROM think_auth_rule s left join think_auth_rule p on p.id=s.pid where s.name='Index/index' [ RunTime:0.0000s ]
SQL: SHOW COLUMNS FROM `think_auth_rule` [ RunTime:0.0080s ]
SQL: SELECT `id`,`title`,`pid`,`name`,`icon` FROM `think_auth_rule` WHERE ( islink=1   ) ORDER BY o ASC  [ RunTime:0.0010s ]
SQL: SHOW COLUMNS FROM `think_log` [ RunTime:0.0070s ]
SQL: DELETE FROM `think_log` WHERE ( time < 1469763226 ) [ RunTime:0.0010s ]
SQL: SELECT COUNT(*) AS tp_count FROM `think_log` LIMIT 1   [ RunTime:0.0460s ]
SQL: SELECT * FROM `think_log` ORDER BY id desc LIMIT 0,25   [ RunTime:0.0010s ]
INFO: [ view_parse ] --START--
INFO: [ template_filter ] --START--
INFO: Run Behavior\ContentReplaceBehavior [ RunTime:0.000000s ]
INFO: [ template_filter ] --END-- [ RunTime:0.000000s ]
SQL: select version() as v; [ RunTime:0.0180s ]
INFO: Run Behavior\ParseTemplateBehavior [ RunTime:0.187011s ]
INFO: [ view_parse ] --END-- [ RunTime:0.188011s ]
INFO: [ view_filter ] --START--
INFO: Run Behavior\WriteHtmlCacheBehavior [ RunTime:0.017001s ]
INFO: [ view_filter ] --END-- [ RunTime:0.018001s ]
INFO: [ app_end ] --START--
INFO: Run Behavior\ShowPageTraceBehavior [ RunTime:0.001000s ]
INFO: [ app_end ] --END-- [ RunTime:0.001000s ]

[ 2016-09-27T11:34:29+08:00 ] ::1 /myapp/admin.php/Index/index.html
INFO: [ app_init ] --START--
INFO: Run Behavior\BuildLiteBehavior [ RunTime:0.000000s ]
INFO: [ app_init ] --END-- [ RunTime:0.001000s ]
INFO: [ app_begin ] --START--
INFO: Run Behavior\ReadHtmlCacheBehavior [ RunTime:0.000000s ]
INFO: [ app_begin ] --END-- [ RunTime:0.000000s ]
SQL: SHOW COLUMNS FROM `think_setting` [ RunTime:0.0260s ]
SQL: SELECT `k`,`v` FROM `think_setting`  [ RunTime:0.0010s ]
NOTIC: [8] Undefined variable: config C:\xampp\htdocs\myapp\Application\Common\Common\function.php 第 29 行.
NOTIC: [8] A session had already been started - ignoring session_start() C:\xampp\htdocs\myapp\Application\Admin\Controller\CommonController.class.php 第 122 行.
SQL: SHOW COLUMNS FROM `think_member` [ RunTime:0.0120s ]
SQL: SELECT * FROM `think_member` WHERE `id` = 1 LIMIT 1   [ RunTime:0.0010s ]
SQL: SHOW COLUMNS FROM `think_auth_group` [ RunTime:0.0130s ]
SQL: SELECT * FROM `think_auth_group` INNER JOIN think_auth_group_access on think_auth_group.id=think_auth_group_access.group_id  WHERE think_auth_group_access.uid = '1'  [ RunTime:0.0010s ]
SQL: SHOW COLUMNS FROM `think_member` [ RunTime:0.0190s ]
SQL: SELECT * FROM `think_member` WHERE `id` = 1 LIMIT 1   [ RunTime:0.0010s ]
SQL: SELECT s.id,s.title,s.name,s.tips,s.pid,p.pid as ppid,p.title as ptitle FROM think_auth_rule s left join think_auth_rule p on p.id=s.pid where s.name='Index/index' [ RunTime:0.0000s ]
SQL: SHOW COLUMNS FROM `think_auth_rule` [ RunTime:0.0070s ]
SQL: SELECT `id`,`title`,`pid`,`name`,`icon` FROM `think_auth_rule` WHERE ( islink=1   ) ORDER BY o ASC  [ RunTime:0.0000s ]

