[ 2016-09-23T16:10:00+08:00 ] ::1 /myapp/admin.php
INFO: [ app_init ] --START--
INFO: Run Behavior\BuildLiteBehavior [ RunTime:0.000024s ]
INFO: [ app_init ] --END-- [ RunTime:0.000728s ]
INFO: [ app_begin ] --START--
INFO: Run Behavior\ReadHtmlCacheBehavior [ RunTime:0.001316s ]
INFO: [ app_begin ] --END-- [ RunTime:0.001410s ]
SQL: SHOW COLUMNS FROM `think_setting` [ RunTime:0.0081s ]
SQL: SELECT `k`,`v` FROM `think_setting`  [ RunTime:0.0003s ]
NOTIC: [8] Undefined variable: config C:\xampp\htdocs\myapp\Application\Common\Common\function.php 第 29 行.
NOTIC: [8] A session had already been started - ignoring session_start() C:\xampp\htdocs\myapp\Application\Admin\Controller\CommonController.class.php 第 119 行.
SQL: SHOW COLUMNS FROM `think_member` [ RunTime:0.0065s ]
SQL: SELECT * FROM `think_member` WHERE `id` = 1 LIMIT 1   [ RunTime:0.0007s ]

[ 2016-09-23T16:10:00+08:00 ] ::1 /myapp/admin.php/Login/index.html
INFO: [ app_init ] --START--
INFO: Run Behavior\BuildLiteBehavior [ RunTime:0.000017s ]
INFO: [ app_init ] --END-- [ RunTime:0.000526s ]
INFO: [ app_begin ] --START--
INFO: Run Behavior\ReadHtmlCacheBehavior [ RunTime:0.000987s ]
INFO: [ app_begin ] --END-- [ RunTime:0.001123s ]
SQL: SHOW COLUMNS FROM `think_setting` [ RunTime:0.0049s ]
SQL: SELECT `k`,`v` FROM `think_setting`  [ RunTime:0.0003s ]
NOTIC: [8] Undefined variable: config C:\xampp\htdocs\myapp\Application\Common\Common\function.php 第 29 行.
NOTIC: [8] A session had already been started - ignoring session_start() C:\xampp\htdocs\myapp\Application\Admin\Controller\CommonController.class.php 第 119 行.
SQL: SHOW COLUMNS FROM `think_member` [ RunTime:0.0039s ]
SQL: SELECT * FROM `think_member` WHERE `id` = 1 LIMIT 1   [ RunTime:0.0004s ]
INFO: [ view_parse ] --START--
INFO: [ template_filter ] --START--
INFO: Run Behavior\ContentReplaceBehavior [ RunTime:0.000112s ]
INFO: [ template_filter ] --END-- [ RunTime:0.000229s ]
INFO: Run Behavior\ParseTemplateBehavior [ RunTime:0.009983s ]
INFO: [ view_parse ] --END-- [ RunTime:0.010051s ]
INFO: [ view_filter ] --START--
INFO: Run Behavior\WriteHtmlCacheBehavior [ RunTime:0.001005s ]
INFO: [ view_filter ] --END-- [ RunTime:0.001052s ]
INFO: [ app_end ] --START--
INFO: Run Behavior\ShowPageTraceBehavior [ RunTime:0.000906s ]
INFO: [ app_end ] --END-- [ RunTime:0.000956s ]

[ 2016-09-23T16:10:00+08:00 ] ::1 /myapp/admin.php/Login/code.html
INFO: [ app_init ] --START--
INFO: Run Behavior\BuildLiteBehavior [ RunTime:0.000030s ]
INFO: [ app_init ] --END-- [ RunTime:0.001100s ]
INFO: [ app_begin ] --START--
INFO: Run Behavior\ReadHtmlCacheBehavior [ RunTime:0.001604s ]
INFO: [ app_begin ] --END-- [ RunTime:0.001717s ]
SQL: SHOW COLUMNS FROM `think_setting` [ RunTime:0.0038s ]
SQL: SELECT `k`,`v` FROM `think_setting`  [ RunTime:0.0003s ]
NOTIC: [8] Undefined variable: config C:\xampp\htdocs\myapp\Application\Common\Common\function.php 第 29 行.
INFO: [ app_end ] --START--
INFO: Run Behavior\ShowPageTraceBehavior [ RunTime:0.001455s ]
INFO: [ app_end ] --END-- [ RunTime:0.001565s ]

[ 2016-09-23T16:10:11+08:00 ] ::1 /myapp/admin.php/Login/dologin.html
INFO: [ app_init ] --START--
INFO: Run Behavior\BuildLiteBehavior [ RunTime:0.000017s ]
INFO: [ app_init ] --END-- [ RunTime:0.000647s ]
INFO: [ app_begin ] --START--
INFO: Run Behavior\ReadHtmlCacheBehavior [ RunTime:0.001625s ]
INFO: [ app_begin ] --END-- [ RunTime:0.001749s ]
SQL: SHOW COLUMNS FROM `think_setting` [ RunTime:0.0043s ]
SQL: SELECT `k`,`v` FROM `think_setting`  [ RunTime:0.0004s ]
NOTIC: [8] Undefined variable: config C:\xampp\htdocs\myapp\Application\Common\Common\function.php 第 29 行.
SQL: SHOW COLUMNS FROM `think_member` [ RunTime:0.0051s ]
SQL: SELECT `id`,`username` FROM `think_member` WHERE `username` = 'administrator' AND `password` = '87d6011ac290001e3037197c5bede68b' LIMIT 1   [ RunTime:0.0005s ]
NOTIC: [8] A session had already been started - ignoring session_start() C:\xampp\htdocs\myapp\Application\Admin\Controller\LoginController.class.php 第 94 行.
SQL: SHOW COLUMNS FROM `think_log` [ RunTime:0.0106s ]
NOTIC: [8] A session had already been started - ignoring session_start() C:\xampp\htdocs\myapp\Application\Admin\Common\function.php 第 14 行.
SQL: SELECT `username` FROM `think_member` WHERE `id` = 1 LIMIT 1   [ RunTime:0.0004s ]
SQL: INSERT INTO `think_log` (`username`,`time`,`ip`,`log`) VALUES ('administrator','1474618211','0','登陆成功') [ RunTime:0.0005s ]

[ 2016-09-23T16:10:12+08:00 ] ::1 /myapp/admin.php/Index/index.html
INFO: [ app_init ] --START--
INFO: Run Behavior\BuildLiteBehavior [ RunTime:0.000018s ]
INFO: [ app_init ] --END-- [ RunTime:0.000598s ]
INFO: [ app_begin ] --START--
INFO: Run Behavior\ReadHtmlCacheBehavior [ RunTime:0.000960s ]
INFO: [ app_begin ] --END-- [ RunTime:0.001025s ]
SQL: SHOW COLUMNS FROM `think_setting` [ RunTime:0.0046s ]
SQL: SELECT `k`,`v` FROM `think_setting`  [ RunTime:0.0003s ]
NOTIC: [8] Undefined variable: config C:\xampp\htdocs\myapp\Application\Common\Common\function.php 第 29 行.
NOTIC: [8] A session had already been started - ignoring session_start() C:\xampp\htdocs\myapp\Application\Admin\Controller\CommonController.class.php 第 119 行.
SQL: SHOW COLUMNS FROM `think_member` [ RunTime:0.0039s ]
SQL: SELECT * FROM `think_member` WHERE `id` = 1 LIMIT 1   [ RunTime:0.0005s ]
SQL: SELECT * FROM think_auth_group g left join think_auth_group_access a on g.id=a.group_id where a.uid=1 [ RunTime:0.0038s ]
SQL: SHOW COLUMNS FROM `think_member` [ RunTime:0.0041s ]
SQL: SELECT * FROM `think_member` WHERE `id` = 1 LIMIT 1   [ RunTime:0.0007s ]
SQL: SELECT s.id,s.title,s.name,s.tips,s.pid,p.pid as ppid,p.title as ptitle FROM think_auth_rule s left join think_auth_rule p on p.id=s.pid where s.name='Index/index' [ RunTime:0.0031s ]
SQL: SHOW COLUMNS FROM `think_auth_rule` [ RunTime:0.0038s ]
SQL: SELECT `id`,`title`,`pid`,`name`,`icon` FROM `think_auth_rule` WHERE ( islink=1   ) ORDER BY o ASC  [ RunTime:0.0009s ]
SQL: SHOW COLUMNS FROM `think_log` [ RunTime:0.0045s ]
SQL: DELETE FROM `think_log` WHERE ( time < 1469434212 ) [ RunTime:0.0004s ]
SQL: SELECT COUNT(*) AS tp_count FROM `think_log` LIMIT 1   [ RunTime:0.0002s ]
SQL: SELECT * FROM `think_log` ORDER BY id desc LIMIT 0,25   [ RunTime:0.0007s ]
INFO: [ view_parse ] --START--
INFO: [ template_filter ] --START--
INFO: Run Behavior\ContentReplaceBehavior [ RunTime:0.000116s ]
INFO: [ template_filter ] --END-- [ RunTime:0.000175s ]
SQL: select version() as v; [ RunTime:0.0003s ]
INFO: Run Behavior\ParseTemplateBehavior [ RunTime:0.022161s ]
INFO: [ view_parse ] --END-- [ RunTime:0.022214s ]
INFO: [ view_filter ] --START--
INFO: Run Behavior\WriteHtmlCacheBehavior [ RunTime:0.000808s ]
INFO: [ view_filter ] --END-- [ RunTime:0.000851s ]
INFO: [ app_end ] --START--
INFO: Run Behavior\ShowPageTraceBehavior [ RunTime:0.001108s ]
INFO: [ app_end ] --END-- [ RunTime:0.001190s ]

[ 2016-09-23T16:10:17+08:00 ] ::1 /myapp/admin.php/Menu/add.html
INFO: [ app_init ] --START--
INFO: Run Behavior\BuildLiteBehavior [ RunTime:0.000018s ]
INFO: [ app_init ] --END-- [ RunTime:0.000608s ]
INFO: [ app_begin ] --START--
INFO: Run Behavior\ReadHtmlCacheBehavior [ RunTime:0.001054s ]
INFO: [ app_begin ] --END-- [ RunTime:0.001122s ]
SQL: SHOW COLUMNS FROM `think_setting` [ RunTime:0.0037s ]
SQL: SELECT `k`,`v` FROM `think_setting`  [ RunTime:0.0003s ]
NOTIC: [8] Undefined variable: config C:\xampp\htdocs\myapp\Application\Common\Common\function.php 第 29 行.
NOTIC: [8] A session had already been started - ignoring session_start() C:\xampp\htdocs\myapp\Application\Admin\Controller\CommonController.class.php 第 119 行.
SQL: SHOW COLUMNS FROM `think_member` [ RunTime:0.0045s ]
SQL: SELECT * FROM `think_member` WHERE `id` = 1 LIMIT 1   [ RunTime:0.0005s ]
SQL: SELECT * FROM think_auth_group g left join think_auth_group_access a on g.id=a.group_id where a.uid=1 [ RunTime:0.0004s ]
SQL: SHOW COLUMNS FROM `think_member` [ RunTime:0.0038s ]
SQL: SELECT * FROM `think_member` WHERE `id` = 1 LIMIT 1   [ RunTime:0.0004s ]
SQL: SELECT s.id,s.title,s.name,s.tips,s.pid,p.pid as ppid,p.title as ptitle FROM think_auth_rule s left join think_auth_rule p on p.id=s.pid where s.name='Menu/add' [ RunTime:0.0004s ]
SQL: SHOW COLUMNS FROM `think_auth_rule` [ RunTime:0.0038s ]
SQL: SELECT `id`,`title`,`pid`,`name`,`icon` FROM `think_auth_rule` WHERE ( islink=1   ) ORDER BY o ASC  [ RunTime:0.0009s ]
SQL: SELECT * FROM `think_auth_rule` ORDER BY o ASC  [ RunTime:0.0013s ]
INFO: [ view_parse ] --START--
INFO: [ template_filter ] --START--
INFO: Run Behavior\ContentReplaceBehavior [ RunTime:0.000136s ]
INFO: [ template_filter ] --END-- [ RunTime:0.000192s ]
NOTIC: [8] Undefined variable: currentmenu C:\xampp\htdocs\myapp\Application\Runtime\Cache\Admin\156394b56931e8e3952d26e16cfd3f35.php 第 140 行.
NOTIC: [8] Undefined variable: currentmenu C:\xampp\htdocs\myapp\Application\Runtime\Cache\Admin\156394b56931e8e3952d26e16cfd3f35.php 第 144 行.
NOTIC: [8] Undefined variable: currentmenu C:\xampp\htdocs\myapp\Application\Runtime\Cache\Admin\156394b56931e8e3952d26e16cfd3f35.php 第 147 行.
NOTIC: [8] Undefined variable: currentmenu C:\xampp\htdocs\myapp\Application\Runtime\Cache\Admin\156394b56931e8e3952d26e16cfd3f35.php 第 150 行.
NOTIC: [8] Undefined variable: currentmenu C:\xampp\htdocs\myapp\Application\Runtime\Cache\Admin\156394b56931e8e3952d26e16cfd3f35.php 第 150 行.
NOTIC: [8] Undefined variable: currentmenu C:\xampp\htdocs\myapp\Application\Runtime\Cache\Admin\156394b56931e8e3952d26e16cfd3f35.php 第 147 行.
NOTIC: [8] Undefined variable: currentmenu C:\xampp\htdocs\myapp\Application\Runtime\Cache\Admin\156394b56931e8e3952d26e16cfd3f35.php 第 150 行.
NOTIC: [8] Undefined variable: currentmenu C:\xampp\htdocs\myapp\Application\Runtime\Cache\Admin\156394b56931e8e3952d26e16cfd3f35.php 第 150 行.
NOTIC: [8] Undefined variable: currentmenu C:\xampp\htdocs\myapp\Application\Runtime\Cache\Admin\156394b56931e8e3952d26e16cfd3f35.php 第 150 行.
NOTIC: [8] Undefined variable: currentmenu C:\xampp\htdocs\myapp\Application\Runtime\Cache\Admin\156394b56931e8e3952d26e16cfd3f35.php 第 150 行.
NOTIC: [8] Undefined variable: currentmenu C:\xampp\htdocs\myapp\Application\Runtime\Cache\Admin\156394b56931e8e3952d26e16cfd3f35.php 第 150 行.
NOTIC: [8] Undefined variable: currentmenu C:\xampp\htdocs\myapp\Application\Runtime\Cache\Admin\156394b56931e8e3952d26e16cfd3f35.php 第 150 行.
NOTIC: [8] Undefined variable: currentmenu C:\xampp\htdocs\myapp\Application\Runtime\Cache\Admin\156394b56931e8e3952d26e16cfd3f35.php 第 150 行.
NOTIC: [8] Undefined variable: currentmenu C:\xampp\htdocs\myapp\Application\Runtime\Cache\Admin\156394b56931e8e3952d26e16cfd3f35.php 第 150 行.
NOTIC: [8] Undefined variable: currentmenu C:\xampp\htdocs\myapp\Application\Runtime\Cache\Admin\156394b56931e8e3952d26e16cfd3f35.php 第 150 行.
NOTIC: [8] Undefined variable: currentmenu C:\xampp\htdocs\myapp\Application\Runtime\Cache\Admin\156394b56931e8e3952d26e16cfd3f35.php 第 147 行.
NOTIC: [8] Undefined variable: currentmenu C:\xampp\htdocs\myapp\Application\Runtime\Cache\Admin\156394b56931e8e3952d26e16cfd3f35.php 第 150 行.
NOTIC: [8] Undefined variable: currentmenu C:\xampp\htdocs\myapp\Application\Runtime\Cache\Admin\156394b56931e8e3952d26e16cfd3f35.php 第 150 行.
NOTIC: [8] Undefined variable: currentmenu C:\xampp\htdocs\myapp\Application\Runtime\Cache\Admin\156394b56931e8e3952d26e16cfd3f35.php 第 150 行.
NOTIC: [8] Undefined variable: currentmenu C:\xampp\htdocs\myapp\Application\Runtime\Cache\Admin\156394b56931e8e3952d26e16cfd3f35.php 第 150 行.
NOTIC: [8] Undefined variable: currentmenu C:\xampp\htdocs\myapp\Application\Runtime\Cache\Admin\156394b56931e8e3952d26e16cfd3f35.php 第 147 行.
NOTIC: [8] Undefined variable: currentmenu C:\xampp\htdocs\myapp\Application\Runtime\Cache\Admin\156394b56931e8e3952d26e16cfd3f35.php 第 150 行.
NOTIC: [8] Undefined variable: currentmenu C:\xampp\htdocs\myapp\Application\Runtime\Cache\Admin\156394b56931e8e3952d26e16cfd3f35.php 第 150 行.
NOTIC: [8] Undefined variable: currentmenu C:\xampp\htdocs\myapp\Application\Runtime\Cache\Admin\156394b56931e8e3952d26e16cfd3f35.php 第 150 行.
NOTIC: [8] Undefined variable: currentmenu C:\xampp\htdocs\myapp\Application\Runtime\Cache\Admin\156394b56931e8e3952d26e16cfd3f35.php 第 150 行.
NOTIC: [8] Undefined variable: currentmenu C:\xampp\htdocs\myapp\Application\Runtime\Cache\Admin\156394b56931e8e3952d26e16cfd3f35.php 第 150 行.
NOTIC: [8] Undefined variable: currentmenu C:\xampp\htdocs\myapp\Application\Runtime\Cache\Admin\156394b56931e8e3952d26e16cfd3f35.php 第 163 行.
NOTIC: [8] Undefined variable: currentmenu C:\xampp\htdocs\myapp\Application\Runtime\Cache\Admin\156394b56931e8e3952d26e16cfd3f35.php 第 175 行.
NOTIC: [8] Undefined variable: currentmenu C:\xampp\htdocs\myapp\Application\Runtime\Cache\Admin\156394b56931e8e3952d26e16cfd3f35.php 第 188 行.
NOTIC: [8] Undefined variable: currentmenu C:\xampp\htdocs\myapp\Application\Runtime\Cache\Admin\156394b56931e8e3952d26e16cfd3f35.php 第 200 行.
NOTIC: [8] Undefined variable: currentmenu C:\xampp\htdocs\myapp\Application\Runtime\Cache\Admin\156394b56931e8e3952d26e16cfd3f35.php 第 214 行.
NOTIC: [8] Undefined variable: currentmenu C:\xampp\htdocs\myapp\Application\Runtime\Cache\Admin\156394b56931e8e3952d26e16cfd3f35.php 第 225 行.
INFO: Run Behavior\ParseTemplateBehavior [ RunTime:0.022652s ]
INFO: [ view_parse ] --END-- [ RunTime:0.022722s ]
INFO: [ view_filter ] --START--
INFO: Run Behavior\WriteHtmlCacheBehavior [ RunTime:0.001118s ]
INFO: [ view_filter ] --END-- [ RunTime:0.001198s ]
INFO: [ app_end ] --START--
INFO: Run Behavior\ShowPageTraceBehavior [ RunTime:0.001886s ]
INFO: [ app_end ] --END-- [ RunTime:0.001987s ]

[ 2016-09-23T16:10:18+08:00 ] ::1 /myapp/admin.php/Menu/index.html
INFO: [ app_init ] --START--
INFO: Run Behavior\BuildLiteBehavior [ RunTime:0.000020s ]
INFO: [ app_init ] --END-- [ RunTime:0.000695s ]
INFO: [ app_begin ] --START--
INFO: Run Behavior\ReadHtmlCacheBehavior [ RunTime:0.001505s ]
INFO: [ app_begin ] --END-- [ RunTime:0.001691s ]
SQL: SHOW COLUMNS FROM `think_setting` [ RunTime:0.0044s ]
SQL: SELECT `k`,`v` FROM `think_setting`  [ RunTime:0.0003s ]
NOTIC: [8] Undefined variable: config C:\xampp\htdocs\myapp\Application\Common\Common\function.php 第 29 行.
NOTIC: [8] A session had already been started - ignoring session_start() C:\xampp\htdocs\myapp\Application\Admin\Controller\CommonController.class.php 第 119 行.
SQL: SHOW COLUMNS FROM `think_member` [ RunTime:0.0039s ]
SQL: SELECT * FROM `think_member` WHERE `id` = 1 LIMIT 1   [ RunTime:0.0005s ]
SQL: SELECT * FROM think_auth_group g left join think_auth_group_access a on g.id=a.group_id where a.uid=1 [ RunTime:0.0004s ]
SQL: SHOW COLUMNS FROM `think_member` [ RunTime:0.0039s ]
SQL: SELECT * FROM `think_member` WHERE `id` = 1 LIMIT 1   [ RunTime:0.0004s ]
SQL: SELECT s.id,s.title,s.name,s.tips,s.pid,p.pid as ppid,p.title as ptitle FROM think_auth_rule s left join think_auth_rule p on p.id=s.pid where s.name='Menu/index' [ RunTime:0.0004s ]
SQL: SHOW COLUMNS FROM `think_auth_rule` [ RunTime:0.0044s ]
SQL: SELECT `id`,`title`,`pid`,`name`,`icon` FROM `think_auth_rule` WHERE ( islink=1   ) ORDER BY o ASC  [ RunTime:0.0009s ]
SQL: SELECT COUNT(*) AS tp_count FROM `think_auth_rule` LIMIT 1   [ RunTime:0.0002s ]
SQL: SELECT * FROM `think_auth_rule` ORDER BY o asc  [ RunTime:0.0009s ]
INFO: [ view_parse ] --START--
INFO: [ template_filter ] --START--
INFO: Run Behavior\ContentReplaceBehavior [ RunTime:0.000144s ]
INFO: [ template_filter ] --END-- [ RunTime:0.000238s ]
INFO: Run Behavior\ParseTemplateBehavior [ RunTime:0.030962s ]
INFO: [ view_parse ] --END-- [ RunTime:0.031029s ]
INFO: [ view_filter ] --START--
INFO: Run Behavior\WriteHtmlCacheBehavior [ RunTime:0.000848s ]
INFO: [ view_filter ] --END-- [ RunTime:0.000897s ]
INFO: [ app_end ] --START--
INFO: Run Behavior\ShowPageTraceBehavior [ RunTime:0.001175s ]
INFO: [ app_end ] --END-- [ RunTime:0.001249s ]

[ 2016-09-23T16:10:30+08:00 ] ::1 /myapp/admin.php/Menu/edit.html?id=1
INFO: [ app_init ] --START--
INFO: Run Behavior\BuildLiteBehavior [ RunTime:0.000084s ]
INFO: [ app_init ] --END-- [ RunTime:0.001091s ]
INFO: [ app_begin ] --START--
INFO: Run Behavior\ReadHtmlCacheBehavior [ RunTime:0.001169s ]
INFO: [ app_begin ] --END-- [ RunTime:0.001248s ]
SQL: SHOW COLUMNS FROM `think_setting` [ RunTime:0.0040s ]
SQL: SELECT `k`,`v` FROM `think_setting`  [ RunTime:0.0003s ]
NOTIC: [8] Undefined variable: config C:\xampp\htdocs\myapp\Application\Common\Common\function.php 第 29 行.
NOTIC: [8] A session had already been started - ignoring session_start() C:\xampp\htdocs\myapp\Application\Admin\Controller\CommonController.class.php 第 119 行.
SQL: SHOW COLUMNS FROM `think_member` [ RunTime:0.0039s ]
SQL: SELECT * FROM `think_member` WHERE `id` = 1 LIMIT 1   [ RunTime:0.0005s ]
SQL: SELECT * FROM think_auth_group g left join think_auth_group_access a on g.id=a.group_id where a.uid=1 [ RunTime:0.0004s ]
SQL: SHOW COLUMNS FROM `think_member` [ RunTime:0.0046s ]
SQL: SELECT * FROM `think_member` WHERE `id` = 1 LIMIT 1   [ RunTime:0.0004s ]
SQL: SELECT s.id,s.title,s.name,s.tips,s.pid,p.pid as ppid,p.title as ptitle FROM think_auth_rule s left join think_auth_rule p on p.id=s.pid where s.name='Menu/index' [ RunTime:0.0004s ]
SQL: SHOW COLUMNS FROM `think_auth_rule` [ RunTime:0.0039s ]
SQL: SELECT `id`,`title`,`pid`,`name`,`icon` FROM `think_auth_rule` WHERE ( islink=1   ) ORDER BY o ASC  [ RunTime:0.0009s ]
SQL: SELECT * FROM `think_auth_rule` WHERE ( id = '1' ) LIMIT 1   [ RunTime:0.0003s ]
SQL: SELECT * FROM `think_auth_rule` ORDER BY o ASC  [ RunTime:0.0009s ]
INFO: [ view_parse ] --START--
INFO: [ template_filter ] --START--
INFO: Run Behavior\ContentReplaceBehavior [ RunTime:0.000130s ]
INFO: [ template_filter ] --END-- [ RunTime:0.000185s ]
INFO: Run Behavior\ParseTemplateBehavior [ RunTime:0.021561s ]
INFO: [ view_parse ] --END-- [ RunTime:0.021631s ]
INFO: [ view_filter ] --START--
INFO: Run Behavior\WriteHtmlCacheBehavior [ RunTime:0.001007s ]
INFO: [ view_filter ] --END-- [ RunTime:0.001066s ]
INFO: [ app_end ] --START--
INFO: Run Behavior\ShowPageTraceBehavior [ RunTime:0.001279s ]
INFO: [ app_end ] --END-- [ RunTime:0.001359s ]

[ 2016-09-23T16:10:49+08:00 ] ::1 /myapp/admin.php/Group/index.html
INFO: [ app_init ] --START--
INFO: Run Behavior\BuildLiteBehavior [ RunTime:0.000020s ]
INFO: [ app_init ] --END-- [ RunTime:0.000687s ]
INFO: [ app_begin ] --START--
INFO: Run Behavior\ReadHtmlCacheBehavior [ RunTime:0.001211s ]
INFO: [ app_begin ] --END-- [ RunTime:0.001288s ]
SQL: SHOW COLUMNS FROM `think_setting` [ RunTime:0.0038s ]
SQL: SELECT `k`,`v` FROM `think_setting`  [ RunTime:0.0003s ]
NOTIC: [8] Undefined variable: config C:\xampp\htdocs\myapp\Application\Common\Common\function.php 第 29 行.
NOTIC: [8] A session had already been started - ignoring session_start() C:\xampp\htdocs\myapp\Application\Admin\Controller\CommonController.class.php 第 119 行.
SQL: SHOW COLUMNS FROM `think_member` [ RunTime:0.0038s ]
SQL: SELECT * FROM `think_member` WHERE `id` = 1 LIMIT 1   [ RunTime:0.0005s ]
SQL: SELECT * FROM think_auth_group g left join think_auth_group_access a on g.id=a.group_id where a.uid=1 [ RunTime:0.0004s ]
SQL: SHOW COLUMNS FROM `think_member` [ RunTime:0.0047s ]
SQL: SELECT * FROM `think_member` WHERE `id` = 1 LIMIT 1   [ RunTime:0.0004s ]
SQL: SELECT s.id,s.title,s.name,s.tips,s.pid,p.pid as ppid,p.title as ptitle FROM think_auth_rule s left join think_auth_rule p on p.id=s.pid where s.name='Group/index' [ RunTime:0.0004s ]
SQL: SHOW COLUMNS FROM `think_auth_rule` [ RunTime:0.0037s ]
SQL: SELECT `id`,`title`,`pid`,`name`,`icon` FROM `think_auth_rule` WHERE ( islink=1   ) ORDER BY o ASC  [ RunTime:0.0009s ]
SQL: SHOW COLUMNS FROM `think_auth_group` [ RunTime:0.0042s ]
SQL: SELECT * FROM `think_auth_group`  [ RunTime:0.0004s ]
INFO: [ view_parse ] --START--
INFO: [ template_filter ] --START--
INFO: Run Behavior\ContentReplaceBehavior [ RunTime:0.000126s ]
INFO: [ template_filter ] --END-- [ RunTime:0.000196s ]
INFO: Run Behavior\ParseTemplateBehavior [ RunTime:0.019723s ]
INFO: [ view_parse ] --END-- [ RunTime:0.019790s ]
INFO: [ view_filter ] --START--
INFO: Run Behavior\WriteHtmlCacheBehavior [ RunTime:0.000757s ]
INFO: [ view_filter ] --END-- [ RunTime:0.000799s ]
INFO: [ app_end ] --START--
INFO: Run Behavior\ShowPageTraceBehavior [ RunTime:0.001207s ]
INFO: [ app_end ] --END-- [ RunTime:0.001287s ]

[ 2016-09-23T16:10:52+08:00 ] ::1 /myapp/admin.php/Group/edit.html?id=1
INFO: [ app_init ] --START--
INFO: Run Behavior\BuildLiteBehavior [ RunTime:0.000025s ]
INFO: [ app_init ] --END-- [ RunTime:0.000607s ]
INFO: [ app_begin ] --START--
INFO: Run Behavior\ReadHtmlCacheBehavior [ RunTime:0.001026s ]
INFO: [ app_begin ] --END-- [ RunTime:0.001094s ]
SQL: SHOW COLUMNS FROM `think_setting` [ RunTime:0.0039s ]
SQL: SELECT `k`,`v` FROM `think_setting`  [ RunTime:0.0003s ]
NOTIC: [8] Undefined variable: config C:\xampp\htdocs\myapp\Application\Common\Common\function.php 第 29 行.
NOTIC: [8] A session had already been started - ignoring session_start() C:\xampp\htdocs\myapp\Application\Admin\Controller\CommonController.class.php 第 119 行.
SQL: SHOW COLUMNS FROM `think_member` [ RunTime:0.0046s ]
SQL: SELECT * FROM `think_member` WHERE `id` = 1 LIMIT 1   [ RunTime:0.0005s ]
SQL: SELECT * FROM think_auth_group g left join think_auth_group_access a on g.id=a.group_id where a.uid=1 [ RunTime:0.0004s ]
SQL: SHOW COLUMNS FROM `think_member` [ RunTime:0.0041s ]
SQL: SELECT * FROM `think_member` WHERE `id` = 1 LIMIT 1   [ RunTime:0.0004s ]
SQL: SELECT s.id,s.title,s.name,s.tips,s.pid,p.pid as ppid,p.title as ptitle FROM think_auth_rule s left join think_auth_rule p on p.id=s.pid where s.name='Group/index' [ RunTime:0.0004s ]
SQL: SHOW COLUMNS FROM `think_auth_rule` [ RunTime:0.0037s ]
SQL: SELECT `id`,`title`,`pid`,`name`,`icon` FROM `think_auth_rule` WHERE ( islink=1   ) ORDER BY o ASC  [ RunTime:0.0012s ]
SQL: SHOW COLUMNS FROM `think_auth_group` [ RunTime:0.0038s ]
SQL: SELECT * FROM `think_auth_group` WHERE ( id=1 ) LIMIT 1   [ RunTime:0.0004s ]
SQL: SELECT `id`,`pid`,`title` FROM `think_auth_rule` WHERE ( status=1 ) ORDER BY o asc  [ RunTime:0.0005s ]
INFO: [ view_parse ] --START--
INFO: [ template_filter ] --START--
INFO: Run Behavior\ContentReplaceBehavior [ RunTime:0.000136s ]
INFO: [ template_filter ] --END-- [ RunTime:0.000198s ]
INFO: Run Behavior\ParseTemplateBehavior [ RunTime:0.026219s ]
INFO: [ view_parse ] --END-- [ RunTime:0.026294s ]
INFO: [ view_filter ] --START--
INFO: Run Behavior\WriteHtmlCacheBehavior [ RunTime:0.000859s ]
INFO: [ view_filter ] --END-- [ RunTime:0.000916s ]
INFO: [ app_end ] --START--
INFO: Run Behavior\ShowPageTraceBehavior [ RunTime:0.001544s ]
INFO: [ app_end ] --END-- [ RunTime:0.001635s ]

[ 2016-09-23T16:11:03+08:00 ] ::1 /myapp/admin.php/Menu/add.html
INFO: [ app_init ] --START--
INFO: Run Behavior\BuildLiteBehavior [ RunTime:0.000028s ]
INFO: [ app_init ] --END-- [ RunTime:0.000784s ]
INFO: [ app_begin ] --START--
INFO: Run Behavior\ReadHtmlCacheBehavior [ RunTime:0.001127s ]
INFO: [ app_begin ] --END-- [ RunTime:0.001202s ]
SQL: SHOW COLUMNS FROM `think_setting` [ RunTime:0.0046s ]
SQL: SELECT `k`,`v` FROM `think_setting`  [ RunTime:0.0003s ]
NOTIC: [8] Undefined variable: config C:\xampp\htdocs\myapp\Application\Common\Common\function.php 第 29 行.
NOTIC: [8] A session had already been started - ignoring session_start() C:\xampp\htdocs\myapp\Application\Admin\Controller\CommonController.class.php 第 119 行.
SQL: SHOW COLUMNS FROM `think_member` [ RunTime:0.0040s ]
SQL: SELECT * FROM `think_member` WHERE `id` = 1 LIMIT 1   [ RunTime:0.0005s ]
SQL: SELECT * FROM think_auth_group g left join think_auth_group_access a on g.id=a.group_id where a.uid=1 [ RunTime:0.0004s ]
SQL: SHOW COLUMNS FROM `think_member` [ RunTime:0.0041s ]
SQL: SELECT * FROM `think_member` WHERE `id` = 1 LIMIT 1   [ RunTime:0.0006s ]
SQL: SELECT s.id,s.title,s.name,s.tips,s.pid,p.pid as ppid,p.title as ptitle FROM think_auth_rule s left join think_auth_rule p on p.id=s.pid where s.name='Menu/add' [ RunTime:0.0006s ]
SQL: SHOW COLUMNS FROM `think_auth_rule` [ RunTime:0.0041s ]
SQL: SELECT `id`,`title`,`pid`,`name`,`icon` FROM `think_auth_rule` WHERE ( islink=1   ) ORDER BY o ASC  [ RunTime:0.0009s ]
SQL: SELECT * FROM `think_auth_rule` ORDER BY o ASC  [ RunTime:0.0009s ]
INFO: [ view_parse ] --START--
INFO: [ template_filter ] --START--
INFO: Run Behavior\ContentReplaceBehavior [ RunTime:0.000137s ]
INFO: [ template_filter ] --END-- [ RunTime:0.000195s ]
NOTIC: [8] Undefined variable: currentmenu C:\xampp\htdocs\myapp\Application\Runtime\Cache\Admin\156394b56931e8e3952d26e16cfd3f35.php 第 140 行.
NOTIC: [8] Undefined variable: currentmenu C:\xampp\htdocs\myapp\Application\Runtime\Cache\Admin\156394b56931e8e3952d26e16cfd3f35.php 第 144 行.
NOTIC: [8] Undefined variable: currentmenu C:\xampp\htdocs\myapp\Application\Runtime\Cache\Admin\156394b56931e8e3952d26e16cfd3f35.php 第 147 行.
NOTIC: [8] Undefined variable: currentmenu C:\xampp\htdocs\myapp\Application\Runtime\Cache\Admin\156394b56931e8e3952d26e16cfd3f35.php 第 150 行.
NOTIC: [8] Undefined variable: currentmenu C:\xampp\htdocs\myapp\Application\Runtime\Cache\Admin\156394b56931e8e3952d26e16cfd3f35.php 第 150 行.
NOTIC: [8] Undefined variable: currentmenu C:\xampp\htdocs\myapp\Application\Runtime\Cache\Admin\156394b56931e8e3952d26e16cfd3f35.php 第 147 行.
NOTIC: [8] Undefined variable: currentmenu C:\xampp\htdocs\myapp\Application\Runtime\Cache\Admin\156394b56931e8e3952d26e16cfd3f35.php 第 150 行.
NOTIC: [8] Undefined variable: currentmenu C:\xampp\htdocs\myapp\Application\Runtime\Cache\Admin\156394b56931e8e3952d26e16cfd3f35.php 第 150 行.
NOTIC: [8] Undefined variable: currentmenu C:\xampp\htdocs\myapp\Application\Runtime\Cache\Admin\156394b56931e8e3952d26e16cfd3f35.php 第 150 行.
NOTIC: [8] Undefined variable: currentmenu C:\xampp\htdocs\myapp\Application\Runtime\Cache\Admin\156394b56931e8e3952d26e16cfd3f35.php 第 150 行.
NOTIC: [8] Undefined variable: currentmenu C:\xampp\htdocs\myapp\Application\Runtime\Cache\Admin\156394b56931e8e3952d26e16cfd3f35.php 第 150 行.
NOTIC: [8] Undefined variable: currentmenu C:\xampp\htdocs\myapp\Application\Runtime\Cache\Admin\156394b56931e8e3952d26e16cfd3f35.php 第 150 行.
NOTIC: [8] Undefined variable: currentmenu C:\xampp\htdocs\myapp\Application\Runtime\Cache\Admin\156394b56931e8e3952d26e16cfd3f35.php 第 150 行.
NOTIC: [8] Undefined variable: currentmenu C:\xampp\htdocs\myapp\Application\Runtime\Cache\Admin\156394b56931e8e3952d26e16cfd3f35.php 第 150 行.
NOTIC: [8] Undefined variable: currentmenu C:\xampp\htdocs\myapp\Application\Runtime\Cache\Admin\156394b56931e8e3952d26e16cfd3f35.php 第 150 行.
NOTIC: [8] Undefined variable: currentmenu C:\xampp\htdocs\myapp\Application\Runtime\Cache\Admin\156394b56931e8e3952d26e16cfd3f35.php 第 147 行.
NOTIC: [8] Undefined variable: currentmenu C:\xampp\htdocs\myapp\Application\Runtime\Cache\Admin\156394b56931e8e3952d26e16cfd3f35.php 第 150 行.
NOTIC: [8] Undefined variable: currentmenu C:\xampp\htdocs\myapp\Application\Runtime\Cache\Admin\156394b56931e8e3952d26e16cfd3f35.php 第 150 行.
NOTIC: [8] Undefined variable: currentmenu C:\xampp\htdocs\myapp\Application\Runtime\Cache\Admin\156394b56931e8e3952d26e16cfd3f35.php 第 150 行.
NOTIC: [8] Undefined variable: currentmenu C:\xampp\htdocs\myapp\Application\Runtime\Cache\Admin\156394b56931e8e3952d26e16cfd3f35.php 第 150 行.
NOTIC: [8] Undefined variable: currentmenu C:\xampp\htdocs\myapp\Application\Runtime\Cache\Admin\156394b56931e8e3952d26e16cfd3f35.php 第 147 行.
NOTIC: [8] Undefined variable: currentmenu C:\xampp\htdocs\myapp\Application\Runtime\Cache\Admin\156394b56931e8e3952d26e16cfd3f35.php 第 150 行.
NOTIC: [8] Undefined variable: currentmenu C:\xampp\htdocs\myapp\Application\Runtime\Cache\Admin\156394b56931e8e3952d26e16cfd3f35.php 第 150 行.
NOTIC: [8] Undefined variable: currentmenu C:\xampp\htdocs\myapp\Application\Runtime\Cache\Admin\156394b56931e8e3952d26e16cfd3f35.php 第 150 行.
NOTIC: [8] Undefined variable: currentmenu C:\xampp\htdocs\myapp\Application\Runtime\Cache\Admin\156394b56931e8e3952d26e16cfd3f35.php 第 150 行.
NOTIC: [8] Undefined variable: currentmenu C:\xampp\htdocs\myapp\Application\Runtime\Cache\Admin\156394b56931e8e3952d26e16cfd3f35.php 第 150 行.
NOTIC: [8] Undefined variable: currentmenu C:\xampp\htdocs\myapp\Application\Runtime\Cache\Admin\156394b56931e8e3952d26e16cfd3f35.php 第 163 行.
NOTIC: [8] Undefined variable: currentmenu C:\xampp\htdocs\myapp\Application\Runtime\Cache\Admin\156394b56931e8e3952d26e16cfd3f35.php 第 175 行.
NOTIC: [8] Undefined variable: currentmenu C:\xampp\htdocs\myapp\Application\Runtime\Cache\Admin\156394b56931e8e3952d26e16cfd3f35.php 第 188 行.
NOTIC: [8] Undefined variable: currentmenu C:\xampp\htdocs\myapp\Application\Runtime\Cache\Admin\156394b56931e8e3952d26e16cfd3f35.php 第 200 行.
NOTIC: [8] Undefined variable: currentmenu C:\xampp\htdocs\myapp\Application\Runtime\Cache\Admin\156394b56931e8e3952d26e16cfd3f35.php 第 214 行.
NOTIC: [8] Undefined variable: currentmenu C:\xampp\htdocs\myapp\Application\Runtime\Cache\Admin\156394b56931e8e3952d26e16cfd3f35.php 第 225 行.
INFO: Run Behavior\ParseTemplateBehavior [ RunTime:0.024164s ]
INFO: [ view_parse ] --END-- [ RunTime:0.024226s ]
INFO: [ view_filter ] --START--
INFO: Run Behavior\WriteHtmlCacheBehavior [ RunTime:0.001345s ]
INFO: [ view_filter ] --END-- [ RunTime:0.001417s ]
INFO: [ app_end ] --START--
INFO: Run Behavior\ShowPageTraceBehavior [ RunTime:0.001190s ]
INFO: [ app_end ] --END-- [ RunTime:0.001272s ]

[ 2016-09-23T16:11:37+08:00 ] ::1 /myapp/admin.php/Menu/update.html
INFO: [ app_init ] --START--
INFO: Run Behavior\BuildLiteBehavior [ RunTime:0.000016s ]
INFO: [ app_init ] --END-- [ RunTime:0.000615s ]
INFO: [ app_begin ] --START--
INFO: Run Behavior\ReadHtmlCacheBehavior [ RunTime:0.001266s ]
INFO: [ app_begin ] --END-- [ RunTime:0.001385s ]
SQL: SHOW COLUMNS FROM `think_setting` [ RunTime:0.0039s ]
SQL: SELECT `k`,`v` FROM `think_setting`  [ RunTime:0.0003s ]
NOTIC: [8] Undefined variable: config C:\xampp\htdocs\myapp\Application\Common\Common\function.php 第 29 行.
NOTIC: [8] A session had already been started - ignoring session_start() C:\xampp\htdocs\myapp\Application\Admin\Controller\CommonController.class.php 第 119 行.
SQL: SHOW COLUMNS FROM `think_member` [ RunTime:0.0039s ]
SQL: SELECT * FROM `think_member` WHERE `id` = 1 LIMIT 1   [ RunTime:0.0005s ]
SQL: SELECT * FROM think_auth_group g left join think_auth_group_access a on g.id=a.group_id where a.uid=1 [ RunTime:0.0004s ]
SQL: SHOW COLUMNS FROM `think_member` [ RunTime:0.0043s ]
SQL: SELECT * FROM `think_member` WHERE `id` = 1 LIMIT 1   [ RunTime:0.0004s ]
SQL: SELECT s.id,s.title,s.name,s.tips,s.pid,p.pid as ppid,p.title as ptitle FROM think_auth_rule s left join think_auth_rule p on p.id=s.pid where s.name='Menu/update' [ RunTime:0.0004s ]
NOTIC: [8] Undefined offset: 0 C:\xampp\htdocs\myapp\Application\Admin\Controller\CommonController.class.php 第 65 行.
SQL: SHOW COLUMNS FROM `think_auth_rule` [ RunTime:0.0036s ]
SQL: SELECT `id`,`title`,`pid`,`name`,`icon` FROM `think_auth_rule` WHERE ( islink=1   ) ORDER BY o ASC  [ RunTime:0.0009s ]
SQL: INSERT INTO `think_auth_rule` (`pid`,`title`,`name`,`icon`,`islink`,`status`,`o`,`tips`) VALUES ('0','测试','Test/test','','1','1','0','') [ RunTime:0.0004s ]
SQL: SHOW COLUMNS FROM `think_log` [ RunTime:0.0036s ]
NOTIC: [8] A session had already been started - ignoring session_start() C:\xampp\htdocs\myapp\Application\Admin\Common\function.php 第 14 行.
SQL: SELECT `username` FROM `think_member` WHERE `id` = 1 LIMIT 1   [ RunTime:0.0003s ]
SQL: INSERT INTO `think_log` (`username`,`time`,`ip`,`log`) VALUES ('administrator','1474618297','0','新增菜单，名称：测试') [ RunTime:0.0003s ]
INFO: [ view_parse ] --START--
INFO: [ template_filter ] --START--
INFO: Run Behavior\ContentReplaceBehavior [ RunTime:0.000056s ]
INFO: [ template_filter ] --END-- [ RunTime:0.000119s ]
INFO: Run Behavior\ParseTemplateBehavior [ RunTime:0.007787s ]
INFO: [ view_parse ] --END-- [ RunTime:0.007848s ]
INFO: [ view_filter ] --START--
INFO: Run Behavior\WriteHtmlCacheBehavior [ RunTime:0.000743s ]
INFO: [ view_filter ] --END-- [ RunTime:0.000788s ]
INFO: [ app_end ] --START--
INFO: Run Behavior\ShowPageTraceBehavior [ RunTime:0.000926s ]
INFO: [ app_end ] --END-- [ RunTime:0.000979s ]

[ 2016-09-23T16:11:38+08:00 ] ::1 /myapp/admin.php/Menu/add.html
INFO: [ app_init ] --START--
INFO: Run Behavior\BuildLiteBehavior [ RunTime:0.000017s ]
INFO: [ app_init ] --END-- [ RunTime:0.000681s ]
INFO: [ app_begin ] --START--
INFO: Run Behavior\ReadHtmlCacheBehavior [ RunTime:0.001031s ]
INFO: [ app_begin ] --END-- [ RunTime:0.001109s ]
SQL: SHOW COLUMNS FROM `think_setting` [ RunTime:0.0040s ]
SQL: SELECT `k`,`v` FROM `think_setting`  [ RunTime:0.0003s ]
NOTIC: [8] Undefined variable: config C:\xampp\htdocs\myapp\Application\Common\Common\function.php 第 29 行.
NOTIC: [8] A session had already been started - ignoring session_start() C:\xampp\htdocs\myapp\Application\Admin\Controller\CommonController.class.php 第 119 行.
SQL: SHOW COLUMNS FROM `think_member` [ RunTime:0.0044s ]
SQL: SELECT * FROM `think_member` WHERE `id` = 1 LIMIT 1   [ RunTime:0.0006s ]
SQL: SELECT * FROM think_auth_group g left join think_auth_group_access a on g.id=a.group_id where a.uid=1 [ RunTime:0.0004s ]
SQL: SHOW COLUMNS FROM `think_member` [ RunTime:0.0042s ]
SQL: SELECT * FROM `think_member` WHERE `id` = 1 LIMIT 1   [ RunTime:0.0005s ]
SQL: SELECT s.id,s.title,s.name,s.tips,s.pid,p.pid as ppid,p.title as ptitle FROM think_auth_rule s left join think_auth_rule p on p.id=s.pid where s.name='Menu/add' [ RunTime:0.0005s ]
SQL: SHOW COLUMNS FROM `think_auth_rule` [ RunTime:0.0046s ]
SQL: SELECT `id`,`title`,`pid`,`name`,`icon` FROM `think_auth_rule` WHERE ( islink=1   ) ORDER BY o ASC  [ RunTime:0.0009s ]
SQL: SELECT * FROM `think_auth_rule` ORDER BY o ASC  [ RunTime:0.0010s ]
INFO: [ view_parse ] --START--
INFO: [ template_filter ] --START--
INFO: Run Behavior\ContentReplaceBehavior [ RunTime:0.000133s ]
INFO: [ template_filter ] --END-- [ RunTime:0.000189s ]
NOTIC: [8] Undefined variable: currentmenu C:\xampp\htdocs\myapp\Application\Runtime\Cache\Admin\156394b56931e8e3952d26e16cfd3f35.php 第 140 行.
NOTIC: [8] Undefined variable: currentmenu C:\xampp\htdocs\myapp\Application\Runtime\Cache\Admin\156394b56931e8e3952d26e16cfd3f35.php 第 144 行.
NOTIC: [8] Undefined variable: currentmenu C:\xampp\htdocs\myapp\Application\Runtime\Cache\Admin\156394b56931e8e3952d26e16cfd3f35.php 第 147 行.
NOTIC: [8] Undefined index: children C:\xampp\htdocs\myapp\Application\Runtime\Cache\Admin\156394b56931e8e3952d26e16cfd3f35.php 第 149 行.
NOTIC: [8] Undefined variable: currentmenu C:\xampp\htdocs\myapp\Application\Runtime\Cache\Admin\156394b56931e8e3952d26e16cfd3f35.php 第 147 行.
NOTIC: [8] Undefined variable: currentmenu C:\xampp\htdocs\myapp\Application\Runtime\Cache\Admin\156394b56931e8e3952d26e16cfd3f35.php 第 150 行.
NOTIC: [8] Undefined variable: currentmenu C:\xampp\htdocs\myapp\Application\Runtime\Cache\Admin\156394b56931e8e3952d26e16cfd3f35.php 第 150 行.
NOTIC: [8] Undefined variable: currentmenu C:\xampp\htdocs\myapp\Application\Runtime\Cache\Admin\156394b56931e8e3952d26e16cfd3f35.php 第 147 行.
NOTIC: [8] Undefined variable: currentmenu C:\xampp\htdocs\myapp\Application\Runtime\Cache\Admin\156394b56931e8e3952d26e16cfd3f35.php 第 150 行.
NOTIC: [8] Undefined variable: currentmenu C:\xampp\htdocs\myapp\Application\Runtime\Cache\Admin\156394b56931e8e3952d26e16cfd3f35.php 第 150 行.
NOTIC: [8] Undefined variable: currentmenu C:\xampp\htdocs\myapp\Application\Runtime\Cache\Admin\156394b56931e8e3952d26e16cfd3f35.php 第 150 行.
NOTIC: [8] Undefined variable: currentmenu C:\xampp\htdocs\myapp\Application\Runtime\Cache\Admin\156394b56931e8e3952d26e16cfd3f35.php 第 150 行.
NOTIC: [8] Undefined variable: currentmenu C:\xampp\htdocs\myapp\Application\Runtime\Cache\Admin\156394b56931e8e3952d26e16cfd3f35.php 第 150 行.
NOTIC: [8] Undefined variable: currentmenu C:\xampp\htdocs\myapp\Application\Runtime\Cache\Admin\156394b56931e8e3952d26e16cfd3f35.php 第 150 行.
NOTIC: [8] Undefined variable: currentmenu C:\xampp\htdocs\myapp\Application\Runtime\Cache\Admin\156394b56931e8e3952d26e16cfd3f35.php 第 150 行.
NOTIC: [8] Undefined variable: currentmenu C:\xampp\htdocs\myapp\Application\Runtime\Cache\Admin\156394b56931e8e3952d26e16cfd3f35.php 第 150 行.
NOTIC: [8] Undefined variable: currentmenu C:\xampp\htdocs\myapp\Application\Runtime\Cache\Admin\156394b56931e8e3952d26e16cfd3f35.php 第 150 行.
NOTIC: [8] Undefined variable: currentmenu C:\xampp\htdocs\myapp\Application\Runtime\Cache\Admin\156394b56931e8e3952d26e16cfd3f35.php 第 147 行.
NOTIC: [8] Undefined variable: currentmenu C:\xampp\htdocs\myapp\Application\Runtime\Cache\Admin\156394b56931e8e3952d26e16cfd3f35.php 第 150 行.
NOTIC: [8] Undefined variable: currentmenu C:\xampp\htdocs\myapp\Application\Runtime\Cache\Admin\156394b56931e8e3952d26e16cfd3f35.php 第 150 行.
NOTIC: [8] Undefined variable: currentmenu C:\xampp\htdocs\myapp\Application\Runtime\Cache\Admin\156394b56931e8e3952d26e16cfd3f35.php 第 150 行.
NOTIC: [8] Undefined variable: currentmenu C:\xampp\htdocs\myapp\Application\Runtime\Cache\Admin\156394b56931e8e3952d26e16cfd3f35.php 第 150 行.
NOTIC: [8] Undefined variable: currentmenu C:\xampp\htdocs\myapp\Application\Runtime\Cache\Admin\156394b56931e8e3952d26e16cfd3f35.php 第 147 行.
NOTIC: [8] Undefined variable: currentmenu C:\xampp\htdocs\myapp\Application\Runtime\Cache\Admin\156394b56931e8e3952d26e16cfd3f35.php 第 150 行.
NOTIC: [8] Undefined variable: currentmenu C:\xampp\htdocs\myapp\Application\Runtime\Cache\Admin\156394b56931e8e3952d26e16cfd3f35.php 第 150 行.
NOTIC: [8] Undefined variable: currentmenu C:\xampp\htdocs\myapp\Application\Runtime\Cache\Admin\156394b56931e8e3952d26e16cfd3f35.php 第 150 行.
NOTIC: [8] Undefined variable: currentmenu C:\xampp\htdocs\myapp\Application\Runtime\Cache\Admin\156394b56931e8e3952d26e16cfd3f35.php 第 150 行.
NOTIC: [8] Undefined variable: currentmenu C:\xampp\htdocs\myapp\Application\Runtime\Cache\Admin\156394b56931e8e3952d26e16cfd3f35.php 第 150 行.
NOTIC: [8] Undefined variable: currentmenu C:\xampp\htdocs\myapp\Application\Runtime\Cache\Admin\156394b56931e8e3952d26e16cfd3f35.php 第 163 行.
NOTIC: [8] Undefined variable: currentmenu C:\xampp\htdocs\myapp\Application\Runtime\Cache\Admin\156394b56931e8e3952d26e16cfd3f35.php 第 175 行.
NOTIC: [8] Undefined variable: currentmenu C:\xampp\htdocs\myapp\Application\Runtime\Cache\Admin\156394b56931e8e3952d26e16cfd3f35.php 第 188 行.
NOTIC: [8] Undefined variable: currentmenu C:\xampp\htdocs\myapp\Application\Runtime\Cache\Admin\156394b56931e8e3952d26e16cfd3f35.php 第 200 行.
NOTIC: [8] Undefined variable: currentmenu C:\xampp\htdocs\myapp\Application\Runtime\Cache\Admin\156394b56931e8e3952d26e16cfd3f35.php 第 214 行.
NOTIC: [8] Undefined variable: currentmenu C:\xampp\htdocs\myapp\Application\Runtime\Cache\Admin\156394b56931e8e3952d26e16cfd3f35.php 第 225 行.
INFO: Run Behavior\ParseTemplateBehavior [ RunTime:0.021312s ]
INFO: [ view_parse ] --END-- [ RunTime:0.021377s ]
INFO: [ view_filter ] --START--
INFO: Run Behavior\WriteHtmlCacheBehavior [ RunTime:0.000751s ]
INFO: [ view_filter ] --END-- [ RunTime:0.000800s ]
INFO: [ app_end ] --START--
INFO: Run Behavior\ShowPageTraceBehavior [ RunTime:0.001196s ]
INFO: [ app_end ] --END-- [ RunTime:0.001278s ]

[ 2016-09-23T16:11:40+08:00 ] ::1 /myapp/admin.php/Test/test.html
INFO: [ app_init ] --START--
INFO: Run Behavior\BuildLiteBehavior [ RunTime:0.000019s ]
INFO: [ app_init ] --END-- [ RunTime:0.000693s ]
INFO: [ app_begin ] --START--
INFO: Run Behavior\ReadHtmlCacheBehavior [ RunTime:0.000998s ]
INFO: [ app_begin ] --END-- [ RunTime:0.001136s ]
ERR: 无法加载控制器:Test

[ 2016-09-23T16:11:58+08:00 ] ::1 /myapp/admin.php/Member/index.html
INFO: [ app_init ] --START--
INFO: Run Behavior\BuildLiteBehavior [ RunTime:0.000018s ]
INFO: [ app_init ] --END-- [ RunTime:0.000675s ]
INFO: [ app_begin ] --START--
INFO: Run Behavior\ReadHtmlCacheBehavior [ RunTime:0.000996s ]
INFO: [ app_begin ] --END-- [ RunTime:0.001064s ]
SQL: SHOW COLUMNS FROM `think_setting` [ RunTime:0.0040s ]
SQL: SELECT `k`,`v` FROM `think_setting`  [ RunTime:0.0003s ]
NOTIC: [8] Undefined variable: config C:\xampp\htdocs\myapp\Application\Common\Common\function.php 第 29 行.
NOTIC: [8] A session had already been started - ignoring session_start() C:\xampp\htdocs\myapp\Application\Admin\Controller\CommonController.class.php 第 119 行.
SQL: SHOW COLUMNS FROM `think_member` [ RunTime:0.0038s ]
SQL: SELECT * FROM `think_member` WHERE `id` = 1 LIMIT 1   [ RunTime:0.0005s ]
SQL: SELECT * FROM think_auth_group g left join think_auth_group_access a on g.id=a.group_id where a.uid=1 [ RunTime:0.0004s ]
SQL: SHOW COLUMNS FROM `think_member` [ RunTime:0.0039s ]
SQL: SELECT * FROM `think_member` WHERE `id` = 1 LIMIT 1   [ RunTime:0.0005s ]
SQL: SELECT s.id,s.title,s.name,s.tips,s.pid,p.pid as ppid,p.title as ptitle FROM think_auth_rule s left join think_auth_rule p on p.id=s.pid where s.name='Member/index' [ RunTime:0.0004s ]
SQL: SHOW COLUMNS FROM `think_auth_rule` [ RunTime:0.0042s ]
SQL: SELECT `id`,`title`,`pid`,`name`,`icon` FROM `think_auth_rule` WHERE ( islink=1   ) ORDER BY o ASC  [ RunTime:0.0009s ]
SQL: SELECT COUNT(*) AS tp_count FROM `think_member` LIMIT 1   [ RunTime:0.0003s ]
SQL: SELECT think_member.*,think_auth_group.id as gid,think_auth_group.title FROM `think_member` INNER JOIN think_auth_group_access ON think_member.id = think_auth_group_access.uid INNER JOIN think_auth_group ON think_auth_group.id = think_auth_group_access.group_id  ORDER BY think_member.id asc  [ RunTime:0.0006s ]
SQL: SHOW COLUMNS FROM `think_auth_group` [ RunTime:0.0037s ]
SQL: SELECT `id`,`title` FROM `think_auth_group`  [ RunTime:0.0003s ]
INFO: [ view_parse ] --START--
INFO: [ template_filter ] --START--
INFO: Run Behavior\ContentReplaceBehavior [ RunTime:0.000231s ]
INFO: [ template_filter ] --END-- [ RunTime:0.000308s ]
NOTIC: [8] Undefined index: phone C:\xampp\htdocs\myapp\Application\Runtime\Cache\Admin\cd4483014f2e11fff8848d4b0b1995b7.php 第 215 行.
NOTIC: [8] Undefined index: qq C:\xampp\htdocs\myapp\Application\Runtime\Cache\Admin\cd4483014f2e11fff8848d4b0b1995b7.php 第 216 行.
NOTIC: [8] Undefined index: phone C:\xampp\htdocs\myapp\Application\Runtime\Cache\Admin\cd4483014f2e11fff8848d4b0b1995b7.php 第 215 行.
NOTIC: [8] Undefined index: qq C:\xampp\htdocs\myapp\Application\Runtime\Cache\Admin\cd4483014f2e11fff8848d4b0b1995b7.php 第 216 行.
NOTIC: [8] Undefined index: phone C:\xampp\htdocs\myapp\Application\Runtime\Cache\Admin\cd4483014f2e11fff8848d4b0b1995b7.php 第 215 行.
NOTIC: [8] Undefined index: qq C:\xampp\htdocs\myapp\Application\Runtime\Cache\Admin\cd4483014f2e11fff8848d4b0b1995b7.php 第 216 行.
NOTIC: [8] Undefined index: phone C:\xampp\htdocs\myapp\Application\Runtime\Cache\Admin\cd4483014f2e11fff8848d4b0b1995b7.php 第 215 行.
NOTIC: [8] Undefined index: qq C:\xampp\htdocs\myapp\Application\Runtime\Cache\Admin\cd4483014f2e11fff8848d4b0b1995b7.php 第 216 行.
INFO: Run Behavior\ParseTemplateBehavior [ RunTime:0.024090s ]
INFO: [ view_parse ] --END-- [ RunTime:0.024184s ]
INFO: [ view_filter ] --START--
INFO: Run Behavior\WriteHtmlCacheBehavior [ RunTime:0.000801s ]
INFO: [ view_filter ] --END-- [ RunTime:0.000844s ]
INFO: [ app_end ] --START--
INFO: Run Behavior\ShowPageTraceBehavior [ RunTime:0.001176s ]
INFO: [ app_end ] --END-- [ RunTime:0.001261s ]

[ 2016-09-23T16:12:03+08:00 ] ::1 /myapp/admin.php/Member/edit.html?uid=15
INFO: [ app_init ] --START--
INFO: Run Behavior\BuildLiteBehavior [ RunTime:0.000017s ]
INFO: [ app_init ] --END-- [ RunTime:0.000603s ]
INFO: [ app_begin ] --START--
INFO: Run Behavior\ReadHtmlCacheBehavior [ RunTime:0.001015s ]
INFO: [ app_begin ] --END-- [ RunTime:0.001079s ]
SQL: SHOW COLUMNS FROM `think_setting` [ RunTime:0.0052s ]
SQL: SELECT `k`,`v` FROM `think_setting`  [ RunTime:0.0003s ]
NOTIC: [8] Undefined variable: config C:\xampp\htdocs\myapp\Application\Common\Common\function.php 第 29 行.
NOTIC: [8] A session had already been started - ignoring session_start() C:\xampp\htdocs\myapp\Application\Admin\Controller\CommonController.class.php 第 119 行.
SQL: SHOW COLUMNS FROM `think_member` [ RunTime:0.0039s ]
SQL: SELECT * FROM `think_member` WHERE `id` = 1 LIMIT 1   [ RunTime:0.0005s ]
SQL: SELECT * FROM think_auth_group g left join think_auth_group_access a on g.id=a.group_id where a.uid=1 [ RunTime:0.0004s ]
SQL: SHOW COLUMNS FROM `think_member` [ RunTime:0.0046s ]
SQL: SELECT * FROM `think_member` WHERE `id` = 1 LIMIT 1   [ RunTime:0.0006s ]
SQL: SELECT s.id,s.title,s.name,s.tips,s.pid,p.pid as ppid,p.title as ptitle FROM think_auth_rule s left join think_auth_rule p on p.id=s.pid where s.name='Member/index' [ RunTime:0.0006s ]
SQL: SHOW COLUMNS FROM `think_auth_rule` [ RunTime:0.0040s ]
SQL: SELECT `id`,`title`,`pid`,`name`,`icon` FROM `think_auth_rule` WHERE ( islink=1   ) ORDER BY o ASC  [ RunTime:0.0011s ]
SQL: SELECT think_member.*,think_auth_group_access.group_id FROM `think_member` INNER JOIN think_auth_group_access ON think_member.id=think_auth_group_access.uid  WHERE ( think_member.id=15 ) LIMIT 1   [ RunTime:0.0005s ]
SQL: SHOW COLUMNS FROM `think_auth_group` [ RunTime:0.0038s ]
SQL: SELECT `id`,`title` FROM `think_auth_group`  [ RunTime:0.0003s ]
INFO: [ view_parse ] --START--
INFO: [ template_filter ] --START--
INFO: Run Behavior\ContentReplaceBehavior [ RunTime:0.000158s ]
INFO: [ template_filter ] --END-- [ RunTime:0.000218s ]
NOTIC: [8] Undefined index: birthday C:\xampp\htdocs\myapp\Application\Runtime\Cache\Admin\b40f5cab70c80fecee94fe95c3d4f61f.php 第 226 行.
NOTIC: [8] Undefined index: phone C:\xampp\htdocs\myapp\Application\Runtime\Cache\Admin\b40f5cab70c80fecee94fe95c3d4f61f.php 第 243 行.
NOTIC: [8] Undefined index: qq C:\xampp\htdocs\myapp\Application\Runtime\Cache\Admin\b40f5cab70c80fecee94fe95c3d4f61f.php 第 256 行.
INFO: Run Behavior\ParseTemplateBehavior [ RunTime:0.024740s ]
INFO: [ view_parse ] --END-- [ RunTime:0.024801s ]
INFO: [ view_filter ] --START--
INFO: Run Behavior\WriteHtmlCacheBehavior [ RunTime:0.000777s ]
INFO: [ view_filter ] --END-- [ RunTime:0.000833s ]
INFO: [ app_end ] --START--
INFO: Run Behavior\ShowPageTraceBehavior [ RunTime:0.002029s ]
INFO: [ app_end ] --END-- [ RunTime:0.002597s ]

[ 2016-09-23T16:12:07+08:00 ] ::1 /myapp/admin.php/Group/index.html
INFO: [ app_init ] --START--
INFO: Run Behavior\BuildLiteBehavior [ RunTime:0.000023s ]
INFO: [ app_init ] --END-- [ RunTime:0.000666s ]
INFO: [ app_begin ] --START--
INFO: Run Behavior\ReadHtmlCacheBehavior [ RunTime:0.001030s ]
INFO: [ app_begin ] --END-- [ RunTime:0.001094s ]
SQL: SHOW COLUMNS FROM `think_setting` [ RunTime:0.0038s ]
SQL: SELECT `k`,`v` FROM `think_setting`  [ RunTime:0.0004s ]
NOTIC: [8] Undefined variable: config C:\xampp\htdocs\myapp\Application\Common\Common\function.php 第 29 行.
NOTIC: [8] A session had already been started - ignoring session_start() C:\xampp\htdocs\myapp\Application\Admin\Controller\CommonController.class.php 第 119 行.
SQL: SHOW COLUMNS FROM `think_member` [ RunTime:0.0042s ]
SQL: SELECT * FROM `think_member` WHERE `id` = 1 LIMIT 1   [ RunTime:0.0005s ]
SQL: SELECT * FROM think_auth_group g left join think_auth_group_access a on g.id=a.group_id where a.uid=1 [ RunTime:0.0004s ]
SQL: SHOW COLUMNS FROM `think_member` [ RunTime:0.0039s ]
SQL: SELECT * FROM `think_member` WHERE `id` = 1 LIMIT 1   [ RunTime:0.0004s ]
SQL: SELECT s.id,s.title,s.name,s.tips,s.pid,p.pid as ppid,p.title as ptitle FROM think_auth_rule s left join think_auth_rule p on p.id=s.pid where s.name='Group/index' [ RunTime:0.0004s ]
SQL: SHOW COLUMNS FROM `think_auth_rule` [ RunTime:0.0049s ]
SQL: SELECT `id`,`title`,`pid`,`name`,`icon` FROM `think_auth_rule` WHERE ( islink=1   ) ORDER BY o ASC  [ RunTime:0.0015s ]
SQL: SHOW COLUMNS FROM `think_auth_group` [ RunTime:0.0042s ]
SQL: SELECT * FROM `think_auth_group`  [ RunTime:0.0003s ]
INFO: [ view_parse ] --START--
INFO: [ template_filter ] --START--
INFO: Run Behavior\ContentReplaceBehavior [ RunTime:0.000107s ]
INFO: [ template_filter ] --END-- [ RunTime:0.000165s ]
INFO: Run Behavior\ParseTemplateBehavior [ RunTime:0.021700s ]
INFO: [ view_parse ] --END-- [ RunTime:0.021776s ]
INFO: [ view_filter ] --START--
INFO: Run Behavior\WriteHtmlCacheBehavior [ RunTime:0.000777s ]
INFO: [ view_filter ] --END-- [ RunTime:0.000820s ]
INFO: [ app_end ] --START--
INFO: Run Behavior\ShowPageTraceBehavior [ RunTime:0.001182s ]
INFO: [ app_end ] --END-- [ RunTime:0.001249s ]

[ 2016-09-23T16:12:11+08:00 ] ::1 /myapp/admin.php/Group/edit.html?id=3
INFO: [ app_init ] --START--
INFO: Run Behavior\BuildLiteBehavior [ RunTime:0.000020s ]
INFO: [ app_init ] --END-- [ RunTime:0.000962s ]
INFO: [ app_begin ] --START--
INFO: Run Behavior\ReadHtmlCacheBehavior [ RunTime:0.001084s ]
INFO: [ app_begin ] --END-- [ RunTime:0.001169s ]
SQL: SHOW COLUMNS FROM `think_setting` [ RunTime:0.0041s ]
SQL: SELECT `k`,`v` FROM `think_setting`  [ RunTime:0.0005s ]
NOTIC: [8] Undefined variable: config C:\xampp\htdocs\myapp\Application\Common\Common\function.php 第 29 行.
NOTIC: [8] A session had already been started - ignoring session_start() C:\xampp\htdocs\myapp\Application\Admin\Controller\CommonController.class.php 第 119 行.
SQL: SHOW COLUMNS FROM `think_member` [ RunTime:0.0050s ]
SQL: SELECT * FROM `think_member` WHERE `id` = 1 LIMIT 1   [ RunTime:0.0007s ]
SQL: SELECT * FROM think_auth_group g left join think_auth_group_access a on g.id=a.group_id where a.uid=1 [ RunTime:0.0006s ]
SQL: SHOW COLUMNS FROM `think_member` [ RunTime:0.0042s ]
SQL: SELECT * FROM `think_member` WHERE `id` = 1 LIMIT 1   [ RunTime:0.0005s ]
SQL: SELECT s.id,s.title,s.name,s.tips,s.pid,p.pid as ppid,p.title as ptitle FROM think_auth_rule s left join think_auth_rule p on p.id=s.pid where s.name='Group/index' [ RunTime:0.0004s ]
SQL: SHOW COLUMNS FROM `think_auth_rule` [ RunTime:0.0046s ]
SQL: SELECT `id`,`title`,`pid`,`name`,`icon` FROM `think_auth_rule` WHERE ( islink=1   ) ORDER BY o ASC  [ RunTime:0.0012s ]
SQL: SHOW COLUMNS FROM `think_auth_group` [ RunTime:0.0040s ]
SQL: SELECT * FROM `think_auth_group` WHERE ( id=3 ) LIMIT 1   [ RunTime:0.0004s ]
SQL: SELECT `id`,`pid`,`title` FROM `think_auth_rule` WHERE ( status=1 ) ORDER BY o asc  [ RunTime:0.0005s ]
INFO: [ view_parse ] --START--
INFO: [ template_filter ] --START--
INFO: Run Behavior\ContentReplaceBehavior [ RunTime:0.000122s ]
INFO: [ template_filter ] --END-- [ RunTime:0.000177s ]
NOTIC: [8] Undefined index: children C:\xampp\htdocs\myapp\Application\Runtime\Cache\Admin\7da35467ed729069d5584ad122611c7f.php 第 197 行.
NOTIC: [8] Undefined index: children C:\xampp\htdocs\myapp\Application\Runtime\Cache\Admin\7da35467ed729069d5584ad122611c7f.php 第 197 行.
NOTIC: [8] Undefined index: children C:\xampp\htdocs\myapp\Application\Runtime\Cache\Admin\7da35467ed729069d5584ad122611c7f.php 第 197 行.
NOTIC: [8] Undefined index: children C:\xampp\htdocs\myapp\Application\Runtime\Cache\Admin\7da35467ed729069d5584ad122611c7f.php 第 197 行.
NOTIC: [8] Undefined index: children C:\xampp\htdocs\myapp\Application\Runtime\Cache\Admin\7da35467ed729069d5584ad122611c7f.php 第 197 行.
NOTIC: [8] Undefined index: children C:\xampp\htdocs\myapp\Application\Runtime\Cache\Admin\7da35467ed729069d5584ad122611c7f.php 第 197 行.
NOTIC: [8] Undefined index: children C:\xampp\htdocs\myapp\Application\Runtime\Cache\Admin\7da35467ed729069d5584ad122611c7f.php 第 197 行.
NOTIC: [8] Undefined index: children C:\xampp\htdocs\myapp\Application\Runtime\Cache\Admin\7da35467ed729069d5584ad122611c7f.php 第 197 行.
NOTIC: [8] Undefined index: children C:\xampp\htdocs\myapp\Application\Runtime\Cache\Admin\7da35467ed729069d5584ad122611c7f.php 第 197 行.
NOTIC: [8] Undefined index: children C:\xampp\htdocs\myapp\Application\Runtime\Cache\Admin\7da35467ed729069d5584ad122611c7f.php 第 197 行.
NOTIC: [8] Undefined index: children C:\xampp\htdocs\myapp\Application\Runtime\Cache\Admin\7da35467ed729069d5584ad122611c7f.php 第 197 行.
NOTIC: [8] Undefined index: children C:\xampp\htdocs\myapp\Application\Runtime\Cache\Admin\7da35467ed729069d5584ad122611c7f.php 第 197 行.
NOTIC: [8] Undefined index: children C:\xampp\htdocs\myapp\Application\Runtime\Cache\Admin\7da35467ed729069d5584ad122611c7f.php 第 197 行.
NOTIC: [8] Undefined index: children C:\xampp\htdocs\myapp\Application\Runtime\Cache\Admin\7da35467ed729069d5584ad122611c7f.php 第 197 行.
NOTIC: [8] Undefined index: children C:\xampp\htdocs\myapp\Application\Runtime\Cache\Admin\7da35467ed729069d5584ad122611c7f.php 第 197 行.
INFO: Run Behavior\ParseTemplateBehavior [ RunTime:0.028959s ]
INFO: [ view_parse ] --END-- [ RunTime:0.029044s ]
INFO: [ view_filter ] --START--
INFO: Run Behavior\WriteHtmlCacheBehavior [ RunTime:0.001467s ]
INFO: [ view_filter ] --END-- [ RunTime:0.001601s ]
INFO: [ app_end ] --START--
INFO: Run Behavior\ShowPageTraceBehavior [ RunTime:0.001753s ]
INFO: [ app_end ] --END-- [ RunTime:0.001880s ]

[ 2016-09-23T16:12:18+08:00 ] ::1 /myapp/admin.php/Group/index.html
INFO: [ app_init ] --START--
INFO: Run Behavior\BuildLiteBehavior [ RunTime:0.000020s ]
INFO: [ app_init ] --END-- [ RunTime:0.000733s ]
INFO: [ app_begin ] --START--
INFO: Run Behavior\ReadHtmlCacheBehavior [ RunTime:0.001196s ]
INFO: [ app_begin ] --END-- [ RunTime:0.001273s ]
SQL: SHOW COLUMNS FROM `think_setting` [ RunTime:0.0040s ]
SQL: SELECT `k`,`v` FROM `think_setting`  [ RunTime:0.0004s ]
NOTIC: [8] Undefined variable: config C:\xampp\htdocs\myapp\Application\Common\Common\function.php 第 29 行.
NOTIC: [8] A session had already been started - ignoring session_start() C:\xampp\htdocs\myapp\Application\Admin\Controller\CommonController.class.php 第 119 行.
SQL: SHOW COLUMNS FROM `think_member` [ RunTime:0.0043s ]
SQL: SELECT * FROM `think_member` WHERE `id` = 1 LIMIT 1   [ RunTime:0.0005s ]
SQL: SELECT * FROM think_auth_group g left join think_auth_group_access a on g.id=a.group_id where a.uid=1 [ RunTime:0.0004s ]
SQL: SHOW COLUMNS FROM `think_member` [ RunTime:0.0039s ]
SQL: SELECT * FROM `think_member` WHERE `id` = 1 LIMIT 1   [ RunTime:0.0004s ]
SQL: SELECT s.id,s.title,s.name,s.tips,s.pid,p.pid as ppid,p.title as ptitle FROM think_auth_rule s left join think_auth_rule p on p.id=s.pid where s.name='Group/index' [ RunTime:0.0004s ]
SQL: SHOW COLUMNS FROM `think_auth_rule` [ RunTime:0.0050s ]
SQL: SELECT `id`,`title`,`pid`,`name`,`icon` FROM `think_auth_rule` WHERE ( islink=1   ) ORDER BY o ASC  [ RunTime:0.0017s ]
SQL: SHOW COLUMNS FROM `think_auth_group` [ RunTime:0.0046s ]
SQL: SELECT * FROM `think_auth_group`  [ RunTime:0.0004s ]
INFO: [ view_parse ] --START--
INFO: [ template_filter ] --START--
INFO: Run Behavior\ContentReplaceBehavior [ RunTime:0.000105s ]
INFO: [ template_filter ] --END-- [ RunTime:0.000162s ]
INFO: Run Behavior\ParseTemplateBehavior [ RunTime:0.021687s ]
INFO: [ view_parse ] --END-- [ RunTime:0.021793s ]
INFO: [ view_filter ] --START--
INFO: Run Behavior\WriteHtmlCacheBehavior [ RunTime:0.001184s ]
INFO: [ view_filter ] --END-- [ RunTime:0.001341s ]
INFO: [ app_end ] --START--
INFO: Run Behavior\ShowPageTraceBehavior [ RunTime:0.002198s ]
INFO: [ app_end ] --END-- [ RunTime:0.002317s ]

[ 2016-09-23T16:12:20+08:00 ] ::1 /myapp/admin.php/Group/edit.html?id=1
INFO: [ app_init ] --START--
INFO: Run Behavior\BuildLiteBehavior [ RunTime:0.000020s ]
INFO: [ app_init ] --END-- [ RunTime:0.000730s ]
INFO: [ app_begin ] --START--
INFO: Run Behavior\ReadHtmlCacheBehavior [ RunTime:0.001215s ]
INFO: [ app_begin ] --END-- [ RunTime:0.001295s ]
SQL: SHOW COLUMNS FROM `think_setting` [ RunTime:0.0038s ]
SQL: SELECT `k`,`v` FROM `think_setting`  [ RunTime:0.0003s ]
NOTIC: [8] Undefined variable: config C:\xampp\htdocs\myapp\Application\Common\Common\function.php 第 29 行.
NOTIC: [8] A session had already been started - ignoring session_start() C:\xampp\htdocs\myapp\Application\Admin\Controller\CommonController.class.php 第 119 行.
SQL: SHOW COLUMNS FROM `think_member` [ RunTime:0.0050s ]
SQL: SELECT * FROM `think_member` WHERE `id` = 1 LIMIT 1   [ RunTime:0.0005s ]
SQL: SELECT * FROM think_auth_group g left join think_auth_group_access a on g.id=a.group_id where a.uid=1 [ RunTime:0.0004s ]
SQL: SHOW COLUMNS FROM `think_member` [ RunTime:0.0041s ]
SQL: SELECT * FROM `think_member` WHERE `id` = 1 LIMIT 1   [ RunTime:0.0004s ]
SQL: SELECT s.id,s.title,s.name,s.tips,s.pid,p.pid as ppid,p.title as ptitle FROM think_auth_rule s left join think_auth_rule p on p.id=s.pid where s.name='Group/index' [ RunTime:0.0004s ]
SQL: SHOW COLUMNS FROM `think_auth_rule` [ RunTime:0.0044s ]
SQL: SELECT `id`,`title`,`pid`,`name`,`icon` FROM `think_auth_rule` WHERE ( islink=1   ) ORDER BY o ASC  [ RunTime:0.0010s ]
SQL: SHOW COLUMNS FROM `think_auth_group` [ RunTime:0.0037s ]
SQL: SELECT * FROM `think_auth_group` WHERE ( id=1 ) LIMIT 1   [ RunTime:0.0003s ]
SQL: SELECT `id`,`pid`,`title` FROM `think_auth_rule` WHERE ( status=1 ) ORDER BY o asc  [ RunTime:0.0005s ]
INFO: [ view_parse ] --START--
INFO: [ template_filter ] --START--
INFO: Run Behavior\ContentReplaceBehavior [ RunTime:0.000147s ]
INFO: [ template_filter ] --END-- [ RunTime:0.000203s ]
INFO: Run Behavior\ParseTemplateBehavior [ RunTime:0.026800s ]
INFO: [ view_parse ] --END-- [ RunTime:0.027002s ]
INFO: [ view_filter ] --START--
INFO: Run Behavior\WriteHtmlCacheBehavior [ RunTime:0.001087s ]
INFO: [ view_filter ] --END-- [ RunTime:0.001168s ]
INFO: [ app_end ] --START--
INFO: Run Behavior\ShowPageTraceBehavior [ RunTime:0.001779s ]
INFO: [ app_end ] --END-- [ RunTime:0.001885s ]

[ 2016-09-23T16:12:24+08:00 ] ::1 /myapp/admin.php/Group/index.html
INFO: [ app_init ] --START--
INFO: Run Behavior\BuildLiteBehavior [ RunTime:0.000017s ]
INFO: [ app_init ] --END-- [ RunTime:0.000642s ]
INFO: [ app_begin ] --START--
INFO: Run Behavior\ReadHtmlCacheBehavior [ RunTime:0.001286s ]
INFO: [ app_begin ] --END-- [ RunTime:0.001384s ]
SQL: SHOW COLUMNS FROM `think_setting` [ RunTime:0.0043s ]
SQL: SELECT `k`,`v` FROM `think_setting`  [ RunTime:0.0003s ]
NOTIC: [8] Undefined variable: config C:\xampp\htdocs\myapp\Application\Common\Common\function.php 第 29 行.
NOTIC: [8] A session had already been started - ignoring session_start() C:\xampp\htdocs\myapp\Application\Admin\Controller\CommonController.class.php 第 119 行.
SQL: SHOW COLUMNS FROM `think_member` [ RunTime:0.0038s ]
SQL: SELECT * FROM `think_member` WHERE `id` = 1 LIMIT 1   [ RunTime:0.0005s ]
SQL: SELECT * FROM think_auth_group g left join think_auth_group_access a on g.id=a.group_id where a.uid=1 [ RunTime:0.0004s ]
SQL: SHOW COLUMNS FROM `think_member` [ RunTime:0.0047s ]
SQL: SELECT * FROM `think_member` WHERE `id` = 1 LIMIT 1   [ RunTime:0.0004s ]
SQL: SELECT s.id,s.title,s.name,s.tips,s.pid,p.pid as ppid,p.title as ptitle FROM think_auth_rule s left join think_auth_rule p on p.id=s.pid where s.name='Group/index' [ RunTime:0.0004s ]
SQL: SHOW COLUMNS FROM `think_auth_rule` [ RunTime:0.0057s ]
SQL: SELECT `id`,`title`,`pid`,`name`,`icon` FROM `think_auth_rule` WHERE ( islink=1   ) ORDER BY o ASC  [ RunTime:0.0009s ]
SQL: SHOW COLUMNS FROM `think_auth_group` [ RunTime:0.0037s ]
SQL: SELECT * FROM `think_auth_group`  [ RunTime:0.0003s ]
INFO: [ view_parse ] --START--
INFO: [ template_filter ] --START--
INFO: Run Behavior\ContentReplaceBehavior [ RunTime:0.000143s ]
INFO: [ template_filter ] --END-- [ RunTime:0.000212s ]
INFO: Run Behavior\ParseTemplateBehavior [ RunTime:0.021909s ]
INFO: [ view_parse ] --END-- [ RunTime:0.021995s ]
INFO: [ view_filter ] --START--
INFO: Run Behavior\WriteHtmlCacheBehavior [ RunTime:0.001340s ]
INFO: [ view_filter ] --END-- [ RunTime:0.001414s ]
INFO: [ app_end ] --START--
INFO: Run Behavior\ShowPageTraceBehavior [ RunTime:0.001180s ]
INFO: [ app_end ] --END-- [ RunTime:0.001267s ]

[ 2016-09-23T16:12:25+08:00 ] ::1 /myapp/admin.php/Group/edit.html?id=1
INFO: [ app_init ] --START--
INFO: Run Behavior\BuildLiteBehavior [ RunTime:0.000018s ]
INFO: [ app_init ] --END-- [ RunTime:0.000658s ]
INFO: [ app_begin ] --START--
INFO: Run Behavior\ReadHtmlCacheBehavior [ RunTime:0.001014s ]
INFO: [ app_begin ] --END-- [ RunTime:0.001073s ]
SQL: SHOW COLUMNS FROM `think_setting` [ RunTime:0.0038s ]
SQL: SELECT `k`,`v` FROM `think_setting`  [ RunTime:0.0003s ]
NOTIC: [8] Undefined variable: config C:\xampp\htdocs\myapp\Application\Common\Common\function.php 第 29 行.
NOTIC: [8] A session had already been started - ignoring session_start() C:\xampp\htdocs\myapp\Application\Admin\Controller\CommonController.class.php 第 119 行.
SQL: SHOW COLUMNS FROM `think_member` [ RunTime:0.0038s ]
SQL: SELECT * FROM `think_member` WHERE `id` = 1 LIMIT 1   [ RunTime:0.0005s ]
SQL: SELECT * FROM think_auth_group g left join think_auth_group_access a on g.id=a.group_id where a.uid=1 [ RunTime:0.0004s ]
SQL: SHOW COLUMNS FROM `think_member` [ RunTime:0.0042s ]
SQL: SELECT * FROM `think_member` WHERE `id` = 1 LIMIT 1   [ RunTime:0.0004s ]
SQL: SELECT s.id,s.title,s.name,s.tips,s.pid,p.pid as ppid,p.title as ptitle FROM think_auth_rule s left join think_auth_rule p on p.id=s.pid where s.name='Group/index' [ RunTime:0.0004s ]
SQL: SHOW COLUMNS FROM `think_auth_rule` [ RunTime:0.0037s ]
SQL: SELECT `id`,`title`,`pid`,`name`,`icon` FROM `think_auth_rule` WHERE ( islink=1   ) ORDER BY o ASC  [ RunTime:0.0009s ]
SQL: SHOW COLUMNS FROM `think_auth_group` [ RunTime:0.0036s ]
SQL: SELECT * FROM `think_auth_group` WHERE ( id=1 ) LIMIT 1   [ RunTime:0.0005s ]
SQL: SELECT `id`,`pid`,`title` FROM `think_auth_rule` WHERE ( status=1 ) ORDER BY o asc  [ RunTime:0.0006s ]
INFO: [ view_parse ] --START--
INFO: [ template_filter ] --START--
INFO: Run Behavior\ContentReplaceBehavior [ RunTime:0.000122s ]
INFO: [ template_filter ] --END-- [ RunTime:0.000178s ]
INFO: Run Behavior\ParseTemplateBehavior [ RunTime:0.024637s ]
INFO: [ view_parse ] --END-- [ RunTime:0.024704s ]
INFO: [ view_filter ] --START--
INFO: Run Behavior\WriteHtmlCacheBehavior [ RunTime:0.000897s ]
INFO: [ view_filter ] --END-- [ RunTime:0.000949s ]
INFO: [ app_end ] --START--
INFO: Run Behavior\ShowPageTraceBehavior [ RunTime:0.001195s ]
INFO: [ app_end ] --END-- [ RunTime:0.001262s ]

[ 2016-09-23T16:12:30+08:00 ] ::1 /myapp/admin.php/Group/index.html
INFO: [ app_init ] --START--
INFO: Run Behavior\BuildLiteBehavior [ RunTime:0.000019s ]
INFO: [ app_init ] --END-- [ RunTime:0.000722s ]
INFO: [ app_begin ] --START--
INFO: Run Behavior\ReadHtmlCacheBehavior [ RunTime:0.001039s ]
INFO: [ app_begin ] --END-- [ RunTime:0.001104s ]
SQL: SHOW COLUMNS FROM `think_setting` [ RunTime:0.0037s ]
SQL: SELECT `k`,`v` FROM `think_setting`  [ RunTime:0.0004s ]
NOTIC: [8] Undefined variable: config C:\xampp\htdocs\myapp\Application\Common\Common\function.php 第 29 行.
NOTIC: [8] A session had already been started - ignoring session_start() C:\xampp\htdocs\myapp\Application\Admin\Controller\CommonController.class.php 第 119 行.
SQL: SHOW COLUMNS FROM `think_member` [ RunTime:0.0039s ]
SQL: SELECT * FROM `think_member` WHERE `id` = 1 LIMIT 1   [ RunTime:0.0005s ]
SQL: SELECT * FROM think_auth_group g left join think_auth_group_access a on g.id=a.group_id where a.uid=1 [ RunTime:0.0004s ]
SQL: SHOW COLUMNS FROM `think_member` [ RunTime:0.0041s ]
SQL: SELECT * FROM `think_member` WHERE `id` = 1 LIMIT 1   [ RunTime:0.0004s ]
SQL: SELECT s.id,s.title,s.name,s.tips,s.pid,p.pid as ppid,p.title as ptitle FROM think_auth_rule s left join think_auth_rule p on p.id=s.pid where s.name='Group/index' [ RunTime:0.0004s ]
SQL: SHOW COLUMNS FROM `think_auth_rule` [ RunTime:0.0039s ]
SQL: SELECT `id`,`title`,`pid`,`name`,`icon` FROM `think_auth_rule` WHERE ( islink=1   ) ORDER BY o ASC  [ RunTime:0.0009s ]
SQL: SHOW COLUMNS FROM `think_auth_group` [ RunTime:0.0048s ]
SQL: SELECT * FROM `think_auth_group`  [ RunTime:0.0004s ]
INFO: [ view_parse ] --START--
INFO: [ template_filter ] --START--
INFO: Run Behavior\ContentReplaceBehavior [ RunTime:0.000183s ]
INFO: [ template_filter ] --END-- [ RunTime:0.000280s ]
INFO: Run Behavior\ParseTemplateBehavior [ RunTime:0.023448s ]
INFO: [ view_parse ] --END-- [ RunTime:0.023512s ]
INFO: [ view_filter ] --START--
INFO: Run Behavior\WriteHtmlCacheBehavior [ RunTime:0.000881s ]
INFO: [ view_filter ] --END-- [ RunTime:0.000929s ]
INFO: [ app_end ] --START--
INFO: Run Behavior\ShowPageTraceBehavior [ RunTime:0.001249s ]
INFO: [ app_end ] --END-- [ RunTime:0.001340s ]

[ 2016-09-23T16:12:31+08:00 ] ::1 /myapp/admin.php/Group/edit.html?id=2
INFO: [ app_init ] --START--
INFO: Run Behavior\BuildLiteBehavior [ RunTime:0.000016s ]
INFO: [ app_init ] --END-- [ RunTime:0.000651s ]
INFO: [ app_begin ] --START--
INFO: Run Behavior\ReadHtmlCacheBehavior [ RunTime:0.000992s ]
INFO: [ app_begin ] --END-- [ RunTime:0.001051s ]
SQL: SHOW COLUMNS FROM `think_setting` [ RunTime:0.0037s ]
SQL: SELECT `k`,`v` FROM `think_setting`  [ RunTime:0.0003s ]
NOTIC: [8] Undefined variable: config C:\xampp\htdocs\myapp\Application\Common\Common\function.php 第 29 行.
NOTIC: [8] A session had already been started - ignoring session_start() C:\xampp\htdocs\myapp\Application\Admin\Controller\CommonController.class.php 第 119 行.
SQL: SHOW COLUMNS FROM `think_member` [ RunTime:0.0041s ]
SQL: SELECT * FROM `think_member` WHERE `id` = 1 LIMIT 1   [ RunTime:0.0005s ]
SQL: SELECT * FROM think_auth_group g left join think_auth_group_access a on g.id=a.group_id where a.uid=1 [ RunTime:0.0004s ]
SQL: SHOW COLUMNS FROM `think_member` [ RunTime:0.0041s ]
SQL: SELECT * FROM `think_member` WHERE `id` = 1 LIMIT 1   [ RunTime:0.0005s ]
SQL: SELECT s.id,s.title,s.name,s.tips,s.pid,p.pid as ppid,p.title as ptitle FROM think_auth_rule s left join think_auth_rule p on p.id=s.pid where s.name='Group/index' [ RunTime:0.0004s ]
SQL: SHOW COLUMNS FROM `think_auth_rule` [ RunTime:0.0037s ]
SQL: SELECT `id`,`title`,`pid`,`name`,`icon` FROM `think_auth_rule` WHERE ( islink=1   ) ORDER BY o ASC  [ RunTime:0.0013s ]
SQL: SHOW COLUMNS FROM `think_auth_group` [ RunTime:0.0039s ]
SQL: SELECT * FROM `think_auth_group` WHERE ( id=2 ) LIMIT 1   [ RunTime:0.0004s ]
SQL: SELECT `id`,`pid`,`title` FROM `think_auth_rule` WHERE ( status=1 ) ORDER BY o asc  [ RunTime:0.0005s ]
INFO: [ view_parse ] --START--
INFO: [ template_filter ] --START--
INFO: Run Behavior\ContentReplaceBehavior [ RunTime:0.000163s ]
INFO: [ template_filter ] --END-- [ RunTime:0.000231s ]
NOTIC: [8] Undefined index: children C:\xampp\htdocs\myapp\Application\Runtime\Cache\Admin\7da35467ed729069d5584ad122611c7f.php 第 197 行.
NOTIC: [8] Undefined index: children C:\xampp\htdocs\myapp\Application\Runtime\Cache\Admin\7da35467ed729069d5584ad122611c7f.php 第 197 行.
NOTIC: [8] Undefined index: children C:\xampp\htdocs\myapp\Application\Runtime\Cache\Admin\7da35467ed729069d5584ad122611c7f.php 第 197 行.
NOTIC: [8] Undefined index: children C:\xampp\htdocs\myapp\Application\Runtime\Cache\Admin\7da35467ed729069d5584ad122611c7f.php 第 197 行.
NOTIC: [8] Undefined index: children C:\xampp\htdocs\myapp\Application\Runtime\Cache\Admin\7da35467ed729069d5584ad122611c7f.php 第 197 行.
NOTIC: [8] Undefined index: children C:\xampp\htdocs\myapp\Application\Runtime\Cache\Admin\7da35467ed729069d5584ad122611c7f.php 第 197 行.
NOTIC: [8] Undefined index: children C:\xampp\htdocs\myapp\Application\Runtime\Cache\Admin\7da35467ed729069d5584ad122611c7f.php 第 197 行.
NOTIC: [8] Undefined index: children C:\xampp\htdocs\myapp\Application\Runtime\Cache\Admin\7da35467ed729069d5584ad122611c7f.php 第 197 行.
NOTIC: [8] Undefined index: children C:\xampp\htdocs\myapp\Application\Runtime\Cache\Admin\7da35467ed729069d5584ad122611c7f.php 第 197 行.
NOTIC: [8] Undefined index: children C:\xampp\htdocs\myapp\Application\Runtime\Cache\Admin\7da35467ed729069d5584ad122611c7f.php 第 197 行.
NOTIC: [8] Undefined index: children C:\xampp\htdocs\myapp\Application\Runtime\Cache\Admin\7da35467ed729069d5584ad122611c7f.php 第 197 行.
NOTIC: [8] Undefined index: children C:\xampp\htdocs\myapp\Application\Runtime\Cache\Admin\7da35467ed729069d5584ad122611c7f.php 第 197 行.
NOTIC: [8] Undefined index: children C:\xampp\htdocs\myapp\Application\Runtime\Cache\Admin\7da35467ed729069d5584ad122611c7f.php 第 197 行.
NOTIC: [8] Undefined index: children C:\xampp\htdocs\myapp\Application\Runtime\Cache\Admin\7da35467ed729069d5584ad122611c7f.php 第 197 行.
NOTIC: [8] Undefined index: children C:\xampp\htdocs\myapp\Application\Runtime\Cache\Admin\7da35467ed729069d5584ad122611c7f.php 第 197 行.
INFO: Run Behavior\ParseTemplateBehavior [ RunTime:0.024616s ]
INFO: [ view_parse ] --END-- [ RunTime:0.024698s ]
INFO: [ view_filter ] --START--
INFO: Run Behavior\WriteHtmlCacheBehavior [ RunTime:0.001563s ]
INFO: [ view_filter ] --END-- [ RunTime:0.001633s ]
INFO: [ app_end ] --START--
INFO: Run Behavior\ShowPageTraceBehavior [ RunTime:0.001484s ]
INFO: [ app_end ] --END-- [ RunTime:0.001583s ]

[ 2016-09-23T16:12:44+08:00 ] ::1 /myapp/admin.php/Group/add.html
INFO: [ app_init ] --START--
INFO: Run Behavior\BuildLiteBehavior [ RunTime:0.000026s ]
INFO: [ app_init ] --END-- [ RunTime:0.000676s ]
INFO: [ app_begin ] --START--
INFO: Run Behavior\ReadHtmlCacheBehavior [ RunTime:0.001041s ]
INFO: [ app_begin ] --END-- [ RunTime:0.001106s ]
SQL: SHOW COLUMNS FROM `think_setting` [ RunTime:0.0042s ]
SQL: SELECT `k`,`v` FROM `think_setting`  [ RunTime:0.0003s ]
NOTIC: [8] Undefined variable: config C:\xampp\htdocs\myapp\Application\Common\Common\function.php 第 29 行.
NOTIC: [8] A session had already been started - ignoring session_start() C:\xampp\htdocs\myapp\Application\Admin\Controller\CommonController.class.php 第 119 行.
SQL: SHOW COLUMNS FROM `think_member` [ RunTime:0.0039s ]
SQL: SELECT * FROM `think_member` WHERE `id` = 1 LIMIT 1   [ RunTime:0.0004s ]
SQL: SELECT * FROM think_auth_group g left join think_auth_group_access a on g.id=a.group_id where a.uid=1 [ RunTime:0.0004s ]
SQL: SHOW COLUMNS FROM `think_member` [ RunTime:0.0042s ]
SQL: SELECT * FROM `think_member` WHERE `id` = 1 LIMIT 1   [ RunTime:0.0004s ]
SQL: SELECT s.id,s.title,s.name,s.tips,s.pid,p.pid as ppid,p.title as ptitle FROM think_auth_rule s left join think_auth_rule p on p.id=s.pid where s.name='Group/add' [ RunTime:0.0004s ]
SQL: SHOW COLUMNS FROM `think_auth_rule` [ RunTime:0.0039s ]
SQL: SELECT `id`,`title`,`pid`,`name`,`icon` FROM `think_auth_rule` WHERE ( islink=1   ) ORDER BY o ASC  [ RunTime:0.0009s ]
SQL: SELECT `id`,`pid`,`title` FROM `think_auth_rule` WHERE ( status=1 ) ORDER BY o asc  [ RunTime:0.0005s ]
INFO: [ view_parse ] --START--
INFO: [ template_filter ] --START--
INFO: Run Behavior\ContentReplaceBehavior [ RunTime:0.000135s ]
INFO: [ template_filter ] --END-- [ RunTime:0.000192s ]
NOTIC: [8] Undefined variable: group C:\xampp\htdocs\myapp\Application\Runtime\Cache\Admin\7da35467ed729069d5584ad122611c7f.php 第 142 行.
NOTIC: [8] Undefined variable: group C:\xampp\htdocs\myapp\Application\Runtime\Cache\Admin\7da35467ed729069d5584ad122611c7f.php 第 143 行.
NOTIC: [8] Undefined variable: group C:\xampp\htdocs\myapp\Application\Runtime\Cache\Admin\7da35467ed729069d5584ad122611c7f.php 第 157 行.
NOTIC: [8] Undefined variable: group C:\xampp\htdocs\myapp\Application\Runtime\Cache\Admin\7da35467ed729069d5584ad122611c7f.php 第 167 行.
NOTIC: [8] Undefined variable: group C:\xampp\htdocs\myapp\Application\Runtime\Cache\Admin\7da35467ed729069d5584ad122611c7f.php 第 178 行.
NOTIC: [2] in_array() expects parameter 2 to be array, null given C:\xampp\htdocs\myapp\Application\Runtime\Cache\Admin\7da35467ed729069d5584ad122611c7f.php 第 178 行.
NOTIC: [8] Undefined variable: group C:\xampp\htdocs\myapp\Application\Runtime\Cache\Admin\7da35467ed729069d5584ad122611c7f.php 第 178 行.
NOTIC: [2] in_array() expects parameter 2 to be array, null given C:\xampp\htdocs\myapp\Application\Runtime\Cache\Admin\7da35467ed729069d5584ad122611c7f.php 第 178 行.
NOTIC: [8] Undefined variable: group C:\xampp\htdocs\myapp\Application\Runtime\Cache\Admin\7da35467ed729069d5584ad122611c7f.php 第 193 行.
NOTIC: [2] in_array() expects parameter 2 to be array, null given C:\xampp\htdocs\myapp\Application\Runtime\Cache\Admin\7da35467ed729069d5584ad122611c7f.php 第 193 行.
NOTIC: [8] Undefined index: children C:\xampp\htdocs\myapp\Application\Runtime\Cache\Admin\7da35467ed729069d5584ad122611c7f.php 第 197 行.
NOTIC: [8] Undefined variable: group C:\xampp\htdocs\myapp\Application\Runtime\Cache\Admin\7da35467ed729069d5584ad122611c7f.php 第 193 行.
NOTIC: [2] in_array() expects parameter 2 to be array, null given C:\xampp\htdocs\myapp\Application\Runtime\Cache\Admin\7da35467ed729069d5584ad122611c7f.php 第 193 行.
NOTIC: [8] Undefined index: children C:\xampp\htdocs\myapp\Application\Runtime\Cache\Admin\7da35467ed729069d5584ad122611c7f.php 第 197 行.
NOTIC: [8] Undefined variable: group C:\xampp\htdocs\myapp\Application\Runtime\Cache\Admin\7da35467ed729069d5584ad122611c7f.php 第 178 行.
NOTIC: [2] in_array() expects parameter 2 to be array, null given C:\xampp\htdocs\myapp\Application\Runtime\Cache\Admin\7da35467ed729069d5584ad122611c7f.php 第 178 行.
NOTIC: [8] Undefined variable: group C:\xampp\htdocs\myapp\Application\Runtime\Cache\Admin\7da35467ed729069d5584ad122611c7f.php 第 193 行.
NOTIC: [2] in_array() expects parameter 2 to be array, null given C:\xampp\htdocs\myapp\Application\Runtime\Cache\Admin\7da35467ed729069d5584ad122611c7f.php 第 193 行.
NOTIC: [8] Undefined variable: group C:\xampp\htdocs\myapp\Application\Runtime\Cache\Admin\7da35467ed729069d5584ad122611c7f.php 第 199 行.
NOTIC: [2] in_array() expects parameter 2 to be array, null given C:\xampp\htdocs\myapp\Application\Runtime\Cache\Admin\7da35467ed729069d5584ad122611c7f.php 第 199 行.
NOTIC: [8] Undefined variable: group C:\xampp\htdocs\myapp\Application\Runtime\Cache\Admin\7da35467ed729069d5584ad122611c7f.php 第 199 行.
NOTIC: [2] in_array() expects parameter 2 to be array, null given C:\xampp\htdocs\myapp\Application\Runtime\Cache\Admin\7da35467ed729069d5584ad122611c7f.php 第 199 行.
NOTIC: [8] Undefined variable: group C:\xampp\htdocs\myapp\Application\Runtime\Cache\Admin\7da35467ed729069d5584ad122611c7f.php 第 199 行.
NOTIC: [2] in_array() expects parameter 2 to be array, null given C:\xampp\htdocs\myapp\Application\Runtime\Cache\Admin\7da35467ed729069d5584ad122611c7f.php 第 199 行.
NOTIC: [8] Undefined variable: group C:\xampp\htdocs\myapp\Application\Runtime\Cache\Admin\7da35467ed729069d5584ad122611c7f.php 第 199 行.
NOTIC: [2] in_array() expects parameter 2 to be array, null given C:\xampp\htdocs\myapp\Application\Runtime\Cache\Admin\7da35467ed729069d5584ad122611c7f.php 第 199 行.
NOTIC: [8] Undefined variable: group C:\xampp\htdocs\myapp\Application\Runtime\Cache\Admin\7da35467ed729069d5584ad122611c7f.php 第 199 行.
NOTIC: [2] in_array() expects parameter 2 to be array, null given C:\xampp\htdocs\myapp\Application\Runtime\Cache\Admin\7da35467ed729069d5584ad122611c7f.php 第 199 行.
NOTIC: [8] Undefined variable: group C:\xampp\htdocs\myapp\Application\Runtime\Cache\Admin\7da35467ed729069d5584ad122611c7f.php 第 199 行.
NOTIC: [2] in_array() expects parameter 2 to be array, null given C:\xampp\htdocs\myapp\Application\Runtime\Cache\Admin\7da35467ed729069d5584ad122611c7f.php 第 199 行.
NOTIC: [8] Undefined variable: group C:\xampp\htdocs\myapp\Application\Runtime\Cache\Admin\7da35467ed729069d5584ad122611c7f.php 第 193 行.
NOTIC: [2] in_array() expects parameter 2 to be array, null given C:\xampp\htdocs\myapp\Application\Runtime\Cache\Admin\7da35467ed729069d5584ad122611c7f.php 第 193 行.
NOTIC: [8] Undefined variable: group C:\xampp\htdocs\myapp\Application\Runtime\Cache\Admin\7da35467ed729069d5584ad122611c7f.php 第 199 行.
NOTIC: [2] in_array() expects parameter 2 to be array, null given C:\xampp\htdocs\myapp\Application\Runtime\Cache\Admin\7da35467ed729069d5584ad122611c7f.php 第 199 行.
NOTIC: [8] Undefined variable: group C:\xampp\htdocs\myapp\Application\Runtime\Cache\Admin\7da35467ed729069d5584ad122611c7f.php 第 199 行.
NOTIC: [2] in_array() expects parameter 2 to be array, null given C:\xampp\htdocs\myapp\Application\Runtime\Cache\Admin\7da35467ed729069d5584ad122611c7f.php 第 199 行.
NOTIC: [8] Undefined variable: group C:\xampp\htdocs\myapp\Application\Runtime\Cache\Admin\7da35467ed729069d5584ad122611c7f.php 第 193 行.
NOTIC: [2] in_array() expects parameter 2 to be array, null given C:\xampp\htdocs\myapp\Application\Runtime\Cache\Admin\7da35467ed729069d5584ad122611c7f.php 第 193 行.
NOTIC: [8] Undefined variable: group C:\xampp\htdocs\myapp\Application\Runtime\Cache\Admin\7da35467ed729069d5584ad122611c7f.php 第 199 行.
NOTIC: [2] in_array() expects parameter 2 to be array, null given C:\xampp\htdocs\myapp\Application\Runtime\Cache\Admin\7da35467ed729069d5584ad122611c7f.php 第 199 行.
NOTIC: [8] Undefined variable: group C:\xampp\htdocs\myapp\Application\Runtime\Cache\Admin\7da35467ed729069d5584ad122611c7f.php 第 199 行.
NOTIC: [2] in_array() expects parameter 2 to be array, null given C:\xampp\htdocs\myapp\Application\Runtime\Cache\Admin\7da35467ed729069d5584ad122611c7f.php 第 199 行.
NOTIC: [8] Undefined variable: group C:\xampp\htdocs\myapp\Application\Runtime\Cache\Admin\7da35467ed729069d5584ad122611c7f.php 第 199 行.
NOTIC: [2] in_array() expects parameter 2 to be array, null given C:\xampp\htdocs\myapp\Application\Runtime\Cache\Admin\7da35467ed729069d5584ad122611c7f.php 第 199 行.
NOTIC: [8] Undefined variable: group C:\xampp\htdocs\myapp\Application\Runtime\Cache\Admin\7da35467ed729069d5584ad122611c7f.php 第 193 行.
NOTIC: [2] in_array() expects parameter 2 to be array, null given C:\xampp\htdocs\myapp\Application\Runtime\Cache\Admin\7da35467ed729069d5584ad122611c7f.php 第 193 行.
NOTIC: [8] Undefined index: children C:\xampp\htdocs\myapp\Application\Runtime\Cache\Admin\7da35467ed729069d5584ad122611c7f.php 第 197 行.
NOTIC: [8] Undefined variable: group C:\xampp\htdocs\myapp\Application\Runtime\Cache\Admin\7da35467ed729069d5584ad122611c7f.php 第 193 行.
NOTIC: [2] in_array() expects parameter 2 to be array, null given C:\xampp\htdocs\myapp\Application\Runtime\Cache\Admin\7da35467ed729069d5584ad122611c7f.php 第 193 行.
NOTIC: [8] Undefined variable: group C:\xampp\htdocs\myapp\Application\Runtime\Cache\Admin\7da35467ed729069d5584ad122611c7f.php 第 199 行.
NOTIC: [2] in_array() expects parameter 2 to be array, null given C:\xampp\htdocs\myapp\Application\Runtime\Cache\Admin\7da35467ed729069d5584ad122611c7f.php 第 199 行.
NOTIC: [8] Undefined variable: group C:\xampp\htdocs\myapp\Application\Runtime\Cache\Admin\7da35467ed729069d5584ad122611c7f.php 第 199 行.
NOTIC: [2] in_array() expects parameter 2 to be array, null given C:\xampp\htdocs\myapp\Application\Runtime\Cache\Admin\7da35467ed729069d5584ad122611c7f.php 第 199 行.
NOTIC: [8] Undefined variable: group C:\xampp\htdocs\myapp\Application\Runtime\Cache\Admin\7da35467ed729069d5584ad122611c7f.php 第 199 行.
NOTIC: [2] in_array() expects parameter 2 to be array, null given C:\xampp\htdocs\myapp\Application\Runtime\Cache\Admin\7da35467ed729069d5584ad122611c7f.php 第 199 行.
NOTIC: [8] Undefined variable: group C:\xampp\htdocs\myapp\Application\Runtime\Cache\Admin\7da35467ed729069d5584ad122611c7f.php 第 199 行.
NOTIC: [2] in_array() expects parameter 2 to be array, null given C:\xampp\htdocs\myapp\Application\Runtime\Cache\Admin\7da35467ed729069d5584ad122611c7f.php 第 199 行.
NOTIC: [8] Undefined variable: group C:\xampp\htdocs\myapp\Application\Runtime\Cache\Admin\7da35467ed729069d5584ad122611c7f.php 第 199 行.
NOTIC: [2] in_array() expects parameter 2 to be array, null given C:\xampp\htdocs\myapp\Application\Runtime\Cache\Admin\7da35467ed729069d5584ad122611c7f.php 第 199 行.
NOTIC: [8] Undefined variable: group C:\xampp\htdocs\myapp\Application\Runtime\Cache\Admin\7da35467ed729069d5584ad122611c7f.php 第 199 行.
NOTIC: [2] in_array() expects parameter 2 to be array, null given C:\xampp\htdocs\myapp\Application\Runtime\Cache\Admin\7da35467ed729069d5584ad122611c7f.php 第 199 行.
NOTIC: [8] Undefined variable: group C:\xampp\htdocs\myapp\Application\Runtime\Cache\Admin\7da35467ed729069d5584ad122611c7f.php 第 199 行.
NOTIC: [2] in_array() expects parameter 2 to be array, null given C:\xampp\htdocs\myapp\Application\Runtime\Cache\Admin\7da35467ed729069d5584ad122611c7f.php 第 199 行.
NOTIC: [8] Undefined variable: group C:\xampp\htdocs\myapp\Application\Runtime\Cache\Admin\7da35467ed729069d5584ad122611c7f.php 第 199 行.
NOTIC: [2] in_array() expects parameter 2 to be array, null given C:\xampp\htdocs\myapp\Application\Runtime\Cache\Admin\7da35467ed729069d5584ad122611c7f.php 第 199 行.
NOTIC: [8] Undefined variable: group C:\xampp\htdocs\myapp\Application\Runtime\Cache\Admin\7da35467ed729069d5584ad122611c7f.php 第 193 行.
NOTIC: [2] in_array() expects parameter 2 to be array, null given C:\xampp\htdocs\myapp\Application\Runtime\Cache\Admin\7da35467ed729069d5584ad122611c7f.php 第 193 行.
NOTIC: [8] Undefined variable: group C:\xampp\htdocs\myapp\Application\Runtime\Cache\Admin\7da35467ed729069d5584ad122611c7f.php 第 199 行.
NOTIC: [2] in_array() expects parameter 2 to be array, null given C:\xampp\htdocs\myapp\Application\Runtime\Cache\Admin\7da35467ed729069d5584ad122611c7f.php 第 199 行.
NOTIC: [8] Undefined variable: group C:\xampp\htdocs\myapp\Application\Runtime\Cache\Admin\7da35467ed729069d5584ad122611c7f.php 第 199 行.
NOTIC: [2] in_array() expects parameter 2 to be array, null given C:\xampp\htdocs\myapp\Application\Runtime\Cache\Admin\7da35467ed729069d5584ad122611c7f.php 第 199 行.
NOTIC: [8] Undefined variable: group C:\xampp\htdocs\myapp\Application\Runtime\Cache\Admin\7da35467ed729069d5584ad122611c7f.php 第 193 行.
NOTIC: [2] in_array() expects parameter 2 to be array, null given C:\xampp\htdocs\myapp\Application\Runtime\Cache\Admin\7da35467ed729069d5584ad122611c7f.php 第 193 行.
NOTIC: [8] Undefined index: children C:\xampp\htdocs\myapp\Application\Runtime\Cache\Admin\7da35467ed729069d5584ad122611c7f.php 第 197 行.
NOTIC: [8] Undefined variable: group C:\xampp\htdocs\myapp\Application\Runtime\Cache\Admin\7da35467ed729069d5584ad122611c7f.php 第 193 行.
NOTIC: [2] in_array() expects parameter 2 to be array, null given C:\xampp\htdocs\myapp\Application\Runtime\Cache\Admin\7da35467ed729069d5584ad122611c7f.php 第 193 行.
NOTIC: [8] Undefined index: children C:\xampp\htdocs\myapp\Application\Runtime\Cache\Admin\7da35467ed729069d5584ad122611c7f.php 第 197 行.
NOTIC: [8] Undefined variable: group C:\xampp\htdocs\myapp\Application\Runtime\Cache\Admin\7da35467ed729069d5584ad122611c7f.php 第 193 行.
NOTIC: [2] in_array() expects parameter 2 to be array, null given C:\xampp\htdocs\myapp\Application\Runtime\Cache\Admin\7da35467ed729069d5584ad122611c7f.php 第 193 行.
NOTIC: [8] Undefined index: children C:\xampp\htdocs\myapp\Application\Runtime\Cache\Admin\7da35467ed729069d5584ad122611c7f.php 第 197 行.
NOTIC: [8] Undefined variable: group C:\xampp\htdocs\myapp\Application\Runtime\Cache\Admin\7da35467ed729069d5584ad122611c7f.php 第 178 行.
NOTIC: [2] in_array() expects parameter 2 to be array, null given C:\xampp\htdocs\myapp\Application\Runtime\Cache\Admin\7da35467ed729069d5584ad122611c7f.php 第 178 行.
NOTIC: [8] Undefined variable: group C:\xampp\htdocs\myapp\Application\Runtime\Cache\Admin\7da35467ed729069d5584ad122611c7f.php 第 193 行.
NOTIC: [2] in_array() expects parameter 2 to be array, null given C:\xampp\htdocs\myapp\Application\Runtime\Cache\Admin\7da35467ed729069d5584ad122611c7f.php 第 193 行.
NOTIC: [8] Undefined index: children C:\xampp\htdocs\myapp\Application\Runtime\Cache\Admin\7da35467ed729069d5584ad122611c7f.php 第 197 行.
NOTIC: [8] Undefined variable: group C:\xampp\htdocs\myapp\Application\Runtime\Cache\Admin\7da35467ed729069d5584ad122611c7f.php 第 193 行.
NOTIC: [2] in_array() expects parameter 2 to be array, null given C:\xampp\htdocs\myapp\Application\Runtime\Cache\Admin\7da35467ed729069d5584ad122611c7f.php 第 193 行.
NOTIC: [8] Undefined index: children C:\xampp\htdocs\myapp\Application\Runtime\Cache\Admin\7da35467ed729069d5584ad122611c7f.php 第 197 行.
NOTIC: [8] Undefined variable: group C:\xampp\htdocs\myapp\Application\Runtime\Cache\Admin\7da35467ed729069d5584ad122611c7f.php 第 193 行.
NOTIC: [2] in_array() expects parameter 2 to be array, null given C:\xampp\htdocs\myapp\Application\Runtime\Cache\Admin\7da35467ed729069d5584ad122611c7f.php 第 193 行.
NOTIC: [8] Undefined index: children C:\xampp\htdocs\myapp\Application\Runtime\Cache\Admin\7da35467ed729069d5584ad122611c7f.php 第 197 行.
NOTIC: [8] Undefined variable: group C:\xampp\htdocs\myapp\Application\Runtime\Cache\Admin\7da35467ed729069d5584ad122611c7f.php 第 193 行.
NOTIC: [2] in_array() expects parameter 2 to be array, null given C:\xampp\htdocs\myapp\Application\Runtime\Cache\Admin\7da35467ed729069d5584ad122611c7f.php 第 193 行.
NOTIC: [8] Undefined index: children C:\xampp\htdocs\myapp\Application\Runtime\Cache\Admin\7da35467ed729069d5584ad122611c7f.php 第 197 行.
NOTIC: [8] Undefined variable: group C:\xampp\htdocs\myapp\Application\Runtime\Cache\Admin\7da35467ed729069d5584ad122611c7f.php 第 178 行.
NOTIC: [2] in_array() expects parameter 2 to be array, null given C:\xampp\htdocs\myapp\Application\Runtime\Cache\Admin\7da35467ed729069d5584ad122611c7f.php 第 178 行.
NOTIC: [8] Undefined variable: group C:\xampp\htdocs\myapp\Application\Runtime\Cache\Admin\7da35467ed729069d5584ad122611c7f.php 第 193 行.
NOTIC: [2] in_array() expects parameter 2 to be array, null given C:\xampp\htdocs\myapp\Application\Runtime\Cache\Admin\7da35467ed729069d5584ad122611c7f.php 第 193 行.
NOTIC: [8] Undefined index: children C:\xampp\htdocs\myapp\Application\Runtime\Cache\Admin\7da35467ed729069d5584ad122611c7f.php 第 197 行.
NOTIC: [8] Undefined variable: group C:\xampp\htdocs\myapp\Application\Runtime\Cache\Admin\7da35467ed729069d5584ad122611c7f.php 第 193 行.
NOTIC: [2] in_array() expects parameter 2 to be array, null given C:\xampp\htdocs\myapp\Application\Runtime\Cache\Admin\7da35467ed729069d5584ad122611c7f.php 第 193 行.
NOTIC: [8] Undefined index: children C:\xampp\htdocs\myapp\Application\Runtime\Cache\Admin\7da35467ed729069d5584ad122611c7f.php 第 197 行.
NOTIC: [8] Undefined variable: group C:\xampp\htdocs\myapp\Application\Runtime\Cache\Admin\7da35467ed729069d5584ad122611c7f.php 第 193 行.
NOTIC: [2] in_array() expects parameter 2 to be array, null given C:\xampp\htdocs\myapp\Application\Runtime\Cache\Admin\7da35467ed729069d5584ad122611c7f.php 第 193 行.
NOTIC: [8] Undefined index: children C:\xampp\htdocs\myapp\Application\Runtime\Cache\Admin\7da35467ed729069d5584ad122611c7f.php 第 197 行.
NOTIC: [8] Undefined variable: group C:\xampp\htdocs\myapp\Application\Runtime\Cache\Admin\7da35467ed729069d5584ad122611c7f.php 第 193 行.
NOTIC: [2] in_array() expects parameter 2 to be array, null given C:\xampp\htdocs\myapp\Application\Runtime\Cache\Admin\7da35467ed729069d5584ad122611c7f.php 第 193 行.
NOTIC: [8] Undefined index: children C:\xampp\htdocs\myapp\Application\Runtime\Cache\Admin\7da35467ed729069d5584ad122611c7f.php 第 197 行.
NOTIC: [8] Undefined variable: group C:\xampp\htdocs\myapp\Application\Runtime\Cache\Admin\7da35467ed729069d5584ad122611c7f.php 第 193 行.
NOTIC: [2] in_array() expects parameter 2 to be array, null given C:\xampp\htdocs\myapp\Application\Runtime\Cache\Admin\7da35467ed729069d5584ad122611c7f.php 第 193 行.
NOTIC: [8] Undefined index: children C:\xampp\htdocs\myapp\Application\Runtime\Cache\Admin\7da35467ed729069d5584ad122611c7f.php 第 197 行.
INFO: Run Behavior\ParseTemplateBehavior [ RunTime:0.026832s ]
INFO: [ view_parse ] --END-- [ RunTime:0.026899s ]
INFO: [ view_filter ] --START--
INFO: Run Behavior\WriteHtmlCacheBehavior [ RunTime:0.000973s ]
INFO: [ view_filter ] --END-- [ RunTime:0.001032s ]
INFO: [ app_end ] --START--
INFO: Run Behavior\ShowPageTraceBehavior [ RunTime:0.001819s ]
INFO: [ app_end ] --END-- [ RunTime:0.001927s ]

[ 2016-09-23T16:12:45+08:00 ] ::1 /myapp/admin.php/Group/index.html
INFO: [ app_init ] --START--
INFO: Run Behavior\BuildLiteBehavior [ RunTime:0.000017s ]
INFO: [ app_init ] --END-- [ RunTime:0.000656s ]
INFO: [ app_begin ] --START--
INFO: Run Behavior\ReadHtmlCacheBehavior [ RunTime:0.001025s ]
INFO: [ app_begin ] --END-- [ RunTime:0.001091s ]
SQL: SHOW COLUMNS FROM `think_setting` [ RunTime:0.0037s ]
SQL: SELECT `k`,`v` FROM `think_setting`  [ RunTime:0.0003s ]
NOTIC: [8] Undefined variable: config C:\xampp\htdocs\myapp\Application\Common\Common\function.php 第 29 行.
NOTIC: [8] A session had already been started - ignoring session_start() C:\xampp\htdocs\myapp\Application\Admin\Controller\CommonController.class.php 第 119 行.
SQL: SHOW COLUMNS FROM `think_member` [ RunTime:0.0045s ]
SQL: SELECT * FROM `think_member` WHERE `id` = 1 LIMIT 1   [ RunTime:0.0005s ]
SQL: SELECT * FROM think_auth_group g left join think_auth_group_access a on g.id=a.group_id where a.uid=1 [ RunTime:0.0005s ]
SQL: SHOW COLUMNS FROM `think_member` [ RunTime:0.0040s ]
SQL: SELECT * FROM `think_member` WHERE `id` = 1 LIMIT 1   [ RunTime:0.0004s ]
SQL: SELECT s.id,s.title,s.name,s.tips,s.pid,p.pid as ppid,p.title as ptitle FROM think_auth_rule s left join think_auth_rule p on p.id=s.pid where s.name='Group/index' [ RunTime:0.0004s ]
SQL: SHOW COLUMNS FROM `think_auth_rule` [ RunTime:0.0042s ]
SQL: SELECT `id`,`title`,`pid`,`name`,`icon` FROM `think_auth_rule` WHERE ( islink=1   ) ORDER BY o ASC  [ RunTime:0.0010s ]
SQL: SHOW COLUMNS FROM `think_auth_group` [ RunTime:0.0051s ]
SQL: SELECT * FROM `think_auth_group`  [ RunTime:0.0003s ]
INFO: [ view_parse ] --START--
INFO: [ template_filter ] --START--
INFO: Run Behavior\ContentReplaceBehavior [ RunTime:0.000130s ]
INFO: [ template_filter ] --END-- [ RunTime:0.000188s ]
INFO: Run Behavior\ParseTemplateBehavior [ RunTime:0.020019s ]
INFO: [ view_parse ] --END-- [ RunTime:0.020096s ]
INFO: [ view_filter ] --START--
INFO: Run Behavior\WriteHtmlCacheBehavior [ RunTime:0.000789s ]
INFO: [ view_filter ] --END-- [ RunTime:0.000915s ]
INFO: [ app_end ] --START--
INFO: Run Behavior\ShowPageTraceBehavior [ RunTime:0.001430s ]
INFO: [ app_end ] --END-- [ RunTime:0.001508s ]

[ 2016-09-23T16:12:49+08:00 ] ::1 /myapp/admin.php/Group/edit.html?id=2
INFO: [ app_init ] --START--
INFO: Run Behavior\BuildLiteBehavior [ RunTime:0.000021s ]
INFO: [ app_init ] --END-- [ RunTime:0.000852s ]
INFO: [ app_begin ] --START--
INFO: Run Behavior\ReadHtmlCacheBehavior [ RunTime:0.001172s ]
INFO: [ app_begin ] --END-- [ RunTime:0.001246s ]
SQL: SHOW COLUMNS FROM `think_setting` [ RunTime:0.0040s ]
SQL: SELECT `k`,`v` FROM `think_setting`  [ RunTime:0.0003s ]
NOTIC: [8] Undefined variable: config C:\xampp\htdocs\myapp\Application\Common\Common\function.php 第 29 行.
NOTIC: [8] A session had already been started - ignoring session_start() C:\xampp\htdocs\myapp\Application\Admin\Controller\CommonController.class.php 第 119 行.
SQL: SHOW COLUMNS FROM `think_member` [ RunTime:0.0038s ]
SQL: SELECT * FROM `think_member` WHERE `id` = 1 LIMIT 1   [ RunTime:0.0004s ]
SQL: SELECT * FROM think_auth_group g left join think_auth_group_access a on g.id=a.group_id where a.uid=1 [ RunTime:0.0004s ]
SQL: SHOW COLUMNS FROM `think_member` [ RunTime:0.0040s ]
SQL: SELECT * FROM `think_member` WHERE `id` = 1 LIMIT 1   [ RunTime:0.0005s ]
SQL: SELECT s.id,s.title,s.name,s.tips,s.pid,p.pid as ppid,p.title as ptitle FROM think_auth_rule s left join think_auth_rule p on p.id=s.pid where s.name='Group/index' [ RunTime:0.0006s ]
SQL: SHOW COLUMNS FROM `think_auth_rule` [ RunTime:0.0039s ]
SQL: SELECT `id`,`title`,`pid`,`name`,`icon` FROM `think_auth_rule` WHERE ( islink=1   ) ORDER BY o ASC  [ RunTime:0.0009s ]
SQL: SHOW COLUMNS FROM `think_auth_group` [ RunTime:0.0036s ]
SQL: SELECT * FROM `think_auth_group` WHERE ( id=2 ) LIMIT 1   [ RunTime:0.0003s ]
SQL: SELECT `id`,`pid`,`title` FROM `think_auth_rule` WHERE ( status=1 ) ORDER BY o asc  [ RunTime:0.0005s ]
INFO: [ view_parse ] --START--
INFO: [ template_filter ] --START--
INFO: Run Behavior\ContentReplaceBehavior [ RunTime:0.000190s ]
INFO: [ template_filter ] --END-- [ RunTime:0.000281s ]
NOTIC: [8] Undefined index: children C:\xampp\htdocs\myapp\Application\Runtime\Cache\Admin\7da35467ed729069d5584ad122611c7f.php 第 197 行.
NOTIC: [8] Undefined index: children C:\xampp\htdocs\myapp\Application\Runtime\Cache\Admin\7da35467ed729069d5584ad122611c7f.php 第 197 行.
NOTIC: [8] Undefined index: children C:\xampp\htdocs\myapp\Application\Runtime\Cache\Admin\7da35467ed729069d5584ad122611c7f.php 第 197 行.
NOTIC: [8] Undefined index: children C:\xampp\htdocs\myapp\Application\Runtime\Cache\Admin\7da35467ed729069d5584ad122611c7f.php 第 197 行.
NOTIC: [8] Undefined index: children C:\xampp\htdocs\myapp\Application\Runtime\Cache\Admin\7da35467ed729069d5584ad122611c7f.php 第 197 行.
NOTIC: [8] Undefined index: children C:\xampp\htdocs\myapp\Application\Runtime\Cache\Admin\7da35467ed729069d5584ad122611c7f.php 第 197 行.
NOTIC: [8] Undefined index: children C:\xampp\htdocs\myapp\Application\Runtime\Cache\Admin\7da35467ed729069d5584ad122611c7f.php 第 197 行.
NOTIC: [8] Undefined index: children C:\xampp\htdocs\myapp\Application\Runtime\Cache\Admin\7da35467ed729069d5584ad122611c7f.php 第 197 行.
NOTIC: [8] Undefined index: children C:\xampp\htdocs\myapp\Application\Runtime\Cache\Admin\7da35467ed729069d5584ad122611c7f.php 第 197 行.
NOTIC: [8] Undefined index: children C:\xampp\htdocs\myapp\Application\Runtime\Cache\Admin\7da35467ed729069d5584ad122611c7f.php 第 197 行.
NOTIC: [8] Undefined index: children C:\xampp\htdocs\myapp\Application\Runtime\Cache\Admin\7da35467ed729069d5584ad122611c7f.php 第 197 行.
NOTIC: [8] Undefined index: children C:\xampp\htdocs\myapp\Application\Runtime\Cache\Admin\7da35467ed729069d5584ad122611c7f.php 第 197 行.
NOTIC: [8] Undefined index: children C:\xampp\htdocs\myapp\Application\Runtime\Cache\Admin\7da35467ed729069d5584ad122611c7f.php 第 197 行.
NOTIC: [8] Undefined index: children C:\xampp\htdocs\myapp\Application\Runtime\Cache\Admin\7da35467ed729069d5584ad122611c7f.php 第 197 行.
NOTIC: [8] Undefined index: children C:\xampp\htdocs\myapp\Application\Runtime\Cache\Admin\7da35467ed729069d5584ad122611c7f.php 第 197 行.
INFO: Run Behavior\ParseTemplateBehavior [ RunTime:0.026801s ]
INFO: [ view_parse ] --END-- [ RunTime:0.026861s ]
INFO: [ view_filter ] --START--
INFO: Run Behavior\WriteHtmlCacheBehavior [ RunTime:0.000779s ]
INFO: [ view_filter ] --END-- [ RunTime:0.000822s ]
INFO: [ app_end ] --START--
INFO: Run Behavior\ShowPageTraceBehavior [ RunTime:0.001206s ]
INFO: [ app_end ] --END-- [ RunTime:0.001298s ]

