[ 2016-09-26T14:56:10+08:00 ] 127.0.0.1 /myapp/admin.php
INFO: [ app_init ] --START--
INFO: Run Behavior\BuildLiteBehavior [ RunTime:0.000019s ]
INFO: [ app_init ] --END-- [ RunTime:0.000687s ]
INFO: [ app_begin ] --START--
INFO: Run Behavior\ReadHtmlCacheBehavior [ RunTime:0.000979s ]
INFO: [ app_begin ] --END-- [ RunTime:0.001051s ]
SQL: SHOW COLUMNS FROM `think_setting` [ RunTime:0.0056s ]
SQL: SELECT `k`,`v` FROM `think_setting`  [ RunTime:0.0003s ]
NOTIC: [8] Undefined variable: config C:\xampp\htdocs\myapp\Application\Common\Common\function.php 第 29 行.
NOTIC: [8] A session had already been started - ignoring session_start() C:\xampp\htdocs\myapp\Application\Admin\Controller\CommonController.class.php 第 123 行.

[ 2016-09-26T14:56:10+08:00 ] 127.0.0.1 /myapp/admin.php/Login/index.html
INFO: [ app_init ] --START--
INFO: Run Behavior\BuildLiteBehavior [ RunTime:0.000016s ]
INFO: [ app_init ] --END-- [ RunTime:0.000534s ]
INFO: [ app_begin ] --START--
INFO: Run Behavior\ReadHtmlCacheBehavior [ RunTime:0.001357s ]
INFO: [ app_begin ] --END-- [ RunTime:0.001442s ]
SQL: SHOW COLUMNS FROM `think_setting` [ RunTime:0.0041s ]
SQL: SELECT `k`,`v` FROM `think_setting`  [ RunTime:0.0003s ]
NOTIC: [8] Undefined variable: config C:\xampp\htdocs\myapp\Application\Common\Common\function.php 第 29 行.
NOTIC: [8] A session had already been started - ignoring session_start() C:\xampp\htdocs\myapp\Application\Admin\Controller\CommonController.class.php 第 123 行.
INFO: [ view_parse ] --START--
INFO: [ template_filter ] --START--
INFO: Run Behavior\ContentReplaceBehavior [ RunTime:0.000071s ]
INFO: [ template_filter ] --END-- [ RunTime:0.000137s ]
INFO: Run Behavior\ParseTemplateBehavior [ RunTime:0.010740s ]
INFO: [ view_parse ] --END-- [ RunTime:0.010821s ]
INFO: [ view_filter ] --START--
INFO: Run Behavior\WriteHtmlCacheBehavior [ RunTime:0.001253s ]
INFO: [ view_filter ] --END-- [ RunTime:0.001319s ]
INFO: [ app_end ] --START--
INFO: Run Behavior\ShowPageTraceBehavior [ RunTime:0.000961s ]
INFO: [ app_end ] --END-- [ RunTime:0.001009s ]

[ 2016-09-26T14:56:13+08:00 ] 127.0.0.1 /myapp/admin.php/Login/code.html
INFO: [ app_init ] --START--
INFO: Run Behavior\BuildLiteBehavior [ RunTime:0.000027s ]
INFO: [ app_init ] --END-- [ RunTime:0.000751s ]
INFO: [ app_begin ] --START--
INFO: Run Behavior\ReadHtmlCacheBehavior [ RunTime:0.001673s ]
INFO: [ app_begin ] --END-- [ RunTime:0.001776s ]
SQL: SHOW COLUMNS FROM `think_setting` [ RunTime:0.0042s ]
SQL: SELECT `k`,`v` FROM `think_setting`  [ RunTime:0.0003s ]
NOTIC: [8] Undefined variable: config C:\xampp\htdocs\myapp\Application\Common\Common\function.php 第 29 行.
INFO: [ app_end ] --START--
INFO: Run Behavior\ShowPageTraceBehavior [ RunTime:0.001090s ]
INFO: [ app_end ] --END-- [ RunTime:0.001163s ]

[ 2016-09-26T14:56:28+08:00 ] 127.0.0.1 /myapp/admin.php/Login/code.html?0.596858684423344
INFO: [ app_init ] --START--
INFO: Run Behavior\BuildLiteBehavior [ RunTime:0.000018s ]
INFO: [ app_init ] --END-- [ RunTime:0.000647s ]
INFO: [ app_begin ] --START--
INFO: Run Behavior\ReadHtmlCacheBehavior [ RunTime:0.001055s ]
INFO: [ app_begin ] --END-- [ RunTime:0.001124s ]
SQL: SHOW COLUMNS FROM `think_setting` [ RunTime:0.0038s ]
SQL: SELECT `k`,`v` FROM `think_setting`  [ RunTime:0.0003s ]
NOTIC: [8] Undefined variable: config C:\xampp\htdocs\myapp\Application\Common\Common\function.php 第 29 行.
INFO: [ app_end ] --START--
INFO: Run Behavior\ShowPageTraceBehavior [ RunTime:0.001106s ]
INFO: [ app_end ] --END-- [ RunTime:0.001192s ]

[ 2016-09-26T14:56:32+08:00 ] 127.0.0.1 /myapp/admin.php/Login/dologin.html
INFO: [ app_init ] --START--
INFO: Run Behavior\BuildLiteBehavior [ RunTime:0.000031s ]
INFO: [ app_init ] --END-- [ RunTime:0.001217s ]
INFO: [ app_begin ] --START--
INFO: Run Behavior\ReadHtmlCacheBehavior [ RunTime:0.001427s ]
INFO: [ app_begin ] --END-- [ RunTime:0.001528s ]
SQL: SHOW COLUMNS FROM `think_setting` [ RunTime:0.0037s ]
SQL: SELECT `k`,`v` FROM `think_setting`  [ RunTime:0.0003s ]
NOTIC: [8] Undefined variable: config C:\xampp\htdocs\myapp\Application\Common\Common\function.php 第 29 行.
SQL: SHOW COLUMNS FROM `think_member` [ RunTime:0.0059s ]
SQL: SELECT `id`,`username` FROM `think_member` WHERE `username` = 'administrator' AND `password` = '87d6011ac290001e3037197c5bede68b' LIMIT 1   [ RunTime:0.0006s ]
NOTIC: [8] A session had already been started - ignoring session_start() C:\xampp\htdocs\myapp\Application\Admin\Controller\LoginController.class.php 第 94 行.
SQL: SHOW COLUMNS FROM `think_log` [ RunTime:0.0116s ]
NOTIC: [8] A session had already been started - ignoring session_start() C:\xampp\htdocs\myapp\Application\Admin\Common\function.php 第 14 行.
SQL: SELECT `username` FROM `think_member` WHERE `id` = 1 LIMIT 1   [ RunTime:0.0004s ]
SQL: INSERT INTO `think_log` (`username`,`time`,`ip`,`log`) VALUES ('administrator','1474872992','127','登陆成功') [ RunTime:0.0008s ]

[ 2016-09-26T14:56:33+08:00 ] 127.0.0.1 /myapp/admin.php/Index/index.html
INFO: [ app_init ] --START--
INFO: Run Behavior\BuildLiteBehavior [ RunTime:0.000017s ]
INFO: [ app_init ] --END-- [ RunTime:0.000586s ]
INFO: [ app_begin ] --START--
INFO: Run Behavior\ReadHtmlCacheBehavior [ RunTime:0.000969s ]
INFO: [ app_begin ] --END-- [ RunTime:0.001037s ]
SQL: SHOW COLUMNS FROM `think_setting` [ RunTime:0.0042s ]
SQL: SELECT `k`,`v` FROM `think_setting`  [ RunTime:0.0003s ]
NOTIC: [8] Undefined variable: config C:\xampp\htdocs\myapp\Application\Common\Common\function.php 第 29 行.
NOTIC: [8] A session had already been started - ignoring session_start() C:\xampp\htdocs\myapp\Application\Admin\Controller\CommonController.class.php 第 123 行.
SQL: SHOW COLUMNS FROM `think_member` [ RunTime:0.0041s ]
SQL: SELECT * FROM `think_member` WHERE `id` = 1 LIMIT 1   [ RunTime:0.0005s ]
SQL: SHOW COLUMNS FROM `think_auth_group` [ RunTime:0.0049s ]
SQL: SELECT * FROM `think_auth_group` INNER JOIN think_auth_group_access on think_auth_group.id=think_auth_group_access.group_id  WHERE think_auth_group_access.uid = '1'  [ RunTime:0.0082s ]
SQL: SHOW COLUMNS FROM `think_member` [ RunTime:0.0052s ]
SQL: SELECT * FROM `think_member` WHERE `id` = 1 LIMIT 1   [ RunTime:0.0004s ]
SQL: SELECT s.id,s.title,s.name,s.tips,s.pid,p.pid as ppid,p.title as ptitle FROM think_auth_rule s left join think_auth_rule p on p.id=s.pid where s.name='Index/index' [ RunTime:0.0028s ]

