[ 2016-10-10T09:49:24+08:00 ] ::1 /myapp/admin.php
INFO: [ app_init ] --START--
INFO: Run Behavior\BuildLiteBehavior [ RunTime:0.000000s ]
INFO: [ app_init ] --END-- [ RunTime:0.000000s ]
INFO: [ app_begin ] --START--
INFO: Run Behavior\ReadHtmlCacheBehavior [ RunTime:0.001000s ]
INFO: [ app_begin ] --END-- [ RunTime:0.001000s ]
SQL: SHOW COLUMNS FROM `think_setting` [ RunTime:0.0520s ]
SQL: SELECT `k`,`v` FROM `think_setting`  [ RunTime:0.0010s ]
NOTIC: [8] Undefined variable: config C:\xampp\htdocs\myapp\Application\Common\Common\function.php 第 29 行.
NOTIC: [8] A session had already been started - ignoring session_start() C:\xampp\htdocs\myapp\Application\Admin\Controller\CommonController.class.php 第 122 行.
SQL: SHOW COLUMNS FROM `think_member` [ RunTime:0.0400s ]
SQL: SELECT * FROM `think_member` WHERE `id` = 1 LIMIT 1   [ RunTime:0.0010s ]
SQL: SHOW COLUMNS FROM `think_auth_group` [ RunTime:0.0340s ]
SQL: SELECT * FROM `think_auth_group` INNER JOIN think_auth_group_access on think_auth_group.id=think_auth_group_access.group_id  WHERE think_auth_group_access.uid = '1'  [ RunTime:0.0230s ]
SQL: SHOW COLUMNS FROM `think_member` [ RunTime:0.0040s ]
SQL: SELECT * FROM `think_member` WHERE `id` = 1 LIMIT 1   [ RunTime:0.0000s ]
SQL: SELECT s.id,s.title,s.name,s.tips,s.pid,p.pid as ppid,p.title as ptitle FROM think_auth_rule s left join think_auth_rule p on p.id=s.pid where s.name='Index/index' [ RunTime:0.0300s ]
SQL: SHOW COLUMNS FROM `think_auth_rule` [ RunTime:0.0030s ]
SQL: SELECT `id`,`title`,`pid`,`name`,`icon` FROM `think_auth_rule` WHERE ( islink=1   ) ORDER BY o ASC  [ RunTime:0.0010s ]
SQL: SHOW COLUMNS FROM `think_log` [ RunTime:0.0470s ]
SQL: DELETE FROM `think_log` WHERE ( time < 1470880164 ) [ RunTime:0.0010s ]
SQL: SELECT COUNT(*) AS tp_count FROM `think_log` LIMIT 1   [ RunTime:0.0000s ]
SQL: SELECT * FROM `think_log` ORDER BY id desc LIMIT 0,25   [ RunTime:0.0010s ]
INFO: [ view_parse ] --START--
INFO: [ template_filter ] --START--
INFO: Run Behavior\ContentReplaceBehavior [ RunTime:0.000000s ]
INFO: [ template_filter ] --END-- [ RunTime:0.000000s ]
SQL: select version() as v; [ RunTime:0.0000s ]
INFO: Run Behavior\ParseTemplateBehavior [ RunTime:0.019001s ]
INFO: [ view_parse ] --END-- [ RunTime:0.019001s ]
INFO: [ view_filter ] --START--
INFO: Run Behavior\WriteHtmlCacheBehavior [ RunTime:0.000000s ]
INFO: [ view_filter ] --END-- [ RunTime:0.000000s ]
INFO: [ app_end ] --START--
INFO: Run Behavior\ShowPageTraceBehavior [ RunTime:0.000000s ]
INFO: [ app_end ] --END-- [ RunTime:0.001000s ]

[ 2016-10-10T09:49:26+08:00 ] ::1 /myapp/admin.php
INFO: [ app_init ] --START--
INFO: Run Behavior\BuildLiteBehavior [ RunTime:0.000000s ]
INFO: [ app_init ] --END-- [ RunTime:0.001000s ]
INFO: [ app_begin ] --START--
INFO: Run Behavior\ReadHtmlCacheBehavior [ RunTime:0.001000s ]
INFO: [ app_begin ] --END-- [ RunTime:0.001000s ]
SQL: SHOW COLUMNS FROM `think_setting` [ RunTime:0.0040s ]
SQL: SELECT `k`,`v` FROM `think_setting`  [ RunTime:0.0000s ]
NOTIC: [8] Undefined variable: config C:\xampp\htdocs\myapp\Application\Common\Common\function.php 第 29 行.
NOTIC: [8] A session had already been started - ignoring session_start() C:\xampp\htdocs\myapp\Application\Admin\Controller\CommonController.class.php 第 122 行.
SQL: SHOW COLUMNS FROM `think_member` [ RunTime:0.0040s ]
SQL: SELECT * FROM `think_member` WHERE `id` = 1 LIMIT 1   [ RunTime:0.0010s ]
SQL: SHOW COLUMNS FROM `think_auth_group` [ RunTime:0.0040s ]
SQL: SELECT * FROM `think_auth_group` INNER JOIN think_auth_group_access on think_auth_group.id=think_auth_group_access.group_id  WHERE think_auth_group_access.uid = '1'  [ RunTime:0.0000s ]
SQL: SHOW COLUMNS FROM `think_member` [ RunTime:0.0040s ]
SQL: SELECT * FROM `think_member` WHERE `id` = 1 LIMIT 1   [ RunTime:0.0000s ]
SQL: SELECT s.id,s.title,s.name,s.tips,s.pid,p.pid as ppid,p.title as ptitle FROM think_auth_rule s left join think_auth_rule p on p.id=s.pid where s.name='Index/index' [ RunTime:0.0010s ]
SQL: SHOW COLUMNS FROM `think_auth_rule` [ RunTime:0.0040s ]
SQL: SELECT `id`,`title`,`pid`,`name`,`icon` FROM `think_auth_rule` WHERE ( islink=1   ) ORDER BY o ASC  [ RunTime:0.0020s ]
SQL: SHOW COLUMNS FROM `think_log` [ RunTime:0.0040s ]
SQL: DELETE FROM `think_log` WHERE ( time < 1470880166 ) [ RunTime:0.0010s ]
SQL: SELECT COUNT(*) AS tp_count FROM `think_log` LIMIT 1   [ RunTime:0.0000s ]
SQL: SELECT * FROM `think_log` ORDER BY id desc LIMIT 0,25   [ RunTime:0.0010s ]
INFO: [ view_parse ] --START--
INFO: [ template_filter ] --START--
INFO: Run Behavior\ContentReplaceBehavior [ RunTime:0.000000s ]
INFO: [ template_filter ] --END-- [ RunTime:0.000000s ]
SQL: select version() as v; [ RunTime:0.0000s ]
INFO: Run Behavior\ParseTemplateBehavior [ RunTime:0.017001s ]
INFO: [ view_parse ] --END-- [ RunTime:0.017001s ]
INFO: [ view_filter ] --START--
INFO: Run Behavior\WriteHtmlCacheBehavior [ RunTime:0.000000s ]
INFO: [ view_filter ] --END-- [ RunTime:0.000000s ]
INFO: [ app_end ] --START--
INFO: Run Behavior\ShowPageTraceBehavior [ RunTime:0.001000s ]
INFO: [ app_end ] --END-- [ RunTime:0.001000s ]

[ 2016-10-10T09:49:48+08:00 ] ::1 /myapp/admin.php/Logout/logout.html
INFO: [ app_init ] --START--
INFO: Run Behavior\BuildLiteBehavior [ RunTime:0.000000s ]
INFO: [ app_init ] --END-- [ RunTime:0.001000s ]
INFO: [ app_begin ] --START--
INFO: Run Behavior\ReadHtmlCacheBehavior [ RunTime:0.001000s ]
INFO: [ app_begin ] --END-- [ RunTime:0.001000s ]
SQL: SHOW COLUMNS FROM `think_setting` [ RunTime:0.0040s ]
SQL: SELECT `k`,`v` FROM `think_setting`  [ RunTime:0.0000s ]
NOTIC: [8] Undefined variable: config C:\xampp\htdocs\myapp\Application\Common\Common\function.php 第 29 行.
NOTIC: [8] A session had already been started - ignoring session_start() C:\xampp\htdocs\myapp\Application\Admin\Controller\CommonController.class.php 第 122 行.
SQL: SHOW COLUMNS FROM `think_member` [ RunTime:0.0030s ]
SQL: SELECT * FROM `think_member` WHERE `id` = 1 LIMIT 1   [ RunTime:0.0000s ]
SQL: SHOW COLUMNS FROM `think_auth_group` [ RunTime:0.0030s ]
SQL: SELECT * FROM `think_auth_group` INNER JOIN think_auth_group_access on think_auth_group.id=think_auth_group_access.group_id  WHERE think_auth_group_access.uid = '1'  [ RunTime:0.0010s ]
SQL: SHOW COLUMNS FROM `think_member` [ RunTime:0.0040s ]
SQL: SELECT * FROM `think_member` WHERE `id` = 1 LIMIT 1   [ RunTime:0.0000s ]
SQL: SELECT s.id,s.title,s.name,s.tips,s.pid,p.pid as ppid,p.title as ptitle FROM think_auth_rule s left join think_auth_rule p on p.id=s.pid where s.name='Logout/logout' [ RunTime:0.0000s ]
NOTIC: [8] Undefined offset: 0 C:\xampp\htdocs\myapp\Application\Admin\Controller\CommonController.class.php 第 67 行.
SQL: SHOW COLUMNS FROM `think_auth_rule` [ RunTime:0.0040s ]
SQL: SELECT `id`,`title`,`pid`,`name`,`icon` FROM `think_auth_rule` WHERE ( islink=1   ) ORDER BY o ASC  [ RunTime:0.0010s ]

[ 2016-10-10T09:49:48+08:00 ] ::1 /myapp/admin.php/Login/index.html
INFO: [ app_init ] --START--
INFO: Run Behavior\BuildLiteBehavior [ RunTime:0.000000s ]
INFO: [ app_init ] --END-- [ RunTime:0.001000s ]
INFO: [ app_begin ] --START--
INFO: Run Behavior\ReadHtmlCacheBehavior [ RunTime:0.001000s ]
INFO: [ app_begin ] --END-- [ RunTime:0.001000s ]
SQL: SHOW COLUMNS FROM `think_setting` [ RunTime:0.0040s ]
SQL: SELECT `k`,`v` FROM `think_setting`  [ RunTime:0.0000s ]
NOTIC: [8] Undefined variable: config C:\xampp\htdocs\myapp\Application\Common\Common\function.php 第 29 行.
NOTIC: [8] A session had already been started - ignoring session_start() C:\xampp\htdocs\myapp\Application\Admin\Controller\CommonController.class.php 第 122 行.
INFO: [ view_parse ] --START--
INFO: [ template_filter ] --START--
INFO: Run Behavior\ContentReplaceBehavior [ RunTime:0.000000s ]
INFO: [ template_filter ] --END-- [ RunTime:0.000000s ]
INFO: Run Behavior\ParseTemplateBehavior [ RunTime:0.007000s ]
INFO: [ view_parse ] --END-- [ RunTime:0.007000s ]
INFO: [ view_filter ] --START--
INFO: Run Behavior\WriteHtmlCacheBehavior [ RunTime:0.001000s ]
INFO: [ view_filter ] --END-- [ RunTime:0.001000s ]
INFO: [ app_end ] --START--
INFO: Run Behavior\ShowPageTraceBehavior [ RunTime:0.001000s ]
INFO: [ app_end ] --END-- [ RunTime:0.001000s ]

[ 2016-10-10T09:49:48+08:00 ] ::1 /myapp/admin.php/Login/code.html
INFO: [ app_init ] --START--
INFO: Run Behavior\BuildLiteBehavior [ RunTime:0.000000s ]
INFO: [ app_init ] --END-- [ RunTime:0.000000s ]
INFO: [ app_begin ] --START--
INFO: Run Behavior\ReadHtmlCacheBehavior [ RunTime:0.004000s ]
INFO: [ app_begin ] --END-- [ RunTime:0.004000s ]
SQL: SHOW COLUMNS FROM `think_setting` [ RunTime:0.0050s ]
SQL: SELECT `k`,`v` FROM `think_setting`  [ RunTime:0.0000s ]
NOTIC: [8] Undefined variable: config C:\xampp\htdocs\myapp\Application\Common\Common\function.php 第 29 行.
INFO: [ app_end ] --START--
INFO: Run Behavior\ShowPageTraceBehavior [ RunTime:0.001000s ]
INFO: [ app_end ] --END-- [ RunTime:0.001000s ]

[ 2016-10-10T09:50:00+08:00 ] ::1 /myapp/admin.php/Login/dologin.html
INFO: [ app_init ] --START--
INFO: Run Behavior\BuildLiteBehavior [ RunTime:0.000000s ]
INFO: [ app_init ] --END-- [ RunTime:0.000000s ]
INFO: [ app_begin ] --START--
INFO: Run Behavior\ReadHtmlCacheBehavior [ RunTime:0.001000s ]
INFO: [ app_begin ] --END-- [ RunTime:0.001000s ]
SQL: SHOW COLUMNS FROM `think_setting` [ RunTime:0.0040s ]
SQL: SELECT `k`,`v` FROM `think_setting`  [ RunTime:0.0000s ]
NOTIC: [8] Undefined variable: config C:\xampp\htdocs\myapp\Application\Common\Common\function.php 第 29 行.
SQL: SHOW COLUMNS FROM `think_member` [ RunTime:0.0040s ]
SQL: SELECT `id`,`username` FROM `think_member` WHERE `username` = 'administrator' AND `password` = '87d6011ac290001e3037197c5bede68b' LIMIT 1   [ RunTime:0.0010s ]
NOTIC: [8] A session had already been started - ignoring session_start() C:\xampp\htdocs\myapp\Application\Admin\Controller\LoginController.class.php 第 94 行.
SQL: SHOW COLUMNS FROM `think_log` [ RunTime:0.0040s ]
NOTIC: [8] A session had already been started - ignoring session_start() C:\xampp\htdocs\myapp\Application\Admin\Common\function.php 第 14 行.
SQL: SELECT `username` FROM `think_member` WHERE `id` = 1 LIMIT 1   [ RunTime:0.0000s ]
SQL: INSERT INTO `think_log` (`username`,`time`,`ip`,`log`) VALUES ('administrator','1476064200','0','登陆成功') [ RunTime:0.0010s ]

[ 2016-10-10T09:50:01+08:00 ] ::1 /myapp/admin.php/Index/index.html
INFO: [ app_init ] --START--
INFO: Run Behavior\BuildLiteBehavior [ RunTime:0.000000s ]
INFO: [ app_init ] --END-- [ RunTime:0.001000s ]
INFO: [ app_begin ] --START--
INFO: Run Behavior\ReadHtmlCacheBehavior [ RunTime:0.000000s ]
INFO: [ app_begin ] --END-- [ RunTime:0.000000s ]
SQL: SHOW COLUMNS FROM `think_setting` [ RunTime:0.0040s ]
SQL: SELECT `k`,`v` FROM `think_setting`  [ RunTime:0.0000s ]
NOTIC: [8] Undefined variable: config C:\xampp\htdocs\myapp\Application\Common\Common\function.php 第 29 行.
NOTIC: [8] A session had already been started - ignoring session_start() C:\xampp\htdocs\myapp\Application\Admin\Controller\CommonController.class.php 第 122 行.
SQL: SHOW COLUMNS FROM `think_member` [ RunTime:0.0040s ]
SQL: SELECT * FROM `think_member` WHERE `id` = 1 LIMIT 1   [ RunTime:0.0000s ]
SQL: SHOW COLUMNS FROM `think_auth_group` [ RunTime:0.0040s ]
SQL: SELECT * FROM `think_auth_group` INNER JOIN think_auth_group_access on think_auth_group.id=think_auth_group_access.group_id  WHERE think_auth_group_access.uid = '1'  [ RunTime:0.0000s ]
SQL: SHOW COLUMNS FROM `think_member` [ RunTime:0.0040s ]
SQL: SELECT * FROM `think_member` WHERE `id` = 1 LIMIT 1   [ RunTime:0.0010s ]
SQL: SELECT s.id,s.title,s.name,s.tips,s.pid,p.pid as ppid,p.title as ptitle FROM think_auth_rule s left join think_auth_rule p on p.id=s.pid where s.name='Index/index' [ RunTime:0.0000s ]
SQL: SHOW COLUMNS FROM `think_auth_rule` [ RunTime:0.0040s ]
SQL: SELECT `id`,`title`,`pid`,`name`,`icon` FROM `think_auth_rule` WHERE ( islink=1   ) ORDER BY o ASC  [ RunTime:0.0010s ]
SQL: SHOW COLUMNS FROM `think_log` [ RunTime:0.0030s ]
SQL: DELETE FROM `think_log` WHERE ( time < 1470880201 ) [ RunTime:0.0000s ]
SQL: SELECT COUNT(*) AS tp_count FROM `think_log` LIMIT 1   [ RunTime:0.0000s ]
SQL: SELECT * FROM `think_log` ORDER BY id desc LIMIT 0,25   [ RunTime:0.0010s ]
INFO: [ view_parse ] --START--
INFO: [ template_filter ] --START--
INFO: Run Behavior\ContentReplaceBehavior [ RunTime:0.000000s ]
INFO: [ template_filter ] --END-- [ RunTime:0.000000s ]
SQL: select version() as v; [ RunTime:0.0010s ]
INFO: Run Behavior\ParseTemplateBehavior [ RunTime:0.019001s ]
INFO: [ view_parse ] --END-- [ RunTime:0.019001s ]
INFO: [ view_filter ] --START--
INFO: Run Behavior\WriteHtmlCacheBehavior [ RunTime:0.000000s ]
INFO: [ view_filter ] --END-- [ RunTime:0.001000s ]
INFO: [ app_end ] --START--
INFO: Run Behavior\ShowPageTraceBehavior [ RunTime:0.000000s ]
INFO: [ app_end ] --END-- [ RunTime:0.001000s ]

[ 2016-10-10T22:20:54+08:00 ] ::1 /myapp/admin.php
INFO: [ app_init ] --START--
INFO: Run Behavior\BuildLiteBehavior [ RunTime:0.000000s ]
INFO: [ app_init ] --END-- [ RunTime:0.001000s ]
INFO: [ app_begin ] --START--
INFO: Run Behavior\ReadHtmlCacheBehavior [ RunTime:0.001000s ]
INFO: [ app_begin ] --END-- [ RunTime:0.001000s ]
SQL: SHOW COLUMNS FROM `think_setting` [ RunTime:0.0040s ]
SQL: SELECT `k`,`v` FROM `think_setting`  [ RunTime:0.0010s ]
NOTIC: [8] Undefined variable: config C:\xampp\htdocs\myapp\Application\Common\Common\function.php 第 29 行.
NOTIC: [8] A session had already been started - ignoring session_start() C:\xampp\htdocs\myapp\Application\Admin\Controller\CommonController.class.php 第 122 行.

[ 2016-10-10T22:20:54+08:00 ] ::1 /myapp/admin.php/Login/index.html
INFO: [ app_init ] --START--
INFO: Run Behavior\BuildLiteBehavior [ RunTime:0.000000s ]
INFO: [ app_init ] --END-- [ RunTime:0.000000s ]
INFO: [ app_begin ] --START--
INFO: Run Behavior\ReadHtmlCacheBehavior [ RunTime:0.001000s ]
INFO: [ app_begin ] --END-- [ RunTime:0.001000s ]
SQL: SHOW COLUMNS FROM `think_setting` [ RunTime:0.0040s ]
SQL: SELECT `k`,`v` FROM `think_setting`  [ RunTime:0.0010s ]
NOTIC: [8] Undefined variable: config C:\xampp\htdocs\myapp\Application\Common\Common\function.php 第 29 行.
NOTIC: [8] A session had already been started - ignoring session_start() C:\xampp\htdocs\myapp\Application\Admin\Controller\CommonController.class.php 第 122 行.
INFO: [ view_parse ] --START--
INFO: [ template_filter ] --START--
INFO: Run Behavior\ContentReplaceBehavior [ RunTime:0.000000s ]
INFO: [ template_filter ] --END-- [ RunTime:0.000000s ]
INFO: Run Behavior\ParseTemplateBehavior [ RunTime:0.009001s ]
INFO: [ view_parse ] --END-- [ RunTime:0.009001s ]
INFO: [ view_filter ] --START--
INFO: Run Behavior\WriteHtmlCacheBehavior [ RunTime:0.000000s ]
INFO: [ view_filter ] --END-- [ RunTime:0.001000s ]
INFO: [ app_end ] --START--
INFO: Run Behavior\ShowPageTraceBehavior [ RunTime:0.000000s ]
INFO: [ app_end ] --END-- [ RunTime:0.000000s ]

[ 2016-10-10T22:20:54+08:00 ] ::1 /myapp/admin.php/Login/code.html
INFO: [ app_init ] --START--
INFO: Run Behavior\BuildLiteBehavior [ RunTime:0.000000s ]
INFO: [ app_init ] --END-- [ RunTime:0.001000s ]
INFO: [ app_begin ] --START--
INFO: Run Behavior\ReadHtmlCacheBehavior [ RunTime:0.001000s ]
INFO: [ app_begin ] --END-- [ RunTime:0.001000s ]
SQL: SHOW COLUMNS FROM `think_setting` [ RunTime:0.0050s ]
SQL: SELECT `k`,`v` FROM `think_setting`  [ RunTime:0.0000s ]
NOTIC: [8] Undefined variable: config C:\xampp\htdocs\myapp\Application\Common\Common\function.php 第 29 行.
INFO: [ app_end ] --START--
INFO: Run Behavior\ShowPageTraceBehavior [ RunTime:0.001000s ]
INFO: [ app_end ] --END-- [ RunTime:0.001000s ]

[ 2016-10-10T22:21:08+08:00 ] ::1 /myapp/admin.php/Login/dologin.html
INFO: [ app_init ] --START--
INFO: Run Behavior\BuildLiteBehavior [ RunTime:0.000000s ]
INFO: [ app_init ] --END-- [ RunTime:0.001000s ]
INFO: [ app_begin ] --START--
INFO: Run Behavior\ReadHtmlCacheBehavior [ RunTime:0.001001s ]
INFO: [ app_begin ] --END-- [ RunTime:0.001001s ]
SQL: SHOW COLUMNS FROM `think_setting` [ RunTime:0.0040s ]
SQL: SELECT `k`,`v` FROM `think_setting`  [ RunTime:0.0010s ]
NOTIC: [8] Undefined variable: config C:\xampp\htdocs\myapp\Application\Common\Common\function.php 第 29 行.
SQL: SHOW COLUMNS FROM `think_member` [ RunTime:0.0040s ]
SQL: SELECT `id`,`username` FROM `think_member` WHERE `username` = 'administrator' AND `password` = '87d6011ac290001e3037197c5bede68b' LIMIT 1   [ RunTime:0.0000s ]
NOTIC: [8] A session had already been started - ignoring session_start() C:\xampp\htdocs\myapp\Application\Admin\Controller\LoginController.class.php 第 94 行.
SQL: SHOW COLUMNS FROM `think_log` [ RunTime:0.0040s ]
NOTIC: [8] A session had already been started - ignoring session_start() C:\xampp\htdocs\myapp\Application\Admin\Common\function.php 第 14 行.
SQL: SELECT `username` FROM `think_member` WHERE `id` = 1 LIMIT 1   [ RunTime:0.0000s ]
SQL: INSERT INTO `think_log` (`username`,`time`,`ip`,`log`) VALUES ('administrator','1476109268','0','登陆成功') [ RunTime:0.0000s ]

[ 2016-10-10T22:21:08+08:00 ] ::1 /myapp/admin.php/Index/index.html
INFO: [ app_init ] --START--
INFO: Run Behavior\BuildLiteBehavior [ RunTime:0.000000s ]
INFO: [ app_init ] --END-- [ RunTime:0.001000s ]
INFO: [ app_begin ] --START--
INFO: Run Behavior\ReadHtmlCacheBehavior [ RunTime:0.000000s ]
INFO: [ app_begin ] --END-- [ RunTime:0.000000s ]
SQL: SHOW COLUMNS FROM `think_setting` [ RunTime:0.0040s ]
SQL: SELECT `k`,`v` FROM `think_setting`  [ RunTime:0.0010s ]
NOTIC: [8] Undefined variable: config C:\xampp\htdocs\myapp\Application\Common\Common\function.php 第 29 行.
NOTIC: [8] A session had already been started - ignoring session_start() C:\xampp\htdocs\myapp\Application\Admin\Controller\CommonController.class.php 第 122 行.
SQL: SHOW COLUMNS FROM `think_member` [ RunTime:0.0040s ]
SQL: SELECT * FROM `think_member` WHERE `id` = 1 LIMIT 1   [ RunTime:0.0010s ]
SQL: SHOW COLUMNS FROM `think_auth_group` [ RunTime:0.0050s ]
SQL: SELECT * FROM `think_auth_group` INNER JOIN think_auth_group_access on think_auth_group.id=think_auth_group_access.group_id  WHERE think_auth_group_access.uid = '1'  [ RunTime:0.0010s ]
SQL: SHOW COLUMNS FROM `think_member` [ RunTime:0.0040s ]
SQL: SELECT * FROM `think_member` WHERE `id` = 1 LIMIT 1   [ RunTime:0.0010s ]
SQL: SELECT s.id,s.title,s.name,s.tips,s.pid,p.pid as ppid,p.title as ptitle FROM think_auth_rule s left join think_auth_rule p on p.id=s.pid where s.name='Index/index' [ RunTime:0.0000s ]
SQL: SHOW COLUMNS FROM `think_auth_rule` [ RunTime:0.0040s ]
SQL: SELECT `id`,`title`,`pid`,`name`,`icon` FROM `think_auth_rule` WHERE ( islink=1   ) ORDER BY o ASC  [ RunTime:0.0010s ]
SQL: SHOW COLUMNS FROM `think_log` [ RunTime:0.0040s ]
SQL: DELETE FROM `think_log` WHERE ( time < 1470925268 ) [ RunTime:0.0090s ]
SQL: SELECT COUNT(*) AS tp_count FROM `think_log` LIMIT 1   [ RunTime:0.0000s ]
SQL: SELECT * FROM `think_log` ORDER BY id desc LIMIT 0,25   [ RunTime:0.0010s ]
INFO: [ view_parse ] --START--
INFO: [ template_filter ] --START--
INFO: Run Behavior\ContentReplaceBehavior [ RunTime:0.000000s ]
INFO: [ template_filter ] --END-- [ RunTime:0.000000s ]
SQL: select version() as v; [ RunTime:0.0000s ]
INFO: Run Behavior\ParseTemplateBehavior [ RunTime:0.019001s ]
INFO: [ view_parse ] --END-- [ RunTime:0.019001s ]
INFO: [ view_filter ] --START--
INFO: Run Behavior\WriteHtmlCacheBehavior [ RunTime:0.000000s ]
INFO: [ view_filter ] --END-- [ RunTime:0.000000s ]
INFO: [ app_end ] --START--
INFO: Run Behavior\ShowPageTraceBehavior [ RunTime:0.000000s ]
INFO: [ app_end ] --END-- [ RunTime:0.000000s ]

[ 2016-10-10T22:21:27+08:00 ] ::1 /myapp/admin.php/Category/test
INFO: [ app_init ] --START--
INFO: Run Behavior\BuildLiteBehavior [ RunTime:0.000000s ]
INFO: [ app_init ] --END-- [ RunTime:0.000000s ]
INFO: [ app_begin ] --START--
INFO: Run Behavior\ReadHtmlCacheBehavior [ RunTime:0.001000s ]
INFO: [ app_begin ] --END-- [ RunTime:0.001000s ]

[ 2016-10-10T22:21:41+08:00 ] ::1 /myapp/admin.php/Category/test
INFO: [ app_init ] --START--
INFO: Run Behavior\BuildLiteBehavior [ RunTime:0.000000s ]
INFO: [ app_init ] --END-- [ RunTime:0.000000s ]
INFO: [ app_begin ] --START--
INFO: Run Behavior\ReadHtmlCacheBehavior [ RunTime:0.000000s ]
INFO: [ app_begin ] --END-- [ RunTime:0.000000s ]
SQL: SHOW COLUMNS FROM `think_setting` [ RunTime:0.0040s ]
SQL: SELECT `k`,`v` FROM `think_setting`  [ RunTime:0.0000s ]
NOTIC: [8] Undefined variable: config C:\xampp\htdocs\myapp\Application\Common\Common\function.php 第 29 行.
NOTIC: [8] A session had already been started - ignoring session_start() C:\xampp\htdocs\myapp\Application\Admin\Controller\CommonController.class.php 第 122 行.
SQL: SHOW COLUMNS FROM `think_member` [ RunTime:0.0040s ]
SQL: SELECT * FROM `think_member` WHERE `id` = 1 LIMIT 1   [ RunTime:0.0010s ]
SQL: SHOW COLUMNS FROM `think_auth_group` [ RunTime:0.0040s ]
SQL: SELECT * FROM `think_auth_group` INNER JOIN think_auth_group_access on think_auth_group.id=think_auth_group_access.group_id  WHERE think_auth_group_access.uid = '1'  [ RunTime:0.0010s ]
SQL: SHOW COLUMNS FROM `think_member` [ RunTime:0.0050s ]
SQL: SELECT * FROM `think_member` WHERE `id` = 1 LIMIT 1   [ RunTime:0.0000s ]
SQL: SELECT s.id,s.title,s.name,s.tips,s.pid,p.pid as ppid,p.title as ptitle FROM think_auth_rule s left join think_auth_rule p on p.id=s.pid where s.name='Category/test' [ RunTime:0.0000s ]
NOTIC: [8] Undefined offset: 0 C:\xampp\htdocs\myapp\Application\Admin\Controller\CommonController.class.php 第 67 行.
SQL: SHOW COLUMNS FROM `think_auth_rule` [ RunTime:0.0060s ]
SQL: SELECT `id`,`title`,`pid`,`name`,`icon` FROM `think_auth_rule` WHERE ( islink=1   ) ORDER BY o ASC  [ RunTime:0.0020s ]

[ 2016-10-10T22:22:16+08:00 ] ::1 /myapp/admin.php/Category/test
INFO: [ app_init ] --START--
INFO: Run Behavior\BuildLiteBehavior [ RunTime:0.000000s ]
INFO: [ app_init ] --END-- [ RunTime:0.000000s ]
INFO: [ app_begin ] --START--
INFO: Run Behavior\ReadHtmlCacheBehavior [ RunTime:0.001000s ]
INFO: [ app_begin ] --END-- [ RunTime:0.001000s ]
SQL: SHOW COLUMNS FROM `think_setting` [ RunTime:0.0040s ]
SQL: SELECT `k`,`v` FROM `think_setting`  [ RunTime:0.0000s ]
NOTIC: [8] Undefined variable: config C:\xampp\htdocs\myapp\Application\Common\Common\function.php 第 29 行.
NOTIC: [8] A session had already been started - ignoring session_start() C:\xampp\htdocs\myapp\Application\Admin\Controller\CommonController.class.php 第 122 行.
SQL: SHOW COLUMNS FROM `think_member` [ RunTime:0.0040s ]
SQL: SELECT * FROM `think_member` WHERE `id` = 1 LIMIT 1   [ RunTime:0.0010s ]
SQL: SHOW COLUMNS FROM `think_auth_group` [ RunTime:0.0040s ]
SQL: SELECT * FROM `think_auth_group` INNER JOIN think_auth_group_access on think_auth_group.id=think_auth_group_access.group_id  WHERE think_auth_group_access.uid = '1'  [ RunTime:0.0000s ]
SQL: SHOW COLUMNS FROM `think_member` [ RunTime:0.0040s ]
SQL: SELECT * FROM `think_member` WHERE `id` = 1 LIMIT 1   [ RunTime:0.0000s ]
SQL: SELECT s.id,s.title,s.name,s.tips,s.pid,p.pid as ppid,p.title as ptitle FROM think_auth_rule s left join think_auth_rule p on p.id=s.pid where s.name='Category/test' [ RunTime:0.0010s ]
NOTIC: [8] Undefined offset: 0 C:\xampp\htdocs\myapp\Application\Admin\Controller\CommonController.class.php 第 67 行.
SQL: SHOW COLUMNS FROM `think_auth_rule` [ RunTime:0.0040s ]
SQL: SELECT `id`,`title`,`pid`,`name`,`icon` FROM `think_auth_rule` WHERE ( islink=1   ) ORDER BY o ASC  [ RunTime:0.0010s ]
INFO: [ app_end ] --START--
INFO: Run Behavior\ShowPageTraceBehavior [ RunTime:0.001000s ]
INFO: [ app_end ] --END-- [ RunTime:0.001000s ]

[ 2016-10-10T22:47:37+08:00 ] ::1 /myapp/admin.php/Category/test
INFO: [ app_init ] --START--
INFO: Run Behavior\BuildLiteBehavior [ RunTime:0.000000s ]
INFO: [ app_init ] --END-- [ RunTime:0.000000s ]
INFO: [ app_begin ] --START--
INFO: Run Behavior\ReadHtmlCacheBehavior [ RunTime:0.001001s ]
INFO: [ app_begin ] --END-- [ RunTime:0.001001s ]
SQL: SHOW COLUMNS FROM `think_setting` [ RunTime:0.0040s ]
SQL: SELECT `k`,`v` FROM `think_setting`  [ RunTime:0.0000s ]
NOTIC: [8] Undefined variable: config C:\xampp\htdocs\myapp\Application\Common\Common\function.php 第 29 行.
NOTIC: [8] A session had already been started - ignoring session_start() C:\xampp\htdocs\myapp\Application\Admin\Controller\CommonController.class.php 第 122 行.
SQL: SHOW COLUMNS FROM `think_member` [ RunTime:0.0030s ]
SQL: SELECT * FROM `think_member` WHERE `id` = 1 LIMIT 1   [ RunTime:0.0010s ]
SQL: SHOW COLUMNS FROM `think_auth_group` [ RunTime:0.0030s ]
SQL: SELECT * FROM `think_auth_group` INNER JOIN think_auth_group_access on think_auth_group.id=think_auth_group_access.group_id  WHERE think_auth_group_access.uid = '1'  [ RunTime:0.0010s ]
SQL: SHOW COLUMNS FROM `think_member` [ RunTime:0.0040s ]
SQL: SELECT * FROM `think_member` WHERE `id` = 1 LIMIT 1   [ RunTime:0.0010s ]
SQL: SELECT s.id,s.title,s.name,s.tips,s.pid,p.pid as ppid,p.title as ptitle FROM think_auth_rule s left join think_auth_rule p on p.id=s.pid where s.name='Category/test' [ RunTime:0.0000s ]
NOTIC: [8] Undefined offset: 0 C:\xampp\htdocs\myapp\Application\Admin\Controller\CommonController.class.php 第 67 行.
SQL: SHOW COLUMNS FROM `think_auth_rule` [ RunTime:0.0040s ]
SQL: SELECT `id`,`title`,`pid`,`name`,`icon` FROM `think_auth_rule` WHERE ( islink=1   ) ORDER BY o ASC  [ RunTime:0.0010s ]

[ 2016-10-10T22:47:59+08:00 ] ::1 /myapp/admin.php/Category/test
INFO: [ app_init ] --START--
INFO: Run Behavior\BuildLiteBehavior [ RunTime:0.000000s ]
INFO: [ app_init ] --END-- [ RunTime:0.000000s ]
INFO: [ app_begin ] --START--
INFO: Run Behavior\ReadHtmlCacheBehavior [ RunTime:0.001000s ]
INFO: [ app_begin ] --END-- [ RunTime:0.001000s ]
SQL: SHOW COLUMNS FROM `think_setting` [ RunTime:0.0040s ]
SQL: SELECT `k`,`v` FROM `think_setting`  [ RunTime:0.0000s ]
NOTIC: [8] Undefined variable: config C:\xampp\htdocs\myapp\Application\Common\Common\function.php 第 29 行.
NOTIC: [8] A session had already been started - ignoring session_start() C:\xampp\htdocs\myapp\Application\Admin\Controller\CommonController.class.php 第 122 行.
SQL: SHOW COLUMNS FROM `think_member` [ RunTime:0.0060s ]
SQL: SELECT * FROM `think_member` WHERE `id` = 1 LIMIT 1   [ RunTime:0.0000s ]
SQL: SHOW COLUMNS FROM `think_auth_group` [ RunTime:0.0040s ]
SQL: SELECT * FROM `think_auth_group` INNER JOIN think_auth_group_access on think_auth_group.id=think_auth_group_access.group_id  WHERE think_auth_group_access.uid = '1'  [ RunTime:0.0010s ]
SQL: SHOW COLUMNS FROM `think_member` [ RunTime:0.0040s ]
SQL: SELECT * FROM `think_member` WHERE `id` = 1 LIMIT 1   [ RunTime:0.0010s ]
SQL: SELECT s.id,s.title,s.name,s.tips,s.pid,p.pid as ppid,p.title as ptitle FROM think_auth_rule s left join think_auth_rule p on p.id=s.pid where s.name='Category/test' [ RunTime:0.0000s ]
NOTIC: [8] Undefined offset: 0 C:\xampp\htdocs\myapp\Application\Admin\Controller\CommonController.class.php 第 67 行.
SQL: SHOW COLUMNS FROM `think_auth_rule` [ RunTime:0.0040s ]
SQL: SELECT `id`,`title`,`pid`,`name`,`icon` FROM `think_auth_rule` WHERE ( islink=1   ) ORDER BY o ASC  [ RunTime:0.0010s ]

[ 2016-10-10T22:48:00+08:00 ] ::1 /myapp/admin.php/Category/test
INFO: [ app_init ] --START--
INFO: Run Behavior\BuildLiteBehavior [ RunTime:0.000000s ]
INFO: [ app_init ] --END-- [ RunTime:0.001001s ]
INFO: [ app_begin ] --START--
INFO: Run Behavior\ReadHtmlCacheBehavior [ RunTime:0.000000s ]
INFO: [ app_begin ] --END-- [ RunTime:0.000000s ]
SQL: SHOW COLUMNS FROM `think_setting` [ RunTime:0.0040s ]
SQL: SELECT `k`,`v` FROM `think_setting`  [ RunTime:0.0010s ]
NOTIC: [8] Undefined variable: config C:\xampp\htdocs\myapp\Application\Common\Common\function.php 第 29 行.
NOTIC: [8] A session had already been started - ignoring session_start() C:\xampp\htdocs\myapp\Application\Admin\Controller\CommonController.class.php 第 122 行.
SQL: SHOW COLUMNS FROM `think_member` [ RunTime:0.0040s ]
SQL: SELECT * FROM `think_member` WHERE `id` = 1 LIMIT 1   [ RunTime:0.0010s ]
SQL: SHOW COLUMNS FROM `think_auth_group` [ RunTime:0.0030s ]
SQL: SELECT * FROM `think_auth_group` INNER JOIN think_auth_group_access on think_auth_group.id=think_auth_group_access.group_id  WHERE think_auth_group_access.uid = '1'  [ RunTime:0.0000s ]
SQL: SHOW COLUMNS FROM `think_member` [ RunTime:0.0040s ]
SQL: SELECT * FROM `think_member` WHERE `id` = 1 LIMIT 1   [ RunTime:0.0000s ]
SQL: SELECT s.id,s.title,s.name,s.tips,s.pid,p.pid as ppid,p.title as ptitle FROM think_auth_rule s left join think_auth_rule p on p.id=s.pid where s.name='Category/test' [ RunTime:0.0010s ]
NOTIC: [8] Undefined offset: 0 C:\xampp\htdocs\myapp\Application\Admin\Controller\CommonController.class.php 第 67 行.
SQL: SHOW COLUMNS FROM `think_auth_rule` [ RunTime:0.0030s ]
SQL: SELECT `id`,`title`,`pid`,`name`,`icon` FROM `think_auth_rule` WHERE ( islink=1   ) ORDER BY o ASC  [ RunTime:0.0010s ]

[ 2016-10-10T22:48:00+08:00 ] ::1 /myapp/admin.php/Category/test
INFO: [ app_init ] --START--
INFO: Run Behavior\BuildLiteBehavior [ RunTime:0.000000s ]
INFO: [ app_init ] --END-- [ RunTime:0.001000s ]
INFO: [ app_begin ] --START--
INFO: Run Behavior\ReadHtmlCacheBehavior [ RunTime:0.000000s ]
INFO: [ app_begin ] --END-- [ RunTime:0.000000s ]
SQL: SHOW COLUMNS FROM `think_setting` [ RunTime:0.0040s ]
SQL: SELECT `k`,`v` FROM `think_setting`  [ RunTime:0.0000s ]
NOTIC: [8] Undefined variable: config C:\xampp\htdocs\myapp\Application\Common\Common\function.php 第 29 行.
NOTIC: [8] A session had already been started - ignoring session_start() C:\xampp\htdocs\myapp\Application\Admin\Controller\CommonController.class.php 第 122 行.
SQL: SHOW COLUMNS FROM `think_member` [ RunTime:0.0040s ]
SQL: SELECT * FROM `think_member` WHERE `id` = 1 LIMIT 1   [ RunTime:0.0000s ]
SQL: SHOW COLUMNS FROM `think_auth_group` [ RunTime:0.0040s ]
SQL: SELECT * FROM `think_auth_group` INNER JOIN think_auth_group_access on think_auth_group.id=think_auth_group_access.group_id  WHERE think_auth_group_access.uid = '1'  [ RunTime:0.0000s ]
SQL: SHOW COLUMNS FROM `think_member` [ RunTime:0.0040s ]
SQL: SELECT * FROM `think_member` WHERE `id` = 1 LIMIT 1   [ RunTime:0.0010s ]
SQL: SELECT s.id,s.title,s.name,s.tips,s.pid,p.pid as ppid,p.title as ptitle FROM think_auth_rule s left join think_auth_rule p on p.id=s.pid where s.name='Category/test' [ RunTime:0.0000s ]
NOTIC: [8] Undefined offset: 0 C:\xampp\htdocs\myapp\Application\Admin\Controller\CommonController.class.php 第 67 行.
SQL: SHOW COLUMNS FROM `think_auth_rule` [ RunTime:0.0040s ]
SQL: SELECT `id`,`title`,`pid`,`name`,`icon` FROM `think_auth_rule` WHERE ( islink=1   ) ORDER BY o ASC  [ RunTime:0.0010s ]

[ 2016-10-10T22:48:01+08:00 ] ::1 /myapp/admin.php/Category/test
INFO: [ app_init ] --START--
INFO: Run Behavior\BuildLiteBehavior [ RunTime:0.000000s ]
INFO: [ app_init ] --END-- [ RunTime:0.001001s ]
INFO: [ app_begin ] --START--
INFO: Run Behavior\ReadHtmlCacheBehavior [ RunTime:0.001000s ]
INFO: [ app_begin ] --END-- [ RunTime:0.001000s ]
SQL: SHOW COLUMNS FROM `think_setting` [ RunTime:0.0040s ]
SQL: SELECT `k`,`v` FROM `think_setting`  [ RunTime:0.0010s ]
NOTIC: [8] Undefined variable: config C:\xampp\htdocs\myapp\Application\Common\Common\function.php 第 29 行.
NOTIC: [8] A session had already been started - ignoring session_start() C:\xampp\htdocs\myapp\Application\Admin\Controller\CommonController.class.php 第 122 行.
SQL: SHOW COLUMNS FROM `think_member` [ RunTime:0.0040s ]
SQL: SELECT * FROM `think_member` WHERE `id` = 1 LIMIT 1   [ RunTime:0.0010s ]
SQL: SHOW COLUMNS FROM `think_auth_group` [ RunTime:0.0030s ]
SQL: SELECT * FROM `think_auth_group` INNER JOIN think_auth_group_access on think_auth_group.id=think_auth_group_access.group_id  WHERE think_auth_group_access.uid = '1'  [ RunTime:0.0000s ]
SQL: SHOW COLUMNS FROM `think_member` [ RunTime:0.0040s ]
SQL: SELECT * FROM `think_member` WHERE `id` = 1 LIMIT 1   [ RunTime:0.0010s ]
SQL: SELECT s.id,s.title,s.name,s.tips,s.pid,p.pid as ppid,p.title as ptitle FROM think_auth_rule s left join think_auth_rule p on p.id=s.pid where s.name='Category/test' [ RunTime:0.0000s ]
NOTIC: [8] Undefined offset: 0 C:\xampp\htdocs\myapp\Application\Admin\Controller\CommonController.class.php 第 67 行.
SQL: SHOW COLUMNS FROM `think_auth_rule` [ RunTime:0.0040s ]
SQL: SELECT `id`,`title`,`pid`,`name`,`icon` FROM `think_auth_rule` WHERE ( islink=1   ) ORDER BY o ASC  [ RunTime:0.0010s ]

[ 2016-10-10T22:48:47+08:00 ] ::1 /myapp/admin.php/Category/test
INFO: [ app_init ] --START--
INFO: Run Behavior\BuildLiteBehavior [ RunTime:0.000000s ]
INFO: [ app_init ] --END-- [ RunTime:0.001000s ]
INFO: [ app_begin ] --START--
INFO: Run Behavior\ReadHtmlCacheBehavior [ RunTime:0.001000s ]
INFO: [ app_begin ] --END-- [ RunTime:0.001000s ]
SQL: SHOW COLUMNS FROM `think_setting` [ RunTime:0.0040s ]
SQL: SELECT `k`,`v` FROM `think_setting`  [ RunTime:0.0000s ]
NOTIC: [8] Undefined variable: config C:\xampp\htdocs\myapp\Application\Common\Common\function.php 第 29 行.
NOTIC: [8] A session had already been started - ignoring session_start() C:\xampp\htdocs\myapp\Application\Admin\Controller\CommonController.class.php 第 122 行.
SQL: SHOW COLUMNS FROM `think_member` [ RunTime:0.0040s ]
SQL: SELECT * FROM `think_member` WHERE `id` = 1 LIMIT 1   [ RunTime:0.0000s ]
SQL: SHOW COLUMNS FROM `think_auth_group` [ RunTime:0.0040s ]
SQL: SELECT * FROM `think_auth_group` INNER JOIN think_auth_group_access on think_auth_group.id=think_auth_group_access.group_id  WHERE think_auth_group_access.uid = '1'  [ RunTime:0.0010s ]
SQL: SHOW COLUMNS FROM `think_member` [ RunTime:0.0050s ]
SQL: SELECT * FROM `think_member` WHERE `id` = 1 LIMIT 1   [ RunTime:0.0010s ]
SQL: SELECT s.id,s.title,s.name,s.tips,s.pid,p.pid as ppid,p.title as ptitle FROM think_auth_rule s left join think_auth_rule p on p.id=s.pid where s.name='Category/test' [ RunTime:0.0010s ]
NOTIC: [8] Undefined offset: 0 C:\xampp\htdocs\myapp\Application\Admin\Controller\CommonController.class.php 第 67 行.
SQL: SHOW COLUMNS FROM `think_auth_rule` [ RunTime:0.0050s ]
SQL: SELECT `id`,`title`,`pid`,`name`,`icon` FROM `think_auth_rule` WHERE ( islink=1   ) ORDER BY o ASC  [ RunTime:0.0010s ]

[ 2016-10-10T22:48:48+08:00 ] ::1 /myapp/admin.php/Category/test
INFO: [ app_init ] --START--
INFO: Run Behavior\BuildLiteBehavior [ RunTime:0.000000s ]
INFO: [ app_init ] --END-- [ RunTime:0.000000s ]
INFO: [ app_begin ] --START--
INFO: Run Behavior\ReadHtmlCacheBehavior [ RunTime:0.001000s ]
INFO: [ app_begin ] --END-- [ RunTime:0.001000s ]
SQL: SHOW COLUMNS FROM `think_setting` [ RunTime:0.0050s ]
SQL: SELECT `k`,`v` FROM `think_setting`  [ RunTime:0.0000s ]
NOTIC: [8] Undefined variable: config C:\xampp\htdocs\myapp\Application\Common\Common\function.php 第 29 行.
NOTIC: [8] A session had already been started - ignoring session_start() C:\xampp\htdocs\myapp\Application\Admin\Controller\CommonController.class.php 第 122 行.
SQL: SHOW COLUMNS FROM `think_member` [ RunTime:0.0050s ]
SQL: SELECT * FROM `think_member` WHERE `id` = 1 LIMIT 1   [ RunTime:0.0010s ]
SQL: SHOW COLUMNS FROM `think_auth_group` [ RunTime:0.0050s ]
SQL: SELECT * FROM `think_auth_group` INNER JOIN think_auth_group_access on think_auth_group.id=think_auth_group_access.group_id  WHERE think_auth_group_access.uid = '1'  [ RunTime:0.0000s ]
SQL: SHOW COLUMNS FROM `think_member` [ RunTime:0.0040s ]
SQL: SELECT * FROM `think_member` WHERE `id` = 1 LIMIT 1   [ RunTime:0.0000s ]
SQL: SELECT s.id,s.title,s.name,s.tips,s.pid,p.pid as ppid,p.title as ptitle FROM think_auth_rule s left join think_auth_rule p on p.id=s.pid where s.name='Category/test' [ RunTime:0.0010s ]
NOTIC: [8] Undefined offset: 0 C:\xampp\htdocs\myapp\Application\Admin\Controller\CommonController.class.php 第 67 行.
SQL: SHOW COLUMNS FROM `think_auth_rule` [ RunTime:0.0050s ]
SQL: SELECT `id`,`title`,`pid`,`name`,`icon` FROM `think_auth_rule` WHERE ( islink=1   ) ORDER BY o ASC  [ RunTime:0.0020s ]

[ 2016-10-10T22:48:49+08:00 ] ::1 /myapp/admin.php/Category/test
INFO: [ app_init ] --START--
INFO: Run Behavior\BuildLiteBehavior [ RunTime:0.000000s ]
INFO: [ app_init ] --END-- [ RunTime:0.001000s ]
INFO: [ app_begin ] --START--
INFO: Run Behavior\ReadHtmlCacheBehavior [ RunTime:0.001000s ]
INFO: [ app_begin ] --END-- [ RunTime:0.001000s ]
SQL: SHOW COLUMNS FROM `think_setting` [ RunTime:0.0040s ]
SQL: SELECT `k`,`v` FROM `think_setting`  [ RunTime:0.0000s ]
NOTIC: [8] Undefined variable: config C:\xampp\htdocs\myapp\Application\Common\Common\function.php 第 29 行.
NOTIC: [8] A session had already been started - ignoring session_start() C:\xampp\htdocs\myapp\Application\Admin\Controller\CommonController.class.php 第 122 行.
SQL: SHOW COLUMNS FROM `think_member` [ RunTime:0.0040s ]
SQL: SELECT * FROM `think_member` WHERE `id` = 1 LIMIT 1   [ RunTime:0.0000s ]
SQL: SHOW COLUMNS FROM `think_auth_group` [ RunTime:0.0040s ]
SQL: SELECT * FROM `think_auth_group` INNER JOIN think_auth_group_access on think_auth_group.id=think_auth_group_access.group_id  WHERE think_auth_group_access.uid = '1'  [ RunTime:0.0010s ]
SQL: SHOW COLUMNS FROM `think_member` [ RunTime:0.0040s ]
SQL: SELECT * FROM `think_member` WHERE `id` = 1 LIMIT 1   [ RunTime:0.0010s ]
SQL: SELECT s.id,s.title,s.name,s.tips,s.pid,p.pid as ppid,p.title as ptitle FROM think_auth_rule s left join think_auth_rule p on p.id=s.pid where s.name='Category/test' [ RunTime:0.0000s ]
NOTIC: [8] Undefined offset: 0 C:\xampp\htdocs\myapp\Application\Admin\Controller\CommonController.class.php 第 67 行.
SQL: SHOW COLUMNS FROM `think_auth_rule` [ RunTime:0.0040s ]
SQL: SELECT `id`,`title`,`pid`,`name`,`icon` FROM `think_auth_rule` WHERE ( islink=1   ) ORDER BY o ASC  [ RunTime:0.0020s ]

[ 2016-10-10T22:48:49+08:00 ] ::1 /myapp/admin.php/Category/test
INFO: [ app_init ] --START--
INFO: Run Behavior\BuildLiteBehavior [ RunTime:0.000000s ]
INFO: [ app_init ] --END-- [ RunTime:0.001000s ]
INFO: [ app_begin ] --START--
INFO: Run Behavior\ReadHtmlCacheBehavior [ RunTime:0.001000s ]
INFO: [ app_begin ] --END-- [ RunTime:0.001000s ]
SQL: SHOW COLUMNS FROM `think_setting` [ RunTime:0.0040s ]
SQL: SELECT `k`,`v` FROM `think_setting`  [ RunTime:0.0000s ]
NOTIC: [8] Undefined variable: config C:\xampp\htdocs\myapp\Application\Common\Common\function.php 第 29 行.
NOTIC: [8] A session had already been started - ignoring session_start() C:\xampp\htdocs\myapp\Application\Admin\Controller\CommonController.class.php 第 122 行.
SQL: SHOW COLUMNS FROM `think_member` [ RunTime:0.0050s ]
SQL: SELECT * FROM `think_member` WHERE `id` = 1 LIMIT 1   [ RunTime:0.0010s ]
SQL: SHOW COLUMNS FROM `think_auth_group` [ RunTime:0.0030s ]
SQL: SELECT * FROM `think_auth_group` INNER JOIN think_auth_group_access on think_auth_group.id=think_auth_group_access.group_id  WHERE think_auth_group_access.uid = '1'  [ RunTime:0.0000s ]
SQL: SHOW COLUMNS FROM `think_member` [ RunTime:0.0040s ]
SQL: SELECT * FROM `think_member` WHERE `id` = 1 LIMIT 1   [ RunTime:0.0010s ]
SQL: SELECT s.id,s.title,s.name,s.tips,s.pid,p.pid as ppid,p.title as ptitle FROM think_auth_rule s left join think_auth_rule p on p.id=s.pid where s.name='Category/test' [ RunTime:0.0000s ]
NOTIC: [8] Undefined offset: 0 C:\xampp\htdocs\myapp\Application\Admin\Controller\CommonController.class.php 第 67 行.
SQL: SHOW COLUMNS FROM `think_auth_rule` [ RunTime:0.0040s ]
SQL: SELECT `id`,`title`,`pid`,`name`,`icon` FROM `think_auth_rule` WHERE ( islink=1   ) ORDER BY o ASC  [ RunTime:0.0010s ]

[ 2016-10-10T22:49:48+08:00 ] ::1 /myapp/admin.php/Category/test
INFO: [ app_init ] --START--
INFO: Run Behavior\BuildLiteBehavior [ RunTime:0.000000s ]
INFO: [ app_init ] --END-- [ RunTime:0.000000s ]
INFO: [ app_begin ] --START--
INFO: Run Behavior\ReadHtmlCacheBehavior [ RunTime:0.001000s ]
INFO: [ app_begin ] --END-- [ RunTime:0.001000s ]
SQL: SHOW COLUMNS FROM `think_setting` [ RunTime:0.0060s ]
SQL: SELECT `k`,`v` FROM `think_setting`  [ RunTime:0.0010s ]
NOTIC: [8] Undefined variable: config C:\xampp\htdocs\myapp\Application\Common\Common\function.php 第 29 行.
NOTIC: [8] A session had already been started - ignoring session_start() C:\xampp\htdocs\myapp\Application\Admin\Controller\CommonController.class.php 第 122 行.
SQL: SHOW COLUMNS FROM `think_member` [ RunTime:0.0050s ]
SQL: SELECT * FROM `think_member` WHERE `id` = 1 LIMIT 1   [ RunTime:0.0010s ]
SQL: SHOW COLUMNS FROM `think_auth_group` [ RunTime:0.0050s ]
SQL: SELECT * FROM `think_auth_group` INNER JOIN think_auth_group_access on think_auth_group.id=think_auth_group_access.group_id  WHERE think_auth_group_access.uid = '1'  [ RunTime:0.0010s ]
SQL: SHOW COLUMNS FROM `think_member` [ RunTime:0.0050s ]
SQL: SELECT * FROM `think_member` WHERE `id` = 1 LIMIT 1   [ RunTime:0.0010s ]
SQL: SELECT s.id,s.title,s.name,s.tips,s.pid,p.pid as ppid,p.title as ptitle FROM think_auth_rule s left join think_auth_rule p on p.id=s.pid where s.name='Category/test' [ RunTime:0.0000s ]
NOTIC: [8] Undefined offset: 0 C:\xampp\htdocs\myapp\Application\Admin\Controller\CommonController.class.php 第 67 行.
SQL: SHOW COLUMNS FROM `think_auth_rule` [ RunTime:0.0040s ]
SQL: SELECT `id`,`title`,`pid`,`name`,`icon` FROM `think_auth_rule` WHERE ( islink=1   ) ORDER BY o ASC  [ RunTime:0.0010s ]

[ 2016-10-10T22:49:49+08:00 ] ::1 /myapp/admin.php/Category/test
INFO: [ app_init ] --START--
INFO: Run Behavior\BuildLiteBehavior [ RunTime:0.000000s ]
INFO: [ app_init ] --END-- [ RunTime:0.000000s ]
INFO: [ app_begin ] --START--
INFO: Run Behavior\ReadHtmlCacheBehavior [ RunTime:0.001000s ]
INFO: [ app_begin ] --END-- [ RunTime:0.001000s ]
SQL: SHOW COLUMNS FROM `think_setting` [ RunTime:0.0040s ]
SQL: SELECT `k`,`v` FROM `think_setting`  [ RunTime:0.0000s ]
NOTIC: [8] Undefined variable: config C:\xampp\htdocs\myapp\Application\Common\Common\function.php 第 29 行.
NOTIC: [8] A session had already been started - ignoring session_start() C:\xampp\htdocs\myapp\Application\Admin\Controller\CommonController.class.php 第 122 行.
SQL: SHOW COLUMNS FROM `think_member` [ RunTime:0.0050s ]
SQL: SELECT * FROM `think_member` WHERE `id` = 1 LIMIT 1   [ RunTime:0.0010s ]
SQL: SHOW COLUMNS FROM `think_auth_group` [ RunTime:0.0030s ]
SQL: SELECT * FROM `think_auth_group` INNER JOIN think_auth_group_access on think_auth_group.id=think_auth_group_access.group_id  WHERE think_auth_group_access.uid = '1'  [ RunTime:0.0010s ]
SQL: SHOW COLUMNS FROM `think_member` [ RunTime:0.0040s ]
SQL: SELECT * FROM `think_member` WHERE `id` = 1 LIMIT 1   [ RunTime:0.0010s ]
SQL: SELECT s.id,s.title,s.name,s.tips,s.pid,p.pid as ppid,p.title as ptitle FROM think_auth_rule s left join think_auth_rule p on p.id=s.pid where s.name='Category/test' [ RunTime:0.0000s ]
NOTIC: [8] Undefined offset: 0 C:\xampp\htdocs\myapp\Application\Admin\Controller\CommonController.class.php 第 67 行.
SQL: SHOW COLUMNS FROM `think_auth_rule` [ RunTime:0.0030s ]
SQL: SELECT `id`,`title`,`pid`,`name`,`icon` FROM `think_auth_rule` WHERE ( islink=1   ) ORDER BY o ASC  [ RunTime:0.0010s ]

[ 2016-10-10T22:49:49+08:00 ] ::1 /myapp/admin.php/Category/test
INFO: [ app_init ] --START--
INFO: Run Behavior\BuildLiteBehavior [ RunTime:0.000000s ]
INFO: [ app_init ] --END-- [ RunTime:0.000000s ]
INFO: [ app_begin ] --START--
INFO: Run Behavior\ReadHtmlCacheBehavior [ RunTime:0.000000s ]
INFO: [ app_begin ] --END-- [ RunTime:0.000000s ]
SQL: SHOW COLUMNS FROM `think_setting` [ RunTime:0.0050s ]
SQL: SELECT `k`,`v` FROM `think_setting`  [ RunTime:0.0000s ]
NOTIC: [8] Undefined variable: config C:\xampp\htdocs\myapp\Application\Common\Common\function.php 第 29 行.
NOTIC: [8] A session had already been started - ignoring session_start() C:\xampp\htdocs\myapp\Application\Admin\Controller\CommonController.class.php 第 122 行.
SQL: SHOW COLUMNS FROM `think_member` [ RunTime:0.0040s ]
SQL: SELECT * FROM `think_member` WHERE `id` = 1 LIMIT 1   [ RunTime:0.0010s ]
SQL: SHOW COLUMNS FROM `think_auth_group` [ RunTime:0.0040s ]
SQL: SELECT * FROM `think_auth_group` INNER JOIN think_auth_group_access on think_auth_group.id=think_auth_group_access.group_id  WHERE think_auth_group_access.uid = '1'  [ RunTime:0.0000s ]
SQL: SHOW COLUMNS FROM `think_member` [ RunTime:0.0040s ]
SQL: SELECT * FROM `think_member` WHERE `id` = 1 LIMIT 1   [ RunTime:0.0000s ]
SQL: SELECT s.id,s.title,s.name,s.tips,s.pid,p.pid as ppid,p.title as ptitle FROM think_auth_rule s left join think_auth_rule p on p.id=s.pid where s.name='Category/test' [ RunTime:0.0010s ]
NOTIC: [8] Undefined offset: 0 C:\xampp\htdocs\myapp\Application\Admin\Controller\CommonController.class.php 第 67 行.
SQL: SHOW COLUMNS FROM `think_auth_rule` [ RunTime:0.0040s ]
SQL: SELECT `id`,`title`,`pid`,`name`,`icon` FROM `think_auth_rule` WHERE ( islink=1   ) ORDER BY o ASC  [ RunTime:0.0010s ]

[ 2016-10-10T22:49:49+08:00 ] ::1 /myapp/admin.php/Category/test
INFO: [ app_init ] --START--
INFO: Run Behavior\BuildLiteBehavior [ RunTime:0.000000s ]
INFO: [ app_init ] --END-- [ RunTime:0.000000s ]
INFO: [ app_begin ] --START--
INFO: Run Behavior\ReadHtmlCacheBehavior [ RunTime:0.001001s ]
INFO: [ app_begin ] --END-- [ RunTime:0.001001s ]
SQL: SHOW COLUMNS FROM `think_setting` [ RunTime:0.0030s ]
SQL: SELECT `k`,`v` FROM `think_setting`  [ RunTime:0.0010s ]
NOTIC: [8] Undefined variable: config C:\xampp\htdocs\myapp\Application\Common\Common\function.php 第 29 行.
NOTIC: [8] A session had already been started - ignoring session_start() C:\xampp\htdocs\myapp\Application\Admin\Controller\CommonController.class.php 第 122 行.
SQL: SHOW COLUMNS FROM `think_member` [ RunTime:0.0050s ]
SQL: SELECT * FROM `think_member` WHERE `id` = 1 LIMIT 1   [ RunTime:0.0010s ]
SQL: SHOW COLUMNS FROM `think_auth_group` [ RunTime:0.0040s ]
SQL: SELECT * FROM `think_auth_group` INNER JOIN think_auth_group_access on think_auth_group.id=think_auth_group_access.group_id  WHERE think_auth_group_access.uid = '1'  [ RunTime:0.0010s ]
SQL: SHOW COLUMNS FROM `think_member` [ RunTime:0.0040s ]
SQL: SELECT * FROM `think_member` WHERE `id` = 1 LIMIT 1   [ RunTime:0.0000s ]
SQL: SELECT s.id,s.title,s.name,s.tips,s.pid,p.pid as ppid,p.title as ptitle FROM think_auth_rule s left join think_auth_rule p on p.id=s.pid where s.name='Category/test' [ RunTime:0.0010s ]
NOTIC: [8] Undefined offset: 0 C:\xampp\htdocs\myapp\Application\Admin\Controller\CommonController.class.php 第 67 行.
SQL: SHOW COLUMNS FROM `think_auth_rule` [ RunTime:0.0040s ]
SQL: SELECT `id`,`title`,`pid`,`name`,`icon` FROM `think_auth_rule` WHERE ( islink=1   ) ORDER BY o ASC  [ RunTime:0.0010s ]

[ 2016-10-10T22:49:49+08:00 ] ::1 /myapp/admin.php/Category/test
INFO: [ app_init ] --START--
INFO: Run Behavior\BuildLiteBehavior [ RunTime:0.000000s ]
INFO: [ app_init ] --END-- [ RunTime:0.001000s ]
INFO: [ app_begin ] --START--
INFO: Run Behavior\ReadHtmlCacheBehavior [ RunTime:0.001000s ]
INFO: [ app_begin ] --END-- [ RunTime:0.001000s ]
SQL: SHOW COLUMNS FROM `think_setting` [ RunTime:0.0030s ]
SQL: SELECT `k`,`v` FROM `think_setting`  [ RunTime:0.0000s ]
NOTIC: [8] Undefined variable: config C:\xampp\htdocs\myapp\Application\Common\Common\function.php 第 29 行.
NOTIC: [8] A session had already been started - ignoring session_start() C:\xampp\htdocs\myapp\Application\Admin\Controller\CommonController.class.php 第 122 行.
SQL: SHOW COLUMNS FROM `think_member` [ RunTime:0.0040s ]
SQL: SELECT * FROM `think_member` WHERE `id` = 1 LIMIT 1   [ RunTime:0.0000s ]
SQL: SHOW COLUMNS FROM `think_auth_group` [ RunTime:0.0040s ]
SQL: SELECT * FROM `think_auth_group` INNER JOIN think_auth_group_access on think_auth_group.id=think_auth_group_access.group_id  WHERE think_auth_group_access.uid = '1'  [ RunTime:0.0010s ]
SQL: SHOW COLUMNS FROM `think_member` [ RunTime:0.0040s ]
SQL: SELECT * FROM `think_member` WHERE `id` = 1 LIMIT 1   [ RunTime:0.0000s ]
SQL: SELECT s.id,s.title,s.name,s.tips,s.pid,p.pid as ppid,p.title as ptitle FROM think_auth_rule s left join think_auth_rule p on p.id=s.pid where s.name='Category/test' [ RunTime:0.0010s ]
NOTIC: [8] Undefined offset: 0 C:\xampp\htdocs\myapp\Application\Admin\Controller\CommonController.class.php 第 67 行.
SQL: SHOW COLUMNS FROM `think_auth_rule` [ RunTime:0.0050s ]
SQL: SELECT `id`,`title`,`pid`,`name`,`icon` FROM `think_auth_rule` WHERE ( islink=1   ) ORDER BY o ASC  [ RunTime:0.0020s ]

[ 2016-10-10T22:49:50+08:00 ] ::1 /myapp/admin.php/Category/test
INFO: [ app_init ] --START--
INFO: Run Behavior\BuildLiteBehavior [ RunTime:0.000000s ]
INFO: [ app_init ] --END-- [ RunTime:0.000000s ]
INFO: [ app_begin ] --START--
INFO: Run Behavior\ReadHtmlCacheBehavior [ RunTime:0.001000s ]
INFO: [ app_begin ] --END-- [ RunTime:0.001000s ]
SQL: SHOW COLUMNS FROM `think_setting` [ RunTime:0.0040s ]
SQL: SELECT `k`,`v` FROM `think_setting`  [ RunTime:0.0010s ]
NOTIC: [8] Undefined variable: config C:\xampp\htdocs\myapp\Application\Common\Common\function.php 第 29 行.
NOTIC: [8] A session had already been started - ignoring session_start() C:\xampp\htdocs\myapp\Application\Admin\Controller\CommonController.class.php 第 122 行.
SQL: SHOW COLUMNS FROM `think_member` [ RunTime:0.0040s ]
SQL: SELECT * FROM `think_member` WHERE `id` = 1 LIMIT 1   [ RunTime:0.0010s ]
SQL: SHOW COLUMNS FROM `think_auth_group` [ RunTime:0.0040s ]
SQL: SELECT * FROM `think_auth_group` INNER JOIN think_auth_group_access on think_auth_group.id=think_auth_group_access.group_id  WHERE think_auth_group_access.uid = '1'  [ RunTime:0.0010s ]
SQL: SHOW COLUMNS FROM `think_member` [ RunTime:0.0040s ]
SQL: SELECT * FROM `think_member` WHERE `id` = 1 LIMIT 1   [ RunTime:0.0000s ]
SQL: SELECT s.id,s.title,s.name,s.tips,s.pid,p.pid as ppid,p.title as ptitle FROM think_auth_rule s left join think_auth_rule p on p.id=s.pid where s.name='Category/test' [ RunTime:0.0000s ]
NOTIC: [8] Undefined offset: 0 C:\xampp\htdocs\myapp\Application\Admin\Controller\CommonController.class.php 第 67 行.
SQL: SHOW COLUMNS FROM `think_auth_rule` [ RunTime:0.0040s ]
SQL: SELECT `id`,`title`,`pid`,`name`,`icon` FROM `think_auth_rule` WHERE ( islink=1   ) ORDER BY o ASC  [ RunTime:0.0020s ]

[ 2016-10-10T22:50:00+08:00 ] ::1 /myapp/admin.php/Category/test
INFO: [ app_init ] --START--
INFO: Run Behavior\BuildLiteBehavior [ RunTime:0.000000s ]
INFO: [ app_init ] --END-- [ RunTime:0.001000s ]
INFO: [ app_begin ] --START--
INFO: Run Behavior\ReadHtmlCacheBehavior [ RunTime:0.001000s ]
INFO: [ app_begin ] --END-- [ RunTime:0.001000s ]
SQL: SHOW COLUMNS FROM `think_setting` [ RunTime:0.0040s ]
SQL: SELECT `k`,`v` FROM `think_setting`  [ RunTime:0.0010s ]
NOTIC: [8] Undefined variable: config C:\xampp\htdocs\myapp\Application\Common\Common\function.php 第 29 行.
NOTIC: [8] A session had already been started - ignoring session_start() C:\xampp\htdocs\myapp\Application\Admin\Controller\CommonController.class.php 第 122 行.
SQL: SHOW COLUMNS FROM `think_member` [ RunTime:0.0040s ]
SQL: SELECT * FROM `think_member` WHERE `id` = 1 LIMIT 1   [ RunTime:0.0010s ]
SQL: SHOW COLUMNS FROM `think_auth_group` [ RunTime:0.0040s ]
SQL: SELECT * FROM `think_auth_group` INNER JOIN think_auth_group_access on think_auth_group.id=think_auth_group_access.group_id  WHERE think_auth_group_access.uid = '1'  [ RunTime:0.0010s ]
SQL: SHOW COLUMNS FROM `think_member` [ RunTime:0.0040s ]
SQL: SELECT * FROM `think_member` WHERE `id` = 1 LIMIT 1   [ RunTime:0.0000s ]
SQL: SELECT s.id,s.title,s.name,s.tips,s.pid,p.pid as ppid,p.title as ptitle FROM think_auth_rule s left join think_auth_rule p on p.id=s.pid where s.name='Category/test' [ RunTime:0.0010s ]
NOTIC: [8] Undefined offset: 0 C:\xampp\htdocs\myapp\Application\Admin\Controller\CommonController.class.php 第 67 行.
SQL: SHOW COLUMNS FROM `think_auth_rule` [ RunTime:0.0040s ]
SQL: SELECT `id`,`title`,`pid`,`name`,`icon` FROM `think_auth_rule` WHERE ( islink=1   ) ORDER BY o ASC  [ RunTime:0.0010s ]

[ 2016-10-10T22:50:01+08:00 ] ::1 /myapp/admin.php/Category/test
INFO: [ app_init ] --START--
INFO: Run Behavior\BuildLiteBehavior [ RunTime:0.000000s ]
INFO: [ app_init ] --END-- [ RunTime:0.000000s ]
INFO: [ app_begin ] --START--
INFO: Run Behavior\ReadHtmlCacheBehavior [ RunTime:0.001000s ]
INFO: [ app_begin ] --END-- [ RunTime:0.001000s ]
SQL: SHOW COLUMNS FROM `think_setting` [ RunTime:0.0040s ]
SQL: SELECT `k`,`v` FROM `think_setting`  [ RunTime:0.0000s ]
NOTIC: [8] Undefined variable: config C:\xampp\htdocs\myapp\Application\Common\Common\function.php 第 29 行.
NOTIC: [8] A session had already been started - ignoring session_start() C:\xampp\htdocs\myapp\Application\Admin\Controller\CommonController.class.php 第 122 行.
SQL: SHOW COLUMNS FROM `think_member` [ RunTime:0.0040s ]
SQL: SELECT * FROM `think_member` WHERE `id` = 1 LIMIT 1   [ RunTime:0.0000s ]
SQL: SHOW COLUMNS FROM `think_auth_group` [ RunTime:0.0030s ]
SQL: SELECT * FROM `think_auth_group` INNER JOIN think_auth_group_access on think_auth_group.id=think_auth_group_access.group_id  WHERE think_auth_group_access.uid = '1'  [ RunTime:0.0010s ]
SQL: SHOW COLUMNS FROM `think_member` [ RunTime:0.0040s ]
SQL: SELECT * FROM `think_member` WHERE `id` = 1 LIMIT 1   [ RunTime:0.0010s ]
SQL: SELECT s.id,s.title,s.name,s.tips,s.pid,p.pid as ppid,p.title as ptitle FROM think_auth_rule s left join think_auth_rule p on p.id=s.pid where s.name='Category/test' [ RunTime:0.0000s ]
NOTIC: [8] Undefined offset: 0 C:\xampp\htdocs\myapp\Application\Admin\Controller\CommonController.class.php 第 67 行.
SQL: SHOW COLUMNS FROM `think_auth_rule` [ RunTime:0.0040s ]
SQL: SELECT `id`,`title`,`pid`,`name`,`icon` FROM `think_auth_rule` WHERE ( islink=1   ) ORDER BY o ASC  [ RunTime:0.0020s ]

[ 2016-10-10T22:50:01+08:00 ] ::1 /myapp/admin.php/Category/test
INFO: [ app_init ] --START--
INFO: Run Behavior\BuildLiteBehavior [ RunTime:0.000000s ]
INFO: [ app_init ] --END-- [ RunTime:0.001000s ]
INFO: [ app_begin ] --START--
INFO: Run Behavior\ReadHtmlCacheBehavior [ RunTime:0.000000s ]
INFO: [ app_begin ] --END-- [ RunTime:0.001000s ]
SQL: SHOW COLUMNS FROM `think_setting` [ RunTime:0.0030s ]
SQL: SELECT `k`,`v` FROM `think_setting`  [ RunTime:0.0010s ]
NOTIC: [8] Undefined variable: config C:\xampp\htdocs\myapp\Application\Common\Common\function.php 第 29 行.
NOTIC: [8] A session had already been started - ignoring session_start() C:\xampp\htdocs\myapp\Application\Admin\Controller\CommonController.class.php 第 122 行.
SQL: SHOW COLUMNS FROM `think_member` [ RunTime:0.0040s ]
SQL: SELECT * FROM `think_member` WHERE `id` = 1 LIMIT 1   [ RunTime:0.0010s ]
SQL: SHOW COLUMNS FROM `think_auth_group` [ RunTime:0.0040s ]
SQL: SELECT * FROM `think_auth_group` INNER JOIN think_auth_group_access on think_auth_group.id=think_auth_group_access.group_id  WHERE think_auth_group_access.uid = '1'  [ RunTime:0.0000s ]
SQL: SHOW COLUMNS FROM `think_member` [ RunTime:0.0040s ]
SQL: SELECT * FROM `think_member` WHERE `id` = 1 LIMIT 1   [ RunTime:0.0010s ]
SQL: SELECT s.id,s.title,s.name,s.tips,s.pid,p.pid as ppid,p.title as ptitle FROM think_auth_rule s left join think_auth_rule p on p.id=s.pid where s.name='Category/test' [ RunTime:0.0000s ]
NOTIC: [8] Undefined offset: 0 C:\xampp\htdocs\myapp\Application\Admin\Controller\CommonController.class.php 第 67 行.
SQL: SHOW COLUMNS FROM `think_auth_rule` [ RunTime:0.0040s ]
SQL: SELECT `id`,`title`,`pid`,`name`,`icon` FROM `think_auth_rule` WHERE ( islink=1   ) ORDER BY o ASC  [ RunTime:0.0020s ]

[ 2016-10-10T22:50:01+08:00 ] ::1 /myapp/admin.php/Category/test
INFO: [ app_init ] --START--
INFO: Run Behavior\BuildLiteBehavior [ RunTime:0.000000s ]
INFO: [ app_init ] --END-- [ RunTime:0.000000s ]
INFO: [ app_begin ] --START--
INFO: Run Behavior\ReadHtmlCacheBehavior [ RunTime:0.001000s ]
INFO: [ app_begin ] --END-- [ RunTime:0.001000s ]
SQL: SHOW COLUMNS FROM `think_setting` [ RunTime:0.0040s ]
SQL: SELECT `k`,`v` FROM `think_setting`  [ RunTime:0.0000s ]
NOTIC: [8] Undefined variable: config C:\xampp\htdocs\myapp\Application\Common\Common\function.php 第 29 行.
NOTIC: [8] A session had already been started - ignoring session_start() C:\xampp\htdocs\myapp\Application\Admin\Controller\CommonController.class.php 第 122 行.
SQL: SHOW COLUMNS FROM `think_member` [ RunTime:0.0040s ]
SQL: SELECT * FROM `think_member` WHERE `id` = 1 LIMIT 1   [ RunTime:0.0010s ]
SQL: SHOW COLUMNS FROM `think_auth_group` [ RunTime:0.0030s ]
SQL: SELECT * FROM `think_auth_group` INNER JOIN think_auth_group_access on think_auth_group.id=think_auth_group_access.group_id  WHERE think_auth_group_access.uid = '1'  [ RunTime:0.0010s ]
SQL: SHOW COLUMNS FROM `think_member` [ RunTime:0.0050s ]
SQL: SELECT * FROM `think_member` WHERE `id` = 1 LIMIT 1   [ RunTime:0.0000s ]
SQL: SELECT s.id,s.title,s.name,s.tips,s.pid,p.pid as ppid,p.title as ptitle FROM think_auth_rule s left join think_auth_rule p on p.id=s.pid where s.name='Category/test' [ RunTime:0.0010s ]
NOTIC: [8] Undefined offset: 0 C:\xampp\htdocs\myapp\Application\Admin\Controller\CommonController.class.php 第 67 行.
SQL: SHOW COLUMNS FROM `think_auth_rule` [ RunTime:0.0040s ]
SQL: SELECT `id`,`title`,`pid`,`name`,`icon` FROM `think_auth_rule` WHERE ( islink=1   ) ORDER BY o ASC  [ RunTime:0.0010s ]

[ 2016-10-10T22:50:01+08:00 ] ::1 /myapp/admin.php/Category/test
INFO: [ app_init ] --START--
INFO: Run Behavior\BuildLiteBehavior [ RunTime:0.000000s ]
INFO: [ app_init ] --END-- [ RunTime:0.001000s ]
INFO: [ app_begin ] --START--
INFO: Run Behavior\ReadHtmlCacheBehavior [ RunTime:0.001000s ]
INFO: [ app_begin ] --END-- [ RunTime:0.001000s ]
SQL: SHOW COLUMNS FROM `think_setting` [ RunTime:0.0030s ]
SQL: SELECT `k`,`v` FROM `think_setting`  [ RunTime:0.0000s ]
NOTIC: [8] Undefined variable: config C:\xampp\htdocs\myapp\Application\Common\Common\function.php 第 29 行.
NOTIC: [8] A session had already been started - ignoring session_start() C:\xampp\htdocs\myapp\Application\Admin\Controller\CommonController.class.php 第 122 行.
SQL: SHOW COLUMNS FROM `think_member` [ RunTime:0.0040s ]
SQL: SELECT * FROM `think_member` WHERE `id` = 1 LIMIT 1   [ RunTime:0.0010s ]
SQL: SHOW COLUMNS FROM `think_auth_group` [ RunTime:0.0040s ]
SQL: SELECT * FROM `think_auth_group` INNER JOIN think_auth_group_access on think_auth_group.id=think_auth_group_access.group_id  WHERE think_auth_group_access.uid = '1'  [ RunTime:0.0000s ]
SQL: SHOW COLUMNS FROM `think_member` [ RunTime:0.0040s ]
SQL: SELECT * FROM `think_member` WHERE `id` = 1 LIMIT 1   [ RunTime:0.0010s ]
SQL: SELECT s.id,s.title,s.name,s.tips,s.pid,p.pid as ppid,p.title as ptitle FROM think_auth_rule s left join think_auth_rule p on p.id=s.pid where s.name='Category/test' [ RunTime:0.0000s ]
NOTIC: [8] Undefined offset: 0 C:\xampp\htdocs\myapp\Application\Admin\Controller\CommonController.class.php 第 67 行.
SQL: SHOW COLUMNS FROM `think_auth_rule` [ RunTime:0.0040s ]
SQL: SELECT `id`,`title`,`pid`,`name`,`icon` FROM `think_auth_rule` WHERE ( islink=1   ) ORDER BY o ASC  [ RunTime:0.0010s ]

[ 2016-10-10T22:50:01+08:00 ] ::1 /myapp/admin.php/Category/test
INFO: [ app_init ] --START--
INFO: Run Behavior\BuildLiteBehavior [ RunTime:0.000000s ]
INFO: [ app_init ] --END-- [ RunTime:0.000000s ]
INFO: [ app_begin ] --START--
INFO: Run Behavior\ReadHtmlCacheBehavior [ RunTime:0.001000s ]
INFO: [ app_begin ] --END-- [ RunTime:0.001000s ]
SQL: SHOW COLUMNS FROM `think_setting` [ RunTime:0.0030s ]
SQL: SELECT `k`,`v` FROM `think_setting`  [ RunTime:0.0000s ]
NOTIC: [8] Undefined variable: config C:\xampp\htdocs\myapp\Application\Common\Common\function.php 第 29 行.
NOTIC: [8] A session had already been started - ignoring session_start() C:\xampp\htdocs\myapp\Application\Admin\Controller\CommonController.class.php 第 122 行.
SQL: SHOW COLUMNS FROM `think_member` [ RunTime:0.0040s ]
SQL: SELECT * FROM `think_member` WHERE `id` = 1 LIMIT 1   [ RunTime:0.0000s ]
SQL: SHOW COLUMNS FROM `think_auth_group` [ RunTime:0.0040s ]
SQL: SELECT * FROM `think_auth_group` INNER JOIN think_auth_group_access on think_auth_group.id=think_auth_group_access.group_id  WHERE think_auth_group_access.uid = '1'  [ RunTime:0.0010s ]
SQL: SHOW COLUMNS FROM `think_member` [ RunTime:0.0030s ]
SQL: SELECT * FROM `think_member` WHERE `id` = 1 LIMIT 1   [ RunTime:0.0000s ]
SQL: SELECT s.id,s.title,s.name,s.tips,s.pid,p.pid as ppid,p.title as ptitle FROM think_auth_rule s left join think_auth_rule p on p.id=s.pid where s.name='Category/test' [ RunTime:0.0010s ]
NOTIC: [8] Undefined offset: 0 C:\xampp\htdocs\myapp\Application\Admin\Controller\CommonController.class.php 第 67 行.
SQL: SHOW COLUMNS FROM `think_auth_rule` [ RunTime:0.0030s ]
SQL: SELECT `id`,`title`,`pid`,`name`,`icon` FROM `think_auth_rule` WHERE ( islink=1   ) ORDER BY o ASC  [ RunTime:0.0010s ]

[ 2016-10-10T22:50:06+08:00 ] ::1 /myapp/admin.php/Category
INFO: [ app_init ] --START--
INFO: Run Behavior\BuildLiteBehavior [ RunTime:0.000000s ]
INFO: [ app_init ] --END-- [ RunTime:0.001000s ]
INFO: [ app_begin ] --START--
INFO: Run Behavior\ReadHtmlCacheBehavior [ RunTime:0.001001s ]
INFO: [ app_begin ] --END-- [ RunTime:0.001001s ]
SQL: SHOW COLUMNS FROM `think_setting` [ RunTime:0.0040s ]
SQL: SELECT `k`,`v` FROM `think_setting`  [ RunTime:0.0000s ]
NOTIC: [8] Undefined variable: config C:\xampp\htdocs\myapp\Application\Common\Common\function.php 第 29 行.
NOTIC: [8] A session had already been started - ignoring session_start() C:\xampp\htdocs\myapp\Application\Admin\Controller\CommonController.class.php 第 122 行.
SQL: SHOW COLUMNS FROM `think_member` [ RunTime:0.0050s ]
SQL: SELECT * FROM `think_member` WHERE `id` = 1 LIMIT 1   [ RunTime:0.0010s ]
SQL: SHOW COLUMNS FROM `think_auth_group` [ RunTime:0.0050s ]
SQL: SELECT * FROM `think_auth_group` INNER JOIN think_auth_group_access on think_auth_group.id=think_auth_group_access.group_id  WHERE think_auth_group_access.uid = '1'  [ RunTime:0.0010s ]
SQL: SHOW COLUMNS FROM `think_member` [ RunTime:0.0040s ]
SQL: SELECT * FROM `think_member` WHERE `id` = 1 LIMIT 1   [ RunTime:0.0010s ]
SQL: SELECT s.id,s.title,s.name,s.tips,s.pid,p.pid as ppid,p.title as ptitle FROM think_auth_rule s left join think_auth_rule p on p.id=s.pid where s.name='Category/index' [ RunTime:0.0010s ]
SQL: SHOW COLUMNS FROM `think_auth_rule` [ RunTime:0.0040s ]
SQL: SELECT `id`,`title`,`pid`,`name`,`icon` FROM `think_auth_rule` WHERE ( islink=1   ) ORDER BY o ASC  [ RunTime:0.0010s ]
SQL: SHOW COLUMNS FROM `think_category` [ RunTime:0.0340s ]
SQL: SELECT `id`,`pid`,`name`,`o` FROM `think_category` ORDER BY o asc  [ RunTime:0.0000s ]
INFO: [ view_parse ] --START--
INFO: [ template_filter ] --START--
INFO: Run Behavior\ContentReplaceBehavior [ RunTime:0.000000s ]
INFO: [ template_filter ] --END-- [ RunTime:0.000000s ]
INFO: Run Behavior\ParseTemplateBehavior [ RunTime:0.034002s ]
INFO: [ view_parse ] --END-- [ RunTime:0.034002s ]
INFO: [ view_filter ] --START--
INFO: Run Behavior\WriteHtmlCacheBehavior [ RunTime:0.000000s ]
INFO: [ view_filter ] --END-- [ RunTime:0.000000s ]
INFO: [ app_end ] --START--
INFO: Run Behavior\ShowPageTraceBehavior [ RunTime:0.001000s ]
INFO: [ app_end ] --END-- [ RunTime:0.001000s ]

[ 2016-10-10T22:50:12+08:00 ] ::1 /myapp/admin.php/Category/test
INFO: [ app_init ] --START--
INFO: Run Behavior\BuildLiteBehavior [ RunTime:0.000000s ]
INFO: [ app_init ] --END-- [ RunTime:0.001000s ]
INFO: [ app_begin ] --START--
INFO: Run Behavior\ReadHtmlCacheBehavior [ RunTime:0.001000s ]
INFO: [ app_begin ] --END-- [ RunTime:0.001000s ]
SQL: SHOW COLUMNS FROM `think_setting` [ RunTime:0.0040s ]
SQL: SELECT `k`,`v` FROM `think_setting`  [ RunTime:0.0000s ]
NOTIC: [8] Undefined variable: config C:\xampp\htdocs\myapp\Application\Common\Common\function.php 第 29 行.
NOTIC: [8] A session had already been started - ignoring session_start() C:\xampp\htdocs\myapp\Application\Admin\Controller\CommonController.class.php 第 122 行.
SQL: SHOW COLUMNS FROM `think_member` [ RunTime:0.0040s ]
SQL: SELECT * FROM `think_member` WHERE `id` = 1 LIMIT 1   [ RunTime:0.0010s ]
SQL: SHOW COLUMNS FROM `think_auth_group` [ RunTime:0.0040s ]
SQL: SELECT * FROM `think_auth_group` INNER JOIN think_auth_group_access on think_auth_group.id=think_auth_group_access.group_id  WHERE think_auth_group_access.uid = '1'  [ RunTime:0.0010s ]
SQL: SHOW COLUMNS FROM `think_member` [ RunTime:0.0040s ]
SQL: SELECT * FROM `think_member` WHERE `id` = 1 LIMIT 1   [ RunTime:0.0010s ]
SQL: SELECT s.id,s.title,s.name,s.tips,s.pid,p.pid as ppid,p.title as ptitle FROM think_auth_rule s left join think_auth_rule p on p.id=s.pid where s.name='Category/test' [ RunTime:0.0000s ]
NOTIC: [8] Undefined offset: 0 C:\xampp\htdocs\myapp\Application\Admin\Controller\CommonController.class.php 第 67 行.
SQL: SHOW COLUMNS FROM `think_auth_rule` [ RunTime:0.0040s ]
SQL: SELECT `id`,`title`,`pid`,`name`,`icon` FROM `think_auth_rule` WHERE ( islink=1   ) ORDER BY o ASC  [ RunTime:0.0010s ]

[ 2016-10-10T22:50:29+08:00 ] ::1 /myapp/admin.php/Category/test
INFO: [ app_init ] --START--
INFO: Run Behavior\BuildLiteBehavior [ RunTime:0.000000s ]
INFO: [ app_init ] --END-- [ RunTime:0.001000s ]
INFO: [ app_begin ] --START--
INFO: Run Behavior\ReadHtmlCacheBehavior [ RunTime:0.001000s ]
INFO: [ app_begin ] --END-- [ RunTime:0.001000s ]
SQL: SHOW COLUMNS FROM `think_setting` [ RunTime:0.0040s ]
SQL: SELECT `k`,`v` FROM `think_setting`  [ RunTime:0.0010s ]
NOTIC: [8] Undefined variable: config C:\xampp\htdocs\myapp\Application\Common\Common\function.php 第 29 行.
NOTIC: [8] A session had already been started - ignoring session_start() C:\xampp\htdocs\myapp\Application\Admin\Controller\CommonController.class.php 第 122 行.
SQL: SHOW COLUMNS FROM `think_member` [ RunTime:0.0050s ]
SQL: SELECT * FROM `think_member` WHERE `id` = 1 LIMIT 1   [ RunTime:0.0010s ]
SQL: SHOW COLUMNS FROM `think_auth_group` [ RunTime:0.0040s ]
SQL: SELECT * FROM `think_auth_group` INNER JOIN think_auth_group_access on think_auth_group.id=think_auth_group_access.group_id  WHERE think_auth_group_access.uid = '1'  [ RunTime:0.0000s ]
SQL: SHOW COLUMNS FROM `think_member` [ RunTime:0.0050s ]
SQL: SELECT * FROM `think_member` WHERE `id` = 1 LIMIT 1   [ RunTime:0.0010s ]
SQL: SELECT s.id,s.title,s.name,s.tips,s.pid,p.pid as ppid,p.title as ptitle FROM think_auth_rule s left join think_auth_rule p on p.id=s.pid where s.name='Category/test' [ RunTime:0.0000s ]
NOTIC: [8] Undefined offset: 0 C:\xampp\htdocs\myapp\Application\Admin\Controller\CommonController.class.php 第 67 行.
SQL: SHOW COLUMNS FROM `think_auth_rule` [ RunTime:0.0040s ]
SQL: SELECT `id`,`title`,`pid`,`name`,`icon` FROM `think_auth_rule` WHERE ( islink=1   ) ORDER BY o ASC  [ RunTime:0.0020s ]

[ 2016-10-10T22:51:42+08:00 ] ::1 /myapp/admin.php/Category/test
INFO: [ app_init ] --START--
INFO: Run Behavior\BuildLiteBehavior [ RunTime:0.000000s ]
INFO: [ app_init ] --END-- [ RunTime:0.001000s ]
INFO: [ app_begin ] --START--
INFO: Run Behavior\ReadHtmlCacheBehavior [ RunTime:0.001000s ]
INFO: [ app_begin ] --END-- [ RunTime:0.001000s ]
SQL: SHOW COLUMNS FROM `think_setting` [ RunTime:0.0040s ]
SQL: SELECT `k`,`v` FROM `think_setting`  [ RunTime:0.0000s ]
NOTIC: [8] Undefined variable: config C:\xampp\htdocs\myapp\Application\Common\Common\function.php 第 29 行.
NOTIC: [8] A session had already been started - ignoring session_start() C:\xampp\htdocs\myapp\Application\Admin\Controller\CommonController.class.php 第 122 行.
SQL: SHOW COLUMNS FROM `think_member` [ RunTime:0.0050s ]
SQL: SELECT * FROM `think_member` WHERE `id` = 1 LIMIT 1   [ RunTime:0.0010s ]
SQL: SHOW COLUMNS FROM `think_auth_group` [ RunTime:0.0040s ]
SQL: SELECT * FROM `think_auth_group` INNER JOIN think_auth_group_access on think_auth_group.id=think_auth_group_access.group_id  WHERE think_auth_group_access.uid = '1'  [ RunTime:0.0010s ]
SQL: SHOW COLUMNS FROM `think_member` [ RunTime:0.0040s ]
SQL: SELECT * FROM `think_member` WHERE `id` = 1 LIMIT 1   [ RunTime:0.0000s ]
SQL: SELECT s.id,s.title,s.name,s.tips,s.pid,p.pid as ppid,p.title as ptitle FROM think_auth_rule s left join think_auth_rule p on p.id=s.pid where s.name='Category/test' [ RunTime:0.0010s ]
NOTIC: [8] Undefined offset: 0 C:\xampp\htdocs\myapp\Application\Admin\Controller\CommonController.class.php 第 67 行.
SQL: SHOW COLUMNS FROM `think_auth_rule` [ RunTime:0.0050s ]
SQL: SELECT `id`,`title`,`pid`,`name`,`icon` FROM `think_auth_rule` WHERE ( islink=1   ) ORDER BY o ASC  [ RunTime:0.0010s ]

[ 2016-10-10T22:51:43+08:00 ] ::1 /myapp/admin.php/Category/test
INFO: [ app_init ] --START--
INFO: Run Behavior\BuildLiteBehavior [ RunTime:0.000000s ]
INFO: [ app_init ] --END-- [ RunTime:0.000000s ]
INFO: [ app_begin ] --START--
INFO: Run Behavior\ReadHtmlCacheBehavior [ RunTime:0.001000s ]
INFO: [ app_begin ] --END-- [ RunTime:0.001000s ]
SQL: SHOW COLUMNS FROM `think_setting` [ RunTime:0.0030s ]
SQL: SELECT `k`,`v` FROM `think_setting`  [ RunTime:0.0000s ]
NOTIC: [8] Undefined variable: config C:\xampp\htdocs\myapp\Application\Common\Common\function.php 第 29 行.
NOTIC: [8] A session had already been started - ignoring session_start() C:\xampp\htdocs\myapp\Application\Admin\Controller\CommonController.class.php 第 122 行.
SQL: SHOW COLUMNS FROM `think_member` [ RunTime:0.0040s ]
SQL: SELECT * FROM `think_member` WHERE `id` = 1 LIMIT 1   [ RunTime:0.0010s ]
SQL: SHOW COLUMNS FROM `think_auth_group` [ RunTime:0.0040s ]
SQL: SELECT * FROM `think_auth_group` INNER JOIN think_auth_group_access on think_auth_group.id=think_auth_group_access.group_id  WHERE think_auth_group_access.uid = '1'  [ RunTime:0.0010s ]
SQL: SHOW COLUMNS FROM `think_member` [ RunTime:0.0040s ]
SQL: SELECT * FROM `think_member` WHERE `id` = 1 LIMIT 1   [ RunTime:0.0010s ]
SQL: SELECT s.id,s.title,s.name,s.tips,s.pid,p.pid as ppid,p.title as ptitle FROM think_auth_rule s left join think_auth_rule p on p.id=s.pid where s.name='Category/test' [ RunTime:0.0000s ]
NOTIC: [8] Undefined offset: 0 C:\xampp\htdocs\myapp\Application\Admin\Controller\CommonController.class.php 第 67 行.
SQL: SHOW COLUMNS FROM `think_auth_rule` [ RunTime:0.0040s ]
SQL: SELECT `id`,`title`,`pid`,`name`,`icon` FROM `think_auth_rule` WHERE ( islink=1   ) ORDER BY o ASC  [ RunTime:0.0010s ]

[ 2016-10-10T22:51:43+08:00 ] ::1 /myapp/admin.php/Category/test
INFO: [ app_init ] --START--
INFO: Run Behavior\BuildLiteBehavior [ RunTime:0.000000s ]
INFO: [ app_init ] --END-- [ RunTime:0.001000s ]
INFO: [ app_begin ] --START--
INFO: Run Behavior\ReadHtmlCacheBehavior [ RunTime:0.001000s ]
INFO: [ app_begin ] --END-- [ RunTime:0.001000s ]
SQL: SHOW COLUMNS FROM `think_setting` [ RunTime:0.0050s ]
SQL: SELECT `k`,`v` FROM `think_setting`  [ RunTime:0.0010s ]
NOTIC: [8] Undefined variable: config C:\xampp\htdocs\myapp\Application\Common\Common\function.php 第 29 行.
NOTIC: [8] A session had already been started - ignoring session_start() C:\xampp\htdocs\myapp\Application\Admin\Controller\CommonController.class.php 第 122 行.
SQL: SHOW COLUMNS FROM `think_member` [ RunTime:0.0060s ]
SQL: SELECT * FROM `think_member` WHERE `id` = 1 LIMIT 1   [ RunTime:0.0010s ]
SQL: SHOW COLUMNS FROM `think_auth_group` [ RunTime:0.0030s ]
SQL: SELECT * FROM `think_auth_group` INNER JOIN think_auth_group_access on think_auth_group.id=think_auth_group_access.group_id  WHERE think_auth_group_access.uid = '1'  [ RunTime:0.0010s ]
SQL: SHOW COLUMNS FROM `think_member` [ RunTime:0.0040s ]
SQL: SELECT * FROM `think_member` WHERE `id` = 1 LIMIT 1   [ RunTime:0.0000s ]
SQL: SELECT s.id,s.title,s.name,s.tips,s.pid,p.pid as ppid,p.title as ptitle FROM think_auth_rule s left join think_auth_rule p on p.id=s.pid where s.name='Category/test' [ RunTime:0.0010s ]
NOTIC: [8] Undefined offset: 0 C:\xampp\htdocs\myapp\Application\Admin\Controller\CommonController.class.php 第 67 行.
SQL: SHOW COLUMNS FROM `think_auth_rule` [ RunTime:0.0040s ]
SQL: SELECT `id`,`title`,`pid`,`name`,`icon` FROM `think_auth_rule` WHERE ( islink=1   ) ORDER BY o ASC  [ RunTime:0.0010s ]

[ 2016-10-10T22:51:44+08:00 ] ::1 /myapp/admin.php/Category/test
INFO: [ app_init ] --START--
INFO: Run Behavior\BuildLiteBehavior [ RunTime:0.000000s ]
INFO: [ app_init ] --END-- [ RunTime:0.001000s ]
INFO: [ app_begin ] --START--
INFO: Run Behavior\ReadHtmlCacheBehavior [ RunTime:0.001000s ]
INFO: [ app_begin ] --END-- [ RunTime:0.001000s ]
SQL: SHOW COLUMNS FROM `think_setting` [ RunTime:0.0030s ]
SQL: SELECT `k`,`v` FROM `think_setting`  [ RunTime:0.0010s ]
NOTIC: [8] Undefined variable: config C:\xampp\htdocs\myapp\Application\Common\Common\function.php 第 29 行.
NOTIC: [8] A session had already been started - ignoring session_start() C:\xampp\htdocs\myapp\Application\Admin\Controller\CommonController.class.php 第 122 行.
SQL: SHOW COLUMNS FROM `think_member` [ RunTime:0.0040s ]
SQL: SELECT * FROM `think_member` WHERE `id` = 1 LIMIT 1   [ RunTime:0.0010s ]
SQL: SHOW COLUMNS FROM `think_auth_group` [ RunTime:0.0030s ]
SQL: SELECT * FROM `think_auth_group` INNER JOIN think_auth_group_access on think_auth_group.id=think_auth_group_access.group_id  WHERE think_auth_group_access.uid = '1'  [ RunTime:0.0010s ]
SQL: SHOW COLUMNS FROM `think_member` [ RunTime:0.0030s ]
SQL: SELECT * FROM `think_member` WHERE `id` = 1 LIMIT 1   [ RunTime:0.0000s ]
SQL: SELECT s.id,s.title,s.name,s.tips,s.pid,p.pid as ppid,p.title as ptitle FROM think_auth_rule s left join think_auth_rule p on p.id=s.pid where s.name='Category/test' [ RunTime:0.0000s ]
NOTIC: [8] Undefined offset: 0 C:\xampp\htdocs\myapp\Application\Admin\Controller\CommonController.class.php 第 67 行.
SQL: SHOW COLUMNS FROM `think_auth_rule` [ RunTime:0.0040s ]
SQL: SELECT `id`,`title`,`pid`,`name`,`icon` FROM `think_auth_rule` WHERE ( islink=1   ) ORDER BY o ASC  [ RunTime:0.0010s ]

[ 2016-10-10T22:51:44+08:00 ] ::1 /myapp/admin.php/Category/test
INFO: [ app_init ] --START--
INFO: Run Behavior\BuildLiteBehavior [ RunTime:0.000000s ]
INFO: [ app_init ] --END-- [ RunTime:0.000000s ]
INFO: [ app_begin ] --START--
INFO: Run Behavior\ReadHtmlCacheBehavior [ RunTime:0.000000s ]
INFO: [ app_begin ] --END-- [ RunTime:0.000000s ]
SQL: SHOW COLUMNS FROM `think_setting` [ RunTime:0.0030s ]
SQL: SELECT `k`,`v` FROM `think_setting`  [ RunTime:0.0010s ]
NOTIC: [8] Undefined variable: config C:\xampp\htdocs\myapp\Application\Common\Common\function.php 第 29 行.
NOTIC: [8] A session had already been started - ignoring session_start() C:\xampp\htdocs\myapp\Application\Admin\Controller\CommonController.class.php 第 122 行.
SQL: SHOW COLUMNS FROM `think_member` [ RunTime:0.0040s ]
SQL: SELECT * FROM `think_member` WHERE `id` = 1 LIMIT 1   [ RunTime:0.0010s ]
SQL: SHOW COLUMNS FROM `think_auth_group` [ RunTime:0.0030s ]
SQL: SELECT * FROM `think_auth_group` INNER JOIN think_auth_group_access on think_auth_group.id=think_auth_group_access.group_id  WHERE think_auth_group_access.uid = '1'  [ RunTime:0.0000s ]
SQL: SHOW COLUMNS FROM `think_member` [ RunTime:0.0040s ]
SQL: SELECT * FROM `think_member` WHERE `id` = 1 LIMIT 1   [ RunTime:0.0010s ]
SQL: SELECT s.id,s.title,s.name,s.tips,s.pid,p.pid as ppid,p.title as ptitle FROM think_auth_rule s left join think_auth_rule p on p.id=s.pid where s.name='Category/test' [ RunTime:0.0010s ]
NOTIC: [8] Undefined offset: 0 C:\xampp\htdocs\myapp\Application\Admin\Controller\CommonController.class.php 第 67 行.
SQL: SHOW COLUMNS FROM `think_auth_rule` [ RunTime:0.0030s ]
SQL: SELECT `id`,`title`,`pid`,`name`,`icon` FROM `think_auth_rule` WHERE ( islink=1   ) ORDER BY o ASC  [ RunTime:0.0010s ]

[ 2016-10-10T22:51:44+08:00 ] ::1 /myapp/admin.php/Category/test
INFO: [ app_init ] --START--
INFO: Run Behavior\BuildLiteBehavior [ RunTime:0.000000s ]
INFO: [ app_init ] --END-- [ RunTime:0.000000s ]
INFO: [ app_begin ] --START--
INFO: Run Behavior\ReadHtmlCacheBehavior [ RunTime:0.001000s ]
INFO: [ app_begin ] --END-- [ RunTime:0.001000s ]
SQL: SHOW COLUMNS FROM `think_setting` [ RunTime:0.0040s ]
SQL: SELECT `k`,`v` FROM `think_setting`  [ RunTime:0.0000s ]
NOTIC: [8] Undefined variable: config C:\xampp\htdocs\myapp\Application\Common\Common\function.php 第 29 行.
NOTIC: [8] A session had already been started - ignoring session_start() C:\xampp\htdocs\myapp\Application\Admin\Controller\CommonController.class.php 第 122 行.
SQL: SHOW COLUMNS FROM `think_member` [ RunTime:0.0030s ]
SQL: SELECT * FROM `think_member` WHERE `id` = 1 LIMIT 1   [ RunTime:0.0000s ]
SQL: SHOW COLUMNS FROM `think_auth_group` [ RunTime:0.0030s ]
SQL: SELECT * FROM `think_auth_group` INNER JOIN think_auth_group_access on think_auth_group.id=think_auth_group_access.group_id  WHERE think_auth_group_access.uid = '1'  [ RunTime:0.0010s ]
SQL: SHOW COLUMNS FROM `think_member` [ RunTime:0.0040s ]
SQL: SELECT * FROM `think_member` WHERE `id` = 1 LIMIT 1   [ RunTime:0.0000s ]
SQL: SELECT s.id,s.title,s.name,s.tips,s.pid,p.pid as ppid,p.title as ptitle FROM think_auth_rule s left join think_auth_rule p on p.id=s.pid where s.name='Category/test' [ RunTime:0.0010s ]
NOTIC: [8] Undefined offset: 0 C:\xampp\htdocs\myapp\Application\Admin\Controller\CommonController.class.php 第 67 行.
SQL: SHOW COLUMNS FROM `think_auth_rule` [ RunTime:0.0030s ]
SQL: SELECT `id`,`title`,`pid`,`name`,`icon` FROM `think_auth_rule` WHERE ( islink=1   ) ORDER BY o ASC  [ RunTime:0.0010s ]

[ 2016-10-10T22:51:44+08:00 ] ::1 /myapp/admin.php/Category/test
INFO: [ app_init ] --START--
INFO: Run Behavior\BuildLiteBehavior [ RunTime:0.000000s ]
INFO: [ app_init ] --END-- [ RunTime:0.001000s ]
INFO: [ app_begin ] --START--
INFO: Run Behavior\ReadHtmlCacheBehavior [ RunTime:0.000000s ]
INFO: [ app_begin ] --END-- [ RunTime:0.001000s ]
SQL: SHOW COLUMNS FROM `think_setting` [ RunTime:0.0040s ]
SQL: SELECT `k`,`v` FROM `think_setting`  [ RunTime:0.0010s ]
NOTIC: [8] Undefined variable: config C:\xampp\htdocs\myapp\Application\Common\Common\function.php 第 29 行.
NOTIC: [8] A session had already been started - ignoring session_start() C:\xampp\htdocs\myapp\Application\Admin\Controller\CommonController.class.php 第 122 行.
SQL: SHOW COLUMNS FROM `think_member` [ RunTime:0.0050s ]
SQL: SELECT * FROM `think_member` WHERE `id` = 1 LIMIT 1   [ RunTime:0.0010s ]
SQL: SHOW COLUMNS FROM `think_auth_group` [ RunTime:0.0030s ]
SQL: SELECT * FROM `think_auth_group` INNER JOIN think_auth_group_access on think_auth_group.id=think_auth_group_access.group_id  WHERE think_auth_group_access.uid = '1'  [ RunTime:0.0010s ]
SQL: SHOW COLUMNS FROM `think_member` [ RunTime:0.0040s ]
SQL: SELECT * FROM `think_member` WHERE `id` = 1 LIMIT 1   [ RunTime:0.0000s ]
SQL: SELECT s.id,s.title,s.name,s.tips,s.pid,p.pid as ppid,p.title as ptitle FROM think_auth_rule s left join think_auth_rule p on p.id=s.pid where s.name='Category/test' [ RunTime:0.0010s ]
NOTIC: [8] Undefined offset: 0 C:\xampp\htdocs\myapp\Application\Admin\Controller\CommonController.class.php 第 67 行.
SQL: SHOW COLUMNS FROM `think_auth_rule` [ RunTime:0.0040s ]
SQL: SELECT `id`,`title`,`pid`,`name`,`icon` FROM `think_auth_rule` WHERE ( islink=1   ) ORDER BY o ASC  [ RunTime:0.0010s ]

[ 2016-10-10T22:52:11+08:00 ] ::1 /myapp/admin.php/Category/test
INFO: [ app_init ] --START--
INFO: Run Behavior\BuildLiteBehavior [ RunTime:0.000000s ]
INFO: [ app_init ] --END-- [ RunTime:0.001000s ]
INFO: [ app_begin ] --START--
INFO: Run Behavior\ReadHtmlCacheBehavior [ RunTime:0.000000s ]
INFO: [ app_begin ] --END-- [ RunTime:0.000000s ]
SQL: SHOW COLUMNS FROM `think_setting` [ RunTime:0.0040s ]
SQL: SELECT `k`,`v` FROM `think_setting`  [ RunTime:0.0010s ]
NOTIC: [8] Undefined variable: config C:\xampp\htdocs\myapp\Application\Common\Common\function.php 第 29 行.
NOTIC: [8] A session had already been started - ignoring session_start() C:\xampp\htdocs\myapp\Application\Admin\Controller\CommonController.class.php 第 122 行.
SQL: SHOW COLUMNS FROM `think_member` [ RunTime:0.0040s ]
SQL: SELECT * FROM `think_member` WHERE `id` = 1 LIMIT 1   [ RunTime:0.0010s ]
SQL: SHOW COLUMNS FROM `think_auth_group` [ RunTime:0.0040s ]
SQL: SELECT * FROM `think_auth_group` INNER JOIN think_auth_group_access on think_auth_group.id=think_auth_group_access.group_id  WHERE think_auth_group_access.uid = '1'  [ RunTime:0.0010s ]
SQL: SHOW COLUMNS FROM `think_member` [ RunTime:0.0040s ]
SQL: SELECT * FROM `think_member` WHERE `id` = 1 LIMIT 1   [ RunTime:0.0010s ]
SQL: SELECT s.id,s.title,s.name,s.tips,s.pid,p.pid as ppid,p.title as ptitle FROM think_auth_rule s left join think_auth_rule p on p.id=s.pid where s.name='Category/test' [ RunTime:0.0000s ]
NOTIC: [8] Undefined offset: 0 C:\xampp\htdocs\myapp\Application\Admin\Controller\CommonController.class.php 第 67 行.
SQL: SHOW COLUMNS FROM `think_auth_rule` [ RunTime:0.0040s ]
SQL: SELECT `id`,`title`,`pid`,`name`,`icon` FROM `think_auth_rule` WHERE ( islink=1   ) ORDER BY o ASC  [ RunTime:0.0020s ]
INFO: [ app_end ] --START--
INFO: Run Behavior\ShowPageTraceBehavior [ RunTime:0.001000s ]
INFO: [ app_end ] --END-- [ RunTime:0.001000s ]

[ 2016-10-10T22:52:49+08:00 ] ::1 /myapp/admin.php/Category/test
INFO: [ app_init ] --START--
INFO: Run Behavior\BuildLiteBehavior [ RunTime:0.000000s ]
INFO: [ app_init ] --END-- [ RunTime:0.001000s ]
INFO: [ app_begin ] --START--
INFO: Run Behavior\ReadHtmlCacheBehavior [ RunTime:0.001000s ]
INFO: [ app_begin ] --END-- [ RunTime:0.001000s ]
SQL: SHOW COLUMNS FROM `think_setting` [ RunTime:0.0040s ]
SQL: SELECT `k`,`v` FROM `think_setting`  [ RunTime:0.0000s ]
NOTIC: [8] Undefined variable: config C:\xampp\htdocs\myapp\Application\Common\Common\function.php 第 29 行.
NOTIC: [8] A session had already been started - ignoring session_start() C:\xampp\htdocs\myapp\Application\Admin\Controller\CommonController.class.php 第 122 行.
SQL: SHOW COLUMNS FROM `think_member` [ RunTime:0.0040s ]
SQL: SELECT * FROM `think_member` WHERE `id` = 1 LIMIT 1   [ RunTime:0.0010s ]
SQL: SHOW COLUMNS FROM `think_auth_group` [ RunTime:0.0040s ]
SQL: SELECT * FROM `think_auth_group` INNER JOIN think_auth_group_access on think_auth_group.id=think_auth_group_access.group_id  WHERE think_auth_group_access.uid = '1'  [ RunTime:0.0000s ]
SQL: SHOW COLUMNS FROM `think_member` [ RunTime:0.0050s ]
SQL: SELECT * FROM `think_member` WHERE `id` = 1 LIMIT 1   [ RunTime:0.0000s ]
SQL: SELECT s.id,s.title,s.name,s.tips,s.pid,p.pid as ppid,p.title as ptitle FROM think_auth_rule s left join think_auth_rule p on p.id=s.pid where s.name='Category/test' [ RunTime:0.0000s ]
NOTIC: [8] Undefined offset: 0 C:\xampp\htdocs\myapp\Application\Admin\Controller\CommonController.class.php 第 67 行.
SQL: SHOW COLUMNS FROM `think_auth_rule` [ RunTime:0.0060s ]
SQL: SELECT `id`,`title`,`pid`,`name`,`icon` FROM `think_auth_rule` WHERE ( islink=1   ) ORDER BY o ASC  [ RunTime:0.0010s ]

[ 2016-10-10T22:55:42+08:00 ] ::1 /myapp/admin.php/Category/test
INFO: [ app_init ] --START--
INFO: Run Behavior\BuildLiteBehavior [ RunTime:0.000000s ]
INFO: [ app_init ] --END-- [ RunTime:0.001000s ]
INFO: [ app_begin ] --START--
INFO: Run Behavior\ReadHtmlCacheBehavior [ RunTime:0.001000s ]
INFO: [ app_begin ] --END-- [ RunTime:0.001000s ]
SQL: SHOW COLUMNS FROM `think_setting` [ RunTime:0.0040s ]
SQL: SELECT `k`,`v` FROM `think_setting`  [ RunTime:0.0000s ]
NOTIC: [8] Undefined variable: config C:\xampp\htdocs\myapp\Application\Common\Common\function.php 第 29 行.
NOTIC: [8] A session had already been started - ignoring session_start() C:\xampp\htdocs\myapp\Application\Admin\Controller\CommonController.class.php 第 122 行.
SQL: SHOW COLUMNS FROM `think_member` [ RunTime:0.0050s ]
SQL: SELECT * FROM `think_member` WHERE `id` = 1 LIMIT 1   [ RunTime:0.0010s ]
SQL: SHOW COLUMNS FROM `think_auth_group` [ RunTime:0.0040s ]
SQL: SELECT * FROM `think_auth_group` INNER JOIN think_auth_group_access on think_auth_group.id=think_auth_group_access.group_id  WHERE think_auth_group_access.uid = '1'  [ RunTime:0.0000s ]
SQL: SHOW COLUMNS FROM `think_member` [ RunTime:0.0050s ]
SQL: SELECT * FROM `think_member` WHERE `id` = 1 LIMIT 1   [ RunTime:0.0000s ]
SQL: SELECT s.id,s.title,s.name,s.tips,s.pid,p.pid as ppid,p.title as ptitle FROM think_auth_rule s left join think_auth_rule p on p.id=s.pid where s.name='Category/test' [ RunTime:0.0000s ]
NOTIC: [8] Undefined offset: 0 C:\xampp\htdocs\myapp\Application\Admin\Controller\CommonController.class.php 第 67 行.
SQL: SHOW COLUMNS FROM `think_auth_rule` [ RunTime:0.0050s ]
SQL: SELECT `id`,`title`,`pid`,`name`,`icon` FROM `think_auth_rule` WHERE ( islink=1   ) ORDER BY o ASC  [ RunTime:0.0010s ]
INFO: [ app_end ] --START--
INFO: Run Behavior\ShowPageTraceBehavior [ RunTime:0.001000s ]
INFO: [ app_end ] --END-- [ RunTime:0.001000s ]

[ 2016-10-10T22:56:33+08:00 ] ::1 /myapp/admin.php/Category/test
INFO: [ app_init ] --START--
INFO: Run Behavior\BuildLiteBehavior [ RunTime:0.000000s ]
INFO: [ app_init ] --END-- [ RunTime:0.001000s ]
INFO: [ app_begin ] --START--
INFO: Run Behavior\ReadHtmlCacheBehavior [ RunTime:0.001000s ]
INFO: [ app_begin ] --END-- [ RunTime:0.001000s ]
SQL: SHOW COLUMNS FROM `think_setting` [ RunTime:0.0040s ]
SQL: SELECT `k`,`v` FROM `think_setting`  [ RunTime:0.0010s ]
NOTIC: [8] Undefined variable: config C:\xampp\htdocs\myapp\Application\Common\Common\function.php 第 29 行.
NOTIC: [8] A session had already been started - ignoring session_start() C:\xampp\htdocs\myapp\Application\Admin\Controller\CommonController.class.php 第 122 行.
SQL: SHOW COLUMNS FROM `think_member` [ RunTime:0.0040s ]
SQL: SELECT * FROM `think_member` WHERE `id` = 1 LIMIT 1   [ RunTime:0.0010s ]
SQL: SHOW COLUMNS FROM `think_auth_group` [ RunTime:0.0040s ]
SQL: SELECT * FROM `think_auth_group` INNER JOIN think_auth_group_access on think_auth_group.id=think_auth_group_access.group_id  WHERE think_auth_group_access.uid = '1'  [ RunTime:0.0000s ]
SQL: SHOW COLUMNS FROM `think_member` [ RunTime:0.0040s ]
SQL: SELECT * FROM `think_member` WHERE `id` = 1 LIMIT 1   [ RunTime:0.0010s ]
SQL: SELECT s.id,s.title,s.name,s.tips,s.pid,p.pid as ppid,p.title as ptitle FROM think_auth_rule s left join think_auth_rule p on p.id=s.pid where s.name='Category/test' [ RunTime:0.0000s ]
NOTIC: [8] Undefined offset: 0 C:\xampp\htdocs\myapp\Application\Admin\Controller\CommonController.class.php 第 67 行.
SQL: SHOW COLUMNS FROM `think_auth_rule` [ RunTime:0.0040s ]
SQL: SELECT `id`,`title`,`pid`,`name`,`icon` FROM `think_auth_rule` WHERE ( islink=1   ) ORDER BY o ASC  [ RunTime:0.0020s ]
INFO: [ app_end ] --START--
INFO: Run Behavior\ShowPageTraceBehavior [ RunTime:0.001000s ]
INFO: [ app_end ] --END-- [ RunTime:0.001000s ]

[ 2016-10-10T22:57:10+08:00 ] ::1 /myapp/admin.php/Category/test
INFO: [ app_init ] --START--
INFO: Run Behavior\BuildLiteBehavior [ RunTime:0.000000s ]
INFO: [ app_init ] --END-- [ RunTime:0.001000s ]
INFO: [ app_begin ] --START--
INFO: Run Behavior\ReadHtmlCacheBehavior [ RunTime:0.000000s ]
INFO: [ app_begin ] --END-- [ RunTime:0.000000s ]
SQL: SHOW COLUMNS FROM `think_setting` [ RunTime:0.0040s ]
SQL: SELECT `k`,`v` FROM `think_setting`  [ RunTime:0.0010s ]
NOTIC: [8] Undefined variable: config C:\xampp\htdocs\myapp\Application\Common\Common\function.php 第 29 行.
NOTIC: [8] A session had already been started - ignoring session_start() C:\xampp\htdocs\myapp\Application\Admin\Controller\CommonController.class.php 第 122 行.
SQL: SHOW COLUMNS FROM `think_member` [ RunTime:0.0040s ]
SQL: SELECT * FROM `think_member` WHERE `id` = 1 LIMIT 1   [ RunTime:0.0000s ]
SQL: SHOW COLUMNS FROM `think_auth_group` [ RunTime:0.0050s ]
SQL: SELECT * FROM `think_auth_group` INNER JOIN think_auth_group_access on think_auth_group.id=think_auth_group_access.group_id  WHERE think_auth_group_access.uid = '1'  [ RunTime:0.0010s ]
SQL: SHOW COLUMNS FROM `think_member` [ RunTime:0.0050s ]
SQL: SELECT * FROM `think_member` WHERE `id` = 1 LIMIT 1   [ RunTime:0.0010s ]
SQL: SELECT s.id,s.title,s.name,s.tips,s.pid,p.pid as ppid,p.title as ptitle FROM think_auth_rule s left join think_auth_rule p on p.id=s.pid where s.name='Category/test' [ RunTime:0.0000s ]
NOTIC: [8] Undefined offset: 0 C:\xampp\htdocs\myapp\Application\Admin\Controller\CommonController.class.php 第 67 行.
SQL: SHOW COLUMNS FROM `think_auth_rule` [ RunTime:0.0040s ]
SQL: SELECT `id`,`title`,`pid`,`name`,`icon` FROM `think_auth_rule` WHERE ( islink=1   ) ORDER BY o ASC  [ RunTime:0.0020s ]
INFO: [ app_end ] --START--
INFO: Run Behavior\ShowPageTraceBehavior [ RunTime:0.001000s ]
INFO: [ app_end ] --END-- [ RunTime:0.001000s ]

