[ 2016-10-03T00:01:36+08:00 ] ::1 /myapp/admin.php/Article/index.html
INFO: [ app_init ] --START--
INFO: Run Behavior\BuildLiteBehavior [ RunTime:0.000000s ]
INFO: [ app_init ] --END-- [ RunTime:0.001000s ]
INFO: [ app_begin ] --START--
INFO: Run Behavior\ReadHtmlCacheBehavior [ RunTime:0.001000s ]
INFO: [ app_begin ] --END-- [ RunTime:0.001000s ]
SQL: SHOW COLUMNS FROM `think_setting` [ RunTime:0.0030s ]
SQL: SELECT `k`,`v` FROM `think_setting`  [ RunTime:0.0010s ]
NOTIC: [8] Undefined variable: config C:\xampp\htdocs\myapp\Application\Common\Common\function.php 第 29 行.
NOTIC: [8] A session had already been started - ignoring session_start() C:\xampp\htdocs\myapp\Application\Admin\Controller\CommonController.class.php 第 122 行.
SQL: SHOW COLUMNS FROM `think_member` [ RunTime:0.0040s ]
SQL: SELECT * FROM `think_member` WHERE `id` = 1 LIMIT 1   [ RunTime:0.0000s ]
SQL: SHOW COLUMNS FROM `think_auth_group` [ RunTime:0.0040s ]
SQL: SELECT * FROM `think_auth_group` INNER JOIN think_auth_group_access on think_auth_group.id=think_auth_group_access.group_id  WHERE think_auth_group_access.uid = '1'  [ RunTime:0.0010s ]
SQL: SHOW COLUMNS FROM `think_member` [ RunTime:0.0030s ]
SQL: SELECT * FROM `think_member` WHERE `id` = 1 LIMIT 1   [ RunTime:0.0010s ]
SQL: SELECT s.id,s.title,s.name,s.tips,s.pid,p.pid as ppid,p.title as ptitle FROM think_auth_rule s left join think_auth_rule p on p.id=s.pid where s.name='Article/index' [ RunTime:0.0000s ]
SQL: SHOW COLUMNS FROM `think_auth_rule` [ RunTime:0.0040s ]
SQL: SELECT `id`,`title`,`pid`,`name`,`icon` FROM `think_auth_rule` WHERE ( islink=1   ) ORDER BY o ASC  [ RunTime:0.0010s ]
INFO: [ view_parse ] --START--
INFO: [ template_filter ] --START--
INFO: Run Behavior\ContentReplaceBehavior [ RunTime:0.000000s ]
INFO: [ template_filter ] --END-- [ RunTime:0.000000s ]
NOTIC: [8] Undefined variable: category C:\xampp\htdocs\myapp\Application\Runtime\Cache\Admin\7a4184ffe8f804b12b2e7f8851dd8f7d.php 第 143 行.
NOTIC: [8] Use of undefined constant desc - assumed 'desc' C:\xampp\htdocs\myapp\Application\Runtime\Cache\Admin\7a4184ffe8f804b12b2e7f8851dd8f7d.php 第 150 行.
NOTIC: [8] Use of undefined constant asc - assumed 'asc' C:\xampp\htdocs\myapp\Application\Runtime\Cache\Admin\7a4184ffe8f804b12b2e7f8851dd8f7d.php 第 151 行.
NOTIC: [8] Undefined variable: list C:\xampp\htdocs\myapp\Application\Runtime\Cache\Admin\7a4184ffe8f804b12b2e7f8851dd8f7d.php 第 175 行.
NOTIC: [8] Undefined variable: page C:\xampp\htdocs\myapp\Application\Runtime\Cache\Admin\7a4184ffe8f804b12b2e7f8851dd8f7d.php 第 193 行.
INFO: Run Behavior\ParseTemplateBehavior [ RunTime:0.018001s ]
INFO: [ view_parse ] --END-- [ RunTime:0.018001s ]
INFO: [ view_filter ] --START--
INFO: Run Behavior\WriteHtmlCacheBehavior [ RunTime:0.001000s ]
INFO: [ view_filter ] --END-- [ RunTime:0.001000s ]
INFO: [ app_end ] --START--
INFO: Run Behavior\ShowPageTraceBehavior [ RunTime:0.001000s ]
INFO: [ app_end ] --END-- [ RunTime:0.001000s ]

[ 2016-10-03T23:36:54+08:00 ] ::1 /myapp/admin.php
INFO: [ app_init ] --START--
INFO: Run Behavior\BuildLiteBehavior [ RunTime:0.000000s ]
INFO: [ app_init ] --END-- [ RunTime:0.000000s ]
INFO: [ app_begin ] --START--
INFO: Run Behavior\ReadHtmlCacheBehavior [ RunTime:0.001000s ]
INFO: [ app_begin ] --END-- [ RunTime:0.001000s ]
SQL: SHOW COLUMNS FROM `think_setting` [ RunTime:0.1740s ]
SQL: SELECT `k`,`v` FROM `think_setting`  [ RunTime:0.0680s ]
NOTIC: [8] Undefined variable: config C:\xampp\htdocs\myapp\Application\Common\Common\function.php 第 29 行.
NOTIC: [8] A session had already been started - ignoring session_start() C:\xampp\htdocs\myapp\Application\Admin\Controller\CommonController.class.php 第 122 行.

[ 2016-10-03T23:36:55+08:00 ] ::1 /myapp/admin.php/Login/index.html
INFO: [ app_init ] --START--
INFO: Run Behavior\BuildLiteBehavior [ RunTime:0.000000s ]
INFO: [ app_init ] --END-- [ RunTime:0.000000s ]
INFO: [ app_begin ] --START--
INFO: Run Behavior\ReadHtmlCacheBehavior [ RunTime:0.001000s ]
INFO: [ app_begin ] --END-- [ RunTime:0.001000s ]
SQL: SHOW COLUMNS FROM `think_setting` [ RunTime:0.0040s ]
SQL: SELECT `k`,`v` FROM `think_setting`  [ RunTime:0.0010s ]
NOTIC: [8] Undefined variable: config C:\xampp\htdocs\myapp\Application\Common\Common\function.php 第 29 行.
NOTIC: [8] A session had already been started - ignoring session_start() C:\xampp\htdocs\myapp\Application\Admin\Controller\CommonController.class.php 第 122 行.
INFO: [ view_parse ] --START--
INFO: [ template_filter ] --START--
INFO: Run Behavior\ContentReplaceBehavior [ RunTime:0.024002s ]
INFO: [ template_filter ] --END-- [ RunTime:0.025002s ]
INFO: Run Behavior\ParseTemplateBehavior [ RunTime:0.118007s ]
INFO: [ view_parse ] --END-- [ RunTime:0.118007s ]
INFO: [ view_filter ] --START--
INFO: Run Behavior\WriteHtmlCacheBehavior [ RunTime:0.024001s ]
INFO: [ view_filter ] --END-- [ RunTime:0.024001s ]
INFO: [ app_end ] --START--
INFO: Run Behavior\ShowPageTraceBehavior [ RunTime:0.001000s ]
INFO: [ app_end ] --END-- [ RunTime:0.001000s ]

[ 2016-10-03T23:36:56+08:00 ] ::1 /myapp/admin.php/Login/code.html
INFO: [ app_init ] --START--
INFO: Run Behavior\BuildLiteBehavior [ RunTime:0.000000s ]
INFO: [ app_init ] --END-- [ RunTime:0.000000s ]
INFO: [ app_begin ] --START--
INFO: Run Behavior\ReadHtmlCacheBehavior [ RunTime:0.001000s ]
INFO: [ app_begin ] --END-- [ RunTime:0.001000s ]
SQL: SHOW COLUMNS FROM `think_setting` [ RunTime:0.0040s ]
SQL: SELECT `k`,`v` FROM `think_setting`  [ RunTime:0.0010s ]
NOTIC: [8] Undefined variable: config C:\xampp\htdocs\myapp\Application\Common\Common\function.php 第 29 行.
INFO: [ app_end ] --START--
INFO: Run Behavior\ShowPageTraceBehavior [ RunTime:0.001000s ]
INFO: [ app_end ] --END-- [ RunTime:0.001000s ]

[ 2016-10-03T23:37:40+08:00 ] ::1 /myapp/admin.php/Login/code.html?0.8002565416973084
INFO: [ app_init ] --START--
INFO: Run Behavior\BuildLiteBehavior [ RunTime:0.000000s ]
INFO: [ app_init ] --END-- [ RunTime:0.001000s ]
INFO: [ app_begin ] --START--
INFO: Run Behavior\ReadHtmlCacheBehavior [ RunTime:0.001000s ]
INFO: [ app_begin ] --END-- [ RunTime:0.001000s ]
SQL: SHOW COLUMNS FROM `think_setting` [ RunTime:0.0030s ]
SQL: SELECT `k`,`v` FROM `think_setting`  [ RunTime:0.0000s ]
NOTIC: [8] Undefined variable: config C:\xampp\htdocs\myapp\Application\Common\Common\function.php 第 29 行.
INFO: [ app_end ] --START--
INFO: Run Behavior\ShowPageTraceBehavior [ RunTime:0.001000s ]
INFO: [ app_end ] --END-- [ RunTime:0.001000s ]

[ 2016-10-03T23:38:12+08:00 ] ::1 /myapp/admin.php/Login/dologin.html
INFO: [ app_init ] --START--
INFO: Run Behavior\BuildLiteBehavior [ RunTime:0.000000s ]
INFO: [ app_init ] --END-- [ RunTime:0.000000s ]
INFO: [ app_begin ] --START--
INFO: Run Behavior\ReadHtmlCacheBehavior [ RunTime:0.001000s ]
INFO: [ app_begin ] --END-- [ RunTime:0.001000s ]
SQL: SHOW COLUMNS FROM `think_setting` [ RunTime:0.0040s ]
SQL: SELECT `k`,`v` FROM `think_setting`  [ RunTime:0.0010s ]
NOTIC: [8] Undefined variable: config C:\xampp\htdocs\myapp\Application\Common\Common\function.php 第 29 行.
SQL: SHOW COLUMNS FROM `think_member` [ RunTime:0.1870s ]
SQL: SELECT `id`,`username` FROM `think_member` WHERE `username` = 'administrator' AND `password` = '87d6011ac290001e3037197c5bede68b' LIMIT 1   [ RunTime:0.0460s ]
NOTIC: [8] A session had already been started - ignoring session_start() C:\xampp\htdocs\myapp\Application\Admin\Controller\LoginController.class.php 第 94 行.
SQL: SHOW COLUMNS FROM `think_log` [ RunTime:0.0400s ]
NOTIC: [8] A session had already been started - ignoring session_start() C:\xampp\htdocs\myapp\Application\Admin\Common\function.php 第 14 行.
SQL: SELECT `username` FROM `think_member` WHERE `id` = 1 LIMIT 1   [ RunTime:0.0590s ]
SQL: INSERT INTO `think_log` (`username`,`time`,`ip`,`log`) VALUES ('administrator','1475509092','0','登陆成功') [ RunTime:0.0400s ]

[ 2016-10-03T23:38:12+08:00 ] ::1 /myapp/admin.php/Index/index.html
INFO: [ app_init ] --START--
INFO: Run Behavior\BuildLiteBehavior [ RunTime:0.000000s ]
INFO: [ app_init ] --END-- [ RunTime:0.001000s ]
INFO: [ app_begin ] --START--
INFO: Run Behavior\ReadHtmlCacheBehavior [ RunTime:0.000000s ]
INFO: [ app_begin ] --END-- [ RunTime:0.000000s ]
SQL: SHOW COLUMNS FROM `think_setting` [ RunTime:0.0040s ]
SQL: SELECT `k`,`v` FROM `think_setting`  [ RunTime:0.0010s ]
NOTIC: [8] Undefined variable: config C:\xampp\htdocs\myapp\Application\Common\Common\function.php 第 29 行.
NOTIC: [8] A session had already been started - ignoring session_start() C:\xampp\htdocs\myapp\Application\Admin\Controller\CommonController.class.php 第 122 行.
SQL: SHOW COLUMNS FROM `think_member` [ RunTime:0.0040s ]
SQL: SELECT * FROM `think_member` WHERE `id` = 1 LIMIT 1   [ RunTime:0.0010s ]
SQL: SHOW COLUMNS FROM `think_auth_group` [ RunTime:0.0500s ]
SQL: SELECT * FROM `think_auth_group` INNER JOIN think_auth_group_access on think_auth_group.id=think_auth_group_access.group_id  WHERE think_auth_group_access.uid = '1'  [ RunTime:0.0990s ]
SQL: SHOW COLUMNS FROM `think_member` [ RunTime:0.0040s ]
SQL: SELECT * FROM `think_member` WHERE `id` = 1 LIMIT 1   [ RunTime:0.0010s ]
SQL: SELECT s.id,s.title,s.name,s.tips,s.pid,p.pid as ppid,p.title as ptitle FROM think_auth_rule s left join think_auth_rule p on p.id=s.pid where s.name='Index/index' [ RunTime:0.0560s ]
SQL: SHOW COLUMNS FROM `think_auth_rule` [ RunTime:0.0040s ]
SQL: SELECT `id`,`title`,`pid`,`name`,`icon` FROM `think_auth_rule` WHERE ( islink=1   ) ORDER BY o ASC  [ RunTime:0.0460s ]
SQL: SHOW COLUMNS FROM `think_log` [ RunTime:0.0030s ]
SQL: DELETE FROM `think_log` WHERE ( time < 1470325092 ) [ RunTime:0.0310s ]
SQL: SELECT COUNT(*) AS tp_count FROM `think_log` LIMIT 1   [ RunTime:0.0260s ]
SQL: SELECT * FROM `think_log` ORDER BY id desc LIMIT 0,25   [ RunTime:0.0010s ]
INFO: [ view_parse ] --START--
INFO: [ template_filter ] --START--
INFO: Run Behavior\ContentReplaceBehavior [ RunTime:0.000000s ]
INFO: [ template_filter ] --END-- [ RunTime:0.000000s ]
SQL: select version() as v; [ RunTime:0.0550s ]
INFO: Run Behavior\ParseTemplateBehavior [ RunTime:0.243014s ]
INFO: [ view_parse ] --END-- [ RunTime:0.243014s ]
INFO: [ view_filter ] --START--
INFO: Run Behavior\WriteHtmlCacheBehavior [ RunTime:0.001000s ]
INFO: [ view_filter ] --END-- [ RunTime:0.001000s ]
INFO: [ app_end ] --START--
INFO: Run Behavior\ShowPageTraceBehavior [ RunTime:0.001000s ]
INFO: [ app_end ] --END-- [ RunTime:0.001000s ]

[ 2016-10-03T23:38:49+08:00 ] ::1 /myapp/admin.php/Index/index.html
INFO: [ app_init ] --START--
INFO: Run Behavior\BuildLiteBehavior [ RunTime:0.000000s ]
INFO: [ app_init ] --END-- [ RunTime:0.001000s ]
INFO: [ app_begin ] --START--
INFO: Run Behavior\ReadHtmlCacheBehavior [ RunTime:0.001000s ]
INFO: [ app_begin ] --END-- [ RunTime:0.001000s ]
SQL: SHOW COLUMNS FROM `think_setting` [ RunTime:0.0040s ]
SQL: SELECT `k`,`v` FROM `think_setting`  [ RunTime:0.0010s ]
NOTIC: [8] Undefined variable: config C:\xampp\htdocs\myapp\Application\Common\Common\function.php 第 29 行.
NOTIC: [8] A session had already been started - ignoring session_start() C:\xampp\htdocs\myapp\Application\Admin\Controller\CommonController.class.php 第 122 行.

[ 2016-10-03T23:38:49+08:00 ] ::1 /myapp/admin.php/Login/index.html
INFO: [ app_init ] --START--
INFO: Run Behavior\BuildLiteBehavior [ RunTime:0.000000s ]
INFO: [ app_init ] --END-- [ RunTime:0.000000s ]
INFO: [ app_begin ] --START--
INFO: Run Behavior\ReadHtmlCacheBehavior [ RunTime:0.001000s ]
INFO: [ app_begin ] --END-- [ RunTime:0.001000s ]
SQL: SHOW COLUMNS FROM `think_setting` [ RunTime:0.0040s ]
SQL: SELECT `k`,`v` FROM `think_setting`  [ RunTime:0.0010s ]
NOTIC: [8] Undefined variable: config C:\xampp\htdocs\myapp\Application\Common\Common\function.php 第 29 行.
NOTIC: [8] A session had already been started - ignoring session_start() C:\xampp\htdocs\myapp\Application\Admin\Controller\CommonController.class.php 第 122 行.
INFO: [ view_parse ] --START--
INFO: [ template_filter ] --START--
INFO: Run Behavior\ContentReplaceBehavior [ RunTime:0.000000s ]
INFO: [ template_filter ] --END-- [ RunTime:0.000000s ]
INFO: Run Behavior\ParseTemplateBehavior [ RunTime:0.008000s ]
INFO: [ view_parse ] --END-- [ RunTime:0.008000s ]
INFO: [ view_filter ] --START--
INFO: Run Behavior\WriteHtmlCacheBehavior [ RunTime:0.001000s ]
INFO: [ view_filter ] --END-- [ RunTime:0.001000s ]
INFO: [ app_end ] --START--
INFO: Run Behavior\ShowPageTraceBehavior [ RunTime:0.001000s ]
INFO: [ app_end ] --END-- [ RunTime:0.001000s ]

[ 2016-10-03T23:38:49+08:00 ] ::1 /myapp/admin.php/Login/code.html
INFO: [ app_init ] --START--
INFO: Run Behavior\BuildLiteBehavior [ RunTime:0.000000s ]
INFO: [ app_init ] --END-- [ RunTime:0.000000s ]
INFO: [ app_begin ] --START--
INFO: Run Behavior\ReadHtmlCacheBehavior [ RunTime:0.001000s ]
INFO: [ app_begin ] --END-- [ RunTime:0.001000s ]
SQL: SHOW COLUMNS FROM `think_setting` [ RunTime:0.0070s ]
SQL: SELECT `k`,`v` FROM `think_setting`  [ RunTime:0.0010s ]
NOTIC: [8] Undefined variable: config C:\xampp\htdocs\myapp\Application\Common\Common\function.php 第 29 行.
INFO: [ app_end ] --START--
INFO: Run Behavior\ShowPageTraceBehavior [ RunTime:0.000000s ]
INFO: [ app_end ] --END-- [ RunTime:0.001001s ]

[ 2016-10-03T23:39:09+08:00 ] ::1 /myapp/admin.php/Login/dologin.html
INFO: [ app_init ] --START--
INFO: Run Behavior\BuildLiteBehavior [ RunTime:0.001000s ]
INFO: [ app_init ] --END-- [ RunTime:0.001000s ]
INFO: [ app_begin ] --START--
INFO: Run Behavior\ReadHtmlCacheBehavior [ RunTime:0.002000s ]
INFO: [ app_begin ] --END-- [ RunTime:0.002000s ]
SQL: SHOW COLUMNS FROM `think_setting` [ RunTime:0.0050s ]
SQL: SELECT `k`,`v` FROM `think_setting`  [ RunTime:0.0000s ]
NOTIC: [8] Undefined variable: config C:\xampp\htdocs\myapp\Application\Common\Common\function.php 第 29 行.
INFO: [ view_parse ] --START--
INFO: [ template_filter ] --START--
INFO: Run Behavior\ContentReplaceBehavior [ RunTime:0.000000s ]
INFO: [ template_filter ] --END-- [ RunTime:0.000000s ]
INFO: Run Behavior\ParseTemplateBehavior [ RunTime:0.046002s ]
INFO: [ view_parse ] --END-- [ RunTime:0.046002s ]
INFO: [ view_filter ] --START--
INFO: Run Behavior\WriteHtmlCacheBehavior [ RunTime:0.001000s ]
INFO: [ view_filter ] --END-- [ RunTime:0.001000s ]

[ 2016-10-03T23:39:13+08:00 ] ::1 /myapp/admin.php/Login/index.html
INFO: [ app_init ] --START--
INFO: Run Behavior\BuildLiteBehavior [ RunTime:0.000000s ]
INFO: [ app_init ] --END-- [ RunTime:0.001000s ]
INFO: [ app_begin ] --START--
INFO: Run Behavior\ReadHtmlCacheBehavior [ RunTime:0.000000s ]
INFO: [ app_begin ] --END-- [ RunTime:0.000000s ]
SQL: SHOW COLUMNS FROM `think_setting` [ RunTime:0.0040s ]
SQL: SELECT `k`,`v` FROM `think_setting`  [ RunTime:0.0000s ]
NOTIC: [8] Undefined variable: config C:\xampp\htdocs\myapp\Application\Common\Common\function.php 第 29 行.
NOTIC: [8] A session had already been started - ignoring session_start() C:\xampp\htdocs\myapp\Application\Admin\Controller\CommonController.class.php 第 122 行.
INFO: [ view_parse ] --START--
INFO: [ template_filter ] --START--
INFO: Run Behavior\ContentReplaceBehavior [ RunTime:0.000000s ]
INFO: [ template_filter ] --END-- [ RunTime:0.000000s ]
INFO: Run Behavior\ParseTemplateBehavior [ RunTime:0.006001s ]
INFO: [ view_parse ] --END-- [ RunTime:0.006001s ]
INFO: [ view_filter ] --START--
INFO: Run Behavior\WriteHtmlCacheBehavior [ RunTime:0.001000s ]
INFO: [ view_filter ] --END-- [ RunTime:0.001000s ]
INFO: [ app_end ] --START--
INFO: Run Behavior\ShowPageTraceBehavior [ RunTime:0.001000s ]
INFO: [ app_end ] --END-- [ RunTime:0.001000s ]

[ 2016-10-03T23:39:13+08:00 ] ::1 /myapp/admin.php/Login/code.html
INFO: [ app_init ] --START--
INFO: Run Behavior\BuildLiteBehavior [ RunTime:0.000000s ]
INFO: [ app_init ] --END-- [ RunTime:0.000000s ]
INFO: [ app_begin ] --START--
INFO: Run Behavior\ReadHtmlCacheBehavior [ RunTime:0.001000s ]
INFO: [ app_begin ] --END-- [ RunTime:0.001000s ]
SQL: SHOW COLUMNS FROM `think_setting` [ RunTime:0.0050s ]
SQL: SELECT `k`,`v` FROM `think_setting`  [ RunTime:0.0010s ]
NOTIC: [8] Undefined variable: config C:\xampp\htdocs\myapp\Application\Common\Common\function.php 第 29 行.
INFO: [ app_end ] --START--
INFO: Run Behavior\ShowPageTraceBehavior [ RunTime:0.001000s ]
INFO: [ app_end ] --END-- [ RunTime:0.001000s ]

[ 2016-10-03T23:39:25+08:00 ] ::1 /myapp/admin.php/Login/dologin.html
INFO: [ app_init ] --START--
INFO: Run Behavior\BuildLiteBehavior [ RunTime:0.000000s ]
INFO: [ app_init ] --END-- [ RunTime:0.001000s ]
INFO: [ app_begin ] --START--
INFO: Run Behavior\ReadHtmlCacheBehavior [ RunTime:0.001000s ]
INFO: [ app_begin ] --END-- [ RunTime:0.001000s ]
SQL: SHOW COLUMNS FROM `think_setting` [ RunTime:0.0040s ]
SQL: SELECT `k`,`v` FROM `think_setting`  [ RunTime:0.0000s ]
NOTIC: [8] Undefined variable: config C:\xampp\htdocs\myapp\Application\Common\Common\function.php 第 29 行.
SQL: SHOW COLUMNS FROM `think_member` [ RunTime:0.0050s ]
SQL: SELECT `id`,`username` FROM `think_member` WHERE `username` = 'administrator' AND `password` = '87d6011ac290001e3037197c5bede68b' LIMIT 1   [ RunTime:0.0010s ]
NOTIC: [8] A session had already been started - ignoring session_start() C:\xampp\htdocs\myapp\Application\Admin\Controller\LoginController.class.php 第 94 行.
SQL: SHOW COLUMNS FROM `think_log` [ RunTime:0.0040s ]
NOTIC: [8] A session had already been started - ignoring session_start() C:\xampp\htdocs\myapp\Application\Admin\Common\function.php 第 14 行.
SQL: SELECT `username` FROM `think_member` WHERE `id` = 1 LIMIT 1   [ RunTime:0.0010s ]
SQL: INSERT INTO `think_log` (`username`,`time`,`ip`,`log`) VALUES ('administrator','1475509165','0','登陆成功') [ RunTime:0.0000s ]

[ 2016-10-03T23:39:25+08:00 ] ::1 /myapp/admin.php/Index/index.html
INFO: [ app_init ] --START--
INFO: Run Behavior\BuildLiteBehavior [ RunTime:0.000000s ]
INFO: [ app_init ] --END-- [ RunTime:0.001000s ]
INFO: [ app_begin ] --START--
INFO: Run Behavior\ReadHtmlCacheBehavior [ RunTime:0.001000s ]
INFO: [ app_begin ] --END-- [ RunTime:0.001000s ]
SQL: SHOW COLUMNS FROM `think_setting` [ RunTime:0.0050s ]
SQL: SELECT `k`,`v` FROM `think_setting`  [ RunTime:0.0000s ]
NOTIC: [8] Undefined variable: config C:\xampp\htdocs\myapp\Application\Common\Common\function.php 第 29 行.
NOTIC: [8] A session had already been started - ignoring session_start() C:\xampp\htdocs\myapp\Application\Admin\Controller\CommonController.class.php 第 122 行.
SQL: SHOW COLUMNS FROM `think_member` [ RunTime:0.0040s ]
SQL: SELECT * FROM `think_member` WHERE `id` = 1 LIMIT 1   [ RunTime:0.0010s ]
SQL: SHOW COLUMNS FROM `think_auth_group` [ RunTime:0.0050s ]
SQL: SELECT * FROM `think_auth_group` INNER JOIN think_auth_group_access on think_auth_group.id=think_auth_group_access.group_id  WHERE think_auth_group_access.uid = '1'  [ RunTime:0.0000s ]
SQL: SHOW COLUMNS FROM `think_member` [ RunTime:0.0040s ]
SQL: SELECT * FROM `think_member` WHERE `id` = 1 LIMIT 1   [ RunTime:0.0010s ]
SQL: SELECT s.id,s.title,s.name,s.tips,s.pid,p.pid as ppid,p.title as ptitle FROM think_auth_rule s left join think_auth_rule p on p.id=s.pid where s.name='Index/index' [ RunTime:0.0010s ]
SQL: SHOW COLUMNS FROM `think_auth_rule` [ RunTime:0.0040s ]
SQL: SELECT `id`,`title`,`pid`,`name`,`icon` FROM `think_auth_rule` WHERE ( islink=1   ) ORDER BY o ASC  [ RunTime:0.0010s ]
SQL: SHOW COLUMNS FROM `think_log` [ RunTime:0.0040s ]
SQL: DELETE FROM `think_log` WHERE ( time < 1470325165 ) [ RunTime:0.0000s ]
SQL: SELECT COUNT(*) AS tp_count FROM `think_log` LIMIT 1   [ RunTime:0.0000s ]
SQL: SELECT * FROM `think_log` ORDER BY id desc LIMIT 0,25   [ RunTime:0.0010s ]
INFO: [ view_parse ] --START--
INFO: [ template_filter ] --START--
INFO: Run Behavior\ContentReplaceBehavior [ RunTime:0.000000s ]
INFO: [ template_filter ] --END-- [ RunTime:0.000000s ]
SQL: select version() as v; [ RunTime:0.0000s ]
INFO: Run Behavior\ParseTemplateBehavior [ RunTime:0.023002s ]
INFO: [ view_parse ] --END-- [ RunTime:0.023002s ]
INFO: [ view_filter ] --START--
INFO: Run Behavior\WriteHtmlCacheBehavior [ RunTime:0.001000s ]
INFO: [ view_filter ] --END-- [ RunTime:0.001000s ]
INFO: [ app_end ] --START--
INFO: Run Behavior\ShowPageTraceBehavior [ RunTime:0.001000s ]
INFO: [ app_end ] --END-- [ RunTime:0.001000s ]

[ 2016-10-03T23:39:30+08:00 ] ::1 /myapp/admin.php/Category/index.html
INFO: [ app_init ] --START--
INFO: Run Behavior\BuildLiteBehavior [ RunTime:0.000000s ]
INFO: [ app_init ] --END-- [ RunTime:0.000000s ]
INFO: [ app_begin ] --START--
INFO: Run Behavior\ReadHtmlCacheBehavior [ RunTime:0.000000s ]
INFO: [ app_begin ] --END-- [ RunTime:0.000000s ]
SQL: SHOW COLUMNS FROM `think_setting` [ RunTime:0.0040s ]
SQL: SELECT `k`,`v` FROM `think_setting`  [ RunTime:0.0000s ]
NOTIC: [8] Undefined variable: config C:\xampp\htdocs\myapp\Application\Common\Common\function.php 第 29 行.
NOTIC: [8] A session had already been started - ignoring session_start() C:\xampp\htdocs\myapp\Application\Admin\Controller\CommonController.class.php 第 122 行.
SQL: SHOW COLUMNS FROM `think_member` [ RunTime:0.0040s ]
SQL: SELECT * FROM `think_member` WHERE `id` = 1 LIMIT 1   [ RunTime:0.0010s ]
SQL: SHOW COLUMNS FROM `think_auth_group` [ RunTime:0.0030s ]
SQL: SELECT * FROM `think_auth_group` INNER JOIN think_auth_group_access on think_auth_group.id=think_auth_group_access.group_id  WHERE think_auth_group_access.uid = '1'  [ RunTime:0.0010s ]
SQL: SHOW COLUMNS FROM `think_member` [ RunTime:0.0060s ]
SQL: SELECT * FROM `think_member` WHERE `id` = 1 LIMIT 1   [ RunTime:0.0010s ]
SQL: SELECT s.id,s.title,s.name,s.tips,s.pid,p.pid as ppid,p.title as ptitle FROM think_auth_rule s left join think_auth_rule p on p.id=s.pid where s.name='Category/index' [ RunTime:0.0000s ]
SQL: SHOW COLUMNS FROM `think_auth_rule` [ RunTime:0.0040s ]
SQL: SELECT `id`,`title`,`pid`,`name`,`icon` FROM `think_auth_rule` WHERE ( islink=1   ) ORDER BY o ASC  [ RunTime:0.0010s ]
SQL: SHOW COLUMNS FROM `think_category` [ RunTime:0.0950s ]
SQL: SELECT `id`,`pid`,`name`,`o` FROM `think_category` ORDER BY o asc  [ RunTime:0.0000s ]
INFO: [ view_parse ] --START--
INFO: [ template_filter ] --START--
INFO: Run Behavior\ContentReplaceBehavior [ RunTime:0.001000s ]
INFO: [ template_filter ] --END-- [ RunTime:0.001000s ]
INFO: Run Behavior\ParseTemplateBehavior [ RunTime:0.057003s ]
INFO: [ view_parse ] --END-- [ RunTime:0.057003s ]
INFO: [ view_filter ] --START--
INFO: Run Behavior\WriteHtmlCacheBehavior [ RunTime:0.001000s ]
INFO: [ view_filter ] --END-- [ RunTime:0.001000s ]
INFO: [ app_end ] --START--
INFO: Run Behavior\ShowPageTraceBehavior [ RunTime:0.001000s ]
INFO: [ app_end ] --END-- [ RunTime:0.001000s ]

[ 2016-10-03T23:39:32+08:00 ] ::1 /myapp/admin.php/Category/add.html
INFO: [ app_init ] --START--
INFO: Run Behavior\BuildLiteBehavior [ RunTime:0.000000s ]
INFO: [ app_init ] --END-- [ RunTime:0.001000s ]
INFO: [ app_begin ] --START--
INFO: Run Behavior\ReadHtmlCacheBehavior [ RunTime:0.001000s ]
INFO: [ app_begin ] --END-- [ RunTime:0.001000s ]
SQL: SHOW COLUMNS FROM `think_setting` [ RunTime:0.0040s ]
SQL: SELECT `k`,`v` FROM `think_setting`  [ RunTime:0.0000s ]
NOTIC: [8] Undefined variable: config C:\xampp\htdocs\myapp\Application\Common\Common\function.php 第 29 行.
NOTIC: [8] A session had already been started - ignoring session_start() C:\xampp\htdocs\myapp\Application\Admin\Controller\CommonController.class.php 第 122 行.
SQL: SHOW COLUMNS FROM `think_member` [ RunTime:0.0050s ]
SQL: SELECT * FROM `think_member` WHERE `id` = 1 LIMIT 1   [ RunTime:0.0010s ]
SQL: SHOW COLUMNS FROM `think_auth_group` [ RunTime:0.0030s ]
SQL: SELECT * FROM `think_auth_group` INNER JOIN think_auth_group_access on think_auth_group.id=think_auth_group_access.group_id  WHERE think_auth_group_access.uid = '1'  [ RunTime:0.0000s ]
SQL: SHOW COLUMNS FROM `think_member` [ RunTime:0.0040s ]
SQL: SELECT * FROM `think_member` WHERE `id` = 1 LIMIT 1   [ RunTime:0.0010s ]
SQL: SELECT s.id,s.title,s.name,s.tips,s.pid,p.pid as ppid,p.title as ptitle FROM think_auth_rule s left join think_auth_rule p on p.id=s.pid where s.name='Category/add' [ RunTime:0.0000s ]
SQL: SHOW COLUMNS FROM `think_auth_rule` [ RunTime:0.0040s ]
SQL: SELECT `id`,`title`,`pid`,`name`,`icon` FROM `think_auth_rule` WHERE ( islink=1   ) ORDER BY o ASC  [ RunTime:0.0010s ]
SQL: SHOW COLUMNS FROM `think_category` [ RunTime:0.0030s ]
SQL: SELECT `id`,`pid`,`name` FROM `think_category` ORDER BY o asc  [ RunTime:0.0000s ]
INFO: [ view_parse ] --START--
INFO: [ template_filter ] --START--
INFO: Run Behavior\ContentReplaceBehavior [ RunTime:0.000000s ]
INFO: [ template_filter ] --END-- [ RunTime:0.000000s ]
NOTIC: [8] Undefined variable: currentcategory C:\xampp\htdocs\myapp\Application\Runtime\Cache\Admin\115b910522123250764e63bae03373cc.php 第 138 行.
NOTIC: [8] Undefined variable: currentcategory C:\xampp\htdocs\myapp\Application\Runtime\Cache\Admin\115b910522123250764e63bae03373cc.php 第 144 行.
NOTIC: [8] Undefined variable: currentcategory C:\xampp\htdocs\myapp\Application\Runtime\Cache\Admin\115b910522123250764e63bae03373cc.php 第 147 行.
NOTIC: [8] Undefined variable: currentcategory C:\xampp\htdocs\myapp\Application\Runtime\Cache\Admin\115b910522123250764e63bae03373cc.php 第 150 行.
NOTIC: [8] Undefined variable: currentcategory C:\xampp\htdocs\myapp\Application\Runtime\Cache\Admin\115b910522123250764e63bae03373cc.php 第 179 行.
NOTIC: [8] Undefined variable: currentcategory C:\xampp\htdocs\myapp\Application\Runtime\Cache\Admin\115b910522123250764e63bae03373cc.php 第 191 行.
NOTIC: [8] Undefined variable: currentcategory C:\xampp\htdocs\myapp\Application\Runtime\Cache\Admin\115b910522123250764e63bae03373cc.php 第 202 行.
NOTIC: [8] Undefined variable: currentcategory C:\xampp\htdocs\myapp\Application\Runtime\Cache\Admin\115b910522123250764e63bae03373cc.php 第 214 行.
NOTIC: [8] Undefined variable: currentcategory C:\xampp\htdocs\myapp\Application\Runtime\Cache\Admin\115b910522123250764e63bae03373cc.php 第 220 行.
NOTIC: [8] Undefined variable: currentcategory C:\xampp\htdocs\myapp\Application\Runtime\Cache\Admin\115b910522123250764e63bae03373cc.php 第 226 行.
NOTIC: [8] Undefined variable: currentcategory C:\xampp\htdocs\myapp\Application\Runtime\Cache\Admin\115b910522123250764e63bae03373cc.php 第 233 行.
NOTIC: [8] Undefined variable: currentcategory C:\xampp\htdocs\myapp\Application\Runtime\Cache\Admin\115b910522123250764e63bae03373cc.php 第 238 行.
NOTIC: [8] Undefined variable: currentcategory C:\xampp\htdocs\myapp\Application\Runtime\Cache\Admin\115b910522123250764e63bae03373cc.php 第 247 行.
NOTIC: [8] Undefined variable: currentcategory C:\xampp\htdocs\myapp\Application\Runtime\Cache\Admin\115b910522123250764e63bae03373cc.php 第 258 行.
NOTIC: [8] Undefined variable: currentcategory C:\xampp\htdocs\myapp\Application\Runtime\Cache\Admin\115b910522123250764e63bae03373cc.php 第 269 行.
INFO: Run Behavior\ParseTemplateBehavior [ RunTime:0.032002s ]
INFO: [ view_parse ] --END-- [ RunTime:0.032002s ]
INFO: [ view_filter ] --START--
INFO: Run Behavior\WriteHtmlCacheBehavior [ RunTime:0.000000s ]
INFO: [ view_filter ] --END-- [ RunTime:0.000000s ]
INFO: [ app_end ] --START--
INFO: Run Behavior\ShowPageTraceBehavior [ RunTime:0.001000s ]
INFO: [ app_end ] --END-- [ RunTime:0.002000s ]

[ 2016-10-03T23:39:55+08:00 ] ::1 /myapp/admin.php/Category/update.html
INFO: [ app_init ] --START--
INFO: Run Behavior\BuildLiteBehavior [ RunTime:0.000000s ]
INFO: [ app_init ] --END-- [ RunTime:0.000000s ]
INFO: [ app_begin ] --START--
INFO: Run Behavior\ReadHtmlCacheBehavior [ RunTime:0.000000s ]
INFO: [ app_begin ] --END-- [ RunTime:0.000000s ]
SQL: SHOW COLUMNS FROM `think_setting` [ RunTime:0.0040s ]
SQL: SELECT `k`,`v` FROM `think_setting`  [ RunTime:0.0010s ]
NOTIC: [8] Undefined variable: config C:\xampp\htdocs\myapp\Application\Common\Common\function.php 第 29 行.
NOTIC: [8] A session had already been started - ignoring session_start() C:\xampp\htdocs\myapp\Application\Admin\Controller\CommonController.class.php 第 122 行.
SQL: SHOW COLUMNS FROM `think_member` [ RunTime:0.0050s ]
SQL: SELECT * FROM `think_member` WHERE `id` = 1 LIMIT 1   [ RunTime:0.0010s ]
SQL: SHOW COLUMNS FROM `think_auth_group` [ RunTime:0.0050s ]
SQL: SELECT * FROM `think_auth_group` INNER JOIN think_auth_group_access on think_auth_group.id=think_auth_group_access.group_id  WHERE think_auth_group_access.uid = '1'  [ RunTime:0.0000s ]
SQL: SHOW COLUMNS FROM `think_member` [ RunTime:0.0040s ]
SQL: SELECT * FROM `think_member` WHERE `id` = 1 LIMIT 1   [ RunTime:0.0010s ]
SQL: SELECT s.id,s.title,s.name,s.tips,s.pid,p.pid as ppid,p.title as ptitle FROM think_auth_rule s left join think_auth_rule p on p.id=s.pid where s.name='Category/update' [ RunTime:0.0000s ]
NOTIC: [8] Undefined offset: 0 C:\xampp\htdocs\myapp\Application\Admin\Controller\CommonController.class.php 第 69 行.
SQL: SHOW COLUMNS FROM `think_auth_rule` [ RunTime:0.0040s ]
SQL: SELECT `id`,`title`,`pid`,`name`,`icon` FROM `think_auth_rule` WHERE ( islink=1   ) ORDER BY o ASC  [ RunTime:0.0010s ]
SQL: SHOW COLUMNS FROM `think_category` [ RunTime:0.0040s ]
SQL: INSERT INTO `think_category` (`pid`,`name`,`seotitle`,`keywords`,`description`,`url`,`cattemplate`,`contemplate`,`o`) VALUES ('3','我是子分类1','','','','','','','0') [ RunTime:0.2830s ]
SQL: SHOW COLUMNS FROM `think_log` [ RunTime:0.0040s ]
NOTIC: [8] A session had already been started - ignoring session_start() C:\xampp\htdocs\myapp\Application\Admin\Common\function.php 第 14 行.
SQL: SELECT `username` FROM `think_member` WHERE `id` = 1 LIMIT 1   [ RunTime:0.0000s ]
SQL: INSERT INTO `think_log` (`username`,`time`,`ip`,`log`) VALUES ('administrator','1475509195','0','新增文章分类，ID：20，名称：我是子分类1') [ RunTime:0.0000s ]
INFO: [ view_parse ] --START--
INFO: [ template_filter ] --START--
INFO: Run Behavior\ContentReplaceBehavior [ RunTime:0.000000s ]
INFO: [ template_filter ] --END-- [ RunTime:0.000000s ]
INFO: Run Behavior\ParseTemplateBehavior [ RunTime:0.007001s ]
INFO: [ view_parse ] --END-- [ RunTime:0.007001s ]
INFO: [ view_filter ] --START--
INFO: Run Behavior\WriteHtmlCacheBehavior [ RunTime:0.000000s ]
INFO: [ view_filter ] --END-- [ RunTime:0.000000s ]
INFO: [ app_end ] --START--
INFO: Run Behavior\ShowPageTraceBehavior [ RunTime:0.001000s ]
INFO: [ app_end ] --END-- [ RunTime:0.001000s ]

[ 2016-10-03T23:39:56+08:00 ] ::1 /myapp/admin.php/Category/index
INFO: [ app_init ] --START--
INFO: Run Behavior\BuildLiteBehavior [ RunTime:0.000000s ]
INFO: [ app_init ] --END-- [ RunTime:0.000000s ]
INFO: [ app_begin ] --START--
INFO: Run Behavior\ReadHtmlCacheBehavior [ RunTime:0.000000s ]
INFO: [ app_begin ] --END-- [ RunTime:0.000000s ]
SQL: SHOW COLUMNS FROM `think_setting` [ RunTime:0.0040s ]
SQL: SELECT `k`,`v` FROM `think_setting`  [ RunTime:0.0000s ]
NOTIC: [8] Undefined variable: config C:\xampp\htdocs\myapp\Application\Common\Common\function.php 第 29 行.
NOTIC: [8] A session had already been started - ignoring session_start() C:\xampp\htdocs\myapp\Application\Admin\Controller\CommonController.class.php 第 122 行.
SQL: SHOW COLUMNS FROM `think_member` [ RunTime:0.0050s ]
SQL: SELECT * FROM `think_member` WHERE `id` = 1 LIMIT 1   [ RunTime:0.0010s ]
SQL: SHOW COLUMNS FROM `think_auth_group` [ RunTime:0.0030s ]
SQL: SELECT * FROM `think_auth_group` INNER JOIN think_auth_group_access on think_auth_group.id=think_auth_group_access.group_id  WHERE think_auth_group_access.uid = '1'  [ RunTime:0.0010s ]
SQL: SHOW COLUMNS FROM `think_member` [ RunTime:0.0040s ]
SQL: SELECT * FROM `think_member` WHERE `id` = 1 LIMIT 1   [ RunTime:0.0010s ]
SQL: SELECT s.id,s.title,s.name,s.tips,s.pid,p.pid as ppid,p.title as ptitle FROM think_auth_rule s left join think_auth_rule p on p.id=s.pid where s.name='Category/index' [ RunTime:0.0000s ]
SQL: SHOW COLUMNS FROM `think_auth_rule` [ RunTime:0.0040s ]
SQL: SELECT `id`,`title`,`pid`,`name`,`icon` FROM `think_auth_rule` WHERE ( islink=1   ) ORDER BY o ASC  [ RunTime:0.0010s ]
SQL: SHOW COLUMNS FROM `think_category` [ RunTime:0.0030s ]
SQL: SELECT `id`,`pid`,`name`,`o` FROM `think_category` ORDER BY o asc  [ RunTime:0.0000s ]
INFO: [ view_parse ] --START--
INFO: [ template_filter ] --START--
INFO: Run Behavior\ContentReplaceBehavior [ RunTime:0.000000s ]
INFO: [ template_filter ] --END-- [ RunTime:0.001000s ]
INFO: Run Behavior\ParseTemplateBehavior [ RunTime:0.019001s ]
INFO: [ view_parse ] --END-- [ RunTime:0.019001s ]
INFO: [ view_filter ] --START--
INFO: Run Behavior\WriteHtmlCacheBehavior [ RunTime:0.001000s ]
INFO: [ view_filter ] --END-- [ RunTime:0.001000s ]
INFO: [ app_end ] --START--
INFO: Run Behavior\ShowPageTraceBehavior [ RunTime:0.001000s ]
INFO: [ app_end ] --END-- [ RunTime:0.001000s ]

[ 2016-10-03T23:40:00+08:00 ] ::1 /myapp/admin.php/Category/add/pid/20.html
INFO: [ app_init ] --START--
INFO: Run Behavior\BuildLiteBehavior [ RunTime:0.000000s ]
INFO: [ app_init ] --END-- [ RunTime:0.000000s ]
INFO: [ app_begin ] --START--
INFO: Run Behavior\ReadHtmlCacheBehavior [ RunTime:0.015600s ]
INFO: [ app_begin ] --END-- [ RunTime:0.015600s ]
SQL: SHOW COLUMNS FROM `think_setting` [ RunTime:0.2490s ]
SQL: SELECT `k`,`v` FROM `think_setting`  [ RunTime:0.0000s ]
NOTIC: [8] Undefined variable: config C:\xampp\htdocs\myapp\Application\Common\Common\function.php 第 29 行.
NOTIC: [8] A session had already been started - ignoring session_start() C:\xampp\htdocs\myapp\Application\Admin\Controller\CommonController.class.php 第 122 行.
SQL: SHOW COLUMNS FROM `think_member` [ RunTime:0.0040s ]
SQL: SELECT * FROM `think_member` WHERE `id` = 1 LIMIT 1   [ RunTime:0.0010s ]
SQL: SHOW COLUMNS FROM `think_auth_group` [ RunTime:0.0030s ]
SQL: SELECT * FROM `think_auth_group` INNER JOIN think_auth_group_access on think_auth_group.id=think_auth_group_access.group_id  WHERE think_auth_group_access.uid = '1'  [ RunTime:0.0000s ]
SQL: SHOW COLUMNS FROM `think_member` [ RunTime:0.0040s ]
SQL: SELECT * FROM `think_member` WHERE `id` = 1 LIMIT 1   [ RunTime:0.0010s ]
SQL: SELECT s.id,s.title,s.name,s.tips,s.pid,p.pid as ppid,p.title as ptitle FROM think_auth_rule s left join think_auth_rule p on p.id=s.pid where s.name='Category/add' [ RunTime:0.0010s ]
SQL: SHOW COLUMNS FROM `think_auth_rule` [ RunTime:0.0040s ]
SQL: SELECT `id`,`title`,`pid`,`name`,`icon` FROM `think_auth_rule` WHERE ( islink=1   ) ORDER BY o ASC  [ RunTime:0.0010s ]
SQL: SHOW COLUMNS FROM `think_category` [ RunTime:0.0050s ]
SQL: SELECT `id`,`pid`,`name` FROM `think_category` ORDER BY o asc  [ RunTime:0.0000s ]
INFO: [ view_parse ] --START--
INFO: [ template_filter ] --START--
INFO: Run Behavior\ContentReplaceBehavior [ RunTime:0.000000s ]
INFO: [ template_filter ] --END-- [ RunTime:0.000000s ]
NOTIC: [8] Undefined variable: currentcategory C:\xampp\htdocs\myapp\Application\Runtime\Cache\Admin\115b910522123250764e63bae03373cc.php 第 138 行.
NOTIC: [8] Undefined variable: currentcategory C:\xampp\htdocs\myapp\Application\Runtime\Cache\Admin\115b910522123250764e63bae03373cc.php 第 144 行.
NOTIC: [8] Undefined variable: currentcategory C:\xampp\htdocs\myapp\Application\Runtime\Cache\Admin\115b910522123250764e63bae03373cc.php 第 147 行.
NOTIC: [8] Undefined variable: currentcategory C:\xampp\htdocs\myapp\Application\Runtime\Cache\Admin\115b910522123250764e63bae03373cc.php 第 150 行.
NOTIC: [8] Undefined variable: currentcategory C:\xampp\htdocs\myapp\Application\Runtime\Cache\Admin\115b910522123250764e63bae03373cc.php 第 179 行.
NOTIC: [8] Undefined variable: currentcategory C:\xampp\htdocs\myapp\Application\Runtime\Cache\Admin\115b910522123250764e63bae03373cc.php 第 191 行.
NOTIC: [8] Undefined variable: currentcategory C:\xampp\htdocs\myapp\Application\Runtime\Cache\Admin\115b910522123250764e63bae03373cc.php 第 202 行.
NOTIC: [8] Undefined variable: currentcategory C:\xampp\htdocs\myapp\Application\Runtime\Cache\Admin\115b910522123250764e63bae03373cc.php 第 214 行.
NOTIC: [8] Undefined variable: currentcategory C:\xampp\htdocs\myapp\Application\Runtime\Cache\Admin\115b910522123250764e63bae03373cc.php 第 220 行.
NOTIC: [8] Undefined variable: currentcategory C:\xampp\htdocs\myapp\Application\Runtime\Cache\Admin\115b910522123250764e63bae03373cc.php 第 226 行.
NOTIC: [8] Undefined variable: currentcategory C:\xampp\htdocs\myapp\Application\Runtime\Cache\Admin\115b910522123250764e63bae03373cc.php 第 233 行.
NOTIC: [8] Undefined variable: currentcategory C:\xampp\htdocs\myapp\Application\Runtime\Cache\Admin\115b910522123250764e63bae03373cc.php 第 238 行.
NOTIC: [8] Undefined variable: currentcategory C:\xampp\htdocs\myapp\Application\Runtime\Cache\Admin\115b910522123250764e63bae03373cc.php 第 247 行.
NOTIC: [8] Undefined variable: currentcategory C:\xampp\htdocs\myapp\Application\Runtime\Cache\Admin\115b910522123250764e63bae03373cc.php 第 258 行.
NOTIC: [8] Undefined variable: currentcategory C:\xampp\htdocs\myapp\Application\Runtime\Cache\Admin\115b910522123250764e63bae03373cc.php 第 269 行.
INFO: Run Behavior\ParseTemplateBehavior [ RunTime:0.019001s ]
INFO: [ view_parse ] --END-- [ RunTime:0.019001s ]
INFO: [ view_filter ] --START--
INFO: Run Behavior\WriteHtmlCacheBehavior [ RunTime:0.001000s ]
INFO: [ view_filter ] --END-- [ RunTime:0.001000s ]
INFO: [ app_end ] --START--
INFO: Run Behavior\ShowPageTraceBehavior [ RunTime:0.001000s ]
INFO: [ app_end ] --END-- [ RunTime:0.001000s ]

[ 2016-10-03T23:40:18+08:00 ] ::1 /myapp/admin.php/Category/update.html
INFO: [ app_init ] --START--
INFO: Run Behavior\BuildLiteBehavior [ RunTime:0.000000s ]
INFO: [ app_init ] --END-- [ RunTime:0.000000s ]
INFO: [ app_begin ] --START--
INFO: Run Behavior\ReadHtmlCacheBehavior [ RunTime:0.001000s ]
INFO: [ app_begin ] --END-- [ RunTime:0.001000s ]
SQL: SHOW COLUMNS FROM `think_setting` [ RunTime:0.0040s ]
SQL: SELECT `k`,`v` FROM `think_setting`  [ RunTime:0.0010s ]
NOTIC: [8] Undefined variable: config C:\xampp\htdocs\myapp\Application\Common\Common\function.php 第 29 行.
NOTIC: [8] A session had already been started - ignoring session_start() C:\xampp\htdocs\myapp\Application\Admin\Controller\CommonController.class.php 第 122 行.
SQL: SHOW COLUMNS FROM `think_member` [ RunTime:0.0040s ]
SQL: SELECT * FROM `think_member` WHERE `id` = 1 LIMIT 1   [ RunTime:0.0010s ]
SQL: SHOW COLUMNS FROM `think_auth_group` [ RunTime:0.0040s ]
SQL: SELECT * FROM `think_auth_group` INNER JOIN think_auth_group_access on think_auth_group.id=think_auth_group_access.group_id  WHERE think_auth_group_access.uid = '1'  [ RunTime:0.0000s ]
SQL: SHOW COLUMNS FROM `think_member` [ RunTime:0.0040s ]
SQL: SELECT * FROM `think_member` WHERE `id` = 1 LIMIT 1   [ RunTime:0.0000s ]
SQL: SELECT s.id,s.title,s.name,s.tips,s.pid,p.pid as ppid,p.title as ptitle FROM think_auth_rule s left join think_auth_rule p on p.id=s.pid where s.name='Category/update' [ RunTime:0.0010s ]
NOTIC: [8] Undefined offset: 0 C:\xampp\htdocs\myapp\Application\Admin\Controller\CommonController.class.php 第 69 行.
SQL: SHOW COLUMNS FROM `think_auth_rule` [ RunTime:0.0040s ]
SQL: SELECT `id`,`title`,`pid`,`name`,`icon` FROM `think_auth_rule` WHERE ( islink=1   ) ORDER BY o ASC  [ RunTime:0.0010s ]
SQL: SHOW COLUMNS FROM `think_category` [ RunTime:0.0040s ]
SQL: INSERT INTO `think_category` (`pid`,`name`,`seotitle`,`keywords`,`description`,`url`,`cattemplate`,`contemplate`,`o`) VALUES ('20','我是子子分类1','','','','','','','0') [ RunTime:0.0000s ]
SQL: SHOW COLUMNS FROM `think_log` [ RunTime:0.0030s ]
NOTIC: [8] A session had already been started - ignoring session_start() C:\xampp\htdocs\myapp\Application\Admin\Common\function.php 第 14 行.
SQL: SELECT `username` FROM `think_member` WHERE `id` = 1 LIMIT 1   [ RunTime:0.0010s ]
SQL: INSERT INTO `think_log` (`username`,`time`,`ip`,`log`) VALUES ('administrator','1475509218','0','新增文章分类，ID：21，名称：我是子子分类1') [ RunTime:0.0000s ]
INFO: [ view_parse ] --START--
INFO: [ template_filter ] --START--
INFO: Run Behavior\ContentReplaceBehavior [ RunTime:0.000000s ]
INFO: [ template_filter ] --END-- [ RunTime:0.000000s ]
INFO: Run Behavior\ParseTemplateBehavior [ RunTime:0.008000s ]
INFO: [ view_parse ] --END-- [ RunTime:0.008000s ]
INFO: [ view_filter ] --START--
INFO: Run Behavior\WriteHtmlCacheBehavior [ RunTime:0.000000s ]
INFO: [ view_filter ] --END-- [ RunTime:0.000000s ]
INFO: [ app_end ] --START--
INFO: Run Behavior\ShowPageTraceBehavior [ RunTime:0.001000s ]
INFO: [ app_end ] --END-- [ RunTime:0.001000s ]

[ 2016-10-03T23:40:19+08:00 ] ::1 /myapp/admin.php/Category/index
INFO: [ app_init ] --START--
INFO: Run Behavior\BuildLiteBehavior [ RunTime:0.000000s ]
INFO: [ app_init ] --END-- [ RunTime:0.000000s ]
INFO: [ app_begin ] --START--
INFO: Run Behavior\ReadHtmlCacheBehavior [ RunTime:0.000000s ]
INFO: [ app_begin ] --END-- [ RunTime:0.000000s ]
SQL: SHOW COLUMNS FROM `think_setting` [ RunTime:0.0040s ]
SQL: SELECT `k`,`v` FROM `think_setting`  [ RunTime:0.0010s ]
NOTIC: [8] Undefined variable: config C:\xampp\htdocs\myapp\Application\Common\Common\function.php 第 29 行.
NOTIC: [8] A session had already been started - ignoring session_start() C:\xampp\htdocs\myapp\Application\Admin\Controller\CommonController.class.php 第 122 行.
SQL: SHOW COLUMNS FROM `think_member` [ RunTime:0.0040s ]
SQL: SELECT * FROM `think_member` WHERE `id` = 1 LIMIT 1   [ RunTime:0.0010s ]
SQL: SHOW COLUMNS FROM `think_auth_group` [ RunTime:0.0040s ]
SQL: SELECT * FROM `think_auth_group` INNER JOIN think_auth_group_access on think_auth_group.id=think_auth_group_access.group_id  WHERE think_auth_group_access.uid = '1'  [ RunTime:0.0000s ]
SQL: SHOW COLUMNS FROM `think_member` [ RunTime:0.0040s ]
SQL: SELECT * FROM `think_member` WHERE `id` = 1 LIMIT 1   [ RunTime:0.0010s ]
SQL: SELECT s.id,s.title,s.name,s.tips,s.pid,p.pid as ppid,p.title as ptitle FROM think_auth_rule s left join think_auth_rule p on p.id=s.pid where s.name='Category/index' [ RunTime:0.0010s ]
SQL: SHOW COLUMNS FROM `think_auth_rule` [ RunTime:0.0040s ]
SQL: SELECT `id`,`title`,`pid`,`name`,`icon` FROM `think_auth_rule` WHERE ( islink=1   ) ORDER BY o ASC  [ RunTime:0.0010s ]
SQL: SHOW COLUMNS FROM `think_category` [ RunTime:0.0040s ]
SQL: SELECT `id`,`pid`,`name`,`o` FROM `think_category` ORDER BY o asc  [ RunTime:0.0010s ]
INFO: [ view_parse ] --START--
INFO: [ template_filter ] --START--
INFO: Run Behavior\ContentReplaceBehavior [ RunTime:0.000000s ]
INFO: [ template_filter ] --END-- [ RunTime:0.001000s ]
INFO: Run Behavior\ParseTemplateBehavior [ RunTime:0.018001s ]
INFO: [ view_parse ] --END-- [ RunTime:0.018001s ]
INFO: [ view_filter ] --START--
INFO: Run Behavior\WriteHtmlCacheBehavior [ RunTime:0.001000s ]
INFO: [ view_filter ] --END-- [ RunTime:0.001000s ]
INFO: [ app_end ] --START--
INFO: Run Behavior\ShowPageTraceBehavior [ RunTime:0.001000s ]
INFO: [ app_end ] --END-- [ RunTime:0.001000s ]

[ 2016-10-03T23:40:21+08:00 ] ::1 /myapp/admin.php/Menu/add.html
INFO: [ app_init ] --START--
INFO: Run Behavior\BuildLiteBehavior [ RunTime:0.000000s ]
INFO: [ app_init ] --END-- [ RunTime:0.000000s ]
INFO: [ app_begin ] --START--
INFO: Run Behavior\ReadHtmlCacheBehavior [ RunTime:0.001000s ]
INFO: [ app_begin ] --END-- [ RunTime:0.001000s ]
SQL: SHOW COLUMNS FROM `think_setting` [ RunTime:0.0040s ]
SQL: SELECT `k`,`v` FROM `think_setting`  [ RunTime:0.0010s ]
NOTIC: [8] Undefined variable: config C:\xampp\htdocs\myapp\Application\Common\Common\function.php 第 29 行.
NOTIC: [8] A session had already been started - ignoring session_start() C:\xampp\htdocs\myapp\Application\Admin\Controller\CommonController.class.php 第 122 行.
SQL: SHOW COLUMNS FROM `think_member` [ RunTime:0.0040s ]
SQL: SELECT * FROM `think_member` WHERE `id` = 1 LIMIT 1   [ RunTime:0.0010s ]
SQL: SHOW COLUMNS FROM `think_auth_group` [ RunTime:0.0050s ]
SQL: SELECT * FROM `think_auth_group` INNER JOIN think_auth_group_access on think_auth_group.id=think_auth_group_access.group_id  WHERE think_auth_group_access.uid = '1'  [ RunTime:0.0000s ]
SQL: SHOW COLUMNS FROM `think_member` [ RunTime:0.0050s ]
SQL: SELECT * FROM `think_member` WHERE `id` = 1 LIMIT 1   [ RunTime:0.0000s ]
SQL: SELECT s.id,s.title,s.name,s.tips,s.pid,p.pid as ppid,p.title as ptitle FROM think_auth_rule s left join think_auth_rule p on p.id=s.pid where s.name='Menu/add' [ RunTime:0.0000s ]
SQL: SHOW COLUMNS FROM `think_auth_rule` [ RunTime:0.0050s ]
SQL: SELECT `id`,`title`,`pid`,`name`,`icon` FROM `think_auth_rule` WHERE ( islink=1   ) ORDER BY o ASC  [ RunTime:0.0010s ]
SQL: SELECT * FROM `think_auth_rule` ORDER BY o ASC  [ RunTime:0.0010s ]
INFO: [ view_parse ] --START--
INFO: [ template_filter ] --START--
INFO: Run Behavior\ContentReplaceBehavior [ RunTime:0.000000s ]
INFO: [ template_filter ] --END-- [ RunTime:0.000000s ]
NOTIC: [8] Undefined variable: currentmenu C:\xampp\htdocs\myapp\Application\Runtime\Cache\Admin\156394b56931e8e3952d26e16cfd3f35.php 第 140 行.
NOTIC: [8] Undefined variable: currentmenu C:\xampp\htdocs\myapp\Application\Runtime\Cache\Admin\156394b56931e8e3952d26e16cfd3f35.php 第 144 行.
NOTIC: [8] Undefined variable: currentmenu C:\xampp\htdocs\myapp\Application\Runtime\Cache\Admin\156394b56931e8e3952d26e16cfd3f35.php 第 147 行.
NOTIC: [8] Undefined variable: currentmenu C:\xampp\htdocs\myapp\Application\Runtime\Cache\Admin\156394b56931e8e3952d26e16cfd3f35.php 第 150 行.
NOTIC: [8] Undefined variable: currentmenu C:\xampp\htdocs\myapp\Application\Runtime\Cache\Admin\156394b56931e8e3952d26e16cfd3f35.php 第 150 行.
NOTIC: [8] Undefined variable: currentmenu C:\xampp\htdocs\myapp\Application\Runtime\Cache\Admin\156394b56931e8e3952d26e16cfd3f35.php 第 147 行.
NOTIC: [8] Undefined variable: currentmenu C:\xampp\htdocs\myapp\Application\Runtime\Cache\Admin\156394b56931e8e3952d26e16cfd3f35.php 第 150 行.
NOTIC: [8] Undefined variable: currentmenu C:\xampp\htdocs\myapp\Application\Runtime\Cache\Admin\156394b56931e8e3952d26e16cfd3f35.php 第 150 行.
NOTIC: [8] Undefined variable: currentmenu C:\xampp\htdocs\myapp\Application\Runtime\Cache\Admin\156394b56931e8e3952d26e16cfd3f35.php 第 150 行.
NOTIC: [8] Undefined variable: currentmenu C:\xampp\htdocs\myapp\Application\Runtime\Cache\Admin\156394b56931e8e3952d26e16cfd3f35.php 第 150 行.
NOTIC: [8] Undefined variable: currentmenu C:\xampp\htdocs\myapp\Application\Runtime\Cache\Admin\156394b56931e8e3952d26e16cfd3f35.php 第 150 行.
NOTIC: [8] Undefined variable: currentmenu C:\xampp\htdocs\myapp\Application\Runtime\Cache\Admin\156394b56931e8e3952d26e16cfd3f35.php 第 150 行.
NOTIC: [8] Undefined variable: currentmenu C:\xampp\htdocs\myapp\Application\Runtime\Cache\Admin\156394b56931e8e3952d26e16cfd3f35.php 第 150 行.
NOTIC: [8] Undefined variable: currentmenu C:\xampp\htdocs\myapp\Application\Runtime\Cache\Admin\156394b56931e8e3952d26e16cfd3f35.php 第 150 行.
NOTIC: [8] Undefined variable: currentmenu C:\xampp\htdocs\myapp\Application\Runtime\Cache\Admin\156394b56931e8e3952d26e16cfd3f35.php 第 150 行.
NOTIC: [8] Undefined variable: currentmenu C:\xampp\htdocs\myapp\Application\Runtime\Cache\Admin\156394b56931e8e3952d26e16cfd3f35.php 第 147 行.
NOTIC: [8] Undefined variable: currentmenu C:\xampp\htdocs\myapp\Application\Runtime\Cache\Admin\156394b56931e8e3952d26e16cfd3f35.php 第 150 行.
NOTIC: [8] Undefined variable: currentmenu C:\xampp\htdocs\myapp\Application\Runtime\Cache\Admin\156394b56931e8e3952d26e16cfd3f35.php 第 150 行.
NOTIC: [8] Undefined variable: currentmenu C:\xampp\htdocs\myapp\Application\Runtime\Cache\Admin\156394b56931e8e3952d26e16cfd3f35.php 第 147 行.
NOTIC: [8] Undefined variable: currentmenu C:\xampp\htdocs\myapp\Application\Runtime\Cache\Admin\156394b56931e8e3952d26e16cfd3f35.php 第 150 行.
NOTIC: [8] Undefined variable: currentmenu C:\xampp\htdocs\myapp\Application\Runtime\Cache\Admin\156394b56931e8e3952d26e16cfd3f35.php 第 150 行.
NOTIC: [8] Undefined variable: currentmenu C:\xampp\htdocs\myapp\Application\Runtime\Cache\Admin\156394b56931e8e3952d26e16cfd3f35.php 第 150 行.
NOTIC: [8] Undefined variable: currentmenu C:\xampp\htdocs\myapp\Application\Runtime\Cache\Admin\156394b56931e8e3952d26e16cfd3f35.php 第 150 行.
NOTIC: [8] Undefined variable: currentmenu C:\xampp\htdocs\myapp\Application\Runtime\Cache\Admin\156394b56931e8e3952d26e16cfd3f35.php 第 147 行.
NOTIC: [8] Undefined variable: currentmenu C:\xampp\htdocs\myapp\Application\Runtime\Cache\Admin\156394b56931e8e3952d26e16cfd3f35.php 第 150 行.
NOTIC: [8] Undefined variable: currentmenu C:\xampp\htdocs\myapp\Application\Runtime\Cache\Admin\156394b56931e8e3952d26e16cfd3f35.php 第 150 行.
NOTIC: [8] Undefined variable: currentmenu C:\xampp\htdocs\myapp\Application\Runtime\Cache\Admin\156394b56931e8e3952d26e16cfd3f35.php 第 150 行.
NOTIC: [8] Undefined variable: currentmenu C:\xampp\htdocs\myapp\Application\Runtime\Cache\Admin\156394b56931e8e3952d26e16cfd3f35.php 第 150 行.
NOTIC: [8] Undefined variable: currentmenu C:\xampp\htdocs\myapp\Application\Runtime\Cache\Admin\156394b56931e8e3952d26e16cfd3f35.php 第 150 行.
NOTIC: [8] Undefined variable: currentmenu C:\xampp\htdocs\myapp\Application\Runtime\Cache\Admin\156394b56931e8e3952d26e16cfd3f35.php 第 150 行.
NOTIC: [8] Undefined variable: currentmenu C:\xampp\htdocs\myapp\Application\Runtime\Cache\Admin\156394b56931e8e3952d26e16cfd3f35.php 第 163 行.
NOTIC: [8] Undefined variable: currentmenu C:\xampp\htdocs\myapp\Application\Runtime\Cache\Admin\156394b56931e8e3952d26e16cfd3f35.php 第 175 行.
NOTIC: [8] Undefined variable: currentmenu C:\xampp\htdocs\myapp\Application\Runtime\Cache\Admin\156394b56931e8e3952d26e16cfd3f35.php 第 188 行.
NOTIC: [8] Undefined variable: currentmenu C:\xampp\htdocs\myapp\Application\Runtime\Cache\Admin\156394b56931e8e3952d26e16cfd3f35.php 第 200 行.
NOTIC: [8] Undefined variable: currentmenu C:\xampp\htdocs\myapp\Application\Runtime\Cache\Admin\156394b56931e8e3952d26e16cfd3f35.php 第 214 行.
NOTIC: [8] Undefined variable: currentmenu C:\xampp\htdocs\myapp\Application\Runtime\Cache\Admin\156394b56931e8e3952d26e16cfd3f35.php 第 225 行.
INFO: Run Behavior\ParseTemplateBehavior [ RunTime:0.034002s ]
INFO: [ view_parse ] --END-- [ RunTime:0.035002s ]
INFO: [ view_filter ] --START--
INFO: Run Behavior\WriteHtmlCacheBehavior [ RunTime:0.000000s ]
INFO: [ view_filter ] --END-- [ RunTime:0.000000s ]
INFO: [ app_end ] --START--
INFO: Run Behavior\ShowPageTraceBehavior [ RunTime:0.003000s ]
INFO: [ app_end ] --END-- [ RunTime:0.003000s ]

[ 2016-10-03T23:40:23+08:00 ] ::1 /myapp/admin.php/Category/add.html
INFO: [ app_init ] --START--
INFO: Run Behavior\BuildLiteBehavior [ RunTime:0.000000s ]
INFO: [ app_init ] --END-- [ RunTime:0.001000s ]
INFO: [ app_begin ] --START--
INFO: Run Behavior\ReadHtmlCacheBehavior [ RunTime:0.001000s ]
INFO: [ app_begin ] --END-- [ RunTime:0.001000s ]
SQL: SHOW COLUMNS FROM `think_setting` [ RunTime:0.0480s ]
SQL: SELECT `k`,`v` FROM `think_setting`  [ RunTime:0.0010s ]
NOTIC: [8] Undefined variable: config C:\xampp\htdocs\myapp\Application\Common\Common\function.php 第 29 行.
NOTIC: [8] A session had already been started - ignoring session_start() C:\xampp\htdocs\myapp\Application\Admin\Controller\CommonController.class.php 第 122 行.
SQL: SHOW COLUMNS FROM `think_member` [ RunTime:0.0040s ]
SQL: SELECT * FROM `think_member` WHERE `id` = 1 LIMIT 1   [ RunTime:0.0010s ]
SQL: SHOW COLUMNS FROM `think_auth_group` [ RunTime:0.0030s ]
SQL: SELECT * FROM `think_auth_group` INNER JOIN think_auth_group_access on think_auth_group.id=think_auth_group_access.group_id  WHERE think_auth_group_access.uid = '1'  [ RunTime:0.0010s ]
SQL: SHOW COLUMNS FROM `think_member` [ RunTime:0.0060s ]
SQL: SELECT * FROM `think_member` WHERE `id` = 1 LIMIT 1   [ RunTime:0.0000s ]
SQL: SELECT s.id,s.title,s.name,s.tips,s.pid,p.pid as ppid,p.title as ptitle FROM think_auth_rule s left join think_auth_rule p on p.id=s.pid where s.name='Category/add' [ RunTime:0.0010s ]
SQL: SHOW COLUMNS FROM `think_auth_rule` [ RunTime:0.0050s ]
SQL: SELECT `id`,`title`,`pid`,`name`,`icon` FROM `think_auth_rule` WHERE ( islink=1   ) ORDER BY o ASC  [ RunTime:0.0010s ]
SQL: SHOW COLUMNS FROM `think_category` [ RunTime:0.0040s ]
SQL: SELECT `id`,`pid`,`name` FROM `think_category` ORDER BY o asc  [ RunTime:0.0010s ]
INFO: [ view_parse ] --START--
INFO: [ template_filter ] --START--
INFO: Run Behavior\ContentReplaceBehavior [ RunTime:0.000000s ]
INFO: [ template_filter ] --END-- [ RunTime:0.000000s ]
NOTIC: [8] Undefined variable: currentcategory C:\xampp\htdocs\myapp\Application\Runtime\Cache\Admin\115b910522123250764e63bae03373cc.php 第 138 行.
NOTIC: [8] Undefined variable: currentcategory C:\xampp\htdocs\myapp\Application\Runtime\Cache\Admin\115b910522123250764e63bae03373cc.php 第 144 行.
NOTIC: [8] Undefined variable: currentcategory C:\xampp\htdocs\myapp\Application\Runtime\Cache\Admin\115b910522123250764e63bae03373cc.php 第 147 行.
NOTIC: [8] Undefined variable: currentcategory C:\xampp\htdocs\myapp\Application\Runtime\Cache\Admin\115b910522123250764e63bae03373cc.php 第 150 行.
NOTIC: [8] Undefined variable: currentcategory C:\xampp\htdocs\myapp\Application\Runtime\Cache\Admin\115b910522123250764e63bae03373cc.php 第 179 行.
NOTIC: [8] Undefined variable: currentcategory C:\xampp\htdocs\myapp\Application\Runtime\Cache\Admin\115b910522123250764e63bae03373cc.php 第 191 行.
NOTIC: [8] Undefined variable: currentcategory C:\xampp\htdocs\myapp\Application\Runtime\Cache\Admin\115b910522123250764e63bae03373cc.php 第 202 行.
NOTIC: [8] Undefined variable: currentcategory C:\xampp\htdocs\myapp\Application\Runtime\Cache\Admin\115b910522123250764e63bae03373cc.php 第 214 行.
NOTIC: [8] Undefined variable: currentcategory C:\xampp\htdocs\myapp\Application\Runtime\Cache\Admin\115b910522123250764e63bae03373cc.php 第 220 行.
NOTIC: [8] Undefined variable: currentcategory C:\xampp\htdocs\myapp\Application\Runtime\Cache\Admin\115b910522123250764e63bae03373cc.php 第 226 行.
NOTIC: [8] Undefined variable: currentcategory C:\xampp\htdocs\myapp\Application\Runtime\Cache\Admin\115b910522123250764e63bae03373cc.php 第 233 行.
NOTIC: [8] Undefined variable: currentcategory C:\xampp\htdocs\myapp\Application\Runtime\Cache\Admin\115b910522123250764e63bae03373cc.php 第 238 行.
NOTIC: [8] Undefined variable: currentcategory C:\xampp\htdocs\myapp\Application\Runtime\Cache\Admin\115b910522123250764e63bae03373cc.php 第 247 行.
NOTIC: [8] Undefined variable: currentcategory C:\xampp\htdocs\myapp\Application\Runtime\Cache\Admin\115b910522123250764e63bae03373cc.php 第 258 行.
NOTIC: [8] Undefined variable: currentcategory C:\xampp\htdocs\myapp\Application\Runtime\Cache\Admin\115b910522123250764e63bae03373cc.php 第 269 行.
INFO: Run Behavior\ParseTemplateBehavior [ RunTime:0.019001s ]
INFO: [ view_parse ] --END-- [ RunTime:0.019001s ]
INFO: [ view_filter ] --START--
INFO: Run Behavior\WriteHtmlCacheBehavior [ RunTime:0.000000s ]
INFO: [ view_filter ] --END-- [ RunTime:0.000000s ]
INFO: [ app_end ] --START--
INFO: Run Behavior\ShowPageTraceBehavior [ RunTime:0.001000s ]
INFO: [ app_end ] --END-- [ RunTime:0.001000s ]

[ 2016-10-03T23:41:26+08:00 ] ::1 /myapp/admin.php/Category/index.html
INFO: [ app_init ] --START--
INFO: Run Behavior\BuildLiteBehavior [ RunTime:0.000000s ]
INFO: [ app_init ] --END-- [ RunTime:0.000000s ]
INFO: [ app_begin ] --START--
INFO: Run Behavior\ReadHtmlCacheBehavior [ RunTime:0.001000s ]
INFO: [ app_begin ] --END-- [ RunTime:0.001000s ]
SQL: SHOW COLUMNS FROM `think_setting` [ RunTime:0.0040s ]
SQL: SELECT `k`,`v` FROM `think_setting`  [ RunTime:0.0010s ]
NOTIC: [8] Undefined variable: config C:\xampp\htdocs\myapp\Application\Common\Common\function.php 第 29 行.
NOTIC: [8] A session had already been started - ignoring session_start() C:\xampp\htdocs\myapp\Application\Admin\Controller\CommonController.class.php 第 122 行.
SQL: SHOW COLUMNS FROM `think_member` [ RunTime:0.0040s ]
SQL: SELECT * FROM `think_member` WHERE `id` = 1 LIMIT 1   [ RunTime:0.0010s ]
SQL: SHOW COLUMNS FROM `think_auth_group` [ RunTime:0.0040s ]
SQL: SELECT * FROM `think_auth_group` INNER JOIN think_auth_group_access on think_auth_group.id=think_auth_group_access.group_id  WHERE think_auth_group_access.uid = '1'  [ RunTime:0.0000s ]
SQL: SHOW COLUMNS FROM `think_member` [ RunTime:0.0040s ]
SQL: SELECT * FROM `think_member` WHERE `id` = 1 LIMIT 1   [ RunTime:0.0000s ]
SQL: SELECT s.id,s.title,s.name,s.tips,s.pid,p.pid as ppid,p.title as ptitle FROM think_auth_rule s left join think_auth_rule p on p.id=s.pid where s.name='Category/index' [ RunTime:0.0010s ]
SQL: SHOW COLUMNS FROM `think_auth_rule` [ RunTime:0.0030s ]
SQL: SELECT `id`,`title`,`pid`,`name`,`icon` FROM `think_auth_rule` WHERE ( islink=1   ) ORDER BY o ASC  [ RunTime:0.0010s ]
SQL: SHOW COLUMNS FROM `think_category` [ RunTime:0.0040s ]
SQL: SELECT `id`,`pid`,`name`,`o` FROM `think_category` ORDER BY o asc  [ RunTime:0.0010s ]
INFO: [ view_parse ] --START--
INFO: [ template_filter ] --START--
INFO: Run Behavior\ContentReplaceBehavior [ RunTime:0.000000s ]
INFO: [ template_filter ] --END-- [ RunTime:0.000000s ]
INFO: Run Behavior\ParseTemplateBehavior [ RunTime:0.018001s ]
INFO: [ view_parse ] --END-- [ RunTime:0.018001s ]
INFO: [ view_filter ] --START--
INFO: Run Behavior\WriteHtmlCacheBehavior [ RunTime:0.001000s ]
INFO: [ view_filter ] --END-- [ RunTime:0.001000s ]
INFO: [ app_end ] --START--
INFO: Run Behavior\ShowPageTraceBehavior [ RunTime:0.001000s ]
INFO: [ app_end ] --END-- [ RunTime:0.001000s ]

[ 2016-10-03T23:42:30+08:00 ] ::1 /myapp/admin.php/Category/add/pid/21.html
INFO: [ app_init ] --START--
INFO: Run Behavior\BuildLiteBehavior [ RunTime:0.000000s ]
INFO: [ app_init ] --END-- [ RunTime:0.000000s ]
INFO: [ app_begin ] --START--
INFO: Run Behavior\ReadHtmlCacheBehavior [ RunTime:0.001000s ]
INFO: [ app_begin ] --END-- [ RunTime:0.001000s ]
SQL: SHOW COLUMNS FROM `think_setting` [ RunTime:0.0030s ]
SQL: SELECT `k`,`v` FROM `think_setting`  [ RunTime:0.0000s ]
NOTIC: [8] Undefined variable: config C:\xampp\htdocs\myapp\Application\Common\Common\function.php 第 29 行.
NOTIC: [8] A session had already been started - ignoring session_start() C:\xampp\htdocs\myapp\Application\Admin\Controller\CommonController.class.php 第 122 行.
SQL: SHOW COLUMNS FROM `think_member` [ RunTime:0.0050s ]
SQL: SELECT * FROM `think_member` WHERE `id` = 1 LIMIT 1   [ RunTime:0.0010s ]
SQL: SHOW COLUMNS FROM `think_auth_group` [ RunTime:0.0040s ]
SQL: SELECT * FROM `think_auth_group` INNER JOIN think_auth_group_access on think_auth_group.id=think_auth_group_access.group_id  WHERE think_auth_group_access.uid = '1'  [ RunTime:0.0000s ]
SQL: SHOW COLUMNS FROM `think_member` [ RunTime:0.0050s ]
SQL: SELECT * FROM `think_member` WHERE `id` = 1 LIMIT 1   [ RunTime:0.0010s ]
SQL: SELECT s.id,s.title,s.name,s.tips,s.pid,p.pid as ppid,p.title as ptitle FROM think_auth_rule s left join think_auth_rule p on p.id=s.pid where s.name='Category/add' [ RunTime:0.0000s ]
SQL: SHOW COLUMNS FROM `think_auth_rule` [ RunTime:0.0050s ]
SQL: SELECT `id`,`title`,`pid`,`name`,`icon` FROM `think_auth_rule` WHERE ( islink=1   ) ORDER BY o ASC  [ RunTime:0.0010s ]
SQL: SHOW COLUMNS FROM `think_category` [ RunTime:0.0040s ]
SQL: SELECT `id`,`pid`,`name` FROM `think_category` ORDER BY o asc  [ RunTime:0.0000s ]
INFO: [ view_parse ] --START--
INFO: [ template_filter ] --START--
INFO: Run Behavior\ContentReplaceBehavior [ RunTime:0.000000s ]
INFO: [ template_filter ] --END-- [ RunTime:0.000000s ]
NOTIC: [8] Undefined variable: currentcategory C:\xampp\htdocs\myapp\Application\Runtime\Cache\Admin\115b910522123250764e63bae03373cc.php 第 138 行.
NOTIC: [8] Undefined variable: currentcategory C:\xampp\htdocs\myapp\Application\Runtime\Cache\Admin\115b910522123250764e63bae03373cc.php 第 144 行.
NOTIC: [8] Undefined variable: currentcategory C:\xampp\htdocs\myapp\Application\Runtime\Cache\Admin\115b910522123250764e63bae03373cc.php 第 147 行.
NOTIC: [8] Undefined variable: currentcategory C:\xampp\htdocs\myapp\Application\Runtime\Cache\Admin\115b910522123250764e63bae03373cc.php 第 150 行.
NOTIC: [8] Undefined variable: currentcategory C:\xampp\htdocs\myapp\Application\Runtime\Cache\Admin\115b910522123250764e63bae03373cc.php 第 179 行.
NOTIC: [8] Undefined variable: currentcategory C:\xampp\htdocs\myapp\Application\Runtime\Cache\Admin\115b910522123250764e63bae03373cc.php 第 191 行.
NOTIC: [8] Undefined variable: currentcategory C:\xampp\htdocs\myapp\Application\Runtime\Cache\Admin\115b910522123250764e63bae03373cc.php 第 202 行.
NOTIC: [8] Undefined variable: currentcategory C:\xampp\htdocs\myapp\Application\Runtime\Cache\Admin\115b910522123250764e63bae03373cc.php 第 214 行.
NOTIC: [8] Undefined variable: currentcategory C:\xampp\htdocs\myapp\Application\Runtime\Cache\Admin\115b910522123250764e63bae03373cc.php 第 220 行.
NOTIC: [8] Undefined variable: currentcategory C:\xampp\htdocs\myapp\Application\Runtime\Cache\Admin\115b910522123250764e63bae03373cc.php 第 226 行.
NOTIC: [8] Undefined variable: currentcategory C:\xampp\htdocs\myapp\Application\Runtime\Cache\Admin\115b910522123250764e63bae03373cc.php 第 233 行.
NOTIC: [8] Undefined variable: currentcategory C:\xampp\htdocs\myapp\Application\Runtime\Cache\Admin\115b910522123250764e63bae03373cc.php 第 238 行.
NOTIC: [8] Undefined variable: currentcategory C:\xampp\htdocs\myapp\Application\Runtime\Cache\Admin\115b910522123250764e63bae03373cc.php 第 247 行.
NOTIC: [8] Undefined variable: currentcategory C:\xampp\htdocs\myapp\Application\Runtime\Cache\Admin\115b910522123250764e63bae03373cc.php 第 258 行.
NOTIC: [8] Undefined variable: currentcategory C:\xampp\htdocs\myapp\Application\Runtime\Cache\Admin\115b910522123250764e63bae03373cc.php 第 269 行.
INFO: Run Behavior\ParseTemplateBehavior [ RunTime:0.022001s ]
INFO: [ view_parse ] --END-- [ RunTime:0.022001s ]
INFO: [ view_filter ] --START--
INFO: Run Behavior\WriteHtmlCacheBehavior [ RunTime:0.000000s ]
INFO: [ view_filter ] --END-- [ RunTime:0.000000s ]
INFO: [ app_end ] --START--
INFO: Run Behavior\ShowPageTraceBehavior [ RunTime:0.001000s ]
INFO: [ app_end ] --END-- [ RunTime:0.001000s ]

[ 2016-10-03T23:42:50+08:00 ] ::1 /myapp/admin.php/Category/update.html
INFO: [ app_init ] --START--
INFO: Run Behavior\BuildLiteBehavior [ RunTime:0.000000s ]
INFO: [ app_init ] --END-- [ RunTime:0.001000s ]
INFO: [ app_begin ] --START--
INFO: Run Behavior\ReadHtmlCacheBehavior [ RunTime:0.001000s ]
INFO: [ app_begin ] --END-- [ RunTime:0.001000s ]
SQL: SHOW COLUMNS FROM `think_setting` [ RunTime:0.0060s ]
SQL: SELECT `k`,`v` FROM `think_setting`  [ RunTime:0.0000s ]
NOTIC: [8] Undefined variable: config C:\xampp\htdocs\myapp\Application\Common\Common\function.php 第 29 行.
NOTIC: [8] A session had already been started - ignoring session_start() C:\xampp\htdocs\myapp\Application\Admin\Controller\CommonController.class.php 第 122 行.
SQL: SHOW COLUMNS FROM `think_member` [ RunTime:0.0050s ]
SQL: SELECT * FROM `think_member` WHERE `id` = 1 LIMIT 1   [ RunTime:0.0010s ]
SQL: SHOW COLUMNS FROM `think_auth_group` [ RunTime:0.0040s ]
SQL: SELECT * FROM `think_auth_group` INNER JOIN think_auth_group_access on think_auth_group.id=think_auth_group_access.group_id  WHERE think_auth_group_access.uid = '1'  [ RunTime:0.0010s ]
SQL: SHOW COLUMNS FROM `think_member` [ RunTime:0.0040s ]
SQL: SELECT * FROM `think_member` WHERE `id` = 1 LIMIT 1   [ RunTime:0.0010s ]
SQL: SELECT s.id,s.title,s.name,s.tips,s.pid,p.pid as ppid,p.title as ptitle FROM think_auth_rule s left join think_auth_rule p on p.id=s.pid where s.name='Category/update' [ RunTime:0.0000s ]
NOTIC: [8] Undefined offset: 0 C:\xampp\htdocs\myapp\Application\Admin\Controller\CommonController.class.php 第 69 行.
SQL: SHOW COLUMNS FROM `think_auth_rule` [ RunTime:0.0040s ]
SQL: SELECT `id`,`title`,`pid`,`name`,`icon` FROM `think_auth_rule` WHERE ( islink=1   ) ORDER BY o ASC  [ RunTime:0.0020s ]
SQL: SHOW COLUMNS FROM `think_category` [ RunTime:0.0040s ]
SQL: INSERT INTO `think_category` (`pid`,`name`,`seotitle`,`keywords`,`description`,`url`,`cattemplate`,`contemplate`,`o`) VALUES ('21','我是字字字分类1','','','','','','','0') [ RunTime:0.0010s ]
SQL: SHOW COLUMNS FROM `think_log` [ RunTime:0.0040s ]
NOTIC: [8] A session had already been started - ignoring session_start() C:\xampp\htdocs\myapp\Application\Admin\Common\function.php 第 14 行.
SQL: SELECT `username` FROM `think_member` WHERE `id` = 1 LIMIT 1   [ RunTime:0.0000s ]
SQL: INSERT INTO `think_log` (`username`,`time`,`ip`,`log`) VALUES ('administrator','1475509370','0','新增文章分类，ID：22，名称：我是字字字分类1') [ RunTime:0.0000s ]
INFO: [ view_parse ] --START--
INFO: [ template_filter ] --START--
INFO: Run Behavior\ContentReplaceBehavior [ RunTime:0.000000s ]
INFO: [ template_filter ] --END-- [ RunTime:0.000000s ]
INFO: Run Behavior\ParseTemplateBehavior [ RunTime:0.007000s ]
INFO: [ view_parse ] --END-- [ RunTime:0.007000s ]
INFO: [ view_filter ] --START--
INFO: Run Behavior\WriteHtmlCacheBehavior [ RunTime:0.000000s ]
INFO: [ view_filter ] --END-- [ RunTime:0.000000s ]
INFO: [ app_end ] --START--
INFO: Run Behavior\ShowPageTraceBehavior [ RunTime:0.001000s ]
INFO: [ app_end ] --END-- [ RunTime:0.001000s ]

[ 2016-10-03T23:42:51+08:00 ] ::1 /myapp/admin.php/Category/index
INFO: [ app_init ] --START--
INFO: Run Behavior\BuildLiteBehavior [ RunTime:0.000000s ]
INFO: [ app_init ] --END-- [ RunTime:0.000000s ]
INFO: [ app_begin ] --START--
INFO: Run Behavior\ReadHtmlCacheBehavior [ RunTime:0.000000s ]
INFO: [ app_begin ] --END-- [ RunTime:0.000000s ]
SQL: SHOW COLUMNS FROM `think_setting` [ RunTime:0.0050s ]
SQL: SELECT `k`,`v` FROM `think_setting`  [ RunTime:0.0000s ]
NOTIC: [8] Undefined variable: config C:\xampp\htdocs\myapp\Application\Common\Common\function.php 第 29 行.
NOTIC: [8] A session had already been started - ignoring session_start() C:\xampp\htdocs\myapp\Application\Admin\Controller\CommonController.class.php 第 122 行.
SQL: SHOW COLUMNS FROM `think_member` [ RunTime:0.0050s ]
SQL: SELECT * FROM `think_member` WHERE `id` = 1 LIMIT 1   [ RunTime:0.0000s ]
SQL: SHOW COLUMNS FROM `think_auth_group` [ RunTime:0.0030s ]
SQL: SELECT * FROM `think_auth_group` INNER JOIN think_auth_group_access on think_auth_group.id=think_auth_group_access.group_id  WHERE think_auth_group_access.uid = '1'  [ RunTime:0.0010s ]
SQL: SHOW COLUMNS FROM `think_member` [ RunTime:0.0050s ]
SQL: SELECT * FROM `think_member` WHERE `id` = 1 LIMIT 1   [ RunTime:0.0010s ]
SQL: SELECT s.id,s.title,s.name,s.tips,s.pid,p.pid as ppid,p.title as ptitle FROM think_auth_rule s left join think_auth_rule p on p.id=s.pid where s.name='Category/index' [ RunTime:0.0010s ]
SQL: SHOW COLUMNS FROM `think_auth_rule` [ RunTime:0.0040s ]
SQL: SELECT `id`,`title`,`pid`,`name`,`icon` FROM `think_auth_rule` WHERE ( islink=1   ) ORDER BY o ASC  [ RunTime:0.0010s ]
SQL: SHOW COLUMNS FROM `think_category` [ RunTime:0.0050s ]
SQL: SELECT `id`,`pid`,`name`,`o` FROM `think_category` ORDER BY o asc  [ RunTime:0.0000s ]
INFO: [ view_parse ] --START--
INFO: [ template_filter ] --START--
INFO: Run Behavior\ContentReplaceBehavior [ RunTime:0.000000s ]
INFO: [ template_filter ] --END-- [ RunTime:0.000000s ]
INFO: Run Behavior\ParseTemplateBehavior [ RunTime:0.023001s ]
INFO: [ view_parse ] --END-- [ RunTime:0.024001s ]
INFO: [ view_filter ] --START--
INFO: Run Behavior\WriteHtmlCacheBehavior [ RunTime:0.000000s ]
INFO: [ view_filter ] --END-- [ RunTime:0.000000s ]
INFO: [ app_end ] --START--
INFO: Run Behavior\ShowPageTraceBehavior [ RunTime:0.000000s ]
INFO: [ app_end ] --END-- [ RunTime:0.002000s ]

